Log file open, 05/27/19 19:19:11
LogWindows: Failed to load 'aqProf.dll' (GetLastError=126)
LogWindows: File 'aqProf.dll' does not exist
LogWindows: Failed to load 'VtuneApi.dll' (GetLastError=126)
LogWindows: File 'VtuneApi.dll' does not exist
LogWindows: Failed to load 'VtuneApi32e.dll' (GetLastError=126)
LogWindows: File 'VtuneApi32e.dll' does not exist
LogConsoleResponse: Display: Failed to find resolution value strings in scalability ini. Falling back to default.
LogInit: Display: Running engine for game: LostDark
LogPakFile: Registered encryption key '00000000000000000000000000000000': 0 pak files mounted, 0 remain pending
LogPlatformFile: Not using cached read wrapper
LogTaskGraph: Started task graph with 5 named threads and 20 total threads with 3 sets of task threads.
LogStats: Stats thread started at 0.242993
LogD3D11RHI: Loaded GFSDK_Aftermath_Lib.x64.dll
LogICUInternationalization: ICU TimeZone Detection - Raw Offset: +9:00, Platform Override: ''
LogPluginManager: Mounting plugin Paper2D
LogPluginManager: Mounting plugin AISupport
LogPluginManager: Mounting plugin LightPropagationVolume
LogPluginManager: Mounting plugin ActorLayerUtilities
LogPluginManager: Mounting plugin CLionSourceCodeAccess
LogPluginManager: Mounting plugin CodeLiteSourceCodeAccess
LogPluginManager: Mounting plugin GitSourceControl
LogPluginManager: Mounting plugin KDevelopSourceCodeAccess
LogPluginManager: Mounting plugin NullSourceCodeAccess
LogPluginManager: Mounting plugin PerforceSourceControl
LogPluginManager: Mounting plugin SubversionSourceControl
LogPluginManager: Mounting plugin UObjectPlugin
LogPluginManager: Mounting plugin VisualStudioCodeSourceCodeAccess
LogPluginManager: Mounting plugin VisualStudioSourceCodeAccess
LogPluginManager: Mounting plugin XCodeSourceCodeAccess
LogPluginManager: Mounting plugin AssetManagerEditor
LogPluginManager: Mounting plugin CryptoKeys
LogPluginManager: Mounting plugin DataValidation
LogPluginManager: Mounting plugin FacialAnimation
LogPluginManager: Mounting plugin GameplayTagsEditor
LogPluginManager: Mounting plugin MacGraphicsSwitching
LogPluginManager: Mounting plugin MeshEditor
LogPluginManager: Mounting plugin MobileLauncherProfileWizard
LogPluginManager: Mounting plugin PluginBrowser
LogPluginManager: Mounting plugin SpeedTreeImporter
LogPluginManager: Mounting plugin DatasmithContent
LogPluginManager: Mounting plugin VariantManagerContent
LogPluginManager: Mounting plugin AlembicImporter
LogPluginManager: Mounting plugin AppleImageUtils
LogPluginManager: Mounting plugin AppleVision
LogPluginManager: Mounting plugin BackChannel
LogPluginManager: Mounting plugin CharacterAI
LogPluginManager: Mounting plugin GeometryCache
LogPluginManager: Mounting plugin HTML5Networking
LogPluginManager: Mounting plugin ProxyLODPlugin
LogPluginManager: Mounting plugin MagicLeap
LogPluginManager: Mounting plugin MagicLeapMedia
LogPluginManager: Mounting plugin ParticleText
LogPluginManager: Mounting plugin AndroidMedia
LogPluginManager: Mounting plugin AvfMedia
LogPluginManager: Mounting plugin ImgMedia
LogPluginManager: Mounting plugin LinearTimecode
LogPluginManager: Mounting plugin MediaCompositing
LogPluginManager: Mounting plugin MediaPlayerEditor
LogPluginManager: Mounting plugin WebMMedia
LogPluginManager: Mounting plugin WmfMedia
LogPluginManager: Mounting plugin TcpMessaging
LogPluginManager: Mounting plugin UdpMessaging
LogPluginManager: Mounting plugin ActorSequence
LogPluginManager: Mounting plugin LevelSequenceEditor
LogPluginManager: Mounting plugin MatineeToLevelSequence
LogPluginManager: Mounting plugin NetcodeUnitTest
LogPluginManager: Mounting plugin NUTUnrealEngine4
LogPluginManager: Mounting plugin OnlineSubsystemGooglePlay
LogPluginManager: Mounting plugin OnlineSubsystemIOS
LogPluginManager: Mounting plugin OnlineSubsystem
LogPluginManager: Mounting plugin OnlineSubsystemNull
LogPluginManager: Mounting plugin OnlineSubsystemUtils
LogPluginManager: Mounting plugin LauncherChunkInstaller
LogPluginManager: Mounting plugin AndroidDeviceProfileSelector
LogPluginManager: Mounting plugin AndroidMoviePlayer
LogPluginManager: Mounting plugin AndroidPermission
LogPluginManager: Mounting plugin AppleMoviePlayer
LogPluginManager: Mounting plugin ArchVisCharacter
LogPluginManager: Mounting plugin AudioCapture
LogPluginManager: Mounting plugin CableComponent
LogPluginManager: Mounting plugin CustomMeshComponent
LogPluginManager: Mounting plugin EditableMesh
LogPluginManager: Mounting plugin ExampleDeviceProfileSelector
LogPluginManager: Mounting plugin Firebase
LogPluginManager: Mounting plugin GoogleCloudMessaging
LogPluginManager: Mounting plugin IOSDeviceProfileSelector
LogPluginManager: Mounting plugin LinuxDeviceProfileSelector
LogPluginManager: Mounting plugin LocationServicesBPLibrary
LogPluginManager: Mounting plugin MobilePatchingUtils
LogPluginManager: Mounting plugin OculusVR
LogPluginManager: Mounting plugin PhysXVehicles
LogPluginManager: Mounting plugin ProceduralMeshComponent
LogPluginManager: Mounting plugin RuntimePhysXCooking
LogPluginManager: Mounting plugin SteamVR
LogPluginManager: Mounting plugin WebMMoviePlayer
LogPluginManager: Mounting plugin WindowsMoviePlayer
LogStreaming: Display: Took  0.054s to configure plugins.
LogInit: Using libcurl 7.55.1-DEV
LogInit:  - built for x86_64-pc-win32
LogInit:  - supports SSL with OpenSSL/1.0.2h
LogInit:  - supports HTTP deflate (compression) using libz 1.2.8
LogInit:  - other features:
LogInit:      CURL_VERSION_SSL
LogInit:      CURL_VERSION_LIBZ
LogInit:      CURL_VERSION_IPV6
LogInit:      CURL_VERSION_ASYNCHDNS
LogInit:      CURL_VERSION_LARGEFILE
LogInit:      CURL_VERSION_IDN
LogInit:  CurlRequestOptions (configurable via config and command line):
LogInit:  - bVerifyPeer = true  - Libcurl will verify peer certificate
LogInit:  - bUseHttpProxy = false  - Libcurl will NOT use HTTP proxy
LogInit:  - bDontReuseConnections = false  - Libcurl will reuse connections
LogInit:  - MaxHostConnections = 16  - Libcurl will limit the number of connections to a host
LogInit:  - LocalHostAddr = Default
LogInit:  - BufferSize = 65536
LogInit: WinSock: version 1.1 (2.2), MaxSocks=32767, MaxUdp=65467
LogInit: Build: ++UE4+Release-4.21-CL-4753647
LogInit: Engine Version: 4.21.2-4753647+++UE4+Release-4.21
LogInit: Compatible Engine Version: 4.21.0-4541578+++UE4+Release-4.21
LogInit: Net CL: 4541578
LogInit: OS: Windows 10 (), CPU: Intel(R) Core(TM) i5-8400 CPU @ 2.80GHz, GPU: NVIDIA GeForce GTX 1060 6GB
LogInit: Compiled (64-bit): Jan 19 2019 02:07:31
LogInit: Compiled with Visual C++: 19.13.26129.00
LogInit: Build Configuration: Development
LogInit: Branch Name: ++UE4+Release-4.21
LogInit: Command Line: 
LogInit: Base Directory: C:/Program Files/Epic Games/UE_4.21/Engine/Binaries/Win64/
LogInit: Installed Engine Build: 1
LogDevObjectVersion: Number of dev versions registered: 22
LogDevObjectVersion:   Dev-Blueprints (B0D832E4-1F89-4F0D-ACCF-7EB736FD4AA2): 10
LogDevObjectVersion:   Dev-Build (E1C64328-A22C-4D53-A36C-8E866417BD8C): 0
LogDevObjectVersion:   Dev-Core (375EC13C-06E4-48FB-B500-84F0262A717E): 2
LogDevObjectVersion:   Dev-Editor (E4B068ED-F494-42E9-A231-DA0B2E46BB41): 26
LogDevObjectVersion:   Dev-Framework (CFFC743F-43B0-4480-9391-14DF171D2073): 34
LogDevObjectVersion:   Dev-Mobile (B02B49B5-BB20-44E9-A304-32B752E40360): 2
LogDevObjectVersion:   Dev-Networking (A4E4105C-59A1-49B5-A7C5-40C4547EDFEE): 0
LogDevObjectVersion:   Dev-Online (39C831C9-5AE6-47DC-9A44-9C173E1C8E7C): 0
LogDevObjectVersion:   Dev-Physics (78F01B33-EBEA-4F98-B9B4-84EACCB95AA2): 0
LogDevObjectVersion:   Dev-Platform (6631380F-2D4D-43E0-8009-CF276956A95A): 0
LogDevObjectVersion:   Dev-Rendering (12F88B9F-8875-4AFC-A67C-D90C383ABD29): 27
LogDevObjectVersion:   Dev-Sequencer (7B5AE74C-D270-4C10-A958-57980B212A5A): 9
LogDevObjectVersion:   Dev-VR (D7296918-1DD6-4BDD-9DE2-64A83CC13884): 2
LogDevObjectVersion:   Dev-LoadTimes (C2A15278-BFE7-4AFE-6C17-90FF531DF755): 1
LogDevObjectVersion:   Private-Geometry (6EACA3D4-40EC-4CC1-B786-8BED09428FC5): 3
LogDevObjectVersion:   Dev-AnimPhys (29E575DD-E0A3-4627-9D10-D276232CDCEA): 17
LogDevObjectVersion:   Dev-Anim (AF43A65D-7FD3-4947-9873-3E8ED9C1BB05): 2
LogDevObjectVersion:   Dev-ReflectionCapture (6B266CEC-1EC7-4B8F-A30B-E4D90942FC07): 1
LogDevObjectVersion:   Dev-Automation (0DF73D61-A23F-47EA-B727-89E90C41499A): 1
LogDevObjectVersion:   FortniteMain (601D1886-AC64-4F84-AA16-D3DE0DEAC7D6): 17
LogDevObjectVersion:   Dev-Enterprise (9DFFBCD6-494F-0158-E221-12823C92A888): 4
LogDevObjectVersion:   Dev-Niagara (F2AED0AC-9AFE-416F-8664-AA7FFA26D6FC): 1
LogStreaming: Display: Took  0.000s to delete old logs.
LogInit: Presizing for max 8388607 objects, including 0 objects not considered by GC, pre-allocating 0 bytes for permanent pool.
LogInit: Object subsystem initialized
LogConfig: Setting CVar [[con.DebugEarlyDefault:1]]
LogConfig: Setting CVar [[r.setres:1280x720]]
[2019.05.27-10.19.11:460][  0]LogConfig: Setting CVar [[r.VSync:0]]
[2019.05.27-10.19.11:460][  0]LogConfig: Setting CVar [[r.RHICmdBypass:0]]
[2019.05.27-10.19.11:460][  0]LogConfig: Applying CVar settings from Section [/Script/Engine.RendererSettings] File [B:/Develope/Sourcetree/LostDark/LostDark/Saved/Config/Windows/Engine.ini]
[2019.05.27-10.19.11:460][  0]LogConfig: Setting CVar [[r.GPUCrashDebugging:0]]
[2019.05.27-10.19.11:460][  0]LogConfig: Applying CVar settings from Section [/Script/Engine.RendererOverrideSettings] File [B:/Develope/Sourcetree/LostDark/LostDark/Saved/Config/Windows/Engine.ini]
[2019.05.27-10.19.11:460][  0]LogConfig: Applying CVar settings from Section [/Script/Engine.StreamingSettings] File [B:/Develope/Sourcetree/LostDark/LostDark/Saved/Config/Windows/Engine.ini]
[2019.05.27-10.19.11:460][  0]LogConfig: Setting CVar [[s.MinBulkDataSizeForAsyncLoading:131072]]
[2019.05.27-10.19.11:460][  0]LogConfig: Setting CVar [[s.AsyncLoadingThreadEnabled:0]]
[2019.05.27-10.19.11:460][  0]LogConfig: Setting CVar [[s.EventDrivenLoaderEnabled:1]]
[2019.05.27-10.19.11:460][  0]LogConfig: Setting CVar [[s.WarnIfTimeLimitExceeded:0]]
[2019.05.27-10.19.11:460][  0]LogConfig: Setting CVar [[s.TimeLimitExceededMultiplier:1.5]]
[2019.05.27-10.19.11:460][  0]LogConfig: Setting CVar [[s.TimeLimitExceededMinTime:0.005]]
[2019.05.27-10.19.11:460][  0]LogConfig: Setting CVar [[s.UseBackgroundLevelStreaming:1]]
[2019.05.27-10.19.11:460][  0]LogConfig: Setting CVar [[s.PriorityAsyncLoadingExtraTime:15.0]]
[2019.05.27-10.19.11:460][  0]LogConfig: Setting CVar [[s.LevelStreamingActorsUpdateTimeLimit:5.0]]
[2019.05.27-10.19.11:460][  0]LogConfig: Setting CVar [[s.PriorityLevelStreamingActorsUpdateExtraTime:5.0]]
[2019.05.27-10.19.11:460][  0]LogConfig: Setting CVar [[s.LevelStreamingComponentsRegistrationGranularity:10]]
[2019.05.27-10.19.11:460][  0]LogConfig: Setting CVar [[s.UnregisterComponentsTimeLimit:1.0]]
[2019.05.27-10.19.11:460][  0]LogConfig: Setting CVar [[s.LevelStreamingComponentsUnregistrationGranularity:5]]
[2019.05.27-10.19.11:460][  0]LogConfig: Applying CVar settings from Section [/Script/Engine.GarbageCollectionSettings] File [B:/Develope/Sourcetree/LostDark/LostDark/Saved/Config/Windows/Engine.ini]
[2019.05.27-10.19.11:460][  0]LogConfig: Setting CVar [[gc.MaxObjectsNotConsideredByGC:1]]
[2019.05.27-10.19.11:460][  0]LogConfig: Setting CVar [[gc.SizeOfPermanentObjectPool:0]]
[2019.05.27-10.19.11:460][  0]LogConfig: Setting CVar [[gc.FlushStreamingOnGC:0]]
[2019.05.27-10.19.11:460][  0]LogConfig: Setting CVar [[gc.NumRetriesBeforeForcingGC:10]]
[2019.05.27-10.19.11:460][  0]LogConfig: Setting CVar [[gc.AllowParallelGC:1]]
[2019.05.27-10.19.11:460][  0]LogConfig: Setting CVar [[gc.TimeBetweenPurgingPendingKillObjects:61.1]]
[2019.05.27-10.19.11:460][  0]LogConfig: Setting CVar [[gc.MaxObjectsInEditor:8388607]]
[2019.05.27-10.19.11:460][  0]LogConfig: Setting CVar [[gc.IncrementalBeginDestroyEnabled:1]]
[2019.05.27-10.19.11:460][  0]LogConfig: Setting CVar [[gc.CreateGCClusters:1]]
[2019.05.27-10.19.11:460][  0]LogConfig: Setting CVar [[gc.MergeGCClusters:0]]
[2019.05.27-10.19.11:460][  0]LogConfig: Setting CVar [[gc.MinGCClusterSize:5]]
[2019.05.27-10.19.11:460][  0]LogConfig: Setting CVar [[gc.ActorClusteringEnabled:0]]
[2019.05.27-10.19.11:460][  0]LogConfig: Setting CVar [[gc.BlueprintClusteringEnabled:0]]
[2019.05.27-10.19.11:460][  0]LogConfig: Setting CVar [[gc.UseDisregardForGCOnDedicatedServers:0]]
[2019.05.27-10.19.11:460][  0]LogConfig: Applying CVar settings from Section [/Script/Engine.NetworkSettings] File [B:/Develope/Sourcetree/LostDark/LostDark/Saved/Config/Windows/Engine.ini]
[2019.05.27-10.19.11:460][  0]LogConfig: Applying CVar settings from Section [/Script/UnrealEd.CookerSettings] File [B:/Develope/Sourcetree/LostDark/LostDark/Saved/Config/Windows/Engine.ini]
[2019.05.27-10.19.11:465][  0]LogConfig: Applying CVar settings from Section [ViewDistanceQuality@3] File [B:/Develope/Sourcetree/LostDark/LostDark/Saved/Config/Windows/Scalability.ini]
[2019.05.27-10.19.11:465][  0]LogConfig: Setting CVar [[r.SkeletalMeshLODBias:0]]
[2019.05.27-10.19.11:465][  0]LogConfig: Setting CVar [[r.ViewDistanceScale:1.0]]
[2019.05.27-10.19.11:465][  0]LogConfig: Applying CVar settings from Section [AntiAliasingQuality@3] File [B:/Develope/Sourcetree/LostDark/LostDark/Saved/Config/Windows/Scalability.ini]
[2019.05.27-10.19.11:465][  0]LogConfig: Setting CVar [[r.PostProcessAAQuality:4]]
[2019.05.27-10.19.11:465][  0]LogConfig: Applying CVar settings from Section [ShadowQuality@3] File [B:/Develope/Sourcetree/LostDark/LostDark/Saved/Config/Windows/Scalability.ini]
[2019.05.27-10.19.11:465][  0]LogConfig: Setting CVar [[r.LightFunctionQuality:1]]
[2019.05.27-10.19.11:465][  0]LogConfig: Setting CVar [[r.ShadowQuality:5]]
[2019.05.27-10.19.11:465][  0]LogConfig: Setting CVar [[r.Shadow.CSM.MaxCascades:10]]
[2019.05.27-10.19.11:465][  0]LogConfig: Setting CVar [[r.Shadow.MaxResolution:2048]]
[2019.05.27-10.19.11:465][  0]LogConfig: Setting CVar [[r.Shadow.MaxCSMResolution:2048]]
[2019.05.27-10.19.11:465][  0]LogConfig: Setting CVar [[r.Shadow.RadiusThreshold:0.01]]
[2019.05.27-10.19.11:466][  0]LogConfig: Setting CVar [[r.Shadow.DistanceScale:1.0]]
[2019.05.27-10.19.11:466][  0]LogConfig: Setting CVar [[r.Shadow.CSM.TransitionScale:1.0]]
[2019.05.27-10.19.11:466][  0]LogConfig: Setting CVar [[r.Shadow.PreShadowResolutionFactor:1.0]]
[2019.05.27-10.19.11:466][  0]LogConfig: Setting CVar [[r.DistanceFieldShadowing:1]]
[2019.05.27-10.19.11:466][  0]LogConfig: Setting CVar [[r.DistanceFieldAO:1]]
[2019.05.27-10.19.11:466][  0]LogConfig: Setting CVar [[r.AOQuality:2]]
[2019.05.27-10.19.11:466][  0]LogConfig: Setting CVar [[r.VolumetricFog:1]]
[2019.05.27-10.19.11:466][  0]LogConfig: Setting CVar [[r.VolumetricFog.GridPixelSize:8]]
[2019.05.27-10.19.11:466][  0]LogConfig: Setting CVar [[r.VolumetricFog.GridSizeZ:128]]
[2019.05.27-10.19.11:466][  0]LogConfig: Setting CVar [[r.VolumetricFog.HistoryMissSupersampleCount:4]]
[2019.05.27-10.19.11:466][  0]LogConfig: Setting CVar [[r.LightMaxDrawDistanceScale:1]]
[2019.05.27-10.19.11:466][  0]LogConfig: Setting CVar [[r.CapsuleShadows:1]]
[2019.05.27-10.19.11:466][  0]LogConfig: Applying CVar settings from Section [PostProcessQuality@3] File [B:/Develope/Sourcetree/LostDark/LostDark/Saved/Config/Windows/Scalability.ini]
[2019.05.27-10.19.11:466][  0]LogConfig: Setting CVar [[r.MotionBlurQuality:4]]
[2019.05.27-10.19.11:466][  0]LogConfig: Setting CVar [[r.AmbientOcclusionMipLevelFactor:0.4]]
[2019.05.27-10.19.11:466][  0]LogConfig: Setting CVar [[r.AmbientOcclusionMaxQuality:100]]
[2019.05.27-10.19.11:466][  0]LogConfig: Setting CVar [[r.AmbientOcclusionLevels:-1]]
[2019.05.27-10.19.11:466][  0]LogConfig: Setting CVar [[r.AmbientOcclusionRadiusScale:1.0]]
[2019.05.27-10.19.11:466][  0]LogConfig: Setting CVar [[r.DepthOfFieldQuality:2]]
[2019.05.27-10.19.11:466][  0]LogConfig: Setting CVar [[r.RenderTargetPoolMin:400]]
[2019.05.27-10.19.11:466][  0]LogConfig: Setting CVar [[r.LensFlareQuality:2]]
[2019.05.27-10.19.11:466][  0]LogConfig: Setting CVar [[r.SceneColorFringeQuality:1]]
[2019.05.27-10.19.11:466][  0]LogConfig: Setting CVar [[r.EyeAdaptationQuality:2]]
[2019.05.27-10.19.11:466][  0]LogConfig: Setting CVar [[r.BloomQuality:5]]
[2019.05.27-10.19.11:466][  0]LogConfig: Setting CVar [[r.FastBlurThreshold:100]]
[2019.05.27-10.19.11:466][  0]LogConfig: Setting CVar [[r.Upscale.Quality:3]]
[2019.05.27-10.19.11:466][  0]LogConfig: Setting CVar [[r.Tonemapper.GrainQuantization:1]]
[2019.05.27-10.19.11:466][  0]LogConfig: Setting CVar [[r.LightShaftQuality:1]]
[2019.05.27-10.19.11:466][  0]LogConfig: Setting CVar [[r.Filter.SizeScale:1]]
[2019.05.27-10.19.11:466][  0]LogConfig: Setting CVar [[r.Tonemapper.Quality:5]]
[2019.05.27-10.19.11:466][  0]LogConfig: Setting CVar [[r.DOF.Gather.AccumulatorQuality:1        ; higher gathering accumulator quality]]
[2019.05.27-10.19.11:466][  0]LogConfig: Setting CVar [[r.DOF.Gather.PostfilterMethod:1          ; Median3x3 postfilering method]]
[2019.05.27-10.19.11:466][  0]LogConfig: Setting CVar [[r.DOF.Gather.EnableBokehSettings:0       ; no bokeh simulation when gathering]]
[2019.05.27-10.19.11:466][  0]LogConfig: Setting CVar [[r.DOF.Gather.RingCount:4                 ; medium number of samples when gathering]]
[2019.05.27-10.19.11:466][  0]LogConfig: Setting CVar [[r.DOF.Scatter.ForegroundCompositing:1    ; additive foreground scattering]]
[2019.05.27-10.19.11:466][  0]LogConfig: Setting CVar [[r.DOF.Scatter.BackgroundCompositing:2    ; additive background scattering]]
[2019.05.27-10.19.11:466][  0]LogConfig: Setting CVar [[r.DOF.Scatter.EnableBokehSettings:1      ; bokeh simulation when scattering]]
[2019.05.27-10.19.11:466][  0]LogConfig: Setting CVar [[r.DOF.Scatter.MaxSpriteRatio:0.1         ; only a maximum of 10% of scattered bokeh]]
[2019.05.27-10.19.11:466][  0]LogConfig: Setting CVar [[r.DOF.Recombine.Quality:1                ; cheap slight out of focus]]
[2019.05.27-10.19.11:466][  0]LogConfig: Setting CVar [[r.DOF.Recombine.EnableBokehSettings:0    ; no bokeh simulation on slight out of focus]]
[2019.05.27-10.19.11:466][  0]LogConfig: Setting CVar [[r.DOF.TemporalAAQuality:1                ; more stable temporal accumulation]]
[2019.05.27-10.19.11:466][  0]LogConfig: Setting CVar [[r.DOF.Kernel.MaxForegroundRadius:0.025]]
[2019.05.27-10.19.11:466][  0]LogConfig: Setting CVar [[r.DOF.Kernel.MaxBackgroundRadius:0.025]]
[2019.05.27-10.19.11:466][  0]LogConfig: Applying CVar settings from Section [TextureQuality@3] File [B:/Develope/Sourcetree/LostDark/LostDark/Saved/Config/Windows/Scalability.ini]
[2019.05.27-10.19.11:466][  0]LogConfig: Setting CVar [[r.Streaming.MipBias:0]]
[2019.05.27-10.19.11:466][  0]LogConfig: Setting CVar [[r.Streaming.AmortizeCPUToGPUCopy:0]]
[2019.05.27-10.19.11:466][  0]LogConfig: Setting CVar [[r.Streaming.MaxNumTexturesToStreamPerFrame:0]]
[2019.05.27-10.19.11:466][  0]LogConfig: Setting CVar [[r.Streaming.Boost:1]]
[2019.05.27-10.19.11:466][  0]LogConfig: Setting CVar [[r.MaxAnisotropy:8]]
[2019.05.27-10.19.11:466][  0]LogConfig: Setting CVar [[r.Streaming.LimitPoolSizeToVRAM:0]]
[2019.05.27-10.19.11:466][  0]LogConfig: Setting CVar [[r.Streaming.PoolSize:1000]]
[2019.05.27-10.19.11:466][  0]LogConfig: Setting CVar [[r.Streaming.MaxEffectiveScreenSize:0]]
[2019.05.27-10.19.11:466][  0]LogConfig: Applying CVar settings from Section [EffectsQuality@3] File [B:/Develope/Sourcetree/LostDark/LostDark/Saved/Config/Windows/Scalability.ini]
[2019.05.27-10.19.11:466][  0]LogConfig: Setting CVar [[r.TranslucencyLightingVolumeDim:64]]
[2019.05.27-10.19.11:466][  0]LogConfig: Setting CVar [[r.RefractionQuality:2]]
[2019.05.27-10.19.11:466][  0]LogConfig: Setting CVar [[r.SSR.Quality:3]]
[2019.05.27-10.19.11:466][  0]LogConfig: Setting CVar [[r.SceneColorFormat:4]]
[2019.05.27-10.19.11:466][  0]LogConfig: Setting CVar [[r.DetailMode:2]]
[2019.05.27-10.19.11:466][  0]LogConfig: Setting CVar [[r.TranslucencyVolumeBlur:1]]
[2019.05.27-10.19.11:466][  0]LogConfig: Setting CVar [[r.MaterialQualityLevel:1 ; High quality]]
[2019.05.27-10.19.11:466][  0]LogConfig: Setting CVar [[r.SSS.Scale:1]]
[2019.05.27-10.19.11:466][  0]LogConfig: Setting CVar [[r.SSS.SampleSet:2]]
[2019.05.27-10.19.11:466][  0]LogConfig: Setting CVar [[r.SSS.Quality:1]]
[2019.05.27-10.19.11:466][  0]LogConfig: Setting CVar [[r.SSS.HalfRes:1]]
[2019.05.27-10.19.11:466][  0]LogConfig: Setting CVar [[r.EmitterSpawnRateScale:1.0]]
[2019.05.27-10.19.11:466][  0]LogConfig: Setting CVar [[r.ParticleLightQuality:2]]
[2019.05.27-10.19.11:466][  0]LogConfig: Applying CVar settings from Section [FoliageQuality@3] File [B:/Develope/Sourcetree/LostDark/LostDark/Saved/Config/Windows/Scalability.ini]
[2019.05.27-10.19.11:466][  0]LogConfig: Setting CVar [[foliage.DensityScale:1.0]]
[2019.05.27-10.19.11:466][  0]LogConfig: Setting CVar [[grass.DensityScale:1.0]]
[2019.05.27-10.19.11:466][  0]LogInit: Selected Device Profile: [Windows]
[2019.05.27-10.19.11:466][  0]LogInit: Applying CVar settings loaded from the selected device profile: [Windows]
[2019.05.27-10.19.11:475][  0]LogHAL: Display: Platform has ~ 16 GB [17103896576 / 17179869184 / 16], which maps to Larger [LargestMinGB=32, LargerMinGB=12, DefaultMinGB=8, SmallerMinGB=6, SmallestMinGB=0)
[2019.05.27-10.19.11:475][  0]LogConfig: Setting CVar [[r.Vulkan.UseRealUBs:1]]
[2019.05.27-10.19.11:475][  0]LogInit: Going up to parent DeviceProfile []
[2019.05.27-10.19.11:475][  0]LogConfig: Applying CVar settings from Section [ViewDistanceQuality@3] File [B:/Develope/Sourcetree/LostDark/LostDark/Saved/Config/Windows/Scalability.ini]
[2019.05.27-10.19.11:475][  0]LogConfig: Setting CVar [[r.SkeletalMeshLODBias:0]]
[2019.05.27-10.19.11:475][  0]LogConfig: Setting CVar [[r.ViewDistanceScale:1.0]]
[2019.05.27-10.19.11:475][  0]LogConfig: Applying CVar settings from Section [AntiAliasingQuality@3] File [B:/Develope/Sourcetree/LostDark/LostDark/Saved/Config/Windows/Scalability.ini]
[2019.05.27-10.19.11:475][  0]LogConfig: Setting CVar [[r.PostProcessAAQuality:4]]
[2019.05.27-10.19.11:475][  0]LogConfig: Applying CVar settings from Section [ShadowQuality@3] File [B:/Develope/Sourcetree/LostDark/LostDark/Saved/Config/Windows/Scalability.ini]
[2019.05.27-10.19.11:475][  0]LogConfig: Setting CVar [[r.LightFunctionQuality:1]]
[2019.05.27-10.19.11:475][  0]LogConfig: Setting CVar [[r.ShadowQuality:5]]
[2019.05.27-10.19.11:475][  0]LogConfig: Setting CVar [[r.Shadow.CSM.MaxCascades:10]]
[2019.05.27-10.19.11:475][  0]LogConfig: Setting CVar [[r.Shadow.MaxResolution:2048]]
[2019.05.27-10.19.11:475][  0]LogConfig: Setting CVar [[r.Shadow.MaxCSMResolution:2048]]
[2019.05.27-10.19.11:475][  0]LogConfig: Setting CVar [[r.Shadow.RadiusThreshold:0.01]]
[2019.05.27-10.19.11:475][  0]LogConfig: Setting CVar [[r.Shadow.DistanceScale:1.0]]
[2019.05.27-10.19.11:475][  0]LogConfig: Setting CVar [[r.Shadow.CSM.TransitionScale:1.0]]
[2019.05.27-10.19.11:475][  0]LogConfig: Setting CVar [[r.Shadow.PreShadowResolutionFactor:1.0]]
[2019.05.27-10.19.11:475][  0]LogConfig: Setting CVar [[r.DistanceFieldShadowing:1]]
[2019.05.27-10.19.11:475][  0]LogConfig: Setting CVar [[r.DistanceFieldAO:1]]
[2019.05.27-10.19.11:475][  0]LogConfig: Setting CVar [[r.AOQuality:2]]
[2019.05.27-10.19.11:475][  0]LogConfig: Setting CVar [[r.VolumetricFog:1]]
[2019.05.27-10.19.11:475][  0]LogConfig: Setting CVar [[r.VolumetricFog.GridPixelSize:8]]
[2019.05.27-10.19.11:475][  0]LogConfig: Setting CVar [[r.VolumetricFog.GridSizeZ:128]]
[2019.05.27-10.19.11:476][  0]LogConfig: Setting CVar [[r.VolumetricFog.HistoryMissSupersampleCount:4]]
[2019.05.27-10.19.11:476][  0]LogConfig: Setting CVar [[r.LightMaxDrawDistanceScale:1]]
[2019.05.27-10.19.11:476][  0]LogConfig: Setting CVar [[r.CapsuleShadows:1]]
[2019.05.27-10.19.11:476][  0]LogConfig: Applying CVar settings from Section [PostProcessQuality@3] File [B:/Develope/Sourcetree/LostDark/LostDark/Saved/Config/Windows/Scalability.ini]
[2019.05.27-10.19.11:476][  0]LogConfig: Setting CVar [[r.MotionBlurQuality:4]]
[2019.05.27-10.19.11:476][  0]LogConfig: Setting CVar [[r.AmbientOcclusionMipLevelFactor:0.4]]
[2019.05.27-10.19.11:476][  0]LogConfig: Setting CVar [[r.AmbientOcclusionMaxQuality:100]]
[2019.05.27-10.19.11:476][  0]LogConfig: Setting CVar [[r.AmbientOcclusionLevels:-1]]
[2019.05.27-10.19.11:476][  0]LogConfig: Setting CVar [[r.AmbientOcclusionRadiusScale:1.0]]
[2019.05.27-10.19.11:476][  0]LogConfig: Setting CVar [[r.DepthOfFieldQuality:2]]
[2019.05.27-10.19.11:476][  0]LogConfig: Setting CVar [[r.RenderTargetPoolMin:400]]
[2019.05.27-10.19.11:476][  0]LogConfig: Setting CVar [[r.LensFlareQuality:2]]
[2019.05.27-10.19.11:476][  0]LogConfig: Setting CVar [[r.SceneColorFringeQuality:1]]
[2019.05.27-10.19.11:476][  0]LogConfig: Setting CVar [[r.EyeAdaptationQuality:2]]
[2019.05.27-10.19.11:476][  0]LogConfig: Setting CVar [[r.BloomQuality:5]]
[2019.05.27-10.19.11:476][  0]LogConfig: Setting CVar [[r.FastBlurThreshold:100]]
[2019.05.27-10.19.11:476][  0]LogConfig: Setting CVar [[r.Upscale.Quality:3]]
[2019.05.27-10.19.11:476][  0]LogConfig: Setting CVar [[r.Tonemapper.GrainQuantization:1]]
[2019.05.27-10.19.11:476][  0]LogConfig: Setting CVar [[r.LightShaftQuality:1]]
[2019.05.27-10.19.11:476][  0]LogConfig: Setting CVar [[r.Filter.SizeScale:1]]
[2019.05.27-10.19.11:476][  0]LogConfig: Setting CVar [[r.Tonemapper.Quality:5]]
[2019.05.27-10.19.11:476][  0]LogConfig: Setting CVar [[r.DOF.Gather.AccumulatorQuality:1        ; higher gathering accumulator quality]]
[2019.05.27-10.19.11:476][  0]LogConfig: Setting CVar [[r.DOF.Gather.PostfilterMethod:1          ; Median3x3 postfilering method]]
[2019.05.27-10.19.11:476][  0]LogConfig: Setting CVar [[r.DOF.Gather.EnableBokehSettings:0       ; no bokeh simulation when gathering]]
[2019.05.27-10.19.11:476][  0]LogConfig: Setting CVar [[r.DOF.Gather.RingCount:4                 ; medium number of samples when gathering]]
[2019.05.27-10.19.11:476][  0]LogConfig: Setting CVar [[r.DOF.Scatter.ForegroundCompositing:1    ; additive foreground scattering]]
[2019.05.27-10.19.11:476][  0]LogConfig: Setting CVar [[r.DOF.Scatter.BackgroundCompositing:2    ; additive background scattering]]
[2019.05.27-10.19.11:476][  0]LogConfig: Setting CVar [[r.DOF.Scatter.EnableBokehSettings:1      ; bokeh simulation when scattering]]
[2019.05.27-10.19.11:476][  0]LogConfig: Setting CVar [[r.DOF.Scatter.MaxSpriteRatio:0.1         ; only a maximum of 10% of scattered bokeh]]
[2019.05.27-10.19.11:476][  0]LogConfig: Setting CVar [[r.DOF.Recombine.Quality:1                ; cheap slight out of focus]]
[2019.05.27-10.19.11:476][  0]LogConfig: Setting CVar [[r.DOF.Recombine.EnableBokehSettings:0    ; no bokeh simulation on slight out of focus]]
[2019.05.27-10.19.11:476][  0]LogConfig: Setting CVar [[r.DOF.TemporalAAQuality:1                ; more stable temporal accumulation]]
[2019.05.27-10.19.11:476][  0]LogConfig: Setting CVar [[r.DOF.Kernel.MaxForegroundRadius:0.025]]
[2019.05.27-10.19.11:476][  0]LogConfig: Setting CVar [[r.DOF.Kernel.MaxBackgroundRadius:0.025]]
[2019.05.27-10.19.11:476][  0]LogConfig: Applying CVar settings from Section [TextureQuality@3] File [B:/Develope/Sourcetree/LostDark/LostDark/Saved/Config/Windows/Scalability.ini]
[2019.05.27-10.19.11:476][  0]LogConfig: Setting CVar [[r.Streaming.MipBias:0]]
[2019.05.27-10.19.11:476][  0]LogConfig: Setting CVar [[r.Streaming.AmortizeCPUToGPUCopy:0]]
[2019.05.27-10.19.11:476][  0]LogConfig: Setting CVar [[r.Streaming.MaxNumTexturesToStreamPerFrame:0]]
[2019.05.27-10.19.11:476][  0]LogConfig: Setting CVar [[r.Streaming.Boost:1]]
[2019.05.27-10.19.11:476][  0]LogConfig: Setting CVar [[r.MaxAnisotropy:8]]
[2019.05.27-10.19.11:476][  0]LogConfig: Setting CVar [[r.Streaming.LimitPoolSizeToVRAM:0]]
[2019.05.27-10.19.11:476][  0]LogConfig: Setting CVar [[r.Streaming.PoolSize:1000]]
[2019.05.27-10.19.11:476][  0]LogConfig: Setting CVar [[r.Streaming.MaxEffectiveScreenSize:0]]
[2019.05.27-10.19.11:476][  0]LogConfig: Applying CVar settings from Section [EffectsQuality@3] File [B:/Develope/Sourcetree/LostDark/LostDark/Saved/Config/Windows/Scalability.ini]
[2019.05.27-10.19.11:476][  0]LogConfig: Setting CVar [[r.TranslucencyLightingVolumeDim:64]]
[2019.05.27-10.19.11:476][  0]LogConfig: Setting CVar [[r.RefractionQuality:2]]
[2019.05.27-10.19.11:476][  0]LogConfig: Setting CVar [[r.SSR.Quality:3]]
[2019.05.27-10.19.11:476][  0]LogConfig: Setting CVar [[r.SceneColorFormat:4]]
[2019.05.27-10.19.11:476][  0]LogConfig: Setting CVar [[r.DetailMode:2]]
[2019.05.27-10.19.11:476][  0]LogConfig: Setting CVar [[r.TranslucencyVolumeBlur:1]]
[2019.05.27-10.19.11:476][  0]LogConfig: Setting CVar [[r.MaterialQualityLevel:1 ; High quality]]
[2019.05.27-10.19.11:476][  0]LogConfig: Setting CVar [[r.SSS.Scale:1]]
[2019.05.27-10.19.11:476][  0]LogConfig: Setting CVar [[r.SSS.SampleSet:2]]
[2019.05.27-10.19.11:476][  0]LogConfig: Setting CVar [[r.SSS.Quality:1]]
[2019.05.27-10.19.11:476][  0]LogConfig: Setting CVar [[r.SSS.HalfRes:1]]
[2019.05.27-10.19.11:476][  0]LogConfig: Setting CVar [[r.EmitterSpawnRateScale:1.0]]
[2019.05.27-10.19.11:476][  0]LogConfig: Setting CVar [[r.ParticleLightQuality:2]]
[2019.05.27-10.19.11:476][  0]LogConfig: Applying CVar settings from Section [FoliageQuality@3] File [B:/Develope/Sourcetree/LostDark/LostDark/Saved/Config/Windows/Scalability.ini]
[2019.05.27-10.19.11:476][  0]LogConfig: Setting CVar [[foliage.DensityScale:1.0]]
[2019.05.27-10.19.11:476][  0]LogConfig: Setting CVar [[grass.DensityScale:1.0]]
[2019.05.27-10.19.11:476][  0]LogConfig: Applying CVar settings from Section [Startup] File [../../../Engine/Config/ConsoleVariables.ini]
[2019.05.27-10.19.11:476][  0]LogConfig: Setting CVar [[net.UseAdaptiveNetUpdateFrequency:0]]
[2019.05.27-10.19.11:476][  0]LogConfig: Applying CVar settings from Section [ConsoleVariables] File [B:/Develope/Sourcetree/LostDark/LostDark/Saved/Config/Windows/Engine.ini]
[2019.05.27-10.19.11:477][  0]LogInit: Computer: DESKTOP-7NEMS3A
[2019.05.27-10.19.11:477][  0]LogInit: User: SungHoon
[2019.05.27-10.19.11:477][  0]LogInit: CPU Page size=4096, Cores=6
[2019.05.27-10.19.11:477][  0]LogInit: High frequency timer resolution =10.000000 MHz
[2019.05.27-10.19.11:477][  0]LogMemory: Memory total: Physical=15.9GB (16GB approx)
[2019.05.27-10.19.11:477][  0]LogMemory: Platform Memory Stats for Windows
[2019.05.27-10.19.11:477][  0]LogMemory: Process Physical Memory: 103.12 MB used, 103.12 MB peak
[2019.05.27-10.19.11:477][  0]LogMemory: Process Virtual Memory: 85.28 MB used, 85.28 MB peak
[2019.05.27-10.19.11:477][  0]LogMemory: Physical Memory: 6235.32 MB used,  10076.23 MB free, 16311.55 MB total
[2019.05.27-10.19.11:477][  0]LogMemory: Virtual Memory: 4639.90 MB used,  134213088.00 MB free, 134217728.00 MB total
[2019.05.27-10.19.11:492][  0]LogInit: Overriding language with editor language configuration option (ko).
[2019.05.27-10.19.11:492][  0]LogInit: Overriding locale with editor locale configuration option (ko).
[2019.05.27-10.19.11:811][  0]LogStreaming: Display: Took  0.319s to InitEngineTextLocalization.
[2019.05.27-10.19.11:812][  0]LogInit: Setting process to per monitor DPI aware
[2019.05.27-10.19.11:860][  0]LogSlate: New Slate User Created.  User Index 0, Is Virtual User: 0
[2019.05.27-10.19.11:860][  0]LogSlate: Slate User Registered.  User Index 0, Is Virtual User: 0
[2019.05.27-10.19.12:045][  0]LogHMD: Failed to initialize OpenVR with code 110
[2019.05.27-10.19.12:045][  0]LogD3D11RHI: D3D11 adapters:
[2019.05.27-10.19.12:109][  0]LogD3D11RHI:    0. 'NVIDIA GeForce GTX 1060 6GB' (Feature Level 11_0)
[2019.05.27-10.19.12:109][  0]LogD3D11RHI:       6052/0/8155 MB DedicatedVideo/DedicatedSystem/SharedSystem, Outputs:2, VendorId:0x10de
[2019.05.27-10.19.12:111][  0]LogD3D11RHI:    1. 'Microsoft Basic Render Driver' (Feature Level 11_0)
[2019.05.27-10.19.12:111][  0]LogD3D11RHI:       0/0/8155 MB DedicatedVideo/DedicatedSystem/SharedSystem, Outputs:0, VendorId:0x1414
[2019.05.27-10.19.12:111][  0]LogD3D11RHI: Chosen D3D11 Adapter: 0
[2019.05.27-10.19.12:117][  0]LogD3D11RHI: Creating new Direct3DDevice
[2019.05.27-10.19.12:117][  0]LogD3D11RHI:     GPU DeviceId: 0x1c03 (for the marketing name, search the web for "GPU Device Id")
[2019.05.27-10.19.12:117][  0]LogWindows: EnumDisplayDevices:
[2019.05.27-10.19.12:118][  0]LogWindows:    0. 'NVIDIA GeForce GTX 1060 6GB' (P:1 D:1)
[2019.05.27-10.19.12:118][  0]LogWindows:    1. 'NVIDIA GeForce GTX 1060 6GB' (P:0 D:1)
[2019.05.27-10.19.12:119][  0]LogWindows:    2. 'NVIDIA GeForce GTX 1060 6GB' (P:0 D:0)
[2019.05.27-10.19.12:120][  0]LogWindows:    3. 'NVIDIA GeForce GTX 1060 6GB' (P:0 D:0)
[2019.05.27-10.19.12:120][  0]LogWindows: DebugString: FoundDriverCount:4 
[2019.05.27-10.19.12:120][  0]LogD3D11RHI:     Adapter Name: NVIDIA GeForce GTX 1060 6GB
[2019.05.27-10.19.12:120][  0]LogD3D11RHI:   Driver Version: 391.35 (internal:23.21.13.9135, unified:391.35)
[2019.05.27-10.19.12:120][  0]LogD3D11RHI:      Driver Date: 3-23-2018
[2019.05.27-10.19.12:120][  0]LogRHI: Texture pool is 4236 MB (70% of 6052 MB)
[2019.05.27-10.19.12:152][  0]LogD3D11RHI: Async texture creation enabled
[2019.05.27-10.19.12:168][  0]LogD3D11RHI: GPU Timing Frequency: 1000.000000 (Debug: 2 2)
[2019.05.27-10.19.12:585][  0]LogTemp: Display: Loaded TP AllDesktopTargetPlatform
[2019.05.27-10.19.12:596][  0]LogTemp: Display: Loaded TP MacClientTargetPlatform
[2019.05.27-10.19.12:608][  0]LogTemp: Display: Loaded TP MacNoEditorTargetPlatform
[2019.05.27-10.19.12:620][  0]LogTemp: Display: Loaded TP MacServerTargetPlatform
[2019.05.27-10.19.12:632][  0]LogTemp: Display: Loaded TP MacTargetPlatform
[2019.05.27-10.19.12:644][  0]LogTemp: Display: Loaded TP WindowsClientTargetPlatform
[2019.05.27-10.19.12:656][  0]LogTemp: Display: Loaded TP WindowsNoEditorTargetPlatform
[2019.05.27-10.19.12:668][  0]LogTemp: Display: Loaded TP WindowsServerTargetPlatform
[2019.05.27-10.19.12:674][  0]LogTemp: Display: Loaded TP WindowsTargetPlatform
[2019.05.27-10.19.12:736][  0]LogTemp: Display: Loaded TP AndroidTargetPlatform
[2019.05.27-10.19.12:736][  0]LogTemp: Display: Loaded TP AndroidTargetPlatform
[2019.05.27-10.19.12:736][  0]LogTemp: Display: Loaded TP AndroidTargetPlatform
[2019.05.27-10.19.12:736][  0]LogTemp: Display: Loaded TP AndroidTargetPlatform
[2019.05.27-10.19.12:736][  0]LogTemp: Display: Loaded TP AndroidTargetPlatform
[2019.05.27-10.19.12:736][  0]LogTemp: Display: Loaded TP AndroidTargetPlatform
[2019.05.27-10.19.12:736][  0]LogTemp: Display: Loaded TP AndroidTargetPlatform
[2019.05.27-10.19.12:736][  0]LogTemp: Display: Loaded TP AndroidTargetPlatform
[2019.05.27-10.19.12:736][  0]LogTemp: Display: Loaded TP AndroidTargetPlatform
[2019.05.27-10.19.12:736][  0]LogTemp: Display: Loaded TP AndroidTargetPlatform
[2019.05.27-10.19.12:736][  0]LogTemp: Display: Loaded TP AndroidTargetPlatform
[2019.05.27-10.19.12:736][  0]LogTemp: Display: Loaded TP AndroidTargetPlatform
[2019.05.27-10.19.12:736][  0]LogTemp: Display: Loaded TP AndroidTargetPlatform
[2019.05.27-10.19.12:736][  0]LogTemp: Display: Loaded TP AndroidTargetPlatform
[2019.05.27-10.19.12:736][  0]LogTemp: Display: Loaded TP AndroidTargetPlatform
[2019.05.27-10.19.12:736][  0]LogTemp: Display: Loaded TP AndroidTargetPlatform
[2019.05.27-10.19.12:736][  0]LogTemp: Display: Loaded TP AndroidTargetPlatform
[2019.05.27-10.19.12:736][  0]LogTemp: Display: Loaded TP AndroidTargetPlatform
[2019.05.27-10.19.12:738][  0]LogTemp: Display: Loaded TP HTML5TargetPlatform
[2019.05.27-10.19.12:794][  0]LogTemp: Display: Loaded TP IOSTargetPlatform
[2019.05.27-10.19.12:794][  0]LogTemp: Display: Loaded TP IOSTargetPlatform
[2019.05.27-10.19.12:815][  0]LogTemp: Display: Loaded TP TVOSTargetPlatform
[2019.05.27-10.19.12:815][  0]LogTemp: Display: Loaded TP TVOSTargetPlatform
[2019.05.27-10.19.12:826][  0]LogTemp: Display: Loaded TP LinuxClientTargetPlatform
[2019.05.27-10.19.12:836][  0]LogTemp: Display: Loaded TP LinuxNoEditorTargetPlatform
[2019.05.27-10.19.12:846][  0]LogTemp: Display: Loaded TP LinuxServerTargetPlatform
[2019.05.27-10.19.12:856][  0]LogTemp: Display: Loaded TP LinuxTargetPlatform
[2019.05.27-10.19.12:894][  0]LogTemp: Display: Loaded TP LuminTargetPlatform
[2019.05.27-10.19.12:894][  0]LogTemp: Display: Loaded TP LuminTargetPlatform
[2019.05.27-10.19.12:894][  0]LogTargetPlatformManager: Display: Building Assets For Windows
[2019.05.27-10.19.12:953][  0]LogShaderCompilers: Guid format shader working directory is 9 characters bigger than the processId version (B:/Develope/Sourcetree/LostDark/LostDark/Intermediate/Shaders/WorkingDirectory/5776/).
[2019.05.27-10.19.12:953][  0]LogShaderCompilers: Cleaned the shader compiler working directory 'C:/Users/SungHoon/AppData/Local/Temp/UnrealShaderWorkingDir/FFEBB8594CA06791FA6272AC1737B185/'.
[2019.05.27-10.19.12:956][  0]LogXGEController: Cleaning working directory: C:/Users/SungHoon/AppData/Local/Temp/UnrealXGEWorkingDir/
[2019.05.27-10.19.12:956][  0]LogXGEController: Cannot use XGE Controller as Incredibuild is not installed on this machine.
[2019.05.27-10.19.12:956][  0]LogShaderCompilers: Cannot use XGE Shader Compiler as Incredibuild is not installed on this machine.
[2019.05.27-10.19.12:956][  0]LogShaderCompilers: Display: Using Local Shader Compiler.
[2019.05.27-10.19.13:427][  0]LogDerivedDataCache: Display: Max Cache Size: 512 MB
[2019.05.27-10.19.13:496][  0]LogDerivedDataCache: Loaded boot cache 0.07s 121MB C:/Users/SungHoon/AppData/Local/UnrealEngine/4.21/DerivedDataCache/Boot.ddc.
[2019.05.27-10.19.13:496][  0]LogDerivedDataCache: Display: Loaded Boot cache: C:/Users/SungHoon/AppData/Local/UnrealEngine/4.21/DerivedDataCache/Boot.ddc
[2019.05.27-10.19.13:496][  0]LogDerivedDataCache: FDerivedDataBackendGraph:  Pak pak cache file B:/Develope/Sourcetree/LostDark/LostDark/DerivedDataCache/DDC.ddp not found, will not use a pak cache.
[2019.05.27-10.19.13:496][  0]LogDerivedDataCache: Unable to find inner node Pak for hierarchical cache Hierarchy.
[2019.05.27-10.19.13:496][  0]LogDerivedDataCache: FDerivedDataBackendGraph:  CompressedPak pak cache file B:/Develope/Sourcetree/LostDark/LostDark/DerivedDataCache/Compressed.ddp not found, will not use a pak cache.
[2019.05.27-10.19.13:496][  0]LogDerivedDataCache: Unable to find inner node CompressedPak for hierarchical cache Hierarchy.
[2019.05.27-10.19.13:510][  0]LogDerivedDataCache: Display: Pak cache opened for reading ../../../Engine/DerivedDataCache/Compressed.ddp.
[2019.05.27-10.19.13:510][  0]LogDerivedDataCache: FDerivedDataBackendGraph:  EnterprisePak pak cache file ../../../Enterprise/DerivedDataCache/Compressed.ddp not found, will not use a pak cache.
[2019.05.27-10.19.13:510][  0]LogDerivedDataCache: Unable to find inner node EnterprisePak for hierarchical cache Hierarchy.
[2019.05.27-10.19.13:522][  0]LogDerivedDataCache: Using Local data cache path C:/Users/SungHoon/AppData/Local/UnrealEngine/Common/DerivedDataCache: Writable
[2019.05.27-10.19.13:522][  0]LogDerivedDataCache: Shared data cache path not found in *engine.ini, will not use an Shared cache.
[2019.05.27-10.19.13:522][  0]LogDerivedDataCache: Unable to find inner node Shared for hierarchical cache Hierarchy.
[2019.05.27-10.19.13:542][  0]LogMaterial: Verifying Global Shaders for PCD3D_SM5
[2019.05.27-10.19.13:543][  0]LogSlate: Using FreeType 2.6.0
[2019.05.27-10.19.13:544][  0]LogSlate: SlateFontServices - WITH_FREETYPE: 1, WITH_HARFBUZZ: 1
[2019.05.27-10.19.13:622][  0]LogAssetRegistry: FAssetRegistry took 0.0313 seconds to start up
[2019.05.27-10.19.13:883][  0]LogInit: Selected Device Profile: [Windows]
[2019.05.27-10.19.14:025][  0]LogSimplygon: Simplygon DLL not present - disabling.
[2019.05.27-10.19.14:029][  0]LogMeshReduction: Using SimplygonSwarm for distributed automatic mesh merging
[2019.05.27-10.19.14:029][  0]LogMeshReduction: Using ProxyLODMeshReduction for automatic mesh merging
[2019.05.27-10.19.14:029][  0]LogMeshReduction: Using QuadricMeshReduction for automatic static mesh reduction
[2019.05.27-10.19.14:029][  0]LogMeshReduction: No automatic skeletal mesh reduction module available
[2019.05.27-10.19.14:042][  0]LogNetVersion: LostDark 1.0.0, NetCL: 4541578, EngineNetVer: 5, GameNetVer: 0 (Checksum: 1003383482)
[2019.05.27-10.19.14:419][  0]LogPackageLocalizationCache: Processed 11 localized package path(s) for 1 prioritized culture(s) in 0.034935 seconds
[2019.05.27-10.19.14:427][  0]LogUObjectArray: 39775 objects as part of root set at end of initial load.
[2019.05.27-10.19.14:427][  0]LogUObjectAllocator: 6914656 out of 0 bytes used by permanent object pool.
[2019.05.27-10.19.14:427][  0]LogUObjectArray: CloseDisregardForGC: 0/0 objects in disregard for GC pool
[2019.05.27-10.19.15:198][  0]LogTcpMessaging: Initializing TcpMessaging bridge
[2019.05.27-10.19.15:212][  0]LogUdpMessaging: Initializing bridge on interface 0.0.0.0:0 to multicast group 230.0.0.1:6666.
[2019.05.27-10.19.15:917][  0]LogTemp: Warning: Enroll Attack Montage
[2019.05.27-10.19.16:713][  0]LogTemp: Warning: Enroll Attack Montage
[2019.05.27-10.19.16:726][  0]LogTemp: Warning: Enroll Attack Montage
[2019.05.27-10.19.16:750][  0]LogTemp: Warning: Enroll Attack Montage
[2019.05.27-10.19.16:833][  0]LostDark: Error: ASectionTest::ASectionTest(58) Success GateMeshs :+XGate
[2019.05.27-10.19.16:833][  0]LostDark: Error: ASectionTest::ASectionTest(58) Success GateMeshs :-XGate
[2019.05.27-10.19.16:833][  0]LostDark: Error: ASectionTest::ASectionTest(58) Success GateMeshs :+YGate
[2019.05.27-10.19.16:833][  0]LostDark: Error: ASectionTest::ASectionTest(58) Success GateMeshs :-YGate
[2019.05.27-10.19.16:909][  0]SourceControl: 소스 컨트롤이 꺼졌습니다.
[2019.05.27-10.19.16:909][  0]SourceControl: 소스 컨트롤이 꺼졌습니다.
[2019.05.27-10.19.16:910][  0]SourceControl: 소스 컨트롤이 꺼졌습니다.
[2019.05.27-10.19.16:911][  0]SourceControl: 소스 컨트롤이 꺼졌습니다.
[2019.05.27-10.19.17:075][  0]LogAndroidPermission: UAndroidPermissionCallbackProxy::GetInstance
[2019.05.27-10.19.17:171][  0]LogOcInput: OculusInput pre-init called
[2019.05.27-10.19.17:299][  0]LogEngine: Initializing Engine...
[2019.05.27-10.19.17:299][  0]LogHMD: Failed to initialize OpenVR with code 110
[2019.05.27-10.19.17:300][  0]LogStats: UGameplayTagsManager::ConstructGameplayTagTree: ImportINI prefixes -  0.000 s
[2019.05.27-10.19.17:300][  0]LogStats: UGameplayTagsManager::ConstructGameplayTagTree: Construct from data asset -  0.000 s
[2019.05.27-10.19.17:300][  0]LogStats: UGameplayTagsManager::ConstructGameplayTagTree: ImportINI -  0.000 s
[2019.05.27-10.19.17:300][  0]LogStats: UGameplayTagsManager::ConstructGameplayTagTree: GameplayTagTreeChangedEvent.Broadcast -  0.000 s
[2019.05.27-10.19.17:498][  0]LogInit: Initializing FReadOnlyCVARCache
[2019.05.27-10.19.17:511][  0]LogAIModule: Creating AISystem for world Untitled
[2019.05.27-10.19.17:534][  0]LogInit: XAudio2 using '스피커(High Definition Audio 장치)' : 2 channels at 48 kHz using 16 bits per sample (channel mask 0x3)
[2019.05.27-10.19.17:562][  0]LogInit: FAudioDevice initialized.
[2019.05.27-10.19.17:562][  0]LogNetVersion: Set ProjectVersion to 1.0.0.0. Version Checksum will be recalculated on next use.
[2019.05.27-10.19.17:631][  0]LogDerivedDataCache: Saved boot cache 0.07s 121MB C:/Users/SungHoon/AppData/Local/UnrealEngine/4.21/DerivedDataCache/Boot.ddc.
[2019.05.27-10.19.17:645][  0]LogInit: Texture streaming: Enabled
[2019.05.27-10.19.17:666][  0]LogEngineSessionManager: EngineSessionManager initialized
[2019.05.27-10.19.17:666][  0]LogEngineSessionManager: EngineSessionManager sent abnormal shutdown report. Type=Crashed, SessionId={6776D81C-4080-7E25-8E17-C8BACEA9D6DC}
[2019.05.27-10.19.17:679][  0]LogInit: Transaction tracking system initialized
[2019.05.27-10.19.17:706][  0]BlueprintLog: New page: 에디터 로드
[2019.05.27-10.19.17:873][  0]LocalizationService: 현지화 서비스가 비활성화되었습니다.
[2019.05.27-10.19.18:281][  0]LogCook: Display: Max memory allowance for cook 16384mb min free memory 0mb
[2019.05.27-10.19.18:281][  0]LogCook: Display: Mobile HDR setting 1
[2019.05.27-10.19.18:281][  0]LogGameplayTags: Display: UGameplayTagsManager::DoneAddingNativeTags. DelegateIsBound: 0
[2019.05.27-10.19.18:281][  0]LogStats: UGameplayTagsManager::ConstructGameplayTagTree: ImportINI prefixes -  0.000 s
[2019.05.27-10.19.18:281][  0]LogStats: UGameplayTagsManager::ConstructGameplayTagTree: Construct from data asset -  0.000 s
[2019.05.27-10.19.18:281][  0]LogStats: UGameplayTagsManager::ConstructGameplayTagTree: ImportINI -  0.000 s
[2019.05.27-10.19.18:281][  0]LogStats: UGameplayTagsManager::ConstructGameplayTagTree: GameplayTagTreeChangedEvent.Broadcast -  0.000 s
[2019.05.27-10.19.18:392][  0]LogFileCache: Scanning file cache for directory 'B:/Develope/Sourcetree/LostDark/LostDark/Content/' took 0.03s
[2019.05.27-10.19.18:392][  0]SourceControl: 소스 컨트롤이 꺼졌습니다.
[2019.05.27-10.19.18:393][  0]Cmd: MAP LOAD FILE="B:/Develope/Sourcetree/LostDark/LostDark/Content/DefaultLevel/DefaultLevel.umap" TEMPLATE=0 SHOWPROGRESS=1 FEATURELEVEL=3
[2019.05.27-10.19.18:393][  0]LightingResults: New page: 라이팅 빌드
[2019.05.27-10.19.18:396][  0]MapCheck: New page: 맵 체크
[2019.05.27-10.19.18:396][  0]LightingResults: New page: 라이팅 빌드
[2019.05.27-10.19.18:494][  0]LogAIModule: Creating AISystem for world DefaultLevel
[2019.05.27-10.19.18:498][  0]LogEditorServer: Finished looking for orphan Actors (0.000 secs)
[2019.05.27-10.19.18:521][  0]Cmd: MAP CHECKDEP NOCLEARLOG
[2019.05.27-10.19.18:521][  0]MapCheck: 맵 체크 완료: 오류 0 회, 경고 0 회, 소요 시간 0.068ms.
[2019.05.27-10.19.18:521][  0]LogFileHelpers: Loading map 'DefaultLevel' took 0.129
[2019.05.27-10.19.18:600][  0]LogSlate: Updating window title bar state: overlay mode, drag disabled, window buttons hidden, title bar hidden
[2019.05.27-10.19.18:605][  0]LogSlate: Updating window title bar state: overlay mode, drag disabled, window buttons hidden, title bar hidden
[2019.05.27-10.19.18:611][  0]LogSlate: Updating window title bar state: overlay mode, drag disabled, window buttons hidden, title bar hidden
[2019.05.27-10.19.18:617][  0]LogSlate: Updating window title bar state: overlay mode, drag disabled, window buttons hidden, title bar hidden
[2019.05.27-10.19.18:623][  0]LogCollectionManager: Loaded 0 collections in 0.002123 seconds
[2019.05.27-10.19.18:650][  0]LogFileCache: Scanning file cache for directory 'B:/Develope/Sourcetree/LostDark/LostDark/Saved/Collections/' took 0.01s
[2019.05.27-10.19.18:650][  0]LogFileCache: Scanning file cache for directory 'B:/Develope/Sourcetree/LostDark/LostDark/Content/Developers/SungHoon/Collections/' took 0.01s
[2019.05.27-10.19.18:650][  0]LogFileCache: Scanning file cache for directory 'B:/Develope/Sourcetree/LostDark/LostDark/Content/Collections/' took 0.00s
[2019.05.27-10.19.18:650][  0]LogCollectionManager: Rebuilt the GUID cache for 0 collections in 0.000000 seconds
[2019.05.27-10.19.18:658][  0]LogContentBrowser: Native class hierarchy populated in 0.0071 seconds. Added 2684 classes and 629 folders.
[2019.05.27-10.19.18:664][  0]LogContentBrowser: Native class hierarchy updated for 'WidgetCarousel' in 0.0003 seconds. Added 0 classes and 0 folders.
[2019.05.27-10.19.18:665][  0]LogPakFile: Registered encryption key '00000000000000000000000000000000': 0 pak files mounted, 0 remain pending
[2019.05.27-10.19.18:665][  0]LogPakFile: Registered encryption key '00000000000000000000000000000000': 0 pak files mounted, 0 remain pending
[2019.05.27-10.19.18:666][  0]LogPakFile: Registered encryption key '00000000000000000000000000000000': 0 pak files mounted, 0 remain pending
[2019.05.27-10.19.18:666][  0]LogPakFile: Registered encryption key '00000000000000000000000000000000': 0 pak files mounted, 0 remain pending
[2019.05.27-10.19.18:666][  0]LogPakFile: Registered encryption key '00000000000000000000000000000000': 0 pak files mounted, 0 remain pending
[2019.05.27-10.19.18:667][  0]LogPakFile: Registered encryption key '00000000000000000000000000000000': 0 pak files mounted, 0 remain pending
[2019.05.27-10.19.18:667][  0]LogPakFile: Registered encryption key '00000000000000000000000000000000': 0 pak files mounted, 0 remain pending
[2019.05.27-10.19.18:668][  0]LogPakFile: Registered encryption key '00000000000000000000000000000000': 0 pak files mounted, 0 remain pending
[2019.05.27-10.19.18:668][  0]LogPakFile: Registered encryption key '00000000000000000000000000000000': 0 pak files mounted, 0 remain pending
[2019.05.27-10.19.18:668][  0]LogPakFile: Registered encryption key '00000000000000000000000000000000': 0 pak files mounted, 0 remain pending
[2019.05.27-10.19.18:669][  0]LogPakFile: Registered encryption key '00000000000000000000000000000000': 0 pak files mounted, 0 remain pending
[2019.05.27-10.19.18:669][  0]LogPakFile: Registered encryption key '00000000000000000000000000000000': 0 pak files mounted, 0 remain pending
[2019.05.27-10.19.18:669][  0]LogPakFile: Registered encryption key '00000000000000000000000000000000': 0 pak files mounted, 0 remain pending
[2019.05.27-10.19.18:670][  0]LogPakFile: Registered encryption key '00000000000000000000000000000000': 0 pak files mounted, 0 remain pending
[2019.05.27-10.19.18:670][  0]LogPakFile: Registered encryption key '00000000000000000000000000000000': 0 pak files mounted, 0 remain pending
[2019.05.27-10.19.18:671][  0]LogPakFile: Registered encryption key '00000000000000000000000000000000': 0 pak files mounted, 0 remain pending
[2019.05.27-10.19.18:671][  0]LogPakFile: Registered encryption key '00000000000000000000000000000000': 0 pak files mounted, 0 remain pending
[2019.05.27-10.19.18:671][  0]LogPakFile: Registered encryption key '00000000000000000000000000000000': 0 pak files mounted, 0 remain pending
[2019.05.27-10.19.18:672][  0]LogPakFile: Registered encryption key '00000000000000000000000000000000': 0 pak files mounted, 0 remain pending
[2019.05.27-10.19.18:672][  0]LogPakFile: Registered encryption key '00000000000000000000000000000000': 0 pak files mounted, 0 remain pending
[2019.05.27-10.19.18:673][  0]LogPakFile: Registered encryption key '00000000000000000000000000000000': 0 pak files mounted, 0 remain pending
[2019.05.27-10.19.18:673][  0]LogPakFile: Registered encryption key '00000000000000000000000000000000': 0 pak files mounted, 0 remain pending
[2019.05.27-10.19.18:673][  0]LogPakFile: Registered encryption key '00000000000000000000000000000000': 0 pak files mounted, 0 remain pending
[2019.05.27-10.19.18:674][  0]LogPakFile: Registered encryption key '00000000000000000000000000000000': 0 pak files mounted, 0 remain pending
[2019.05.27-10.19.18:674][  0]LogPakFile: Registered encryption key '00000000000000000000000000000000': 0 pak files mounted, 0 remain pending
[2019.05.27-10.19.18:675][  0]LogPakFile: Registered encryption key '00000000000000000000000000000000': 0 pak files mounted, 0 remain pending
[2019.05.27-10.19.18:698][  0]LogContentBrowser: Native class hierarchy updated for 'AddContentDialog' in 0.0003 seconds. Added 0 classes and 0 folders.
[2019.05.27-10.19.18:705][  0]LogContentBrowser: Native class hierarchy updated for 'SceneOutliner' in 0.0003 seconds. Added 1 classes and 2 folders.
[2019.05.27-10.19.18:768][  0]LogSlate: Took 0.000145 seconds to synchronously load lazily loaded font '../../../Engine/Content/Slate/Fonts/Roboto-Regular.ttf' (155K)
[2019.05.27-10.19.18:770][  0]LogSlate: Took 0.001496 seconds to synchronously load lazily loaded font '../../../Engine/Content/Editor/Slate/Fonts/NanumGothic.ttf' (4243K)
[2019.05.27-10.19.18:774][  0]LogSlate: Took 0.001523 seconds to synchronously load lazily loaded font '../../../Engine/Content/Editor/Slate/Fonts/NanumGothicBold.ttf' (4188K)
[2019.05.27-10.19.18:774][  0]LogSlate: Took 0.000123 seconds to synchronously load lazily loaded font '../../../Engine/Content/Slate/Fonts/Roboto-Bold.ttf' (160K)
[2019.05.27-10.19.18:838][  0]LogRenderer: Reallocating scene render targets to support 1140x572 Format 10 NumSamples 1 (Frame:1).
[2019.05.27-10.19.18:865][  0]LogSlate: Took 0.001610 seconds to synchronously load lazily loaded font '../../../Engine/Content/Slate/Fonts/../../Editor/Slate/Fonts/NanumGothic.ttf' (4243K)
[2019.05.27-10.19.18:954][  0]LogContentBrowser: Native class hierarchy updated for 'HierarchicalLODOutliner' in 0.0003 seconds. Added 0 classes and 0 folders.
[2019.05.27-10.19.18:954][  0]LogLoad: (Engine Initialization) Total time: 8.84 seconds
[2019.05.27-10.19.18:954][  0]LogLoad: (Engine Initialization) Total Blueprint compile time: 0.00 seconds
[2019.05.27-10.19.19:024][  0]LogContentStreaming: Texture pool size now 1000 MB
[2019.05.27-10.19.19:167][  3]LogAssetRegistry: Asset discovery search completed in 5.5670 seconds
[2019.05.27-10.19.19:169][  3]LogCollectionManager: Rebuilt the object cache for 0 collections in 0.000001 seconds (found 0 objects)
[2019.05.27-10.19.19:169][  3]LogCollectionManager: Fixed up redirectors for 0 collections in 0.000119 seconds (updated 0 objects)
[2019.05.27-10.19.25:326][738]LogSlate: FSceneViewport::OnFocusLost() reason 0
[2019.05.27-10.19.25:434][751]LogSlate: Window '플러그인' being destroyed
[2019.05.27-10.19.25:437][751]LogSlate: Window '플러그인' being destroyed
[2019.05.27-10.19.25:438][751]LogDirectoryWatcher: A directory notification for '../../../Engine/Plugins/' was aborted.
[2019.05.27-10.19.31:064][387]LogSlate: FSceneViewport::OnFocusLost() reason 0
[2019.05.27-10.19.31:617][453]LogSlate: Took 0.000201 seconds to synchronously load lazily loaded font '../../../Engine/Content/Editor/Slate/Fonts/FontAwesome.ttf' (139K)
[2019.05.27-10.19.31:638][453]LogSlate: Took 0.000149 seconds to synchronously load lazily loaded font '../../../Engine/Content/Slate/Fonts/Roboto-Light.ttf' (167K)
[2019.05.27-10.19.54:826][907]Candidate modules for hot reload:
[2019.05.27-10.19.54:826][907]  LostDark
[2019.05.27-10.19.54:826][907]Launching UnrealBuildTool... [C:/Program Files/Epic Games/UE_4.21/Engine/Binaries/DotNET/UnrealBuildTool.exe  -ModuleWithSuffix=LostDark,8444 Win64 Development -TargetType=Editor -Project="B:/Develope/Sourcetree/LostDark/LostDark/LostDark.uproject" -canskiplink "B:/Develope/Sourcetree/LostDark/LostDark/LostDark.uproject" ]
[2019.05.27-10.19.54:829][907]Warning: Starting HotReload took  0.0s.
[2019.05.27-10.19.59:536][467]CompilerResultsLog: New page: 컴파일 - 2019. 5. 28. 오전 4:19:59
[2019.05.27-10.19.59:536][467]CompilerResultsLog: Using 'git status' to determine working set for adaptive non-unity build (B:\Develope\Sourcetree\LostDark).
[2019.05.27-10.19.59:536][467]CompilerResultsLog: Creating makefile for hot reloading LostDarkEditor (no existing makefile)
[2019.05.27-10.19.59:536][467]CompilerResultsLog: Compiling game modules for hot reload
[2019.05.27-10.19.59:536][467]CompilerResultsLog: Using Visual Studio 2017 14.16.27023 toolchain (C:\Program Files (x86)\Microsoft Visual Studio\2017\Community\VC\Tools\MSVC\14.16.27023) and Windows 10.0.16299.0 SDK (C:\Program Files (x86)\Windows Kits\10).
[2019.05.27-10.19.59:536][467]CompilerResultsLog: Target is up to date
[2019.05.27-10.19.59:536][467]CompilerResultsLog: Total build time: 4.40 seconds (NoActionsToExecute executor: 0.00 seconds)
[2019.05.27-10.19.59:536][467]LogMainFrame: MainFrame: Module compiling took 4.715 seconds
[2019.05.27-10.19.59:569][467]LogContentBrowser: Native class hierarchy populated in 0.0075 seconds. Added 2685 classes and 631 folders.
[2019.05.27-10.19.59:570][467]Display: HotReload took  4.8s.
[2019.05.27-10.20.01:756][728]LogTemp: Repeating last play command: 선택된 뷰포트
[2019.05.27-10.20.01:766][728]LogBlueprintUserMessages: Early PlayInEditor Detection: Level '/Game/DefaultLevel/DefaultLevel.DefaultLevel:PersistentLevel' has LevelScriptBlueprint '/Game/DefaultLevel/DefaultLevel.DefaultLevel:PersistentLevel.DefaultLevel' with GeneratedClass '/Game/DefaultLevel/DefaultLevel.DefaultLevel_C' with ClassGeneratedBy '/Game/DefaultLevel/DefaultLevel.DefaultLevel:PersistentLevel.DefaultLevel'
[2019.05.27-10.20.01:766][728]LogPlayLevel: PlayLevel: No blueprints needed recompiling
[2019.05.27-10.20.01:766][728]PIE: New page: PIE 세션: DefaultLevel (2019. 5. 28. 오전 4:20:01)
[2019.05.27-10.20.01:778][728]LogLinker: Warning: '/Game/YJ/Blueprints/GameInstance' 파일을 찾을 수 없습니다.
[2019.05.27-10.20.01:778][728]LogLinker: Warning: '/Game/YJ/Blueprints/GameInstance' 파일을 찾을 수 없습니다.
[2019.05.27-10.20.01:778][728]LogUObjectGlobals: Warning: 'Class /Game/YJ/Blueprints/GameInstance.GameInstance_C' 오브젝트를 찾는 데 실패했습니다.
[2019.05.27-10.20.01:778][728]LogPlayLevel: Creating play world package: /Game/DefaultLevel/UEDPIE_0_DefaultLevel
[2019.05.27-10.20.01:781][728]LogPlayLevel: PIE: StaticDuplicateObject took: (0.002319s)
[2019.05.27-10.20.01:781][728]LogAIModule: Creating AISystem for world DefaultLevel
[2019.05.27-10.20.01:781][728]LogPlayLevel: PIE: World Init took: (0.000565s)
[2019.05.27-10.20.01:781][728]LogPlayLevel: PIE: Created PIE world by copying editor world from /Game/DefaultLevel/DefaultLevel.DefaultLevel to /Game/DefaultLevel/UEDPIE_0_DefaultLevel.DefaultLevel (0.003091s)
[2019.05.27-10.20.01:821][728]LogInit: XAudio2 using '스피커(High Definition Audio 장치)' : 2 channels at 48 kHz using 16 bits per sample (channel mask 0x3)
[2019.05.27-10.20.01:841][728]LogInit: FAudioDevice initialized.
[2019.05.27-10.20.01:881][728]LogLoad: Game class is 'ThirdPersonGameMode_C'
[2019.05.27-10.20.01:883][728]LogWorld: Bringing World /Game/DefaultLevel/UEDPIE_0_DefaultLevel.DefaultLevel up for play (max tick rate 0) at 2019.05.27-19.20.01
[2019.05.27-10.20.01:883][728]LogWorld: Bringing up level for play took: 0.000563
[2019.05.27-10.20.01:919][728]LogContentBrowser: Native class hierarchy updated for 'MovieSceneCapture' in 0.0004 seconds. Added 20 classes and 0 folders.
[2019.05.27-10.20.01:921][728]PIE: /Game/DefaultLevel/UEDPIE_0_DefaultLevel 에 대한 에디터에서 플레이 시작 시간: 0.69
[2019.05.27-10.20.01:921][728]LogBlueprintUserMessages: Late PlayInEditor Detection: Level '/Game/DefaultLevel/DefaultLevel.DefaultLevel:PersistentLevel' has LevelScriptBlueprint '/Game/DefaultLevel/DefaultLevel.DefaultLevel:PersistentLevel.DefaultLevel' with GeneratedClass '/Game/DefaultLevel/DefaultLevel.DefaultLevel_C' with ClassGeneratedBy '/Game/DefaultLevel/DefaultLevel.DefaultLevel:PersistentLevel.DefaultLevel'
[2019.05.27-10.20.03:406][903]LogBlueprintUserMessages: Early EndPlayMap Detection: Level '/Game/DefaultLevel/DefaultLevel.DefaultLevel:PersistentLevel' has LevelScriptBlueprint '/Game/DefaultLevel/DefaultLevel.DefaultLevel:PersistentLevel.DefaultLevel' with GeneratedClass '/Game/DefaultLevel/DefaultLevel.DefaultLevel_C' with ClassGeneratedBy '/Game/DefaultLevel/DefaultLevel.DefaultLevel:PersistentLevel.DefaultLevel'
[2019.05.27-10.20.03:406][903]LogSlate: Updating window title bar state: overlay mode, drag disabled, window buttons hidden, title bar hidden
[2019.05.27-10.20.03:437][903]LogPlayLevel: Display: Shutting down PIE online subsystems
[2019.05.27-10.20.03:438][903]LogBlueprintUserMessages: Late EndPlayMap Detection: Level '/Game/DefaultLevel/DefaultLevel.DefaultLevel:PersistentLevel' has LevelScriptBlueprint '/Game/DefaultLevel/DefaultLevel.DefaultLevel:PersistentLevel.DefaultLevel' with GeneratedClass '/Game/DefaultLevel/DefaultLevel.DefaultLevel_C' with ClassGeneratedBy '/Game/DefaultLevel/DefaultLevel.DefaultLevel:PersistentLevel.DefaultLevel'
[2019.05.27-10.20.03:461][903]LogSlate: Updating window title bar state: overlay mode, drag disabled, window buttons hidden, title bar hidden
[2019.05.27-10.20.03:507][908]LogPlayLevel: Display: Destroying online subsystem :Context_2
[2019.05.27-10.20.22:361][159]LogSlate: Took 0.000167 seconds to synchronously load lazily loaded font '../../../Engine/Content/Slate/Fonts/Roboto-Light.ttf' (167K)
[2019.05.27-10.20.22:366][159]LogAssetEditorManager: Opening Asset editor for Class /Script/LostDark.YJCharacter
[2019.05.27-10.20.29:502][306]LogAssetEditorManager: Opening Asset editor for Class /Script/LostDark.YJGameMode
[2019.05.27-10.20.29:570][306]LogVSAccessor: Warning: Couldn't goto line number '1' in 'B:/Develope/Sourcetree/LostDark/LostDark/Source/LostDark/YJ/YJGameMode.h'
[2019.05.27-10.20.29:607][306]LogVSAccessor: Warning: Couldn't goto line number '1' in 'B:/Develope/Sourcetree/LostDark/LostDark/Source/LostDark/YJ/YJGameMode.cpp'
[2019.05.27-10.20.58:162][100]LogAIModule: Creating AISystem for world Title
[2019.05.27-10.20.58:164][100]LogAssetEditorManager: Opening Asset editor for World /Game/SH/Maps/Title.Title
[2019.05.27-10.20.58:186][100]Cmd: MAP LOAD FILE="B:/Develope/Sourcetree/LostDark/LostDark/Content/SH/Maps/Title.umap" TEMPLATE=0 SHOWPROGRESS=1 FEATURELEVEL=3
[2019.05.27-10.20.58:186][100]LightingResults: New page: 라이팅 빌드
[2019.05.27-10.20.58:187][100]LoadErrors: New page: 맵 로드중: Title.umap
[2019.05.27-10.20.58:194][100]MapCheck: New page: 맵 체크
[2019.05.27-10.20.58:194][100]LightingResults: New page: 라이팅 빌드
[2019.05.27-10.20.58:259][100]LogEditorServer: Finished looking for orphan Actors (0.000 secs)
[2019.05.27-10.20.58:295][100]Cmd: MAP CHECKDEP NOCLEARLOG
[2019.05.27-10.20.58:296][100]MapCheck: 맵 체크 완료: 오류 0 회, 경고 0 회, 소요 시간 0.074ms.
[2019.05.27-10.20.58:296][100]LogFileHelpers: Loading map 'Title' took 0.110
[2019.05.27-10.20.58:989][179]LogTemp: Repeating last play command: 선택된 뷰포트
[2019.05.27-10.20.58:997][179]LogBlueprintUserMessages: Early PlayInEditor Detection: Level '/Game/SH/Maps/Title.Title:PersistentLevel' has LevelScriptBlueprint '/Game/SH/Maps/Title.Title:PersistentLevel.Title' with GeneratedClass '/Game/SH/Maps/Title.Title_C' with ClassGeneratedBy '/Game/SH/Maps/Title.Title:PersistentLevel.Title'
[2019.05.27-10.20.58:997][179]LogPlayLevel: PlayLevel: No blueprints needed recompiling
[2019.05.27-10.20.58:997][179]PIE: New page: PIE 세션: Title (2019. 5. 28. 오전 4:20:58)
[2019.05.27-10.20.58:997][179]LogPlayLevel: Creating play world package: /Game/SH/Maps/UEDPIE_0_Title
[2019.05.27-10.20.58:998][179]LogPlayLevel: PIE: StaticDuplicateObject took: (0.000841s)
[2019.05.27-10.20.58:998][179]LogAIModule: Creating AISystem for world Title
[2019.05.27-10.20.58:999][179]LogPlayLevel: PIE: World Init took: (0.000542s)
[2019.05.27-10.20.58:999][179]LogPlayLevel: PIE: Created PIE world by copying editor world from /Game/SH/Maps/Title.Title to /Game/SH/Maps/UEDPIE_0_Title.Title (0.001537s)
[2019.05.27-10.20.59:039][179]LogInit: XAudio2 using '스피커(High Definition Audio 장치)' : 2 channels at 48 kHz using 16 bits per sample (channel mask 0x3)
[2019.05.27-10.20.59:057][179]LogInit: FAudioDevice initialized.
[2019.05.27-10.20.59:085][179]LogLoad: Game class is 'BP_TitleGameMode_C'
[2019.05.27-10.20.59:086][179]LogWorld: Bringing World /Game/SH/Maps/UEDPIE_0_Title.Title up for play (max tick rate 0) at 2019.05.27-19.20.59
[2019.05.27-10.20.59:086][179]LogWorld: Bringing up level for play took: 0.000281
[2019.05.27-10.20.59:100][179]LogPlayerController: Error: InputMode:UIOnly - Attempting to focus Non-Focusable widget SObjectWidget [Widget.cpp(710)]!
[2019.05.27-10.20.59:100][179]PIE: /Game/SH/Maps/UEDPIE_0_Title 에 대한 에디터에서 플레이 시작 시간: -0.132
[2019.05.27-10.20.59:100][179]LogBlueprintUserMessages: Late PlayInEditor Detection: Level '/Game/SH/Maps/Title.Title:PersistentLevel' has LevelScriptBlueprint '/Game/SH/Maps/Title.Title:PersistentLevel.Title' with GeneratedClass '/Game/SH/Maps/Title.Title_C' with ClassGeneratedBy '/Game/SH/Maps/Title.Title:PersistentLevel.Title'
[2019.05.27-10.21.00:773][379]LogSlate: FSceneViewport::OnFocusLost() reason 0
[2019.05.27-10.21.00:848][388]LogBlueprintUserMessages: Early EndPlayMap Detection: Level '/Game/SH/Maps/Title.Title:PersistentLevel' has LevelScriptBlueprint '/Game/SH/Maps/Title.Title:PersistentLevel.Title' with GeneratedClass '/Game/SH/Maps/Title.Title_C' with ClassGeneratedBy '/Game/SH/Maps/Title.Title:PersistentLevel.Title'
[2019.05.27-10.21.00:849][388]LogSlate: Updating window title bar state: overlay mode, drag disabled, window buttons hidden, title bar hidden
[2019.05.27-10.21.00:879][388]LogPlayLevel: Display: Shutting down PIE online subsystems
[2019.05.27-10.21.00:879][388]LogBlueprintUserMessages: Late EndPlayMap Detection: Level '/Game/SH/Maps/Title.Title:PersistentLevel' has LevelScriptBlueprint '/Game/SH/Maps/Title.Title:PersistentLevel.Title' with GeneratedClass '/Game/SH/Maps/Title.Title_C' with ClassGeneratedBy '/Game/SH/Maps/Title.Title:PersistentLevel.Title'
[2019.05.27-10.21.00:903][388]LogSlate: Updating window title bar state: overlay mode, drag disabled, window buttons hidden, title bar hidden
[2019.05.27-10.21.00:948][393]LogPlayLevel: Display: Destroying online subsystem :Context_3
[2019.05.27-10.21.01:838][498]LostDark: Error: ASectionTest::ASectionTest(58) Success GateMeshs :+XGate
[2019.05.27-10.21.01:838][498]LostDark: Error: ASectionTest::ASectionTest(58) Success GateMeshs :-XGate
[2019.05.27-10.21.01:838][498]LostDark: Error: ASectionTest::ASectionTest(58) Success GateMeshs :+YGate
[2019.05.27-10.21.01:838][498]LostDark: Error: ASectionTest::ASectionTest(58) Success GateMeshs :-YGate
[2019.05.27-10.21.01:846][498]LogAIModule: Creating AISystem for world SH_DefaultLevel
[2019.05.27-10.21.01:851][498]LogAssetEditorManager: Opening Asset editor for World /Game/SH/Maps/SH_DefaultLevel.SH_DefaultLevel
[2019.05.27-10.21.01:873][498]Cmd: MAP LOAD FILE="B:/Develope/Sourcetree/LostDark/LostDark/Content/SH/Maps/SH_DefaultLevel.umap" TEMPLATE=0 SHOWPROGRESS=1 FEATURELEVEL=3
[2019.05.27-10.21.01:873][498]LightingResults: New page: 라이팅 빌드
[2019.05.27-10.21.01:874][498]LoadErrors: New page: 맵 로드중: SH_DefaultLevel.umap
[2019.05.27-10.21.01:874][498]MapCheck: New page: 맵 체크
[2019.05.27-10.21.01:874][498]LightingResults: New page: 라이팅 빌드
[2019.05.27-10.21.01:994][498]LogEditorServer: Finished looking for orphan Actors (0.000 secs)
[2019.05.27-10.21.02:031][498]Cmd: MAP CHECKDEP NOCLEARLOG
[2019.05.27-10.21.02:031][498]MapCheck: 맵 체크 완료: 오류 0 회, 경고 0 회, 소요 시간 0.078ms.
[2019.05.27-10.21.02:031][498]LogFileHelpers: Loading map 'SH_DefaultLevel' took 0.159
[2019.05.27-10.21.04:580][798]LogSlate: FSceneViewport::OnFocusLost() reason 0
[2019.05.27-10.21.04:655][807]LogVSAccessor: Warning: Couldn't access Visual Studio
[2019.05.27-10.21.04:658][807]Candidate modules for hot reload:
[2019.05.27-10.21.04:658][807]  LostDark
[2019.05.27-10.21.04:658][807]Launching UnrealBuildTool... [C:/Program Files/Epic Games/UE_4.21/Engine/Binaries/DotNET/UnrealBuildTool.exe  -ModuleWithSuffix=LostDark,9225 Win64 Development -TargetType=Editor -Project="B:/Develope/Sourcetree/LostDark/LostDark/LostDark.uproject" -canskiplink "B:/Develope/Sourcetree/LostDark/LostDark/LostDark.uproject" ]
[2019.05.27-10.21.04:667][807]Warning: Starting HotReload took  0.0s.
[2019.05.27-10.21.06:667][ 44]CompilerResultsLog: New page: 컴파일 - 2019. 5. 28. 오전 4:21:06
[2019.05.27-10.21.06:667][ 44]CompilerResultsLog: Using 'git status' to determine working set for adaptive non-unity build (B:\Develope\Sourcetree\LostDark).
[2019.05.27-10.21.06:667][ 44]CompilerResultsLog: Compiling game modules for hot reload
[2019.05.27-10.21.06:667][ 44]CompilerResultsLog: Target is up to date
[2019.05.27-10.21.06:667][ 44]CompilerResultsLog: Total build time: 1.67 seconds (NoActionsToExecute executor: 0.00 seconds)
[2019.05.27-10.21.06:667][ 44]LogMainFrame: MainFrame: Module compiling took 2.012 seconds
[2019.05.27-10.21.06:699][ 44]LogContentBrowser: Native class hierarchy populated in 0.0074 seconds. Added 2685 classes and 631 folders.
[2019.05.27-10.21.06:699][ 44]Display: HotReload took  2.0s.
[2019.05.27-10.21.07:469][136]LogSlate: FSceneViewport::OnFocusLost() reason 0
[2019.05.27-10.21.08:878][305]LogTemp: Repeating last play command: 선택된 뷰포트
[2019.05.27-10.21.08:888][305]LogBlueprintUserMessages: Early PlayInEditor Detection: Level '/Game/SH/Maps/SH_DefaultLevel.SH_DefaultLevel:PersistentLevel' has LevelScriptBlueprint '/Game/SH/Maps/SH_DefaultLevel.SH_DefaultLevel:PersistentLevel.SH_DefaultLevel' with GeneratedClass '/Game/SH/Maps/SH_DefaultLevel.SH_DefaultLevel_C' with ClassGeneratedBy '/Game/SH/Maps/SH_DefaultLevel.SH_DefaultLevel:PersistentLevel.SH_DefaultLevel'
[2019.05.27-10.21.08:888][305]LogPlayLevel: PlayLevel: No blueprints needed recompiling
[2019.05.27-10.21.08:888][305]PIE: New page: PIE 세션: SH_DefaultLevel (2019. 5. 28. 오전 4:21:08)
[2019.05.27-10.21.08:888][305]LogPlayLevel: Creating play world package: /Game/SH/Maps/UEDPIE_0_SH_DefaultLevel
[2019.05.27-10.21.08:889][305]LostDark: Error: ASectionTest::ASectionTest(58) Success GateMeshs :+XGate
[2019.05.27-10.21.08:889][305]LostDark: Error: ASectionTest::ASectionTest(58) Success GateMeshs :-XGate
[2019.05.27-10.21.08:889][305]LostDark: Error: ASectionTest::ASectionTest(58) Success GateMeshs :+YGate
[2019.05.27-10.21.08:889][305]LostDark: Error: ASectionTest::ASectionTest(58) Success GateMeshs :-YGate
[2019.05.27-10.21.08:896][305]LogPlayLevel: PIE: StaticDuplicateObject took: (0.007463s)
[2019.05.27-10.21.08:896][305]LogAIModule: Creating AISystem for world SH_DefaultLevel
[2019.05.27-10.21.08:897][305]LogPlayLevel: PIE: World Init took: (0.000480s)
[2019.05.27-10.21.08:897][305]LogPlayLevel: PIE: Created PIE world by copying editor world from /Game/SH/Maps/SH_DefaultLevel.SH_DefaultLevel to /Game/SH/Maps/UEDPIE_0_SH_DefaultLevel.SH_DefaultLevel (0.008138s)
[2019.05.27-10.21.08:936][305]LogInit: XAudio2 using '스피커(High Definition Audio 장치)' : 2 channels at 48 kHz using 16 bits per sample (channel mask 0x3)
[2019.05.27-10.21.08:955][305]LogInit: FAudioDevice initialized.
[2019.05.27-10.21.08:982][305]LogLoad: Game class is 'LostDarkGameMode'
[2019.05.27-10.21.08:985][305]LogWorld: Bringing World /Game/SH/Maps/UEDPIE_0_SH_DefaultLevel.SH_DefaultLevel up for play (max tick rate 0) at 2019.05.27-19.21.08
[2019.05.27-10.21.08:986][305]LogWorld: Bringing up level for play took: 0.003135
[2019.05.27-10.21.08:998][305]LogTemp: Warning: Enroll Attack Montage
[2019.05.27-10.21.08:998][305]LogScript: Warning: Script Msg: Divide by zero detected: 0.000000 / 0
Script call stack:
	Function /Game/SH/Animations/GS_AnimBlueprint.GS_AnimBlueprint_C:BlueprintUpdateAnimation
	Function /Game/SH/Animations/GS_AnimBlueprint.GS_AnimBlueprint_C:ExecuteUbergraph_GS_AnimBlueprint

[2019.05.27-10.21.08:998][305]LostDark: Error: UGSCharacterStatComponent::SetNewLevel(54) ASSERTION : 'nullptr != LDGameInstance'
[2019.05.27-10.21.08:999][305]LostDark: Error: ALDPlayerState::SetCharacterLevel(131) ASSERTION : 'nullptr != LDGameInstance'
[2019.05.27-10.21.13:914][305]LogWindows: Error: === Critical error: ===
[2019.05.27-10.21.13:914][305]LogWindows: Error: 
[2019.05.27-10.21.13:914][305]LogWindows: Error: Fatal error!
[2019.05.27-10.21.13:914][305]LogWindows: Error: 
[2019.05.27-10.21.13:914][305]LogWindows: Error: Unhandled Exception: EXCEPTION_ACCESS_VIOLATION reading address 0x00000018
[2019.05.27-10.21.13:914][305]LogWindows: Error: 
[2019.05.27-10.21.13:914][305]LogWindows: Error: [Callstack] 0x00007ffa3939cdc8 UE4Editor-LostDark.dll!ALDPlayerState::GetExpRatio() [b:\develope\sourcetree\lostdark\lostdark\source\lostdark\private\ldplayerstate.cpp:82]
[2019.05.27-10.21.13:914][305]LogWindows: Error: [Callstack] 0x00007ffa3939c7ca UE4Editor-LostDark.dll!ULDHUDWidget::UpdatePlayerState() [b:\develope\sourcetree\lostdark\lostdark\source\lostdark\private\ldhudwidget.cpp:62]
[2019.05.27-10.21.13:914][305]LogWindows: Error: [Callstack] 0x00007ffa3939a904 UE4Editor-LostDark.dll!TBaseUObjectMethodDelegateInstance<0,ULDHUDWidget,void __cdecl(void)>::ExecuteIfSafe() [c:\program files\epic games\ue_4.21\engine\source\runtime\core\public\delegates\delegateinstancesimpl.h:679]
[2019.05.27-10.21.13:914][305]LogWindows: Error: [Callstack] 0x00007ffa3938ac43 UE4Editor-LostDark.dll!TBaseMulticastDelegate<void>::Broadcast() [c:\program files\epic games\ue_4.21\engine\source\runtime\core\public\delegates\delegatesignatureimpl.inl:974]
[2019.05.27-10.21.13:914][305]LogWindows: Error: [Callstack] 0x00007ffa393ab630 UE4Editor-LostDark.dll!ALostDarkPlayerController::BeginPlay() [b:\develope\sourcetree\lostdark\lostdark\source\lostdark\private\lostdarkplayercontroller.cpp:69]
[2019.05.27-10.21.13:914][305]LogWindows: Error: [Callstack] 0x00007ffa4a703c95 UE4Editor-Engine.dll!AActor::DispatchBeginPlay() [d:\build\++ue4\sync\engine\source\runtime\engine\private\actor.cpp:3230]
[2019.05.27-10.21.13:914][305]LogWindows: Error: [Callstack] 0x00007ffa4bb5060c UE4Editor-Engine.dll!AWorldSettings::NotifyBeginPlay() [d:\build\++ue4\sync\engine\source\runtime\engine\private\worldsettings.cpp:251]
[2019.05.27-10.21.13:914][305]LogWindows: Error: [Callstack] 0x00007ffa4af0eb41 UE4Editor-Engine.dll!AGameStateBase::HandleBeginPlay() [d:\build\++ue4\sync\engine\source\runtime\engine\private\gamestatebase.cpp:177]
[2019.05.27-10.21.13:914][305]LogWindows: Error: [Callstack] 0x00007ffa4baf865e UE4Editor-Engine.dll!UWorld::BeginPlay() [d:\build\++ue4\sync\engine\source\runtime\engine\private\world.cpp:3737]
[2019.05.27-10.21.13:914][305]LogWindows: Error: [Callstack] 0x00007ffa4aeac1f1 UE4Editor-Engine.dll!UGameInstance::StartPlayInEditorGameInstance() [d:\build\++ue4\sync\engine\source\runtime\engine\private\gameinstance.cpp:408]
[2019.05.27-10.21.13:914][305]LogWindows: Error: [Callstack] 0x00007ffa497bac89 UE4Editor-UnrealEd.dll!UEditorEngine::CreatePIEGameInstance() [d:\build\++ue4\sync\engine\source\editor\unrealed\private\playlevel.cpp:3324]
[2019.05.27-10.21.13:914][305]LogWindows: Error: [Callstack] 0x00007ffa497db350 UE4Editor-UnrealEd.dll!UEditorEngine::PlayInEditor() [d:\build\++ue4\sync\engine\source\editor\unrealed\private\playlevel.cpp:2451]
[2019.05.27-10.21.13:914][305]LogWindows: Error: [Callstack] 0x00007ffa497f92e6 UE4Editor-UnrealEd.dll!UEditorEngine::StartQueuedPlayMapRequest() [d:\build\++ue4\sync\engine\source\editor\unrealed\private\playlevel.cpp:1270]
[2019.05.27-10.21.13:914][305]LogWindows: Error: [Callstack] 0x00007ffa491f1891 UE4Editor-UnrealEd.dll!UEditorEngine::Tick() [d:\build\++ue4\sync\engine\source\editor\unrealed\private\editorengine.cpp:1640]
[2019.05.27-10.21.13:914][305]LogWindows: Error: [Callstack] 0x00007ffa49b12346 UE4Editor-UnrealEd.dll!UUnrealEdEngine::Tick() [d:\build\++ue4\sync\engine\source\editor\unrealed\private\unrealedengine.cpp:403]
[2019.05.27-10.21.13:914][305]LogWindows: Error: [Callstack] 0x00007ff6462e6225 UE4Editor.exe!FEngineLoop::Tick() [d:\build\++ue4\sync\engine\source\runtime\launch\private\launchengineloop.cpp:3699]
[2019.05.27-10.21.13:914][305]LogWindows: Error: [Callstack] 0x00007ff6462f596c UE4Editor.exe!GuardedMain() [d:\build\++ue4\sync\engine\source\runtime\launch\private\launch.cpp:174]
[2019.05.27-10.21.13:914][305]LogWindows: Error: [Callstack] 0x00007ff6462f59ea UE4Editor.exe!GuardedMainWrapper() [d:\build\++ue4\sync\engine\source\runtime\launch\private\windows\launchwindows.cpp:145]
[2019.05.27-10.21.13:914][305]LogWindows: Error: [Callstack] 0x00007ff6463048da UE4Editor.exe!WinMain() [d:\build\++ue4\sync\engine\source\runtime\launch\private\windows\launchwindows.cpp:276]
[2019.05.27-10.21.13:914][305]LogWindows: Error: [Callstack] 0x00007ff64630659a UE4Editor.exe!__scrt_common_main_seh() [f:\dd\vctools\crt\vcstartup\src\startup\exe_common.inl:283]
[2019.05.27-10.21.13:914][305]LogWindows: Error: [Callstack] 0x00007ffa91847974 KERNEL32.DLL!UnknownFunction []
[2019.05.27-10.21.13:914][305]LogWindows: Error: [Callstack] 0x00007ffa9418a271 ntdll.dll!UnknownFunction []
[2019.05.27-10.21.13:914][305]LogWindows: Error: 
[2019.05.27-10.21.13:929][305]LogExit: Executing StaticShutdownAfterError
[2019.05.27-10.21.13:932][305]LogWindows: FPlatformMisc::RequestExit(1)
[2019.05.27-10.21.13:933][305]Log file closed, 05/27/19 19:21:13
