Log file open, 05/27/19 19:30:51
LogWindows: Failed to load 'aqProf.dll' (GetLastError=126)
LogWindows: File 'aqProf.dll' does not exist
LogWindows: Failed to load 'VtuneApi.dll' (GetLastError=126)
LogWindows: File 'VtuneApi.dll' does not exist
LogWindows: Failed to load 'VtuneApi32e.dll' (GetLastError=126)
LogWindows: File 'VtuneApi32e.dll' does not exist
LogConsoleResponse: Display: Failed to find resolution value strings in scalability ini. Falling back to default.
LogInit: Display: Running engine for game: LostDark
LogPakFile: Registered encryption key '00000000000000000000000000000000': 0 pak files mounted, 0 remain pending
LogPlatformFile: Not using cached read wrapper
LogTaskGraph: Started task graph with 5 named threads and 20 total threads with 3 sets of task threads.
LogStats: Stats thread started at 0.236871
LogD3D11RHI: Loaded GFSDK_Aftermath_Lib.x64.dll
LogICUInternationalization: ICU TimeZone Detection - Raw Offset: +9:00, Platform Override: ''
LogPluginManager: Mounting plugin Paper2D
LogPluginManager: Mounting plugin AISupport
LogPluginManager: Mounting plugin LightPropagationVolume
LogPluginManager: Mounting plugin ActorLayerUtilities
LogPluginManager: Mounting plugin CLionSourceCodeAccess
LogPluginManager: Mounting plugin CodeLiteSourceCodeAccess
LogPluginManager: Mounting plugin GitSourceControl
LogPluginManager: Mounting plugin KDevelopSourceCodeAccess
LogPluginManager: Mounting plugin NullSourceCodeAccess
LogPluginManager: Mounting plugin PerforceSourceControl
LogPluginManager: Mounting plugin SubversionSourceControl
LogPluginManager: Mounting plugin UObjectPlugin
LogPluginManager: Mounting plugin VisualStudioCodeSourceCodeAccess
LogPluginManager: Mounting plugin VisualStudioSourceCodeAccess
LogPluginManager: Mounting plugin XCodeSourceCodeAccess
LogPluginManager: Mounting plugin AssetManagerEditor
LogPluginManager: Mounting plugin CryptoKeys
LogPluginManager: Mounting plugin DataValidation
LogPluginManager: Mounting plugin FacialAnimation
LogPluginManager: Mounting plugin GameplayTagsEditor
LogPluginManager: Mounting plugin MacGraphicsSwitching
LogPluginManager: Mounting plugin MeshEditor
LogPluginManager: Mounting plugin MobileLauncherProfileWizard
LogPluginManager: Mounting plugin PluginBrowser
LogPluginManager: Mounting plugin SpeedTreeImporter
LogPluginManager: Mounting plugin DatasmithContent
LogPluginManager: Mounting plugin VariantManagerContent
LogPluginManager: Mounting plugin AlembicImporter
LogPluginManager: Mounting plugin AppleImageUtils
LogPluginManager: Mounting plugin AppleVision
LogPluginManager: Mounting plugin BackChannel
LogPluginManager: Mounting plugin CharacterAI
LogPluginManager: Mounting plugin GeometryCache
LogPluginManager: Mounting plugin HTML5Networking
LogPluginManager: Mounting plugin ProxyLODPlugin
LogPluginManager: Mounting plugin MagicLeap
LogPluginManager: Mounting plugin MagicLeapMedia
LogPluginManager: Mounting plugin ParticleText
LogPluginManager: Mounting plugin AndroidMedia
LogPluginManager: Mounting plugin AvfMedia
LogPluginManager: Mounting plugin ImgMedia
LogPluginManager: Mounting plugin LinearTimecode
LogPluginManager: Mounting plugin MediaCompositing
LogPluginManager: Mounting plugin MediaPlayerEditor
LogPluginManager: Mounting plugin WebMMedia
LogPluginManager: Mounting plugin WmfMedia
LogPluginManager: Mounting plugin TcpMessaging
LogPluginManager: Mounting plugin UdpMessaging
LogPluginManager: Mounting plugin ActorSequence
LogPluginManager: Mounting plugin LevelSequenceEditor
LogPluginManager: Mounting plugin MatineeToLevelSequence
LogPluginManager: Mounting plugin NetcodeUnitTest
LogPluginManager: Mounting plugin NUTUnrealEngine4
LogPluginManager: Mounting plugin OnlineSubsystemGooglePlay
LogPluginManager: Mounting plugin OnlineSubsystemIOS
LogPluginManager: Mounting plugin OnlineSubsystem
LogPluginManager: Mounting plugin OnlineSubsystemNull
LogPluginManager: Mounting plugin OnlineSubsystemUtils
LogPluginManager: Mounting plugin LauncherChunkInstaller
LogPluginManager: Mounting plugin AndroidDeviceProfileSelector
LogPluginManager: Mounting plugin AndroidMoviePlayer
LogPluginManager: Mounting plugin AndroidPermission
LogPluginManager: Mounting plugin AppleMoviePlayer
LogPluginManager: Mounting plugin ArchVisCharacter
LogPluginManager: Mounting plugin AudioCapture
LogPluginManager: Mounting plugin CableComponent
LogPluginManager: Mounting plugin CustomMeshComponent
LogPluginManager: Mounting plugin EditableMesh
LogPluginManager: Mounting plugin ExampleDeviceProfileSelector
LogPluginManager: Mounting plugin Firebase
LogPluginManager: Mounting plugin GoogleCloudMessaging
LogPluginManager: Mounting plugin IOSDeviceProfileSelector
LogPluginManager: Mounting plugin LinuxDeviceProfileSelector
LogPluginManager: Mounting plugin LocationServicesBPLibrary
LogPluginManager: Mounting plugin MobilePatchingUtils
LogPluginManager: Mounting plugin OculusVR
LogPluginManager: Mounting plugin PhysXVehicles
LogPluginManager: Mounting plugin ProceduralMeshComponent
LogPluginManager: Mounting plugin RuntimePhysXCooking
LogPluginManager: Mounting plugin SteamVR
LogPluginManager: Mounting plugin WebMMoviePlayer
LogPluginManager: Mounting plugin WindowsMoviePlayer
LogStreaming: Display: Took  0.060s to configure plugins.
LogInit: Using libcurl 7.55.1-DEV
LogInit:  - built for x86_64-pc-win32
LogInit:  - supports SSL with OpenSSL/1.0.2h
LogInit:  - supports HTTP deflate (compression) using libz 1.2.8
LogInit:  - other features:
LogInit:      CURL_VERSION_SSL
LogInit:      CURL_VERSION_LIBZ
LogInit:      CURL_VERSION_IPV6
LogInit:      CURL_VERSION_ASYNCHDNS
LogInit:      CURL_VERSION_LARGEFILE
LogInit:      CURL_VERSION_IDN
LogInit:  CurlRequestOptions (configurable via config and command line):
LogInit:  - bVerifyPeer = true  - Libcurl will verify peer certificate
LogInit:  - bUseHttpProxy = false  - Libcurl will NOT use HTTP proxy
LogInit:  - bDontReuseConnections = false  - Libcurl will reuse connections
LogInit:  - MaxHostConnections = 16  - Libcurl will limit the number of connections to a host
LogInit:  - LocalHostAddr = Default
LogInit:  - BufferSize = 65536
LogInit: WinSock: version 1.1 (2.2), MaxSocks=32767, MaxUdp=65467
LogInit: Build: ++UE4+Release-4.21-CL-4753647
LogInit: Engine Version: 4.21.2-4753647+++UE4+Release-4.21
LogInit: Compatible Engine Version: 4.21.0-4541578+++UE4+Release-4.21
LogInit: Net CL: 4541578
LogInit: OS: Windows 10 (), CPU: Intel(R) Core(TM) i5-8400 CPU @ 2.80GHz, GPU: NVIDIA GeForce GTX 1060 6GB
LogInit: Compiled (64-bit): Jan 19 2019 02:07:31
LogInit: Compiled with Visual C++: 19.13.26129.00
LogInit: Build Configuration: Development
LogInit: Branch Name: ++UE4+Release-4.21
LogInit: Command Line: 
LogInit: Base Directory: C:/Program Files/Epic Games/UE_4.21/Engine/Binaries/Win64/
LogInit: Installed Engine Build: 1
LogDevObjectVersion: Number of dev versions registered: 22
LogDevObjectVersion:   Dev-Blueprints (B0D832E4-1F89-4F0D-ACCF-7EB736FD4AA2): 10
LogDevObjectVersion:   Dev-Build (E1C64328-A22C-4D53-A36C-8E866417BD8C): 0
LogDevObjectVersion:   Dev-Core (375EC13C-06E4-48FB-B500-84F0262A717E): 2
LogDevObjectVersion:   Dev-Editor (E4B068ED-F494-42E9-A231-DA0B2E46BB41): 26
LogDevObjectVersion:   Dev-Framework (CFFC743F-43B0-4480-9391-14DF171D2073): 34
LogDevObjectVersion:   Dev-Mobile (B02B49B5-BB20-44E9-A304-32B752E40360): 2
LogDevObjectVersion:   Dev-Networking (A4E4105C-59A1-49B5-A7C5-40C4547EDFEE): 0
LogDevObjectVersion:   Dev-Online (39C831C9-5AE6-47DC-9A44-9C173E1C8E7C): 0
LogDevObjectVersion:   Dev-Physics (78F01B33-EBEA-4F98-B9B4-84EACCB95AA2): 0
LogDevObjectVersion:   Dev-Platform (6631380F-2D4D-43E0-8009-CF276956A95A): 0
LogDevObjectVersion:   Dev-Rendering (12F88B9F-8875-4AFC-A67C-D90C383ABD29): 27
LogDevObjectVersion:   Dev-Sequencer (7B5AE74C-D270-4C10-A958-57980B212A5A): 9
LogDevObjectVersion:   Dev-VR (D7296918-1DD6-4BDD-9DE2-64A83CC13884): 2
LogDevObjectVersion:   Dev-LoadTimes (C2A15278-BFE7-4AFE-6C17-90FF531DF755): 1
LogDevObjectVersion:   Private-Geometry (6EACA3D4-40EC-4CC1-B786-8BED09428FC5): 3
LogDevObjectVersion:   Dev-AnimPhys (29E575DD-E0A3-4627-9D10-D276232CDCEA): 17
LogDevObjectVersion:   Dev-Anim (AF43A65D-7FD3-4947-9873-3E8ED9C1BB05): 2
LogDevObjectVersion:   Dev-ReflectionCapture (6B266CEC-1EC7-4B8F-A30B-E4D90942FC07): 1
LogDevObjectVersion:   Dev-Automation (0DF73D61-A23F-47EA-B727-89E90C41499A): 1
LogDevObjectVersion:   FortniteMain (601D1886-AC64-4F84-AA16-D3DE0DEAC7D6): 17
LogDevObjectVersion:   Dev-Enterprise (9DFFBCD6-494F-0158-E221-12823C92A888): 4
LogDevObjectVersion:   Dev-Niagara (F2AED0AC-9AFE-416F-8664-AA7FFA26D6FC): 1
LogStreaming: Display: Took  0.001s to delete old logs.
LogInit: Presizing for max 8388607 objects, including 0 objects not considered by GC, pre-allocating 0 bytes for permanent pool.
LogInit: Object subsystem initialized
LogConfig: Setting CVar [[con.DebugEarlyDefault:1]]
LogConfig: Setting CVar [[r.setres:1280x720]]
[2019.05.27-10.30.52:232][  0]LogConfig: Setting CVar [[r.VSync:0]]
[2019.05.27-10.30.52:232][  0]LogConfig: Setting CVar [[r.RHICmdBypass:0]]
[2019.05.27-10.30.52:232][  0]LogConfig: Applying CVar settings from Section [/Script/Engine.RendererSettings] File [B:/Develope/Sourcetree/LostDark/LostDark/Saved/Config/Windows/Engine.ini]
[2019.05.27-10.30.52:232][  0]LogConfig: Setting CVar [[r.GPUCrashDebugging:0]]
[2019.05.27-10.30.52:232][  0]LogConfig: Applying CVar settings from Section [/Script/Engine.RendererOverrideSettings] File [B:/Develope/Sourcetree/LostDark/LostDark/Saved/Config/Windows/Engine.ini]
[2019.05.27-10.30.52:232][  0]LogConfig: Applying CVar settings from Section [/Script/Engine.StreamingSettings] File [B:/Develope/Sourcetree/LostDark/LostDark/Saved/Config/Windows/Engine.ini]
[2019.05.27-10.30.52:232][  0]LogConfig: Setting CVar [[s.MinBulkDataSizeForAsyncLoading:131072]]
[2019.05.27-10.30.52:232][  0]LogConfig: Setting CVar [[s.AsyncLoadingThreadEnabled:0]]
[2019.05.27-10.30.52:232][  0]LogConfig: Setting CVar [[s.EventDrivenLoaderEnabled:1]]
[2019.05.27-10.30.52:232][  0]LogConfig: Setting CVar [[s.WarnIfTimeLimitExceeded:0]]
[2019.05.27-10.30.52:232][  0]LogConfig: Setting CVar [[s.TimeLimitExceededMultiplier:1.5]]
[2019.05.27-10.30.52:232][  0]LogConfig: Setting CVar [[s.TimeLimitExceededMinTime:0.005]]
[2019.05.27-10.30.52:232][  0]LogConfig: Setting CVar [[s.UseBackgroundLevelStreaming:1]]
[2019.05.27-10.30.52:232][  0]LogConfig: Setting CVar [[s.PriorityAsyncLoadingExtraTime:15.0]]
[2019.05.27-10.30.52:232][  0]LogConfig: Setting CVar [[s.LevelStreamingActorsUpdateTimeLimit:5.0]]
[2019.05.27-10.30.52:232][  0]LogConfig: Setting CVar [[s.PriorityLevelStreamingActorsUpdateExtraTime:5.0]]
[2019.05.27-10.30.52:232][  0]LogConfig: Setting CVar [[s.LevelStreamingComponentsRegistrationGranularity:10]]
[2019.05.27-10.30.52:232][  0]LogConfig: Setting CVar [[s.UnregisterComponentsTimeLimit:1.0]]
[2019.05.27-10.30.52:232][  0]LogConfig: Setting CVar [[s.LevelStreamingComponentsUnregistrationGranularity:5]]
[2019.05.27-10.30.52:232][  0]LogConfig: Applying CVar settings from Section [/Script/Engine.GarbageCollectionSettings] File [B:/Develope/Sourcetree/LostDark/LostDark/Saved/Config/Windows/Engine.ini]
[2019.05.27-10.30.52:232][  0]LogConfig: Setting CVar [[gc.MaxObjectsNotConsideredByGC:1]]
[2019.05.27-10.30.52:232][  0]LogConfig: Setting CVar [[gc.SizeOfPermanentObjectPool:0]]
[2019.05.27-10.30.52:232][  0]LogConfig: Setting CVar [[gc.FlushStreamingOnGC:0]]
[2019.05.27-10.30.52:232][  0]LogConfig: Setting CVar [[gc.NumRetriesBeforeForcingGC:10]]
[2019.05.27-10.30.52:232][  0]LogConfig: Setting CVar [[gc.AllowParallelGC:1]]
[2019.05.27-10.30.52:232][  0]LogConfig: Setting CVar [[gc.TimeBetweenPurgingPendingKillObjects:61.1]]
[2019.05.27-10.30.52:232][  0]LogConfig: Setting CVar [[gc.MaxObjectsInEditor:8388607]]
[2019.05.27-10.30.52:232][  0]LogConfig: Setting CVar [[gc.IncrementalBeginDestroyEnabled:1]]
[2019.05.27-10.30.52:232][  0]LogConfig: Setting CVar [[gc.CreateGCClusters:1]]
[2019.05.27-10.30.52:232][  0]LogConfig: Setting CVar [[gc.MergeGCClusters:0]]
[2019.05.27-10.30.52:232][  0]LogConfig: Setting CVar [[gc.MinGCClusterSize:5]]
[2019.05.27-10.30.52:232][  0]LogConfig: Setting CVar [[gc.ActorClusteringEnabled:0]]
[2019.05.27-10.30.52:232][  0]LogConfig: Setting CVar [[gc.BlueprintClusteringEnabled:0]]
[2019.05.27-10.30.52:232][  0]LogConfig: Setting CVar [[gc.UseDisregardForGCOnDedicatedServers:0]]
[2019.05.27-10.30.52:232][  0]LogConfig: Applying CVar settings from Section [/Script/Engine.NetworkSettings] File [B:/Develope/Sourcetree/LostDark/LostDark/Saved/Config/Windows/Engine.ini]
[2019.05.27-10.30.52:232][  0]LogConfig: Applying CVar settings from Section [/Script/UnrealEd.CookerSettings] File [B:/Develope/Sourcetree/LostDark/LostDark/Saved/Config/Windows/Engine.ini]
[2019.05.27-10.30.52:237][  0]LogConfig: Applying CVar settings from Section [ViewDistanceQuality@3] File [B:/Develope/Sourcetree/LostDark/LostDark/Saved/Config/Windows/Scalability.ini]
[2019.05.27-10.30.52:237][  0]LogConfig: Setting CVar [[r.SkeletalMeshLODBias:0]]
[2019.05.27-10.30.52:237][  0]LogConfig: Setting CVar [[r.ViewDistanceScale:1.0]]
[2019.05.27-10.30.52:237][  0]LogConfig: Applying CVar settings from Section [AntiAliasingQuality@3] File [B:/Develope/Sourcetree/LostDark/LostDark/Saved/Config/Windows/Scalability.ini]
[2019.05.27-10.30.52:237][  0]LogConfig: Setting CVar [[r.PostProcessAAQuality:4]]
[2019.05.27-10.30.52:237][  0]LogConfig: Applying CVar settings from Section [ShadowQuality@3] File [B:/Develope/Sourcetree/LostDark/LostDark/Saved/Config/Windows/Scalability.ini]
[2019.05.27-10.30.52:237][  0]LogConfig: Setting CVar [[r.LightFunctionQuality:1]]
[2019.05.27-10.30.52:237][  0]LogConfig: Setting CVar [[r.ShadowQuality:5]]
[2019.05.27-10.30.52:237][  0]LogConfig: Setting CVar [[r.Shadow.CSM.MaxCascades:10]]
[2019.05.27-10.30.52:237][  0]LogConfig: Setting CVar [[r.Shadow.MaxResolution:2048]]
[2019.05.27-10.30.52:237][  0]LogConfig: Setting CVar [[r.Shadow.MaxCSMResolution:2048]]
[2019.05.27-10.30.52:237][  0]LogConfig: Setting CVar [[r.Shadow.RadiusThreshold:0.01]]
[2019.05.27-10.30.52:237][  0]LogConfig: Setting CVar [[r.Shadow.DistanceScale:1.0]]
[2019.05.27-10.30.52:237][  0]LogConfig: Setting CVar [[r.Shadow.CSM.TransitionScale:1.0]]
[2019.05.27-10.30.52:237][  0]LogConfig: Setting CVar [[r.Shadow.PreShadowResolutionFactor:1.0]]
[2019.05.27-10.30.52:237][  0]LogConfig: Setting CVar [[r.DistanceFieldShadowing:1]]
[2019.05.27-10.30.52:237][  0]LogConfig: Setting CVar [[r.DistanceFieldAO:1]]
[2019.05.27-10.30.52:237][  0]LogConfig: Setting CVar [[r.AOQuality:2]]
[2019.05.27-10.30.52:237][  0]LogConfig: Setting CVar [[r.VolumetricFog:1]]
[2019.05.27-10.30.52:237][  0]LogConfig: Setting CVar [[r.VolumetricFog.GridPixelSize:8]]
[2019.05.27-10.30.52:237][  0]LogConfig: Setting CVar [[r.VolumetricFog.GridSizeZ:128]]
[2019.05.27-10.30.52:237][  0]LogConfig: Setting CVar [[r.VolumetricFog.HistoryMissSupersampleCount:4]]
[2019.05.27-10.30.52:237][  0]LogConfig: Setting CVar [[r.LightMaxDrawDistanceScale:1]]
[2019.05.27-10.30.52:237][  0]LogConfig: Setting CVar [[r.CapsuleShadows:1]]
[2019.05.27-10.30.52:237][  0]LogConfig: Applying CVar settings from Section [PostProcessQuality@3] File [B:/Develope/Sourcetree/LostDark/LostDark/Saved/Config/Windows/Scalability.ini]
[2019.05.27-10.30.52:237][  0]LogConfig: Setting CVar [[r.MotionBlurQuality:4]]
[2019.05.27-10.30.52:237][  0]LogConfig: Setting CVar [[r.AmbientOcclusionMipLevelFactor:0.4]]
[2019.05.27-10.30.52:237][  0]LogConfig: Setting CVar [[r.AmbientOcclusionMaxQuality:100]]
[2019.05.27-10.30.52:237][  0]LogConfig: Setting CVar [[r.AmbientOcclusionLevels:-1]]
[2019.05.27-10.30.52:237][  0]LogConfig: Setting CVar [[r.AmbientOcclusionRadiusScale:1.0]]
[2019.05.27-10.30.52:237][  0]LogConfig: Setting CVar [[r.DepthOfFieldQuality:2]]
[2019.05.27-10.30.52:237][  0]LogConfig: Setting CVar [[r.RenderTargetPoolMin:400]]
[2019.05.27-10.30.52:237][  0]LogConfig: Setting CVar [[r.LensFlareQuality:2]]
[2019.05.27-10.30.52:237][  0]LogConfig: Setting CVar [[r.SceneColorFringeQuality:1]]
[2019.05.27-10.30.52:237][  0]LogConfig: Setting CVar [[r.EyeAdaptationQuality:2]]
[2019.05.27-10.30.52:237][  0]LogConfig: Setting CVar [[r.BloomQuality:5]]
[2019.05.27-10.30.52:237][  0]LogConfig: Setting CVar [[r.FastBlurThreshold:100]]
[2019.05.27-10.30.52:237][  0]LogConfig: Setting CVar [[r.Upscale.Quality:3]]
[2019.05.27-10.30.52:238][  0]LogConfig: Setting CVar [[r.Tonemapper.GrainQuantization:1]]
[2019.05.27-10.30.52:238][  0]LogConfig: Setting CVar [[r.LightShaftQuality:1]]
[2019.05.27-10.30.52:238][  0]LogConfig: Setting CVar [[r.Filter.SizeScale:1]]
[2019.05.27-10.30.52:238][  0]LogConfig: Setting CVar [[r.Tonemapper.Quality:5]]
[2019.05.27-10.30.52:238][  0]LogConfig: Setting CVar [[r.DOF.Gather.AccumulatorQuality:1        ; higher gathering accumulator quality]]
[2019.05.27-10.30.52:238][  0]LogConfig: Setting CVar [[r.DOF.Gather.PostfilterMethod:1          ; Median3x3 postfilering method]]
[2019.05.27-10.30.52:238][  0]LogConfig: Setting CVar [[r.DOF.Gather.EnableBokehSettings:0       ; no bokeh simulation when gathering]]
[2019.05.27-10.30.52:238][  0]LogConfig: Setting CVar [[r.DOF.Gather.RingCount:4                 ; medium number of samples when gathering]]
[2019.05.27-10.30.52:238][  0]LogConfig: Setting CVar [[r.DOF.Scatter.ForegroundCompositing:1    ; additive foreground scattering]]
[2019.05.27-10.30.52:238][  0]LogConfig: Setting CVar [[r.DOF.Scatter.BackgroundCompositing:2    ; additive background scattering]]
[2019.05.27-10.30.52:238][  0]LogConfig: Setting CVar [[r.DOF.Scatter.EnableBokehSettings:1      ; bokeh simulation when scattering]]
[2019.05.27-10.30.52:238][  0]LogConfig: Setting CVar [[r.DOF.Scatter.MaxSpriteRatio:0.1         ; only a maximum of 10% of scattered bokeh]]
[2019.05.27-10.30.52:238][  0]LogConfig: Setting CVar [[r.DOF.Recombine.Quality:1                ; cheap slight out of focus]]
[2019.05.27-10.30.52:238][  0]LogConfig: Setting CVar [[r.DOF.Recombine.EnableBokehSettings:0    ; no bokeh simulation on slight out of focus]]
[2019.05.27-10.30.52:238][  0]LogConfig: Setting CVar [[r.DOF.TemporalAAQuality:1                ; more stable temporal accumulation]]
[2019.05.27-10.30.52:238][  0]LogConfig: Setting CVar [[r.DOF.Kernel.MaxForegroundRadius:0.025]]
[2019.05.27-10.30.52:238][  0]LogConfig: Setting CVar [[r.DOF.Kernel.MaxBackgroundRadius:0.025]]
[2019.05.27-10.30.52:238][  0]LogConfig: Applying CVar settings from Section [TextureQuality@3] File [B:/Develope/Sourcetree/LostDark/LostDark/Saved/Config/Windows/Scalability.ini]
[2019.05.27-10.30.52:238][  0]LogConfig: Setting CVar [[r.Streaming.MipBias:0]]
[2019.05.27-10.30.52:238][  0]LogConfig: Setting CVar [[r.Streaming.AmortizeCPUToGPUCopy:0]]
[2019.05.27-10.30.52:238][  0]LogConfig: Setting CVar [[r.Streaming.MaxNumTexturesToStreamPerFrame:0]]
[2019.05.27-10.30.52:238][  0]LogConfig: Setting CVar [[r.Streaming.Boost:1]]
[2019.05.27-10.30.52:238][  0]LogConfig: Setting CVar [[r.MaxAnisotropy:8]]
[2019.05.27-10.30.52:238][  0]LogConfig: Setting CVar [[r.Streaming.LimitPoolSizeToVRAM:0]]
[2019.05.27-10.30.52:238][  0]LogConfig: Setting CVar [[r.Streaming.PoolSize:1000]]
[2019.05.27-10.30.52:238][  0]LogConfig: Setting CVar [[r.Streaming.MaxEffectiveScreenSize:0]]
[2019.05.27-10.30.52:238][  0]LogConfig: Applying CVar settings from Section [EffectsQuality@3] File [B:/Develope/Sourcetree/LostDark/LostDark/Saved/Config/Windows/Scalability.ini]
[2019.05.27-10.30.52:238][  0]LogConfig: Setting CVar [[r.TranslucencyLightingVolumeDim:64]]
[2019.05.27-10.30.52:238][  0]LogConfig: Setting CVar [[r.RefractionQuality:2]]
[2019.05.27-10.30.52:238][  0]LogConfig: Setting CVar [[r.SSR.Quality:3]]
[2019.05.27-10.30.52:238][  0]LogConfig: Setting CVar [[r.SceneColorFormat:4]]
[2019.05.27-10.30.52:238][  0]LogConfig: Setting CVar [[r.DetailMode:2]]
[2019.05.27-10.30.52:238][  0]LogConfig: Setting CVar [[r.TranslucencyVolumeBlur:1]]
[2019.05.27-10.30.52:238][  0]LogConfig: Setting CVar [[r.MaterialQualityLevel:1 ; High quality]]
[2019.05.27-10.30.52:238][  0]LogConfig: Setting CVar [[r.SSS.Scale:1]]
[2019.05.27-10.30.52:238][  0]LogConfig: Setting CVar [[r.SSS.SampleSet:2]]
[2019.05.27-10.30.52:238][  0]LogConfig: Setting CVar [[r.SSS.Quality:1]]
[2019.05.27-10.30.52:238][  0]LogConfig: Setting CVar [[r.SSS.HalfRes:1]]
[2019.05.27-10.30.52:238][  0]LogConfig: Setting CVar [[r.EmitterSpawnRateScale:1.0]]
[2019.05.27-10.30.52:238][  0]LogConfig: Setting CVar [[r.ParticleLightQuality:2]]
[2019.05.27-10.30.52:238][  0]LogConfig: Applying CVar settings from Section [FoliageQuality@3] File [B:/Develope/Sourcetree/LostDark/LostDark/Saved/Config/Windows/Scalability.ini]
[2019.05.27-10.30.52:238][  0]LogConfig: Setting CVar [[foliage.DensityScale:1.0]]
[2019.05.27-10.30.52:238][  0]LogConfig: Setting CVar [[grass.DensityScale:1.0]]
[2019.05.27-10.30.52:239][  0]LogInit: Selected Device Profile: [Windows]
[2019.05.27-10.30.52:239][  0]LogInit: Applying CVar settings loaded from the selected device profile: [Windows]
[2019.05.27-10.30.52:247][  0]LogHAL: Display: Platform has ~ 16 GB [17103896576 / 17179869184 / 16], which maps to Larger [LargestMinGB=32, LargerMinGB=12, DefaultMinGB=8, SmallerMinGB=6, SmallestMinGB=0)
[2019.05.27-10.30.52:247][  0]LogConfig: Setting CVar [[r.Vulkan.UseRealUBs:1]]
[2019.05.27-10.30.52:247][  0]LogInit: Going up to parent DeviceProfile []
[2019.05.27-10.30.52:247][  0]LogConfig: Applying CVar settings from Section [ViewDistanceQuality@3] File [B:/Develope/Sourcetree/LostDark/LostDark/Saved/Config/Windows/Scalability.ini]
[2019.05.27-10.30.52:247][  0]LogConfig: Setting CVar [[r.SkeletalMeshLODBias:0]]
[2019.05.27-10.30.52:247][  0]LogConfig: Setting CVar [[r.ViewDistanceScale:1.0]]
[2019.05.27-10.30.52:247][  0]LogConfig: Applying CVar settings from Section [AntiAliasingQuality@3] File [B:/Develope/Sourcetree/LostDark/LostDark/Saved/Config/Windows/Scalability.ini]
[2019.05.27-10.30.52:247][  0]LogConfig: Setting CVar [[r.PostProcessAAQuality:4]]
[2019.05.27-10.30.52:247][  0]LogConfig: Applying CVar settings from Section [ShadowQuality@3] File [B:/Develope/Sourcetree/LostDark/LostDark/Saved/Config/Windows/Scalability.ini]
[2019.05.27-10.30.52:247][  0]LogConfig: Setting CVar [[r.LightFunctionQuality:1]]
[2019.05.27-10.30.52:247][  0]LogConfig: Setting CVar [[r.ShadowQuality:5]]
[2019.05.27-10.30.52:247][  0]LogConfig: Setting CVar [[r.Shadow.CSM.MaxCascades:10]]
[2019.05.27-10.30.52:247][  0]LogConfig: Setting CVar [[r.Shadow.MaxResolution:2048]]
[2019.05.27-10.30.52:247][  0]LogConfig: Setting CVar [[r.Shadow.MaxCSMResolution:2048]]
[2019.05.27-10.30.52:247][  0]LogConfig: Setting CVar [[r.Shadow.RadiusThreshold:0.01]]
[2019.05.27-10.30.52:247][  0]LogConfig: Setting CVar [[r.Shadow.DistanceScale:1.0]]
[2019.05.27-10.30.52:247][  0]LogConfig: Setting CVar [[r.Shadow.CSM.TransitionScale:1.0]]
[2019.05.27-10.30.52:248][  0]LogConfig: Setting CVar [[r.Shadow.PreShadowResolutionFactor:1.0]]
[2019.05.27-10.30.52:248][  0]LogConfig: Setting CVar [[r.DistanceFieldShadowing:1]]
[2019.05.27-10.30.52:248][  0]LogConfig: Setting CVar [[r.DistanceFieldAO:1]]
[2019.05.27-10.30.52:248][  0]LogConfig: Setting CVar [[r.AOQuality:2]]
[2019.05.27-10.30.52:248][  0]LogConfig: Setting CVar [[r.VolumetricFog:1]]
[2019.05.27-10.30.52:248][  0]LogConfig: Setting CVar [[r.VolumetricFog.GridPixelSize:8]]
[2019.05.27-10.30.52:248][  0]LogConfig: Setting CVar [[r.VolumetricFog.GridSizeZ:128]]
[2019.05.27-10.30.52:248][  0]LogConfig: Setting CVar [[r.VolumetricFog.HistoryMissSupersampleCount:4]]
[2019.05.27-10.30.52:248][  0]LogConfig: Setting CVar [[r.LightMaxDrawDistanceScale:1]]
[2019.05.27-10.30.52:248][  0]LogConfig: Setting CVar [[r.CapsuleShadows:1]]
[2019.05.27-10.30.52:248][  0]LogConfig: Applying CVar settings from Section [PostProcessQuality@3] File [B:/Develope/Sourcetree/LostDark/LostDark/Saved/Config/Windows/Scalability.ini]
[2019.05.27-10.30.52:248][  0]LogConfig: Setting CVar [[r.MotionBlurQuality:4]]
[2019.05.27-10.30.52:248][  0]LogConfig: Setting CVar [[r.AmbientOcclusionMipLevelFactor:0.4]]
[2019.05.27-10.30.52:248][  0]LogConfig: Setting CVar [[r.AmbientOcclusionMaxQuality:100]]
[2019.05.27-10.30.52:248][  0]LogConfig: Setting CVar [[r.AmbientOcclusionLevels:-1]]
[2019.05.27-10.30.52:248][  0]LogConfig: Setting CVar [[r.AmbientOcclusionRadiusScale:1.0]]
[2019.05.27-10.30.52:248][  0]LogConfig: Setting CVar [[r.DepthOfFieldQuality:2]]
[2019.05.27-10.30.52:248][  0]LogConfig: Setting CVar [[r.RenderTargetPoolMin:400]]
[2019.05.27-10.30.52:248][  0]LogConfig: Setting CVar [[r.LensFlareQuality:2]]
[2019.05.27-10.30.52:248][  0]LogConfig: Setting CVar [[r.SceneColorFringeQuality:1]]
[2019.05.27-10.30.52:248][  0]LogConfig: Setting CVar [[r.EyeAdaptationQuality:2]]
[2019.05.27-10.30.52:248][  0]LogConfig: Setting CVar [[r.BloomQuality:5]]
[2019.05.27-10.30.52:248][  0]LogConfig: Setting CVar [[r.FastBlurThreshold:100]]
[2019.05.27-10.30.52:248][  0]LogConfig: Setting CVar [[r.Upscale.Quality:3]]
[2019.05.27-10.30.52:248][  0]LogConfig: Setting CVar [[r.Tonemapper.GrainQuantization:1]]
[2019.05.27-10.30.52:248][  0]LogConfig: Setting CVar [[r.LightShaftQuality:1]]
[2019.05.27-10.30.52:248][  0]LogConfig: Setting CVar [[r.Filter.SizeScale:1]]
[2019.05.27-10.30.52:248][  0]LogConfig: Setting CVar [[r.Tonemapper.Quality:5]]
[2019.05.27-10.30.52:248][  0]LogConfig: Setting CVar [[r.DOF.Gather.AccumulatorQuality:1        ; higher gathering accumulator quality]]
[2019.05.27-10.30.52:248][  0]LogConfig: Setting CVar [[r.DOF.Gather.PostfilterMethod:1          ; Median3x3 postfilering method]]
[2019.05.27-10.30.52:248][  0]LogConfig: Setting CVar [[r.DOF.Gather.EnableBokehSettings:0       ; no bokeh simulation when gathering]]
[2019.05.27-10.30.52:248][  0]LogConfig: Setting CVar [[r.DOF.Gather.RingCount:4                 ; medium number of samples when gathering]]
[2019.05.27-10.30.52:248][  0]LogConfig: Setting CVar [[r.DOF.Scatter.ForegroundCompositing:1    ; additive foreground scattering]]
[2019.05.27-10.30.52:248][  0]LogConfig: Setting CVar [[r.DOF.Scatter.BackgroundCompositing:2    ; additive background scattering]]
[2019.05.27-10.30.52:248][  0]LogConfig: Setting CVar [[r.DOF.Scatter.EnableBokehSettings:1      ; bokeh simulation when scattering]]
[2019.05.27-10.30.52:248][  0]LogConfig: Setting CVar [[r.DOF.Scatter.MaxSpriteRatio:0.1         ; only a maximum of 10% of scattered bokeh]]
[2019.05.27-10.30.52:248][  0]LogConfig: Setting CVar [[r.DOF.Recombine.Quality:1                ; cheap slight out of focus]]
[2019.05.27-10.30.52:248][  0]LogConfig: Setting CVar [[r.DOF.Recombine.EnableBokehSettings:0    ; no bokeh simulation on slight out of focus]]
[2019.05.27-10.30.52:248][  0]LogConfig: Setting CVar [[r.DOF.TemporalAAQuality:1                ; more stable temporal accumulation]]
[2019.05.27-10.30.52:248][  0]LogConfig: Setting CVar [[r.DOF.Kernel.MaxForegroundRadius:0.025]]
[2019.05.27-10.30.52:248][  0]LogConfig: Setting CVar [[r.DOF.Kernel.MaxBackgroundRadius:0.025]]
[2019.05.27-10.30.52:248][  0]LogConfig: Applying CVar settings from Section [TextureQuality@3] File [B:/Develope/Sourcetree/LostDark/LostDark/Saved/Config/Windows/Scalability.ini]
[2019.05.27-10.30.52:248][  0]LogConfig: Setting CVar [[r.Streaming.MipBias:0]]
[2019.05.27-10.30.52:248][  0]LogConfig: Setting CVar [[r.Streaming.AmortizeCPUToGPUCopy:0]]
[2019.05.27-10.30.52:248][  0]LogConfig: Setting CVar [[r.Streaming.MaxNumTexturesToStreamPerFrame:0]]
[2019.05.27-10.30.52:248][  0]LogConfig: Setting CVar [[r.Streaming.Boost:1]]
[2019.05.27-10.30.52:248][  0]LogConfig: Setting CVar [[r.MaxAnisotropy:8]]
[2019.05.27-10.30.52:248][  0]LogConfig: Setting CVar [[r.Streaming.LimitPoolSizeToVRAM:0]]
[2019.05.27-10.30.52:248][  0]LogConfig: Setting CVar [[r.Streaming.PoolSize:1000]]
[2019.05.27-10.30.52:248][  0]LogConfig: Setting CVar [[r.Streaming.MaxEffectiveScreenSize:0]]
[2019.05.27-10.30.52:248][  0]LogConfig: Applying CVar settings from Section [EffectsQuality@3] File [B:/Develope/Sourcetree/LostDark/LostDark/Saved/Config/Windows/Scalability.ini]
[2019.05.27-10.30.52:248][  0]LogConfig: Setting CVar [[r.TranslucencyLightingVolumeDim:64]]
[2019.05.27-10.30.52:248][  0]LogConfig: Setting CVar [[r.RefractionQuality:2]]
[2019.05.27-10.30.52:248][  0]LogConfig: Setting CVar [[r.SSR.Quality:3]]
[2019.05.27-10.30.52:248][  0]LogConfig: Setting CVar [[r.SceneColorFormat:4]]
[2019.05.27-10.30.52:248][  0]LogConfig: Setting CVar [[r.DetailMode:2]]
[2019.05.27-10.30.52:248][  0]LogConfig: Setting CVar [[r.TranslucencyVolumeBlur:1]]
[2019.05.27-10.30.52:248][  0]LogConfig: Setting CVar [[r.MaterialQualityLevel:1 ; High quality]]
[2019.05.27-10.30.52:248][  0]LogConfig: Setting CVar [[r.SSS.Scale:1]]
[2019.05.27-10.30.52:248][  0]LogConfig: Setting CVar [[r.SSS.SampleSet:2]]
[2019.05.27-10.30.52:248][  0]LogConfig: Setting CVar [[r.SSS.Quality:1]]
[2019.05.27-10.30.52:248][  0]LogConfig: Setting CVar [[r.SSS.HalfRes:1]]
[2019.05.27-10.30.52:248][  0]LogConfig: Setting CVar [[r.EmitterSpawnRateScale:1.0]]
[2019.05.27-10.30.52:248][  0]LogConfig: Setting CVar [[r.ParticleLightQuality:2]]
[2019.05.27-10.30.52:248][  0]LogConfig: Applying CVar settings from Section [FoliageQuality@3] File [B:/Develope/Sourcetree/LostDark/LostDark/Saved/Config/Windows/Scalability.ini]
[2019.05.27-10.30.52:248][  0]LogConfig: Setting CVar [[foliage.DensityScale:1.0]]
[2019.05.27-10.30.52:248][  0]LogConfig: Setting CVar [[grass.DensityScale:1.0]]
[2019.05.27-10.30.52:248][  0]LogConfig: Applying CVar settings from Section [Startup] File [../../../Engine/Config/ConsoleVariables.ini]
[2019.05.27-10.30.52:249][  0]LogConfig: Setting CVar [[net.UseAdaptiveNetUpdateFrequency:0]]
[2019.05.27-10.30.52:249][  0]LogConfig: Applying CVar settings from Section [ConsoleVariables] File [B:/Develope/Sourcetree/LostDark/LostDark/Saved/Config/Windows/Engine.ini]
[2019.05.27-10.30.52:249][  0]LogInit: Computer: DESKTOP-7NEMS3A
[2019.05.27-10.30.52:249][  0]LogInit: User: SungHoon
[2019.05.27-10.30.52:249][  0]LogInit: CPU Page size=4096, Cores=6
[2019.05.27-10.30.52:249][  0]LogInit: High frequency timer resolution =10.000000 MHz
[2019.05.27-10.30.52:249][  0]LogMemory: Memory total: Physical=15.9GB (16GB approx)
[2019.05.27-10.30.52:249][  0]LogMemory: Platform Memory Stats for Windows
[2019.05.27-10.30.52:249][  0]LogMemory: Process Physical Memory: 103.24 MB used, 103.24 MB peak
[2019.05.27-10.30.52:249][  0]LogMemory: Process Virtual Memory: 85.22 MB used, 85.22 MB peak
[2019.05.27-10.30.52:249][  0]LogMemory: Physical Memory: 6373.59 MB used,  9937.96 MB free, 16311.55 MB total
[2019.05.27-10.30.52:249][  0]LogMemory: Virtual Memory: 4639.90 MB used,  134213088.00 MB free, 134217728.00 MB total
[2019.05.27-10.30.52:266][  0]LogInit: Overriding language with editor language configuration option (ko).
[2019.05.27-10.30.52:266][  0]LogInit: Overriding locale with editor locale configuration option (ko).
[2019.05.27-10.30.52:576][  0]LogStreaming: Display: Took  0.310s to InitEngineTextLocalization.
[2019.05.27-10.30.52:576][  0]LogInit: Setting process to per monitor DPI aware
[2019.05.27-10.30.52:622][  0]LogSlate: New Slate User Created.  User Index 0, Is Virtual User: 0
[2019.05.27-10.30.52:622][  0]LogSlate: Slate User Registered.  User Index 0, Is Virtual User: 0
[2019.05.27-10.30.52:810][  0]LogHMD: Failed to initialize OpenVR with code 110
[2019.05.27-10.30.52:810][  0]LogD3D11RHI: D3D11 adapters:
[2019.05.27-10.30.52:870][  0]LogD3D11RHI:    0. 'NVIDIA GeForce GTX 1060 6GB' (Feature Level 11_0)
[2019.05.27-10.30.52:871][  0]LogD3D11RHI:       6052/0/8155 MB DedicatedVideo/DedicatedSystem/SharedSystem, Outputs:2, VendorId:0x10de
[2019.05.27-10.30.52:872][  0]LogD3D11RHI:    1. 'Microsoft Basic Render Driver' (Feature Level 11_0)
[2019.05.27-10.30.52:872][  0]LogD3D11RHI:       0/0/8155 MB DedicatedVideo/DedicatedSystem/SharedSystem, Outputs:0, VendorId:0x1414
[2019.05.27-10.30.52:873][  0]LogD3D11RHI: Chosen D3D11 Adapter: 0
[2019.05.27-10.30.52:878][  0]LogD3D11RHI: Creating new Direct3DDevice
[2019.05.27-10.30.52:878][  0]LogD3D11RHI:     GPU DeviceId: 0x1c03 (for the marketing name, search the web for "GPU Device Id")
[2019.05.27-10.30.52:878][  0]LogWindows: EnumDisplayDevices:
[2019.05.27-10.30.52:879][  0]LogWindows:    0. 'NVIDIA GeForce GTX 1060 6GB' (P:1 D:1)
[2019.05.27-10.30.52:879][  0]LogWindows:    1. 'NVIDIA GeForce GTX 1060 6GB' (P:0 D:1)
[2019.05.27-10.30.52:880][  0]LogWindows:    2. 'NVIDIA GeForce GTX 1060 6GB' (P:0 D:0)
[2019.05.27-10.30.52:881][  0]LogWindows:    3. 'NVIDIA GeForce GTX 1060 6GB' (P:0 D:0)
[2019.05.27-10.30.52:881][  0]LogWindows: DebugString: FoundDriverCount:4 
[2019.05.27-10.30.52:881][  0]LogD3D11RHI:     Adapter Name: NVIDIA GeForce GTX 1060 6GB
[2019.05.27-10.30.52:881][  0]LogD3D11RHI:   Driver Version: 391.35 (internal:23.21.13.9135, unified:391.35)
[2019.05.27-10.30.52:881][  0]LogD3D11RHI:      Driver Date: 3-23-2018
[2019.05.27-10.30.52:881][  0]LogRHI: Texture pool is 4236 MB (70% of 6052 MB)
[2019.05.27-10.30.52:913][  0]LogD3D11RHI: Async texture creation enabled
[2019.05.27-10.30.52:929][  0]LogD3D11RHI: GPU Timing Frequency: 1000.000000 (Debug: 2 2)
[2019.05.27-10.30.53:312][  0]LogTemp: Display: Loaded TP AllDesktopTargetPlatform
[2019.05.27-10.30.53:324][  0]LogTemp: Display: Loaded TP MacClientTargetPlatform
[2019.05.27-10.30.53:336][  0]LogTemp: Display: Loaded TP MacNoEditorTargetPlatform
[2019.05.27-10.30.53:349][  0]LogTemp: Display: Loaded TP MacServerTargetPlatform
[2019.05.27-10.30.53:360][  0]LogTemp: Display: Loaded TP MacTargetPlatform
[2019.05.27-10.30.53:372][  0]LogTemp: Display: Loaded TP WindowsClientTargetPlatform
[2019.05.27-10.30.53:384][  0]LogTemp: Display: Loaded TP WindowsNoEditorTargetPlatform
[2019.05.27-10.30.53:396][  0]LogTemp: Display: Loaded TP WindowsServerTargetPlatform
[2019.05.27-10.30.53:402][  0]LogTemp: Display: Loaded TP WindowsTargetPlatform
[2019.05.27-10.30.53:462][  0]LogTemp: Display: Loaded TP AndroidTargetPlatform
[2019.05.27-10.30.53:462][  0]LogTemp: Display: Loaded TP AndroidTargetPlatform
[2019.05.27-10.30.53:462][  0]LogTemp: Display: Loaded TP AndroidTargetPlatform
[2019.05.27-10.30.53:462][  0]LogTemp: Display: Loaded TP AndroidTargetPlatform
[2019.05.27-10.30.53:462][  0]LogTemp: Display: Loaded TP AndroidTargetPlatform
[2019.05.27-10.30.53:462][  0]LogTemp: Display: Loaded TP AndroidTargetPlatform
[2019.05.27-10.30.53:462][  0]LogTemp: Display: Loaded TP AndroidTargetPlatform
[2019.05.27-10.30.53:462][  0]LogTemp: Display: Loaded TP AndroidTargetPlatform
[2019.05.27-10.30.53:462][  0]LogTemp: Display: Loaded TP AndroidTargetPlatform
[2019.05.27-10.30.53:462][  0]LogTemp: Display: Loaded TP AndroidTargetPlatform
[2019.05.27-10.30.53:462][  0]LogTemp: Display: Loaded TP AndroidTargetPlatform
[2019.05.27-10.30.53:462][  0]LogTemp: Display: Loaded TP AndroidTargetPlatform
[2019.05.27-10.30.53:462][  0]LogTemp: Display: Loaded TP AndroidTargetPlatform
[2019.05.27-10.30.53:462][  0]LogTemp: Display: Loaded TP AndroidTargetPlatform
[2019.05.27-10.30.53:462][  0]LogTemp: Display: Loaded TP AndroidTargetPlatform
[2019.05.27-10.30.53:462][  0]LogTemp: Display: Loaded TP AndroidTargetPlatform
[2019.05.27-10.30.53:462][  0]LogTemp: Display: Loaded TP AndroidTargetPlatform
[2019.05.27-10.30.53:462][  0]LogTemp: Display: Loaded TP AndroidTargetPlatform
[2019.05.27-10.30.53:463][  0]LogTemp: Display: Loaded TP HTML5TargetPlatform
[2019.05.27-10.30.53:518][  0]LogTemp: Display: Loaded TP IOSTargetPlatform
[2019.05.27-10.30.53:518][  0]LogTemp: Display: Loaded TP IOSTargetPlatform
[2019.05.27-10.30.53:538][  0]LogTemp: Display: Loaded TP TVOSTargetPlatform
[2019.05.27-10.30.53:538][  0]LogTemp: Display: Loaded TP TVOSTargetPlatform
[2019.05.27-10.30.53:548][  0]LogTemp: Display: Loaded TP LinuxClientTargetPlatform
[2019.05.27-10.30.53:559][  0]LogTemp: Display: Loaded TP LinuxNoEditorTargetPlatform
[2019.05.27-10.30.53:569][  0]LogTemp: Display: Loaded TP LinuxServerTargetPlatform
[2019.05.27-10.30.53:580][  0]LogTemp: Display: Loaded TP LinuxTargetPlatform
[2019.05.27-10.30.53:617][  0]LogTemp: Display: Loaded TP LuminTargetPlatform
[2019.05.27-10.30.53:617][  0]LogTemp: Display: Loaded TP LuminTargetPlatform
[2019.05.27-10.30.53:617][  0]LogTargetPlatformManager: Display: Building Assets For Windows
[2019.05.27-10.30.53:674][  0]LogShaderCompilers: Guid format shader working directory is 9 characters bigger than the processId version (B:/Develope/Sourcetree/LostDark/LostDark/Intermediate/Shaders/WorkingDirectory/6164/).
[2019.05.27-10.30.53:675][  0]LogShaderCompilers: Cleaned the shader compiler working directory 'C:/Users/SungHoon/AppData/Local/Temp/UnrealShaderWorkingDir/4D3B501E43C4117B1598EB8002DAADBB/'.
[2019.05.27-10.30.53:677][  0]LogXGEController: Cleaning working directory: C:/Users/SungHoon/AppData/Local/Temp/UnrealXGEWorkingDir/
[2019.05.27-10.30.53:677][  0]LogXGEController: Cannot use XGE Controller as Incredibuild is not installed on this machine.
[2019.05.27-10.30.53:677][  0]LogShaderCompilers: Cannot use XGE Shader Compiler as Incredibuild is not installed on this machine.
[2019.05.27-10.30.53:677][  0]LogShaderCompilers: Display: Using Local Shader Compiler.
[2019.05.27-10.30.54:137][  0]LogDerivedDataCache: Display: Max Cache Size: 512 MB
[2019.05.27-10.30.54:203][  0]LogDerivedDataCache: Loaded boot cache 0.07s 121MB C:/Users/SungHoon/AppData/Local/UnrealEngine/4.21/DerivedDataCache/Boot.ddc.
[2019.05.27-10.30.54:203][  0]LogDerivedDataCache: Display: Loaded Boot cache: C:/Users/SungHoon/AppData/Local/UnrealEngine/4.21/DerivedDataCache/Boot.ddc
[2019.05.27-10.30.54:203][  0]LogDerivedDataCache: FDerivedDataBackendGraph:  Pak pak cache file B:/Develope/Sourcetree/LostDark/LostDark/DerivedDataCache/DDC.ddp not found, will not use a pak cache.
[2019.05.27-10.30.54:203][  0]LogDerivedDataCache: Unable to find inner node Pak for hierarchical cache Hierarchy.
[2019.05.27-10.30.54:203][  0]LogDerivedDataCache: FDerivedDataBackendGraph:  CompressedPak pak cache file B:/Develope/Sourcetree/LostDark/LostDark/DerivedDataCache/Compressed.ddp not found, will not use a pak cache.
[2019.05.27-10.30.54:203][  0]LogDerivedDataCache: Unable to find inner node CompressedPak for hierarchical cache Hierarchy.
[2019.05.27-10.30.54:217][  0]LogDerivedDataCache: Display: Pak cache opened for reading ../../../Engine/DerivedDataCache/Compressed.ddp.
[2019.05.27-10.30.54:217][  0]LogDerivedDataCache: FDerivedDataBackendGraph:  EnterprisePak pak cache file ../../../Enterprise/DerivedDataCache/Compressed.ddp not found, will not use a pak cache.
[2019.05.27-10.30.54:217][  0]LogDerivedDataCache: Unable to find inner node EnterprisePak for hierarchical cache Hierarchy.
[2019.05.27-10.30.54:229][  0]LogDerivedDataCache: Using Local data cache path C:/Users/SungHoon/AppData/Local/UnrealEngine/Common/DerivedDataCache: Writable
[2019.05.27-10.30.54:229][  0]LogDerivedDataCache: Shared data cache path not found in *engine.ini, will not use an Shared cache.
[2019.05.27-10.30.54:229][  0]LogDerivedDataCache: Unable to find inner node Shared for hierarchical cache Hierarchy.
[2019.05.27-10.30.54:248][  0]LogMaterial: Verifying Global Shaders for PCD3D_SM5
[2019.05.27-10.30.54:249][  0]LogSlate: Using FreeType 2.6.0
[2019.05.27-10.30.54:250][  0]LogSlate: SlateFontServices - WITH_FREETYPE: 1, WITH_HARFBUZZ: 1
[2019.05.27-10.30.54:328][  0]LogAssetRegistry: FAssetRegistry took 0.0315 seconds to start up
[2019.05.27-10.30.54:590][  0]LogInit: Selected Device Profile: [Windows]
[2019.05.27-10.30.54:720][  0]LogSimplygon: Simplygon DLL not present - disabling.
[2019.05.27-10.30.54:723][  0]LogMeshReduction: Using SimplygonSwarm for distributed automatic mesh merging
[2019.05.27-10.30.54:723][  0]LogMeshReduction: Using ProxyLODMeshReduction for automatic mesh merging
[2019.05.27-10.30.54:723][  0]LogMeshReduction: Using QuadricMeshReduction for automatic static mesh reduction
[2019.05.27-10.30.54:723][  0]LogMeshReduction: No automatic skeletal mesh reduction module available
[2019.05.27-10.30.54:739][  0]LogNetVersion: LostDark 1.0.0, NetCL: 4541578, EngineNetVer: 5, GameNetVer: 0 (Checksum: 1003383482)
[2019.05.27-10.30.55:123][  0]LogPackageLocalizationCache: Processed 11 localized package path(s) for 1 prioritized culture(s) in 0.034741 seconds
[2019.05.27-10.30.55:128][  0]LogUObjectArray: 39775 objects as part of root set at end of initial load.
[2019.05.27-10.30.55:128][  0]LogUObjectAllocator: 6914656 out of 0 bytes used by permanent object pool.
[2019.05.27-10.30.55:128][  0]LogUObjectArray: CloseDisregardForGC: 0/0 objects in disregard for GC pool
[2019.05.27-10.30.55:899][  0]LogTcpMessaging: Initializing TcpMessaging bridge
[2019.05.27-10.30.55:912][  0]LogUdpMessaging: Initializing bridge on interface 0.0.0.0:0 to multicast group 230.0.0.1:6666.
[2019.05.27-10.30.56:613][  0]LogTemp: Warning: Enroll Attack Montage
[2019.05.27-10.30.57:418][  0]LogTemp: Warning: Enroll Attack Montage
[2019.05.27-10.30.57:429][  0]LogTemp: Warning: Enroll Attack Montage
[2019.05.27-10.30.57:454][  0]LogTemp: Warning: Enroll Attack Montage
[2019.05.27-10.30.57:539][  0]LostDark: Error: ASectionTest::ASectionTest(58) Success GateMeshs :+XGate
[2019.05.27-10.30.57:539][  0]LostDark: Error: ASectionTest::ASectionTest(58) Success GateMeshs :-XGate
[2019.05.27-10.30.57:539][  0]LostDark: Error: ASectionTest::ASectionTest(58) Success GateMeshs :+YGate
[2019.05.27-10.30.57:539][  0]LostDark: Error: ASectionTest::ASectionTest(58) Success GateMeshs :-YGate
[2019.05.27-10.30.57:616][  0]SourceControl: 소스 컨트롤이 꺼졌습니다.
[2019.05.27-10.30.57:616][  0]SourceControl: 소스 컨트롤이 꺼졌습니다.
[2019.05.27-10.30.57:617][  0]SourceControl: 소스 컨트롤이 꺼졌습니다.
[2019.05.27-10.30.57:619][  0]SourceControl: 소스 컨트롤이 꺼졌습니다.
[2019.05.27-10.30.57:778][  0]LogAndroidPermission: UAndroidPermissionCallbackProxy::GetInstance
[2019.05.27-10.30.57:877][  0]LogOcInput: OculusInput pre-init called
[2019.05.27-10.30.58:042][  0]LogEngine: Initializing Engine...
[2019.05.27-10.30.58:043][  0]LogHMD: Failed to initialize OpenVR with code 110
[2019.05.27-10.30.58:045][  0]LogStats: UGameplayTagsManager::ConstructGameplayTagTree: ImportINI prefixes -  0.000 s
[2019.05.27-10.30.58:045][  0]LogStats: UGameplayTagsManager::ConstructGameplayTagTree: Construct from data asset -  0.000 s
[2019.05.27-10.30.58:045][  0]LogStats: UGameplayTagsManager::ConstructGameplayTagTree: ImportINI -  0.000 s
[2019.05.27-10.30.58:045][  0]LogStats: UGameplayTagsManager::ConstructGameplayTagTree: GameplayTagTreeChangedEvent.Broadcast -  0.000 s
[2019.05.27-10.30.58:256][  0]LogInit: Initializing FReadOnlyCVARCache
[2019.05.27-10.30.58:270][  0]LogAIModule: Creating AISystem for world Untitled
[2019.05.27-10.30.58:294][  0]LogInit: XAudio2 using '스피커(High Definition Audio 장치)' : 2 channels at 48 kHz using 16 bits per sample (channel mask 0x3)
[2019.05.27-10.30.58:323][  0]LogInit: FAudioDevice initialized.
[2019.05.27-10.30.58:323][  0]LogNetVersion: Set ProjectVersion to 1.0.0.0. Version Checksum will be recalculated on next use.
[2019.05.27-10.30.58:393][  0]LogDerivedDataCache: Saved boot cache 0.07s 121MB C:/Users/SungHoon/AppData/Local/UnrealEngine/4.21/DerivedDataCache/Boot.ddc.
[2019.05.27-10.30.58:407][  0]LogInit: Texture streaming: Enabled
[2019.05.27-10.30.58:426][  0]LogEngineSessionManager: EngineSessionManager initialized
[2019.05.27-10.30.58:440][  0]LogInit: Transaction tracking system initialized
[2019.05.27-10.30.58:469][  0]BlueprintLog: New page: 에디터 로드
[2019.05.27-10.30.58:638][  0]LocalizationService: 현지화 서비스가 비활성화되었습니다.
[2019.05.27-10.30.59:047][  0]LogCook: Display: Max memory allowance for cook 16384mb min free memory 0mb
[2019.05.27-10.30.59:047][  0]LogCook: Display: Mobile HDR setting 1
[2019.05.27-10.30.59:047][  0]LogGameplayTags: Display: UGameplayTagsManager::DoneAddingNativeTags. DelegateIsBound: 0
[2019.05.27-10.30.59:047][  0]LogStats: UGameplayTagsManager::ConstructGameplayTagTree: ImportINI prefixes -  0.000 s
[2019.05.27-10.30.59:047][  0]LogStats: UGameplayTagsManager::ConstructGameplayTagTree: Construct from data asset -  0.000 s
[2019.05.27-10.30.59:047][  0]LogStats: UGameplayTagsManager::ConstructGameplayTagTree: ImportINI -  0.000 s
[2019.05.27-10.30.59:047][  0]LogStats: UGameplayTagsManager::ConstructGameplayTagTree: GameplayTagTreeChangedEvent.Broadcast -  0.000 s
[2019.05.27-10.30.59:163][  0]LogFileCache: Scanning file cache for directory 'B:/Develope/Sourcetree/LostDark/LostDark/Content/' took 0.03s
[2019.05.27-10.30.59:163][  0]SourceControl: 소스 컨트롤이 꺼졌습니다.
[2019.05.27-10.30.59:163][  0]Cmd: MAP LOAD FILE="B:/Develope/Sourcetree/LostDark/LostDark/Content/DefaultLevel/DefaultLevel.umap" TEMPLATE=0 SHOWPROGRESS=1 FEATURELEVEL=3
[2019.05.27-10.30.59:163][  0]LightingResults: New page: 라이팅 빌드
[2019.05.27-10.30.59:166][  0]MapCheck: New page: 맵 체크
[2019.05.27-10.30.59:166][  0]LightingResults: New page: 라이팅 빌드
[2019.05.27-10.30.59:265][  0]LogAIModule: Creating AISystem for world DefaultLevel
[2019.05.27-10.30.59:270][  0]LogEditorServer: Finished looking for orphan Actors (0.000 secs)
[2019.05.27-10.30.59:292][  0]Cmd: MAP CHECKDEP NOCLEARLOG
[2019.05.27-10.30.59:292][  0]MapCheck: 맵 체크 완료: 오류 0 회, 경고 0 회, 소요 시간 0.069ms.
[2019.05.27-10.30.59:292][  0]LogFileHelpers: Loading map 'DefaultLevel' took 0.129
[2019.05.27-10.30.59:385][  0]LogSlate: Updating window title bar state: overlay mode, drag disabled, window buttons hidden, title bar hidden
[2019.05.27-10.30.59:391][  0]LogSlate: Updating window title bar state: overlay mode, drag disabled, window buttons hidden, title bar hidden
[2019.05.27-10.30.59:397][  0]LogSlate: Updating window title bar state: overlay mode, drag disabled, window buttons hidden, title bar hidden
[2019.05.27-10.30.59:403][  0]LogSlate: Updating window title bar state: overlay mode, drag disabled, window buttons hidden, title bar hidden
[2019.05.27-10.30.59:410][  0]LogCollectionManager: Loaded 0 collections in 0.002127 seconds
[2019.05.27-10.30.59:426][  0]LogFileCache: Scanning file cache for directory 'B:/Develope/Sourcetree/LostDark/LostDark/Saved/Collections/' took 0.01s
[2019.05.27-10.30.59:426][  0]LogFileCache: Scanning file cache for directory 'B:/Develope/Sourcetree/LostDark/LostDark/Content/Developers/SungHoon/Collections/' took 0.00s
[2019.05.27-10.30.59:426][  0]LogFileCache: Scanning file cache for directory 'B:/Develope/Sourcetree/LostDark/LostDark/Content/Collections/' took 0.00s
[2019.05.27-10.30.59:426][  0]LogCollectionManager: Rebuilt the GUID cache for 0 collections in 0.000000 seconds
[2019.05.27-10.30.59:433][  0]LogContentBrowser: Native class hierarchy populated in 0.0073 seconds. Added 2684 classes and 629 folders.
[2019.05.27-10.30.59:440][  0]LogContentBrowser: Native class hierarchy updated for 'WidgetCarousel' in 0.0003 seconds. Added 0 classes and 0 folders.
[2019.05.27-10.30.59:442][  0]LogPakFile: Registered encryption key '00000000000000000000000000000000': 0 pak files mounted, 0 remain pending
[2019.05.27-10.30.59:442][  0]LogPakFile: Registered encryption key '00000000000000000000000000000000': 0 pak files mounted, 0 remain pending
[2019.05.27-10.30.59:443][  0]LogPakFile: Registered encryption key '00000000000000000000000000000000': 0 pak files mounted, 0 remain pending
[2019.05.27-10.30.59:443][  0]LogPakFile: Registered encryption key '00000000000000000000000000000000': 0 pak files mounted, 0 remain pending
[2019.05.27-10.30.59:443][  0]LogPakFile: Registered encryption key '00000000000000000000000000000000': 0 pak files mounted, 0 remain pending
[2019.05.27-10.30.59:444][  0]LogPakFile: Registered encryption key '00000000000000000000000000000000': 0 pak files mounted, 0 remain pending
[2019.05.27-10.30.59:444][  0]LogPakFile: Registered encryption key '00000000000000000000000000000000': 0 pak files mounted, 0 remain pending
[2019.05.27-10.30.59:445][  0]LogPakFile: Registered encryption key '00000000000000000000000000000000': 0 pak files mounted, 0 remain pending
[2019.05.27-10.30.59:445][  0]LogPakFile: Registered encryption key '00000000000000000000000000000000': 0 pak files mounted, 0 remain pending
[2019.05.27-10.30.59:445][  0]LogPakFile: Registered encryption key '00000000000000000000000000000000': 0 pak files mounted, 0 remain pending
[2019.05.27-10.30.59:446][  0]LogPakFile: Registered encryption key '00000000000000000000000000000000': 0 pak files mounted, 0 remain pending
[2019.05.27-10.30.59:446][  0]LogPakFile: Registered encryption key '00000000000000000000000000000000': 0 pak files mounted, 0 remain pending
[2019.05.27-10.30.59:446][  0]LogPakFile: Registered encryption key '00000000000000000000000000000000': 0 pak files mounted, 0 remain pending
[2019.05.27-10.30.59:447][  0]LogPakFile: Registered encryption key '00000000000000000000000000000000': 0 pak files mounted, 0 remain pending
[2019.05.27-10.30.59:447][  0]LogPakFile: Registered encryption key '00000000000000000000000000000000': 0 pak files mounted, 0 remain pending
[2019.05.27-10.30.59:448][  0]LogPakFile: Registered encryption key '00000000000000000000000000000000': 0 pak files mounted, 0 remain pending
[2019.05.27-10.30.59:448][  0]LogPakFile: Registered encryption key '00000000000000000000000000000000': 0 pak files mounted, 0 remain pending
[2019.05.27-10.30.59:448][  0]LogPakFile: Registered encryption key '00000000000000000000000000000000': 0 pak files mounted, 0 remain pending
[2019.05.27-10.30.59:449][  0]LogPakFile: Registered encryption key '00000000000000000000000000000000': 0 pak files mounted, 0 remain pending
[2019.05.27-10.30.59:449][  0]LogPakFile: Registered encryption key '00000000000000000000000000000000': 0 pak files mounted, 0 remain pending
[2019.05.27-10.30.59:450][  0]LogPakFile: Registered encryption key '00000000000000000000000000000000': 0 pak files mounted, 0 remain pending
[2019.05.27-10.30.59:450][  0]LogPakFile: Registered encryption key '00000000000000000000000000000000': 0 pak files mounted, 0 remain pending
[2019.05.27-10.30.59:451][  0]LogPakFile: Registered encryption key '00000000000000000000000000000000': 0 pak files mounted, 0 remain pending
[2019.05.27-10.30.59:451][  0]LogPakFile: Registered encryption key '00000000000000000000000000000000': 0 pak files mounted, 0 remain pending
[2019.05.27-10.30.59:451][  0]LogPakFile: Registered encryption key '00000000000000000000000000000000': 0 pak files mounted, 0 remain pending
[2019.05.27-10.30.59:452][  0]LogPakFile: Registered encryption key '00000000000000000000000000000000': 0 pak files mounted, 0 remain pending
[2019.05.27-10.30.59:477][  0]LogContentBrowser: Native class hierarchy updated for 'AddContentDialog' in 0.0003 seconds. Added 0 classes and 0 folders.
[2019.05.27-10.30.59:484][  0]LogContentBrowser: Native class hierarchy updated for 'SceneOutliner' in 0.0003 seconds. Added 1 classes and 2 folders.
[2019.05.27-10.30.59:538][  0]LogSlate: Took 0.000129 seconds to synchronously load lazily loaded font '../../../Engine/Content/Slate/Fonts/Roboto-Regular.ttf' (155K)
[2019.05.27-10.30.59:541][  0]LogSlate: Took 0.001502 seconds to synchronously load lazily loaded font '../../../Engine/Content/Editor/Slate/Fonts/NanumGothic.ttf' (4243K)
[2019.05.27-10.30.59:544][  0]LogSlate: Took 0.001483 seconds to synchronously load lazily loaded font '../../../Engine/Content/Editor/Slate/Fonts/NanumGothicBold.ttf' (4188K)
[2019.05.27-10.30.59:544][  0]LogSlate: Took 0.000134 seconds to synchronously load lazily loaded font '../../../Engine/Content/Slate/Fonts/Roboto-Bold.ttf' (160K)
[2019.05.27-10.30.59:608][  0]LogRenderer: Reallocating scene render targets to support 1140x572 Format 10 NumSamples 1 (Frame:1).
[2019.05.27-10.30.59:634][  0]LogSlate: Took 0.001630 seconds to synchronously load lazily loaded font '../../../Engine/Content/Slate/Fonts/../../Editor/Slate/Fonts/NanumGothic.ttf' (4243K)
[2019.05.27-10.30.59:745][  0]LogContentBrowser: Native class hierarchy updated for 'HierarchicalLODOutliner' in 0.0003 seconds. Added 0 classes and 0 folders.
[2019.05.27-10.30.59:745][  0]LogLoad: (Engine Initialization) Total time: 8.89 seconds
[2019.05.27-10.30.59:745][  0]LogLoad: (Engine Initialization) Total Blueprint compile time: 0.00 seconds
[2019.05.27-10.30.59:822][  0]LogContentStreaming: Texture pool size now 1000 MB
[2019.05.27-10.31.00:000][  3]LogAssetRegistry: Asset discovery search completed in 5.6940 seconds
[2019.05.27-10.31.00:002][  3]LogCollectionManager: Rebuilt the object cache for 0 collections in 0.000000 seconds (found 0 objects)
[2019.05.27-10.31.00:002][  3]LogCollectionManager: Fixed up redirectors for 0 collections in 0.000079 seconds (updated 0 objects)
[2019.05.27-10.31.02:758][128]LogSlate: FSceneViewport::OnFocusLost() reason 0
[2019.05.27-10.31.02:759][128]LogSlate: Took 0.000172 seconds to synchronously load lazily loaded font '../../../Engine/Content/Editor/Slate/Fonts/FontAwesome.ttf' (139K)
[2019.05.27-10.31.02:780][128]LogSlate: Took 0.000158 seconds to synchronously load lazily loaded font '../../../Engine/Content/Slate/Fonts/Roboto-Light.ttf' (167K)
[2019.05.27-10.31.05:157][413]LogSlate: Took 0.000194 seconds to synchronously load lazily loaded font '../../../Engine/Content/Slate/Fonts/Roboto-Light.ttf' (167K)
[2019.05.27-10.31.16:696][660]LogSlate: Window '콘텐츠 저장' being destroyed
[2019.05.27-10.31.16:718][660]Cmd: OBJ SAVEPACKAGE PACKAGE="/Game/DefaultLevel/DefaultLevel" FILE="B:/Develope/Sourcetree/LostDark/LostDark/Content/DefaultLevel/DefaultLevel.umap" SILENT=true AUTOSAVING=false KEEPDIRTY=false
[2019.05.27-10.31.16:853][660]LogSavePackage: Moving 'B:/Develope/Sourcetree/LostDark/LostDark/Saved/DefaultLevelFEB1607F42FA9BDF40D46EBFDE1F767C.tmp' to 'B:/Develope/Sourcetree/LostDark/LostDark/Content/DefaultLevel/DefaultLevel.umap'
[2019.05.27-10.31.16:873][660]LogFileHelpers: Saving map 'DefaultLevel' took 0.154
[2019.05.27-10.31.21:279][ 25]LogSlate: Window 'Delete Assets' being destroyed
[2019.05.27-10.31.31:217][ 99]LogSlate: Only BGRA pngs, bmps or icos are supported in by External Image Picker
[2019.05.27-10.31.31:296][101]LogTemp: Executing iPhonePackager certificates Engine -bundlename com.YourCompany.LostDark
[2019.05.27-10.31.31:296][101]LogTemp: CWD: C:\Program Files\Epic Games\UE_4.21\Engine\Binaries\DotNET\IOS
[2019.05.27-10.31.31:296][101]LogTemp: Initial Dir: C:\Program Files\Epic Games\UE_4.21
[2019.05.27-10.31.31:296][101]LogTemp: Env CWD: C:\Program Files\Epic Games\UE_4.21\Engine\Binaries\DotNET\IOS
[2019.05.27-10.31.31:296][101]LogTemp: BranchPath = DESKTOP-7NEMS3A/C/Program Files/Epic Games/UE_4.21/Engine/Binaries --- GameBranchPath = DESKTOP-7NEMS3A/C/Program Files/Epic Games/UE_4.21/Engine/Binaries
[2019.05.27-10.31.31:310][102]LogTemp: IPP ERROR: Could not find provision directory 'C:\Users\SungHoon\AppData\Local/Apple Computer/MobileDevice/Provisioning Profiles/'.
[2019.05.27-10.31.42:469][419]LogSlate: Window '프로젝트 세팅' being destroyed
[2019.05.27-10.31.42:473][419]LogSlate: Window '프로젝트 세팅' being destroyed
[2019.05.27-10.31.43:505][541]LogTemp: Repeating last play command: 선택된 뷰포트
[2019.05.27-10.31.43:515][541]LogBlueprintUserMessages: Early PlayInEditor Detection: Level '/Game/DefaultLevel/DefaultLevel.DefaultLevel:PersistentLevel' has LevelScriptBlueprint '/Game/DefaultLevel/DefaultLevel.DefaultLevel:PersistentLevel.DefaultLevel' with GeneratedClass '/Game/DefaultLevel/DefaultLevel.DefaultLevel_C' with ClassGeneratedBy '/Game/DefaultLevel/DefaultLevel.DefaultLevel:PersistentLevel.DefaultLevel'
[2019.05.27-10.31.43:515][541]LogPlayLevel: PlayLevel: No blueprints needed recompiling
[2019.05.27-10.31.43:515][541]PIE: New page: PIE 세션: DefaultLevel (2019. 5. 28. 오전 4:31:43)
[2019.05.27-10.31.43:527][541]LogLinker: Warning: '/Game/YJ/Blueprints/GameInstance' 파일을 찾을 수 없습니다.
[2019.05.27-10.31.43:527][541]LogLinker: Warning: '/Game/YJ/Blueprints/GameInstance' 파일을 찾을 수 없습니다.
[2019.05.27-10.31.43:527][541]LogUObjectGlobals: Warning: 'Class /Game/YJ/Blueprints/GameInstance.GameInstance_C' 오브젝트를 찾는 데 실패했습니다.
[2019.05.27-10.31.43:527][541]LogPlayLevel: Creating play world package: /Game/DefaultLevel/UEDPIE_0_DefaultLevel
[2019.05.27-10.31.43:530][541]LogPlayLevel: PIE: StaticDuplicateObject took: (0.002392s)
[2019.05.27-10.31.43:531][541]LogAIModule: Creating AISystem for world DefaultLevel
[2019.05.27-10.31.43:531][541]LogPlayLevel: PIE: World Init took: (0.000690s)
[2019.05.27-10.31.43:531][541]LogPlayLevel: PIE: Created PIE world by copying editor world from /Game/DefaultLevel/DefaultLevel.DefaultLevel to /Game/DefaultLevel/UEDPIE_0_DefaultLevel.DefaultLevel (0.003322s)
[2019.05.27-10.31.43:578][541]LogInit: XAudio2 using '스피커(High Definition Audio 장치)' : 2 channels at 48 kHz using 16 bits per sample (channel mask 0x3)
[2019.05.27-10.31.43:597][541]LogInit: FAudioDevice initialized.
[2019.05.27-10.31.43:640][541]LogLoad: Game class is 'BackupGameModeBase'
[2019.05.27-10.31.43:642][541]LogWorld: Bringing World /Game/DefaultLevel/UEDPIE_0_DefaultLevel.DefaultLevel up for play (max tick rate 0) at 2019.05.27-19.31.43
[2019.05.27-10.31.43:642][541]LogWorld: Bringing up level for play took: 0.000568
[2019.05.27-10.31.43:660][541]LogContentBrowser: Native class hierarchy updated for 'MovieSceneCapture' in 0.0004 seconds. Added 20 classes and 0 folders.
[2019.05.27-10.31.43:662][541]PIE: /Game/DefaultLevel/UEDPIE_0_DefaultLevel 에 대한 에디터에서 플레이 시작 시간: 0.43
[2019.05.27-10.31.43:662][541]LogBlueprintUserMessages: Late PlayInEditor Detection: Level '/Game/DefaultLevel/DefaultLevel.DefaultLevel:PersistentLevel' has LevelScriptBlueprint '/Game/DefaultLevel/DefaultLevel.DefaultLevel:PersistentLevel.DefaultLevel' with GeneratedClass '/Game/DefaultLevel/DefaultLevel.DefaultLevel_C' with ClassGeneratedBy '/Game/DefaultLevel/DefaultLevel.DefaultLevel:PersistentLevel.DefaultLevel'
[2019.05.27-10.31.48:595][130]LogBlueprintUserMessages: Early EndPlayMap Detection: Level '/Game/DefaultLevel/DefaultLevel.DefaultLevel:PersistentLevel' has LevelScriptBlueprint '/Game/DefaultLevel/DefaultLevel.DefaultLevel:PersistentLevel.DefaultLevel' with GeneratedClass '/Game/DefaultLevel/DefaultLevel.DefaultLevel_C' with ClassGeneratedBy '/Game/DefaultLevel/DefaultLevel.DefaultLevel:PersistentLevel.DefaultLevel'
[2019.05.27-10.31.48:595][130]LogSlate: Updating window title bar state: overlay mode, drag disabled, window buttons hidden, title bar hidden
[2019.05.27-10.31.48:629][130]LogPlayLevel: Display: Shutting down PIE online subsystems
[2019.05.27-10.31.48:630][130]LogBlueprintUserMessages: Late EndPlayMap Detection: Level '/Game/DefaultLevel/DefaultLevel.DefaultLevel:PersistentLevel' has LevelScriptBlueprint '/Game/DefaultLevel/DefaultLevel.DefaultLevel:PersistentLevel.DefaultLevel' with GeneratedClass '/Game/DefaultLevel/DefaultLevel.DefaultLevel_C' with ClassGeneratedBy '/Game/DefaultLevel/DefaultLevel.DefaultLevel:PersistentLevel.DefaultLevel'
[2019.05.27-10.31.48:653][130]LogSlate: Updating window title bar state: overlay mode, drag disabled, window buttons hidden, title bar hidden
[2019.05.27-10.31.48:698][135]LogPlayLevel: Display: Destroying online subsystem :Context_3
[2019.05.27-10.31.51:708][495]LogSlate: FSceneViewport::OnFocusLost() reason 0
[2019.05.27-10.31.59:926][432]LogAIModule: Creating AISystem for world YR_DefaultLevel
[2019.05.27-10.31.59:929][432]LogAssetEditorManager: Opening Asset editor for World /Game/YR/Maps/YR_DefaultLevel.YR_DefaultLevel
[2019.05.27-10.31.59:954][432]Cmd: MAP LOAD FILE="B:/Develope/Sourcetree/LostDark/LostDark/Content/YR/Maps/YR_DefaultLevel.umap" TEMPLATE=0 SHOWPROGRESS=1 FEATURELEVEL=3
[2019.05.27-10.31.59:954][432]LightingResults: New page: 라이팅 빌드
[2019.05.27-10.31.59:955][432]LoadErrors: New page: 맵 로드중: YR_DefaultLevel.umap
[2019.05.27-10.31.59:955][432]MapCheck: New page: 맵 체크
[2019.05.27-10.31.59:955][432]LightingResults: New page: 라이팅 빌드
[2019.05.27-10.32.00:076][432]LogEditorServer: Finished looking for orphan Actors (0.000 secs)
[2019.05.27-10.32.00:121][432]Cmd: MAP CHECKDEP NOCLEARLOG
[2019.05.27-10.32.00:121][432]MapCheck: 맵 체크 완료: 오류 0 회, 경고 0 회, 소요 시간 0.092ms.
[2019.05.27-10.32.00:121][432]LogFileHelpers: Loading map 'YR_DefaultLevel' took 0.168
[2019.05.27-10.32.00:623][469]LogTemp: Repeating last play command: 선택된 뷰포트
[2019.05.27-10.32.00:632][469]LogBlueprintUserMessages: Early PlayInEditor Detection: Level '/Game/YR/Maps/YR_DefaultLevel.YR_DefaultLevel:PersistentLevel' has LevelScriptBlueprint '/Game/YR/Maps/YR_DefaultLevel.YR_DefaultLevel:PersistentLevel.YR_DefaultLevel' with GeneratedClass '/Game/YR/Maps/YR_DefaultLevel.YR_DefaultLevel_C' with ClassGeneratedBy '/Game/YR/Maps/YR_DefaultLevel.YR_DefaultLevel:PersistentLevel.YR_DefaultLevel'
[2019.05.27-10.32.00:633][469]LogPlayLevel: PlayLevel: No blueprints needed recompiling
[2019.05.27-10.32.00:633][469]PIE: New page: PIE 세션: YR_DefaultLevel (2019. 5. 28. 오전 4:32:00)
[2019.05.27-10.32.00:633][469]LogPlayLevel: Creating play world package: /Game/YR/Maps/UEDPIE_0_YR_DefaultLevel
[2019.05.27-10.32.00:636][469]LogPlayLevel: PIE: StaticDuplicateObject took: (0.003236s)
[2019.05.27-10.32.00:637][469]LogAIModule: Creating AISystem for world YR_DefaultLevel
[2019.05.27-10.32.00:637][469]LogPlayLevel: PIE: World Init took: (0.000500s)
[2019.05.27-10.32.00:637][469]LogPlayLevel: PIE: Created PIE world by copying editor world from /Game/YR/Maps/YR_DefaultLevel.YR_DefaultLevel to /Game/YR/Maps/UEDPIE_0_YR_DefaultLevel.YR_DefaultLevel (0.003921s)
[2019.05.27-10.32.00:687][469]LogInit: XAudio2 using '스피커(High Definition Audio 장치)' : 2 channels at 48 kHz using 16 bits per sample (channel mask 0x3)
[2019.05.27-10.32.00:750][469]LogInit: FAudioDevice initialized.
[2019.05.27-10.32.00:788][469]LogLoad: Game class is 'LostDarkGameMode'
[2019.05.27-10.32.00:789][469]LogWorld: Bringing World /Game/YR/Maps/UEDPIE_0_YR_DefaultLevel.YR_DefaultLevel up for play (max tick rate 0) at 2019.05.27-19.32.00
[2019.05.27-10.32.00:791][469]LogWorld: Bringing up level for play took: 0.002429
[2019.05.27-10.32.00:815][469]LogTemp: Warning: Enroll Attack Montage
[2019.05.27-10.32.00:815][469]LogScript: Warning: Script Msg: Divide by zero detected: 0.000000 / 0
Script call stack:
	Function /Game/SH/Animations/GS_AnimBlueprint.GS_AnimBlueprint_C:BlueprintUpdateAnimation
	Function /Game/SH/Animations/GS_AnimBlueprint.GS_AnimBlueprint_C:ExecuteUbergraph_GS_AnimBlueprint

[2019.05.27-10.32.00:816][469]LostDark: Error: UGSCharacterStatComponent::SetNewLevel(54) ASSERTION : 'nullptr != LDGameInstance'
[2019.05.27-10.32.00:816][469]LostDark: Error: ALDPlayerState::SetCharacterLevel(131) ASSERTION : 'nullptr != LDGameInstance'
[2019.05.27-10.32.06:468][469]LogWindows: Error: === Critical error: ===
[2019.05.27-10.32.06:468][469]LogWindows: Error: 
[2019.05.27-10.32.06:468][469]LogWindows: Error: Fatal error!
[2019.05.27-10.32.06:468][469]LogWindows: Error: 
[2019.05.27-10.32.06:468][469]LogWindows: Error: Unhandled Exception: EXCEPTION_ACCESS_VIOLATION reading address 0x00000018
[2019.05.27-10.32.06:468][469]LogWindows: Error: 
[2019.05.27-10.32.06:468][469]LogWindows: Error: [Callstack] 0x00007ffa3a76cdc8 UE4Editor-LostDark.dll!ALDPlayerState::GetExpRatio() [b:\develope\sourcetree\lostdark\lostdark\source\lostdark\private\ldplayerstate.cpp:82]
[2019.05.27-10.32.06:468][469]LogWindows: Error: [Callstack] 0x00007ffa3a76c7ca UE4Editor-LostDark.dll!ULDHUDWidget::UpdatePlayerState() [b:\develope\sourcetree\lostdark\lostdark\source\lostdark\private\ldhudwidget.cpp:62]
[2019.05.27-10.32.06:468][469]LogWindows: Error: [Callstack] 0x00007ffa3a76a904 UE4Editor-LostDark.dll!TBaseUObjectMethodDelegateInstance<0,ULDHUDWidget,void __cdecl(void)>::ExecuteIfSafe() [c:\program files\epic games\ue_4.21\engine\source\runtime\core\public\delegates\delegateinstancesimpl.h:679]
[2019.05.27-10.32.06:468][469]LogWindows: Error: [Callstack] 0x00007ffa3a75ac43 UE4Editor-LostDark.dll!TBaseMulticastDelegate<void>::Broadcast() [c:\program files\epic games\ue_4.21\engine\source\runtime\core\public\delegates\delegatesignatureimpl.inl:974]
[2019.05.27-10.32.06:468][469]LogWindows: Error: [Callstack] 0x00007ffa3a77b630 UE4Editor-LostDark.dll!ALostDarkPlayerController::BeginPlay() [b:\develope\sourcetree\lostdark\lostdark\source\lostdark\private\lostdarkplayercontroller.cpp:69]
[2019.05.27-10.32.06:468][469]LogWindows: Error: [Callstack] 0x00007ffa4a703c95 UE4Editor-Engine.dll!AActor::DispatchBeginPlay() [d:\build\++ue4\sync\engine\source\runtime\engine\private\actor.cpp:3230]
[2019.05.27-10.32.06:468][469]LogWindows: Error: [Callstack] 0x00007ffa4bb5060c UE4Editor-Engine.dll!AWorldSettings::NotifyBeginPlay() [d:\build\++ue4\sync\engine\source\runtime\engine\private\worldsettings.cpp:251]
[2019.05.27-10.32.06:468][469]LogWindows: Error: [Callstack] 0x00007ffa4af0eb41 UE4Editor-Engine.dll!AGameStateBase::HandleBeginPlay() [d:\build\++ue4\sync\engine\source\runtime\engine\private\gamestatebase.cpp:177]
[2019.05.27-10.32.06:468][469]LogWindows: Error: [Callstack] 0x00007ffa4baf865e UE4Editor-Engine.dll!UWorld::BeginPlay() [d:\build\++ue4\sync\engine\source\runtime\engine\private\world.cpp:3737]
[2019.05.27-10.32.06:468][469]LogWindows: Error: [Callstack] 0x00007ffa4aeac1f1 UE4Editor-Engine.dll!UGameInstance::StartPlayInEditorGameInstance() [d:\build\++ue4\sync\engine\source\runtime\engine\private\gameinstance.cpp:408]
[2019.05.27-10.32.06:468][469]LogWindows: Error: [Callstack] 0x00007ffa497bac89 UE4Editor-UnrealEd.dll!UEditorEngine::CreatePIEGameInstance() [d:\build\++ue4\sync\engine\source\editor\unrealed\private\playlevel.cpp:3324]
[2019.05.27-10.32.06:468][469]LogWindows: Error: [Callstack] 0x00007ffa497db350 UE4Editor-UnrealEd.dll!UEditorEngine::PlayInEditor() [d:\build\++ue4\sync\engine\source\editor\unrealed\private\playlevel.cpp:2451]
[2019.05.27-10.32.06:468][469]LogWindows: Error: [Callstack] 0x00007ffa497f92e6 UE4Editor-UnrealEd.dll!UEditorEngine::StartQueuedPlayMapRequest() [d:\build\++ue4\sync\engine\source\editor\unrealed\private\playlevel.cpp:1270]
[2019.05.27-10.32.06:468][469]LogWindows: Error: [Callstack] 0x00007ffa491f1891 UE4Editor-UnrealEd.dll!UEditorEngine::Tick() [d:\build\++ue4\sync\engine\source\editor\unrealed\private\editorengine.cpp:1640]
[2019.05.27-10.32.06:468][469]LogWindows: Error: [Callstack] 0x00007ffa49b12346 UE4Editor-UnrealEd.dll!UUnrealEdEngine::Tick() [d:\build\++ue4\sync\engine\source\editor\unrealed\private\unrealedengine.cpp:403]
[2019.05.27-10.32.06:468][469]LogWindows: Error: [Callstack] 0x00007ff6462e6225 UE4Editor.exe!FEngineLoop::Tick() [d:\build\++ue4\sync\engine\source\runtime\launch\private\launchengineloop.cpp:3699]
[2019.05.27-10.32.06:468][469]LogWindows: Error: [Callstack] 0x00007ff6462f596c UE4Editor.exe!GuardedMain() [d:\build\++ue4\sync\engine\source\runtime\launch\private\launch.cpp:174]
[2019.05.27-10.32.06:468][469]LogWindows: Error: [Callstack] 0x00007ff6462f59ea UE4Editor.exe!GuardedMainWrapper() [d:\build\++ue4\sync\engine\source\runtime\launch\private\windows\launchwindows.cpp:145]
[2019.05.27-10.32.06:468][469]LogWindows: Error: [Callstack] 0x00007ff6463048da UE4Editor.exe!WinMain() [d:\build\++ue4\sync\engine\source\runtime\launch\private\windows\launchwindows.cpp:276]
[2019.05.27-10.32.06:468][469]LogWindows: Error: [Callstack] 0x00007ff64630659a UE4Editor.exe!__scrt_common_main_seh() [f:\dd\vctools\crt\vcstartup\src\startup\exe_common.inl:283]
[2019.05.27-10.32.06:468][469]LogWindows: Error: [Callstack] 0x00007ffa91847974 KERNEL32.DLL!UnknownFunction []
[2019.05.27-10.32.06:468][469]LogWindows: Error: [Callstack] 0x00007ffa9418a271 ntdll.dll!UnknownFunction []
[2019.05.27-10.32.06:468][469]LogWindows: Error: 
[2019.05.27-10.32.06:485][469]LogExit: Executing StaticShutdownAfterError
[2019.05.27-10.32.06:488][469]LogWindows: FPlatformMisc::RequestExit(1)
[2019.05.27-10.32.06:489][469]Log file closed, 05/27/19 19:32:06
