Log file open, 05/29/19 10:41:33
LogWindows: Failed to load 'aqProf.dll' (GetLastError=126)
LogWindows: File 'aqProf.dll' does not exist
LogWindows: Failed to load 'VtuneApi.dll' (GetLastError=126)
LogWindows: File 'VtuneApi.dll' does not exist
LogWindows: Failed to load 'VtuneApi32e.dll' (GetLastError=126)
LogWindows: File 'VtuneApi32e.dll' does not exist
LogConsoleResponse: Display: Failed to find resolution value strings in scalability ini. Falling back to default.
LogInit: Display: Running engine for game: LostDark
LogPakFile: Registered encryption key '00000000000000000000000000000000': 0 pak files mounted, 0 remain pending
LogPlatformFile: Not using cached read wrapper
LogTaskGraph: Started task graph with 5 named threads and 14 total threads with 3 sets of task threads.
LogStats: Stats thread started at 0.752281
LogD3D11RHI: Loaded GFSDK_Aftermath_Lib.x64.dll
LogICUInternationalization: ICU TimeZone Detection - Raw Offset: +9:00, Platform Override: ''
LogPluginManager: Mounting plugin Paper2D
LogPluginManager: Mounting plugin AISupport
LogPluginManager: Mounting plugin LightPropagationVolume
LogPluginManager: Mounting plugin ActorLayerUtilities
LogPluginManager: Mounting plugin CLionSourceCodeAccess
LogPluginManager: Mounting plugin CodeLiteSourceCodeAccess
LogPluginManager: Mounting plugin GitSourceControl
LogPluginManager: Mounting plugin KDevelopSourceCodeAccess
LogPluginManager: Mounting plugin NullSourceCodeAccess
LogPluginManager: Mounting plugin PerforceSourceControl
LogPluginManager: Mounting plugin SubversionSourceControl
LogPluginManager: Mounting plugin UObjectPlugin
LogPluginManager: Mounting plugin VisualStudioCodeSourceCodeAccess
LogPluginManager: Mounting plugin VisualStudioSourceCodeAccess
LogPluginManager: Mounting plugin XCodeSourceCodeAccess
LogPluginManager: Mounting plugin AssetManagerEditor
LogPluginManager: Mounting plugin CryptoKeys
LogPluginManager: Mounting plugin DataValidation
LogPluginManager: Mounting plugin FacialAnimation
LogPluginManager: Mounting plugin GameplayTagsEditor
LogPluginManager: Mounting plugin MacGraphicsSwitching
LogPluginManager: Mounting plugin MeshEditor
LogPluginManager: Mounting plugin MobileLauncherProfileWizard
LogPluginManager: Mounting plugin PluginBrowser
LogPluginManager: Mounting plugin SpeedTreeImporter
LogPluginManager: Mounting plugin DatasmithContent
LogPluginManager: Mounting plugin VariantManagerContent
LogPluginManager: Mounting plugin AlembicImporter
LogPluginManager: Mounting plugin AppleImageUtils
LogPluginManager: Mounting plugin AppleVision
LogPluginManager: Mounting plugin BackChannel
LogPluginManager: Mounting plugin CharacterAI
LogPluginManager: Mounting plugin GeometryCache
LogPluginManager: Mounting plugin HTML5Networking
LogPluginManager: Mounting plugin ProxyLODPlugin
LogPluginManager: Mounting plugin MagicLeap
LogPluginManager: Mounting plugin MagicLeapMedia
LogPluginManager: Mounting plugin AndroidMedia
LogPluginManager: Mounting plugin AvfMedia
LogPluginManager: Mounting plugin ImgMedia
LogPluginManager: Mounting plugin LinearTimecode
LogPluginManager: Mounting plugin MediaCompositing
LogPluginManager: Mounting plugin MediaPlayerEditor
LogPluginManager: Mounting plugin WebMMedia
LogPluginManager: Mounting plugin WmfMedia
LogPluginManager: Mounting plugin TcpMessaging
LogPluginManager: Mounting plugin UdpMessaging
LogPluginManager: Mounting plugin ActorSequence
LogPluginManager: Mounting plugin LevelSequenceEditor
LogPluginManager: Mounting plugin MatineeToLevelSequence
LogPluginManager: Mounting plugin NetcodeUnitTest
LogPluginManager: Mounting plugin NUTUnrealEngine4
LogPluginManager: Mounting plugin OnlineSubsystemGooglePlay
LogPluginManager: Mounting plugin OnlineSubsystemIOS
LogPluginManager: Mounting plugin OnlineSubsystem
LogPluginManager: Mounting plugin OnlineSubsystemNull
LogPluginManager: Mounting plugin OnlineSubsystemUtils
LogPluginManager: Mounting plugin LauncherChunkInstaller
LogPluginManager: Mounting plugin AndroidDeviceProfileSelector
LogPluginManager: Mounting plugin AndroidMoviePlayer
LogPluginManager: Mounting plugin AndroidPermission
LogPluginManager: Mounting plugin AppleMoviePlayer
LogPluginManager: Mounting plugin ArchVisCharacter
LogPluginManager: Mounting plugin AudioCapture
LogPluginManager: Mounting plugin CableComponent
LogPluginManager: Mounting plugin CustomMeshComponent
LogPluginManager: Mounting plugin EditableMesh
LogPluginManager: Mounting plugin ExampleDeviceProfileSelector
LogPluginManager: Mounting plugin Firebase
LogPluginManager: Mounting plugin GoogleCloudMessaging
LogPluginManager: Mounting plugin IOSDeviceProfileSelector
LogPluginManager: Mounting plugin LinuxDeviceProfileSelector
LogPluginManager: Mounting plugin LocationServicesBPLibrary
LogPluginManager: Mounting plugin MobilePatchingUtils
LogPluginManager: Mounting plugin OculusVR
LogPluginManager: Mounting plugin PhysXVehicles
LogPluginManager: Mounting plugin ProceduralMeshComponent
LogPluginManager: Mounting plugin RuntimePhysXCooking
LogPluginManager: Mounting plugin SteamVR
LogPluginManager: Mounting plugin WebMMoviePlayer
LogPluginManager: Mounting plugin WindowsMoviePlayer
LogStreaming: Display: Took  0.321s to configure plugins.
LogInit: Using libcurl 7.55.1-DEV
LogInit:  - built for x86_64-pc-win32
LogInit:  - supports SSL with OpenSSL/1.0.2h
LogInit:  - supports HTTP deflate (compression) using libz 1.2.8
LogInit:  - other features:
LogInit:      CURL_VERSION_SSL
LogInit:      CURL_VERSION_LIBZ
LogInit:      CURL_VERSION_IPV6
LogInit:      CURL_VERSION_ASYNCHDNS
LogInit:      CURL_VERSION_LARGEFILE
LogInit:      CURL_VERSION_IDN
LogInit:  CurlRequestOptions (configurable via config and command line):
LogInit:  - bVerifyPeer = true  - Libcurl will verify peer certificate
LogInit:  - bUseHttpProxy = false  - Libcurl will NOT use HTTP proxy
LogInit:  - bDontReuseConnections = false  - Libcurl will reuse connections
LogInit:  - MaxHostConnections = 16  - Libcurl will limit the number of connections to a host
LogInit:  - LocalHostAddr = Default
LogInit:  - BufferSize = 65536
LogInit: WinSock: version 1.1 (2.2), MaxSocks=32767, MaxUdp=65467
LogInit: Build: ++UE4+Release-4.21-CL-4753647
LogInit: Engine Version: 4.21.2-4753647+++UE4+Release-4.21
LogInit: Compatible Engine Version: 4.21.0-4541578+++UE4+Release-4.21
LogInit: Net CL: 4541578
LogInit: OS: Windows 10 (), CPU:         Intel(R) Core(TM) i5-2500 CPU @ 3.30GHz, GPU: NVIDIA GeForce GTX 560
LogInit: Compiled (64-bit): Jan 19 2019 02:07:31
LogInit: Compiled with Visual C++: 19.13.26129.00
LogInit: Build Configuration: Development
LogInit: Branch Name: ++UE4+Release-4.21
LogInit: Command Line: 
LogInit: Base Directory: C:/Program Files/Epic Games/UE_4.21/Engine/Binaries/Win64/
LogInit: Installed Engine Build: 1
LogDevObjectVersion: Number of dev versions registered: 22
LogDevObjectVersion:   Dev-Blueprints (B0D832E4-1F89-4F0D-ACCF-7EB736FD4AA2): 10
LogDevObjectVersion:   Dev-Build (E1C64328-A22C-4D53-A36C-8E866417BD8C): 0
LogDevObjectVersion:   Dev-Core (375EC13C-06E4-48FB-B500-84F0262A717E): 2
LogDevObjectVersion:   Dev-Editor (E4B068ED-F494-42E9-A231-DA0B2E46BB41): 26
LogDevObjectVersion:   Dev-Framework (CFFC743F-43B0-4480-9391-14DF171D2073): 34
LogDevObjectVersion:   Dev-Mobile (B02B49B5-BB20-44E9-A304-32B752E40360): 2
LogDevObjectVersion:   Dev-Networking (A4E4105C-59A1-49B5-A7C5-40C4547EDFEE): 0
LogDevObjectVersion:   Dev-Online (39C831C9-5AE6-47DC-9A44-9C173E1C8E7C): 0
LogDevObjectVersion:   Dev-Physics (78F01B33-EBEA-4F98-B9B4-84EACCB95AA2): 0
LogDevObjectVersion:   Dev-Platform (6631380F-2D4D-43E0-8009-CF276956A95A): 0
LogDevObjectVersion:   Dev-Rendering (12F88B9F-8875-4AFC-A67C-D90C383ABD29): 27
LogDevObjectVersion:   Dev-Sequencer (7B5AE74C-D270-4C10-A958-57980B212A5A): 9
LogDevObjectVersion:   Dev-VR (D7296918-1DD6-4BDD-9DE2-64A83CC13884): 2
LogDevObjectVersion:   Dev-LoadTimes (C2A15278-BFE7-4AFE-6C17-90FF531DF755): 1
LogDevObjectVersion:   Private-Geometry (6EACA3D4-40EC-4CC1-B786-8BED09428FC5): 3
LogDevObjectVersion:   Dev-AnimPhys (29E575DD-E0A3-4627-9D10-D276232CDCEA): 17
LogDevObjectVersion:   Dev-Anim (AF43A65D-7FD3-4947-9873-3E8ED9C1BB05): 2
LogDevObjectVersion:   Dev-ReflectionCapture (6B266CEC-1EC7-4B8F-A30B-E4D90942FC07): 1
LogDevObjectVersion:   Dev-Automation (0DF73D61-A23F-47EA-B727-89E90C41499A): 1
LogDevObjectVersion:   FortniteMain (601D1886-AC64-4F84-AA16-D3DE0DEAC7D6): 17
LogDevObjectVersion:   Dev-Enterprise (9DFFBCD6-494F-0158-E221-12823C92A888): 4
LogDevObjectVersion:   Dev-Niagara (F2AED0AC-9AFE-416F-8664-AA7FFA26D6FC): 1
LogStreaming: Display: Took  0.002s to delete old logs.
LogInit: Presizing for max 8388607 objects, including 0 objects not considered by GC, pre-allocating 0 bytes for permanent pool.
LogInit: Object subsystem initialized
LogConfig: Setting CVar [[con.DebugEarlyDefault:1]]
LogConfig: Setting CVar [[r.setres:1280x720]]
[2019.05.29-01.41.34:457][  0]LogConfig: Setting CVar [[r.VSync:0]]
[2019.05.29-01.41.34:457][  0]LogConfig: Setting CVar [[r.RHICmdBypass:0]]
[2019.05.29-01.41.34:457][  0]LogConfig: Applying CVar settings from Section [/Script/Engine.RendererSettings] File [E:/LD/LostDark/Saved/Config/Windows/Engine.ini]
[2019.05.29-01.41.34:457][  0]LogConfig: Setting CVar [[r.GPUCrashDebugging:0]]
[2019.05.29-01.41.34:457][  0]LogConfig: Applying CVar settings from Section [/Script/Engine.RendererOverrideSettings] File [E:/LD/LostDark/Saved/Config/Windows/Engine.ini]
[2019.05.29-01.41.34:457][  0]LogConfig: Applying CVar settings from Section [/Script/Engine.StreamingSettings] File [E:/LD/LostDark/Saved/Config/Windows/Engine.ini]
[2019.05.29-01.41.34:457][  0]LogConfig: Setting CVar [[s.MinBulkDataSizeForAsyncLoading:131072]]
[2019.05.29-01.41.34:457][  0]LogConfig: Setting CVar [[s.AsyncLoadingThreadEnabled:0]]
[2019.05.29-01.41.34:457][  0]LogConfig: Setting CVar [[s.EventDrivenLoaderEnabled:1]]
[2019.05.29-01.41.34:457][  0]LogConfig: Setting CVar [[s.WarnIfTimeLimitExceeded:0]]
[2019.05.29-01.41.34:457][  0]LogConfig: Setting CVar [[s.TimeLimitExceededMultiplier:1.5]]
[2019.05.29-01.41.34:457][  0]LogConfig: Setting CVar [[s.TimeLimitExceededMinTime:0.005]]
[2019.05.29-01.41.34:457][  0]LogConfig: Setting CVar [[s.UseBackgroundLevelStreaming:1]]
[2019.05.29-01.41.34:457][  0]LogConfig: Setting CVar [[s.PriorityAsyncLoadingExtraTime:15.0]]
[2019.05.29-01.41.34:457][  0]LogConfig: Setting CVar [[s.LevelStreamingActorsUpdateTimeLimit:5.0]]
[2019.05.29-01.41.34:457][  0]LogConfig: Setting CVar [[s.PriorityLevelStreamingActorsUpdateExtraTime:5.0]]
[2019.05.29-01.41.34:457][  0]LogConfig: Setting CVar [[s.LevelStreamingComponentsRegistrationGranularity:10]]
[2019.05.29-01.41.34:457][  0]LogConfig: Setting CVar [[s.UnregisterComponentsTimeLimit:1.0]]
[2019.05.29-01.41.34:457][  0]LogConfig: Setting CVar [[s.LevelStreamingComponentsUnregistrationGranularity:5]]
[2019.05.29-01.41.34:457][  0]LogConfig: Applying CVar settings from Section [/Script/Engine.GarbageCollectionSettings] File [E:/LD/LostDark/Saved/Config/Windows/Engine.ini]
[2019.05.29-01.41.34:458][  0]LogConfig: Setting CVar [[gc.MaxObjectsNotConsideredByGC:1]]
[2019.05.29-01.41.34:458][  0]LogConfig: Setting CVar [[gc.SizeOfPermanentObjectPool:0]]
[2019.05.29-01.41.34:458][  0]LogConfig: Setting CVar [[gc.FlushStreamingOnGC:0]]
[2019.05.29-01.41.34:458][  0]LogConfig: Setting CVar [[gc.NumRetriesBeforeForcingGC:10]]
[2019.05.29-01.41.34:458][  0]LogConfig: Setting CVar [[gc.AllowParallelGC:1]]
[2019.05.29-01.41.34:458][  0]LogConfig: Setting CVar [[gc.TimeBetweenPurgingPendingKillObjects:61.1]]
[2019.05.29-01.41.34:458][  0]LogConfig: Setting CVar [[gc.MaxObjectsInEditor:8388607]]
[2019.05.29-01.41.34:458][  0]LogConfig: Setting CVar [[gc.IncrementalBeginDestroyEnabled:1]]
[2019.05.29-01.41.34:458][  0]LogConfig: Setting CVar [[gc.CreateGCClusters:1]]
[2019.05.29-01.41.34:458][  0]LogConfig: Setting CVar [[gc.MergeGCClusters:0]]
[2019.05.29-01.41.34:458][  0]LogConfig: Setting CVar [[gc.MinGCClusterSize:5]]
[2019.05.29-01.41.34:458][  0]LogConfig: Setting CVar [[gc.ActorClusteringEnabled:0]]
[2019.05.29-01.41.34:458][  0]LogConfig: Setting CVar [[gc.BlueprintClusteringEnabled:0]]
[2019.05.29-01.41.34:458][  0]LogConfig: Setting CVar [[gc.UseDisregardForGCOnDedicatedServers:0]]
[2019.05.29-01.41.34:458][  0]LogConfig: Applying CVar settings from Section [/Script/Engine.NetworkSettings] File [E:/LD/LostDark/Saved/Config/Windows/Engine.ini]
[2019.05.29-01.41.34:458][  0]LogConfig: Applying CVar settings from Section [/Script/UnrealEd.CookerSettings] File [E:/LD/LostDark/Saved/Config/Windows/Engine.ini]
[2019.05.29-01.41.34:470][  0]LogConfig: Applying CVar settings from Section [ViewDistanceQuality@3] File [E:/LD/LostDark/Saved/Config/Windows/Scalability.ini]
[2019.05.29-01.41.34:470][  0]LogConfig: Setting CVar [[r.SkeletalMeshLODBias:0]]
[2019.05.29-01.41.34:470][  0]LogConfig: Setting CVar [[r.ViewDistanceScale:1.0]]
[2019.05.29-01.41.34:470][  0]LogConfig: Applying CVar settings from Section [AntiAliasingQuality@3] File [E:/LD/LostDark/Saved/Config/Windows/Scalability.ini]
[2019.05.29-01.41.34:470][  0]LogConfig: Setting CVar [[r.PostProcessAAQuality:4]]
[2019.05.29-01.41.34:470][  0]LogConfig: Applying CVar settings from Section [ShadowQuality@3] File [E:/LD/LostDark/Saved/Config/Windows/Scalability.ini]
[2019.05.29-01.41.34:470][  0]LogConfig: Setting CVar [[r.LightFunctionQuality:1]]
[2019.05.29-01.41.34:470][  0]LogConfig: Setting CVar [[r.ShadowQuality:5]]
[2019.05.29-01.41.34:470][  0]LogConfig: Setting CVar [[r.Shadow.CSM.MaxCascades:10]]
[2019.05.29-01.41.34:470][  0]LogConfig: Setting CVar [[r.Shadow.MaxResolution:2048]]
[2019.05.29-01.41.34:470][  0]LogConfig: Setting CVar [[r.Shadow.MaxCSMResolution:2048]]
[2019.05.29-01.41.34:470][  0]LogConfig: Setting CVar [[r.Shadow.RadiusThreshold:0.01]]
[2019.05.29-01.41.34:470][  0]LogConfig: Setting CVar [[r.Shadow.DistanceScale:1.0]]
[2019.05.29-01.41.34:470][  0]LogConfig: Setting CVar [[r.Shadow.CSM.TransitionScale:1.0]]
[2019.05.29-01.41.34:470][  0]LogConfig: Setting CVar [[r.Shadow.PreShadowResolutionFactor:1.0]]
[2019.05.29-01.41.34:470][  0]LogConfig: Setting CVar [[r.DistanceFieldShadowing:1]]
[2019.05.29-01.41.34:470][  0]LogConfig: Setting CVar [[r.DistanceFieldAO:1]]
[2019.05.29-01.41.34:470][  0]LogConfig: Setting CVar [[r.AOQuality:2]]
[2019.05.29-01.41.34:470][  0]LogConfig: Setting CVar [[r.VolumetricFog:1]]
[2019.05.29-01.41.34:470][  0]LogConfig: Setting CVar [[r.VolumetricFog.GridPixelSize:8]]
[2019.05.29-01.41.34:470][  0]LogConfig: Setting CVar [[r.VolumetricFog.GridSizeZ:128]]
[2019.05.29-01.41.34:470][  0]LogConfig: Setting CVar [[r.VolumetricFog.HistoryMissSupersampleCount:4]]
[2019.05.29-01.41.34:470][  0]LogConfig: Setting CVar [[r.LightMaxDrawDistanceScale:1]]
[2019.05.29-01.41.34:470][  0]LogConfig: Setting CVar [[r.CapsuleShadows:1]]
[2019.05.29-01.41.34:471][  0]LogConfig: Applying CVar settings from Section [PostProcessQuality@3] File [E:/LD/LostDark/Saved/Config/Windows/Scalability.ini]
[2019.05.29-01.41.34:471][  0]LogConfig: Setting CVar [[r.MotionBlurQuality:4]]
[2019.05.29-01.41.34:471][  0]LogConfig: Setting CVar [[r.AmbientOcclusionMipLevelFactor:0.4]]
[2019.05.29-01.41.34:471][  0]LogConfig: Setting CVar [[r.AmbientOcclusionMaxQuality:100]]
[2019.05.29-01.41.34:471][  0]LogConfig: Setting CVar [[r.AmbientOcclusionLevels:-1]]
[2019.05.29-01.41.34:471][  0]LogConfig: Setting CVar [[r.AmbientOcclusionRadiusScale:1.0]]
[2019.05.29-01.41.34:471][  0]LogConfig: Setting CVar [[r.DepthOfFieldQuality:2]]
[2019.05.29-01.41.34:471][  0]LogConfig: Setting CVar [[r.RenderTargetPoolMin:400]]
[2019.05.29-01.41.34:471][  0]LogConfig: Setting CVar [[r.LensFlareQuality:2]]
[2019.05.29-01.41.34:471][  0]LogConfig: Setting CVar [[r.SceneColorFringeQuality:1]]
[2019.05.29-01.41.34:471][  0]LogConfig: Setting CVar [[r.EyeAdaptationQuality:2]]
[2019.05.29-01.41.34:471][  0]LogConfig: Setting CVar [[r.BloomQuality:5]]
[2019.05.29-01.41.34:471][  0]LogConfig: Setting CVar [[r.FastBlurThreshold:100]]
[2019.05.29-01.41.34:471][  0]LogConfig: Setting CVar [[r.Upscale.Quality:3]]
[2019.05.29-01.41.34:471][  0]LogConfig: Setting CVar [[r.Tonemapper.GrainQuantization:1]]
[2019.05.29-01.41.34:471][  0]LogConfig: Setting CVar [[r.LightShaftQuality:1]]
[2019.05.29-01.41.34:471][  0]LogConfig: Setting CVar [[r.Filter.SizeScale:1]]
[2019.05.29-01.41.34:471][  0]LogConfig: Setting CVar [[r.Tonemapper.Quality:5]]
[2019.05.29-01.41.34:471][  0]LogConfig: Setting CVar [[r.DOF.Gather.AccumulatorQuality:1        ; higher gathering accumulator quality]]
[2019.05.29-01.41.34:471][  0]LogConfig: Setting CVar [[r.DOF.Gather.PostfilterMethod:1          ; Median3x3 postfilering method]]
[2019.05.29-01.41.34:471][  0]LogConfig: Setting CVar [[r.DOF.Gather.EnableBokehSettings:0       ; no bokeh simulation when gathering]]
[2019.05.29-01.41.34:471][  0]LogConfig: Setting CVar [[r.DOF.Gather.RingCount:4                 ; medium number of samples when gathering]]
[2019.05.29-01.41.34:471][  0]LogConfig: Setting CVar [[r.DOF.Scatter.ForegroundCompositing:1    ; additive foreground scattering]]
[2019.05.29-01.41.34:471][  0]LogConfig: Setting CVar [[r.DOF.Scatter.BackgroundCompositing:2    ; additive background scattering]]
[2019.05.29-01.41.34:471][  0]LogConfig: Setting CVar [[r.DOF.Scatter.EnableBokehSettings:1      ; bokeh simulation when scattering]]
[2019.05.29-01.41.34:471][  0]LogConfig: Setting CVar [[r.DOF.Scatter.MaxSpriteRatio:0.1         ; only a maximum of 10% of scattered bokeh]]
[2019.05.29-01.41.34:471][  0]LogConfig: Setting CVar [[r.DOF.Recombine.Quality:1                ; cheap slight out of focus]]
[2019.05.29-01.41.34:471][  0]LogConfig: Setting CVar [[r.DOF.Recombine.EnableBokehSettings:0    ; no bokeh simulation on slight out of focus]]
[2019.05.29-01.41.34:472][  0]LogConfig: Setting CVar [[r.DOF.TemporalAAQuality:1                ; more stable temporal accumulation]]
[2019.05.29-01.41.34:472][  0]LogConfig: Setting CVar [[r.DOF.Kernel.MaxForegroundRadius:0.025]]
[2019.05.29-01.41.34:472][  0]LogConfig: Setting CVar [[r.DOF.Kernel.MaxBackgroundRadius:0.025]]
[2019.05.29-01.41.34:472][  0]LogConfig: Applying CVar settings from Section [TextureQuality@3] File [E:/LD/LostDark/Saved/Config/Windows/Scalability.ini]
[2019.05.29-01.41.34:472][  0]LogConfig: Setting CVar [[r.Streaming.MipBias:0]]
[2019.05.29-01.41.34:472][  0]LogConfig: Setting CVar [[r.Streaming.AmortizeCPUToGPUCopy:0]]
[2019.05.29-01.41.34:472][  0]LogConfig: Setting CVar [[r.Streaming.MaxNumTexturesToStreamPerFrame:0]]
[2019.05.29-01.41.34:472][  0]LogConfig: Setting CVar [[r.Streaming.Boost:1]]
[2019.05.29-01.41.34:472][  0]LogConfig: Setting CVar [[r.MaxAnisotropy:8]]
[2019.05.29-01.41.34:472][  0]LogConfig: Setting CVar [[r.Streaming.LimitPoolSizeToVRAM:0]]
[2019.05.29-01.41.34:472][  0]LogConfig: Setting CVar [[r.Streaming.PoolSize:1000]]
[2019.05.29-01.41.34:472][  0]LogConfig: Setting CVar [[r.Streaming.MaxEffectiveScreenSize:0]]
[2019.05.29-01.41.34:472][  0]LogConfig: Applying CVar settings from Section [EffectsQuality@3] File [E:/LD/LostDark/Saved/Config/Windows/Scalability.ini]
[2019.05.29-01.41.34:472][  0]LogConfig: Setting CVar [[r.TranslucencyLightingVolumeDim:64]]
[2019.05.29-01.41.34:472][  0]LogConfig: Setting CVar [[r.RefractionQuality:2]]
[2019.05.29-01.41.34:472][  0]LogConfig: Setting CVar [[r.SSR.Quality:3]]
[2019.05.29-01.41.34:472][  0]LogConfig: Setting CVar [[r.SceneColorFormat:4]]
[2019.05.29-01.41.34:472][  0]LogConfig: Setting CVar [[r.DetailMode:2]]
[2019.05.29-01.41.34:472][  0]LogConfig: Setting CVar [[r.TranslucencyVolumeBlur:1]]
[2019.05.29-01.41.34:472][  0]LogConfig: Setting CVar [[r.MaterialQualityLevel:1 ; High quality]]
[2019.05.29-01.41.34:472][  0]LogConfig: Setting CVar [[r.SSS.Scale:1]]
[2019.05.29-01.41.34:472][  0]LogConfig: Setting CVar [[r.SSS.SampleSet:2]]
[2019.05.29-01.41.34:472][  0]LogConfig: Setting CVar [[r.SSS.Quality:1]]
[2019.05.29-01.41.34:472][  0]LogConfig: Setting CVar [[r.SSS.HalfRes:1]]
[2019.05.29-01.41.34:472][  0]LogConfig: Setting CVar [[r.EmitterSpawnRateScale:1.0]]
[2019.05.29-01.41.34:472][  0]LogConfig: Setting CVar [[r.ParticleLightQuality:2]]
[2019.05.29-01.41.34:472][  0]LogConfig: Applying CVar settings from Section [FoliageQuality@3] File [E:/LD/LostDark/Saved/Config/Windows/Scalability.ini]
[2019.05.29-01.41.34:472][  0]LogConfig: Setting CVar [[foliage.DensityScale:1.0]]
[2019.05.29-01.41.34:472][  0]LogConfig: Setting CVar [[grass.DensityScale:1.0]]
[2019.05.29-01.41.34:473][  0]LogInit: Selected Device Profile: [Windows]
[2019.05.29-01.41.34:473][  0]LogInit: Applying CVar settings loaded from the selected device profile: [Windows]
[2019.05.29-01.41.34:515][  0]LogHAL: Display: Platform has ~ 8 GB [8565673984 / 8589934592 / 8], which maps to Default [LargestMinGB=32, LargerMinGB=12, DefaultMinGB=8, SmallerMinGB=6, SmallestMinGB=0)
[2019.05.29-01.41.34:515][  0]LogConfig: Setting CVar [[r.Vulkan.UseRealUBs:1]]
[2019.05.29-01.41.34:515][  0]LogInit: Going up to parent DeviceProfile []
[2019.05.29-01.41.34:515][  0]LogConfig: Applying CVar settings from Section [ViewDistanceQuality@3] File [E:/LD/LostDark/Saved/Config/Windows/Scalability.ini]
[2019.05.29-01.41.34:515][  0]LogConfig: Setting CVar [[r.SkeletalMeshLODBias:0]]
[2019.05.29-01.41.34:515][  0]LogConfig: Setting CVar [[r.ViewDistanceScale:1.0]]
[2019.05.29-01.41.34:515][  0]LogConfig: Applying CVar settings from Section [AntiAliasingQuality@3] File [E:/LD/LostDark/Saved/Config/Windows/Scalability.ini]
[2019.05.29-01.41.34:515][  0]LogConfig: Setting CVar [[r.PostProcessAAQuality:4]]
[2019.05.29-01.41.34:515][  0]LogConfig: Applying CVar settings from Section [ShadowQuality@3] File [E:/LD/LostDark/Saved/Config/Windows/Scalability.ini]
[2019.05.29-01.41.34:515][  0]LogConfig: Setting CVar [[r.LightFunctionQuality:1]]
[2019.05.29-01.41.34:515][  0]LogConfig: Setting CVar [[r.ShadowQuality:5]]
[2019.05.29-01.41.34:515][  0]LogConfig: Setting CVar [[r.Shadow.CSM.MaxCascades:10]]
[2019.05.29-01.41.34:515][  0]LogConfig: Setting CVar [[r.Shadow.MaxResolution:2048]]
[2019.05.29-01.41.34:515][  0]LogConfig: Setting CVar [[r.Shadow.MaxCSMResolution:2048]]
[2019.05.29-01.41.34:515][  0]LogConfig: Setting CVar [[r.Shadow.RadiusThreshold:0.01]]
[2019.05.29-01.41.34:515][  0]LogConfig: Setting CVar [[r.Shadow.DistanceScale:1.0]]
[2019.05.29-01.41.34:516][  0]LogConfig: Setting CVar [[r.Shadow.CSM.TransitionScale:1.0]]
[2019.05.29-01.41.34:516][  0]LogConfig: Setting CVar [[r.Shadow.PreShadowResolutionFactor:1.0]]
[2019.05.29-01.41.34:516][  0]LogConfig: Setting CVar [[r.DistanceFieldShadowing:1]]
[2019.05.29-01.41.34:516][  0]LogConfig: Setting CVar [[r.DistanceFieldAO:1]]
[2019.05.29-01.41.34:516][  0]LogConfig: Setting CVar [[r.AOQuality:2]]
[2019.05.29-01.41.34:516][  0]LogConfig: Setting CVar [[r.VolumetricFog:1]]
[2019.05.29-01.41.34:516][  0]LogConfig: Setting CVar [[r.VolumetricFog.GridPixelSize:8]]
[2019.05.29-01.41.34:516][  0]LogConfig: Setting CVar [[r.VolumetricFog.GridSizeZ:128]]
[2019.05.29-01.41.34:516][  0]LogConfig: Setting CVar [[r.VolumetricFog.HistoryMissSupersampleCount:4]]
[2019.05.29-01.41.34:516][  0]LogConfig: Setting CVar [[r.LightMaxDrawDistanceScale:1]]
[2019.05.29-01.41.34:516][  0]LogConfig: Setting CVar [[r.CapsuleShadows:1]]
[2019.05.29-01.41.34:516][  0]LogConfig: Applying CVar settings from Section [PostProcessQuality@3] File [E:/LD/LostDark/Saved/Config/Windows/Scalability.ini]
[2019.05.29-01.41.34:516][  0]LogConfig: Setting CVar [[r.MotionBlurQuality:4]]
[2019.05.29-01.41.34:516][  0]LogConfig: Setting CVar [[r.AmbientOcclusionMipLevelFactor:0.4]]
[2019.05.29-01.41.34:516][  0]LogConfig: Setting CVar [[r.AmbientOcclusionMaxQuality:100]]
[2019.05.29-01.41.34:516][  0]LogConfig: Setting CVar [[r.AmbientOcclusionLevels:-1]]
[2019.05.29-01.41.34:516][  0]LogConfig: Setting CVar [[r.AmbientOcclusionRadiusScale:1.0]]
[2019.05.29-01.41.34:516][  0]LogConfig: Setting CVar [[r.DepthOfFieldQuality:2]]
[2019.05.29-01.41.34:516][  0]LogConfig: Setting CVar [[r.RenderTargetPoolMin:400]]
[2019.05.29-01.41.34:516][  0]LogConfig: Setting CVar [[r.LensFlareQuality:2]]
[2019.05.29-01.41.34:516][  0]LogConfig: Setting CVar [[r.SceneColorFringeQuality:1]]
[2019.05.29-01.41.34:516][  0]LogConfig: Setting CVar [[r.EyeAdaptationQuality:2]]
[2019.05.29-01.41.34:516][  0]LogConfig: Setting CVar [[r.BloomQuality:5]]
[2019.05.29-01.41.34:516][  0]LogConfig: Setting CVar [[r.FastBlurThreshold:100]]
[2019.05.29-01.41.34:516][  0]LogConfig: Setting CVar [[r.Upscale.Quality:3]]
[2019.05.29-01.41.34:516][  0]LogConfig: Setting CVar [[r.Tonemapper.GrainQuantization:1]]
[2019.05.29-01.41.34:516][  0]LogConfig: Setting CVar [[r.LightShaftQuality:1]]
[2019.05.29-01.41.34:516][  0]LogConfig: Setting CVar [[r.Filter.SizeScale:1]]
[2019.05.29-01.41.34:516][  0]LogConfig: Setting CVar [[r.Tonemapper.Quality:5]]
[2019.05.29-01.41.34:516][  0]LogConfig: Setting CVar [[r.DOF.Gather.AccumulatorQuality:1        ; higher gathering accumulator quality]]
[2019.05.29-01.41.34:516][  0]LogConfig: Setting CVar [[r.DOF.Gather.PostfilterMethod:1          ; Median3x3 postfilering method]]
[2019.05.29-01.41.34:516][  0]LogConfig: Setting CVar [[r.DOF.Gather.EnableBokehSettings:0       ; no bokeh simulation when gathering]]
[2019.05.29-01.41.34:516][  0]LogConfig: Setting CVar [[r.DOF.Gather.RingCount:4                 ; medium number of samples when gathering]]
[2019.05.29-01.41.34:516][  0]LogConfig: Setting CVar [[r.DOF.Scatter.ForegroundCompositing:1    ; additive foreground scattering]]
[2019.05.29-01.41.34:516][  0]LogConfig: Setting CVar [[r.DOF.Scatter.BackgroundCompositing:2    ; additive background scattering]]
[2019.05.29-01.41.34:516][  0]LogConfig: Setting CVar [[r.DOF.Scatter.EnableBokehSettings:1      ; bokeh simulation when scattering]]
[2019.05.29-01.41.34:516][  0]LogConfig: Setting CVar [[r.DOF.Scatter.MaxSpriteRatio:0.1         ; only a maximum of 10% of scattered bokeh]]
[2019.05.29-01.41.34:516][  0]LogConfig: Setting CVar [[r.DOF.Recombine.Quality:1                ; cheap slight out of focus]]
[2019.05.29-01.41.34:516][  0]LogConfig: Setting CVar [[r.DOF.Recombine.EnableBokehSettings:0    ; no bokeh simulation on slight out of focus]]
[2019.05.29-01.41.34:516][  0]LogConfig: Setting CVar [[r.DOF.TemporalAAQuality:1                ; more stable temporal accumulation]]
[2019.05.29-01.41.34:516][  0]LogConfig: Setting CVar [[r.DOF.Kernel.MaxForegroundRadius:0.025]]
[2019.05.29-01.41.34:516][  0]LogConfig: Setting CVar [[r.DOF.Kernel.MaxBackgroundRadius:0.025]]
[2019.05.29-01.41.34:516][  0]LogConfig: Applying CVar settings from Section [TextureQuality@3] File [E:/LD/LostDark/Saved/Config/Windows/Scalability.ini]
[2019.05.29-01.41.34:516][  0]LogConfig: Setting CVar [[r.Streaming.MipBias:0]]
[2019.05.29-01.41.34:517][  0]LogConfig: Setting CVar [[r.Streaming.AmortizeCPUToGPUCopy:0]]
[2019.05.29-01.41.34:517][  0]LogConfig: Setting CVar [[r.Streaming.MaxNumTexturesToStreamPerFrame:0]]
[2019.05.29-01.41.34:517][  0]LogConfig: Setting CVar [[r.Streaming.Boost:1]]
[2019.05.29-01.41.34:517][  0]LogConfig: Setting CVar [[r.MaxAnisotropy:8]]
[2019.05.29-01.41.34:517][  0]LogConfig: Setting CVar [[r.Streaming.LimitPoolSizeToVRAM:0]]
[2019.05.29-01.41.34:517][  0]LogConfig: Setting CVar [[r.Streaming.PoolSize:1000]]
[2019.05.29-01.41.34:517][  0]LogConfig: Setting CVar [[r.Streaming.MaxEffectiveScreenSize:0]]
[2019.05.29-01.41.34:517][  0]LogConfig: Applying CVar settings from Section [EffectsQuality@3] File [E:/LD/LostDark/Saved/Config/Windows/Scalability.ini]
[2019.05.29-01.41.34:517][  0]LogConfig: Setting CVar [[r.TranslucencyLightingVolumeDim:64]]
[2019.05.29-01.41.34:517][  0]LogConfig: Setting CVar [[r.RefractionQuality:2]]
[2019.05.29-01.41.34:517][  0]LogConfig: Setting CVar [[r.SSR.Quality:3]]
[2019.05.29-01.41.34:517][  0]LogConfig: Setting CVar [[r.SceneColorFormat:4]]
[2019.05.29-01.41.34:517][  0]LogConfig: Setting CVar [[r.DetailMode:2]]
[2019.05.29-01.41.34:517][  0]LogConfig: Setting CVar [[r.TranslucencyVolumeBlur:1]]
[2019.05.29-01.41.34:517][  0]LogConfig: Setting CVar [[r.MaterialQualityLevel:1 ; High quality]]
[2019.05.29-01.41.34:517][  0]LogConfig: Setting CVar [[r.SSS.Scale:1]]
[2019.05.29-01.41.34:517][  0]LogConfig: Setting CVar [[r.SSS.SampleSet:2]]
[2019.05.29-01.41.34:517][  0]LogConfig: Setting CVar [[r.SSS.Quality:1]]
[2019.05.29-01.41.34:517][  0]LogConfig: Setting CVar [[r.SSS.HalfRes:1]]
[2019.05.29-01.41.34:517][  0]LogConfig: Setting CVar [[r.EmitterSpawnRateScale:1.0]]
[2019.05.29-01.41.34:517][  0]LogConfig: Setting CVar [[r.ParticleLightQuality:2]]
[2019.05.29-01.41.34:517][  0]LogConfig: Applying CVar settings from Section [FoliageQuality@3] File [E:/LD/LostDark/Saved/Config/Windows/Scalability.ini]
[2019.05.29-01.41.34:517][  0]LogConfig: Setting CVar [[foliage.DensityScale:1.0]]
[2019.05.29-01.41.34:517][  0]LogConfig: Setting CVar [[grass.DensityScale:1.0]]
[2019.05.29-01.41.34:517][  0]LogConfig: Applying CVar settings from Section [Startup] File [../../../Engine/Config/ConsoleVariables.ini]
[2019.05.29-01.41.34:524][  0]LogConfig: Setting CVar [[net.UseAdaptiveNetUpdateFrequency:0]]
[2019.05.29-01.41.34:524][  0]LogConfig: Applying CVar settings from Section [ConsoleVariables] File [E:/LD/LostDark/Saved/Config/Windows/Engine.ini]
[2019.05.29-01.41.34:526][  0]LogInit: Computer: DESKTOP-6TE68PK
[2019.05.29-01.41.34:526][  0]LogInit: User: Gyun
[2019.05.29-01.41.34:526][  0]LogInit: CPU Page size=4096, Cores=4
[2019.05.29-01.41.34:526][  0]LogInit: High frequency timer resolution =10.000000 MHz
[2019.05.29-01.41.34:526][  0]LogMemory: Memory total: Physical=8.0GB (8GB approx)
[2019.05.29-01.41.34:526][  0]LogMemory: Platform Memory Stats for Windows
[2019.05.29-01.41.34:526][  0]LogMemory: Process Physical Memory: 104.05 MB used, 104.05 MB peak
[2019.05.29-01.41.34:526][  0]LogMemory: Process Virtual Memory: 99.10 MB used, 99.10 MB peak
[2019.05.29-01.41.34:526][  0]LogMemory: Physical Memory: 2149.50 MB used,  6019.36 MB free, 8168.86 MB total
[2019.05.29-01.41.34:526][  0]LogMemory: Virtual Memory: 4644.97 MB used,  134213080.00 MB free, 134217728.00 MB total
[2019.05.29-01.41.34:642][  0]LogInit: Using OS detected language (ko-KR).
[2019.05.29-01.41.34:642][  0]LogInit: Using OS detected locale (ko-KR).
[2019.05.29-01.41.34:646][  0]LogTextLocalizationManager: No specific localization for 'ko-KR' exists, so the 'ko' localization will be used.
[2019.05.29-01.41.35:242][  0]LogStreaming: Display: Took  0.600s to InitEngineTextLocalization.
[2019.05.29-01.41.35:242][  0]LogInit: Setting process to per monitor DPI aware
[2019.05.29-01.41.35:372][  0]LogSlate: New Slate User Created.  User Index 0, Is Virtual User: 0
[2019.05.29-01.41.35:372][  0]LogSlate: Slate User Registered.  User Index 0, Is Virtual User: 0
[2019.05.29-01.41.37:929][  0]LogHMD: Failed to initialize OpenVR with code 110
[2019.05.29-01.41.37:929][  0]LogD3D11RHI: D3D11 adapters:
[2019.05.29-01.41.38:119][  0]LogD3D11RHI:    0. 'NVIDIA GeForce GTX 560' (Feature Level 11_0)
[2019.05.29-01.41.38:120][  0]LogD3D11RHI:       969/0/4084 MB DedicatedVideo/DedicatedSystem/SharedSystem, Outputs:1, VendorId:0x10de
[2019.05.29-01.41.38:124][  0]LogD3D11RHI:    1. 'Microsoft Basic Render Driver' (Feature Level 11_0)
[2019.05.29-01.41.38:124][  0]LogD3D11RHI:       0/0/4084 MB DedicatedVideo/DedicatedSystem/SharedSystem, Outputs:0, VendorId:0x1414
[2019.05.29-01.41.38:125][  0]LogD3D11RHI: Chosen D3D11 Adapter: 0
[2019.05.29-01.41.38:130][  0]LogD3D11RHI: Creating new Direct3DDevice
[2019.05.29-01.41.38:130][  0]LogD3D11RHI:     GPU DeviceId: 0x1201 (for the marketing name, search the web for "GPU Device Id")
[2019.05.29-01.41.38:130][  0]LogWindows: EnumDisplayDevices:
[2019.05.29-01.41.38:131][  0]LogWindows:    0. 'NVIDIA GeForce GTX 560' (P:1 D:1)
[2019.05.29-01.41.38:133][  0]LogWindows:    1. 'NVIDIA GeForce GTX 560' (P:0 D:0)
[2019.05.29-01.41.38:135][  0]LogWindows: DebugString: FoundDriverCount:2 
[2019.05.29-01.41.38:135][  0]LogD3D11RHI:     Adapter Name: NVIDIA GeForce GTX 560
[2019.05.29-01.41.38:135][  0]LogD3D11RHI:   Driver Version: 391.35 (internal:23.21.13.9135, unified:391.35)
[2019.05.29-01.41.38:135][  0]LogD3D11RHI:      Driver Date: 3-23-2018
[2019.05.29-01.41.38:135][  0]LogRHI: Texture pool is 678 MB (70% of 969 MB)
[2019.05.29-01.41.38:189][  0]LogD3D11RHI: Display: Timestamp queries are currently disabled on this hardware due to instability. Realtime GPU stats will not be available. You can override this behaviour by setting r.NVIDIATimestampWorkaround to 0
[2019.05.29-01.41.38:189][  0]LogD3D11RHI: Async texture creation enabled
[2019.05.29-01.41.38:210][  0]LogD3D11RHI: GPU Timing Frequency: 1000.000000 (Debug: 2 2)
[2019.05.29-01.41.39:013][  0]LogTemp: Display: Loaded TP AllDesktopTargetPlatform
[2019.05.29-01.41.39:032][  0]LogTemp: Display: Loaded TP MacClientTargetPlatform
[2019.05.29-01.41.39:051][  0]LogTemp: Display: Loaded TP MacNoEditorTargetPlatform
[2019.05.29-01.41.39:071][  0]LogTemp: Display: Loaded TP MacServerTargetPlatform
[2019.05.29-01.41.39:095][  0]LogTemp: Display: Loaded TP MacTargetPlatform
[2019.05.29-01.41.39:115][  0]LogTemp: Display: Loaded TP WindowsClientTargetPlatform
[2019.05.29-01.41.39:134][  0]LogTemp: Display: Loaded TP WindowsNoEditorTargetPlatform
[2019.05.29-01.41.39:153][  0]LogTemp: Display: Loaded TP WindowsServerTargetPlatform
[2019.05.29-01.41.39:164][  0]LogTemp: Display: Loaded TP WindowsTargetPlatform
[2019.05.29-01.41.39:265][  0]LogTemp: Display: Loaded TP AndroidTargetPlatform
[2019.05.29-01.41.39:266][  0]LogTemp: Display: Loaded TP AndroidTargetPlatform
[2019.05.29-01.41.39:266][  0]LogTemp: Display: Loaded TP AndroidTargetPlatform
[2019.05.29-01.41.39:266][  0]LogTemp: Display: Loaded TP AndroidTargetPlatform
[2019.05.29-01.41.39:266][  0]LogTemp: Display: Loaded TP AndroidTargetPlatform
[2019.05.29-01.41.39:266][  0]LogTemp: Display: Loaded TP AndroidTargetPlatform
[2019.05.29-01.41.39:266][  0]LogTemp: Display: Loaded TP AndroidTargetPlatform
[2019.05.29-01.41.39:266][  0]LogTemp: Display: Loaded TP AndroidTargetPlatform
[2019.05.29-01.41.39:266][  0]LogTemp: Display: Loaded TP AndroidTargetPlatform
[2019.05.29-01.41.39:266][  0]LogTemp: Display: Loaded TP AndroidTargetPlatform
[2019.05.29-01.41.39:266][  0]LogTemp: Display: Loaded TP AndroidTargetPlatform
[2019.05.29-01.41.39:266][  0]LogTemp: Display: Loaded TP AndroidTargetPlatform
[2019.05.29-01.41.39:266][  0]LogTemp: Display: Loaded TP AndroidTargetPlatform
[2019.05.29-01.41.39:266][  0]LogTemp: Display: Loaded TP AndroidTargetPlatform
[2019.05.29-01.41.39:266][  0]LogTemp: Display: Loaded TP AndroidTargetPlatform
[2019.05.29-01.41.39:266][  0]LogTemp: Display: Loaded TP AndroidTargetPlatform
[2019.05.29-01.41.39:266][  0]LogTemp: Display: Loaded TP AndroidTargetPlatform
[2019.05.29-01.41.39:266][  0]LogTemp: Display: Loaded TP AndroidTargetPlatform
[2019.05.29-01.41.39:270][  0]LogTemp: Display: Loaded TP HTML5TargetPlatform
[2019.05.29-01.41.39:352][  0]LogTemp: Display: Loaded TP IOSTargetPlatform
[2019.05.29-01.41.39:352][  0]LogTemp: Display: Loaded TP IOSTargetPlatform
[2019.05.29-01.41.39:383][  0]LogTemp: Display: Loaded TP TVOSTargetPlatform
[2019.05.29-01.41.39:383][  0]LogTemp: Display: Loaded TP TVOSTargetPlatform
[2019.05.29-01.41.39:401][  0]LogTemp: Display: Loaded TP LinuxClientTargetPlatform
[2019.05.29-01.41.39:419][  0]LogTemp: Display: Loaded TP LinuxNoEditorTargetPlatform
[2019.05.29-01.41.39:437][  0]LogTemp: Display: Loaded TP LinuxServerTargetPlatform
[2019.05.29-01.41.39:466][  0]LogTemp: Display: Loaded TP LinuxTargetPlatform
[2019.05.29-01.41.39:529][  0]LogTemp: Display: Loaded TP LuminTargetPlatform
[2019.05.29-01.41.39:529][  0]LogTemp: Display: Loaded TP LuminTargetPlatform
[2019.05.29-01.41.39:529][  0]LogTargetPlatformManager: Display: Building Assets For Windows
[2019.05.29-01.41.39:674][  0]LogShaderCompilers: Guid format shader working directory is 30 characters bigger than the processId version (E:/LD/LostDark/Intermediate/Shaders/WorkingDirectory/10836/).
[2019.05.29-01.41.39:674][  0]LogShaderCompilers: Cleaned the shader compiler working directory 'C:/Users/Gyun/AppData/Local/Temp/UnrealShaderWorkingDir/FDF11CCD4307B66D1452CAA9B2FF2911/'.
[2019.05.29-01.41.39:678][  0]LogXGEController: Cleaning working directory: C:/Users/Gyun/AppData/Local/Temp/UnrealXGEWorkingDir/
[2019.05.29-01.41.39:679][  0]LogXGEController: Cannot use XGE Controller as Incredibuild is not installed on this machine.
[2019.05.29-01.41.39:679][  0]LogShaderCompilers: Cannot use XGE Shader Compiler as Incredibuild is not installed on this machine.
[2019.05.29-01.41.39:679][  0]LogShaderCompilers: Display: Using Local Shader Compiler.
[2019.05.29-01.41.41:703][  0]LogDerivedDataCache: Display: Max Cache Size: 512 MB
[2019.05.29-01.41.42:023][  0]LogDerivedDataCache: Loaded boot cache 0.32s 121MB C:/Users/Gyun/AppData/Local/UnrealEngine/4.21/DerivedDataCache/Boot.ddc.
[2019.05.29-01.41.42:023][  0]LogDerivedDataCache: Display: Loaded Boot cache: C:/Users/Gyun/AppData/Local/UnrealEngine/4.21/DerivedDataCache/Boot.ddc
[2019.05.29-01.41.42:023][  0]LogDerivedDataCache: FDerivedDataBackendGraph:  Pak pak cache file E:/LD/LostDark/DerivedDataCache/DDC.ddp not found, will not use a pak cache.
[2019.05.29-01.41.42:023][  0]LogDerivedDataCache: Unable to find inner node Pak for hierarchical cache Hierarchy.
[2019.05.29-01.41.42:024][  0]LogDerivedDataCache: FDerivedDataBackendGraph:  CompressedPak pak cache file E:/LD/LostDark/DerivedDataCache/Compressed.ddp not found, will not use a pak cache.
[2019.05.29-01.41.42:024][  0]LogDerivedDataCache: Unable to find inner node CompressedPak for hierarchical cache Hierarchy.
[2019.05.29-01.41.42:048][  0]LogDerivedDataCache: Display: Pak cache opened for reading ../../../Engine/DerivedDataCache/Compressed.ddp.
[2019.05.29-01.41.42:061][  0]LogDerivedDataCache: Display: Pak cache opened for reading ../../../Enterprise/DerivedDataCache/Compressed.ddp.
[2019.05.29-01.41.42:074][  0]LogDerivedDataCache: Using Local data cache path C:/Users/Gyun/AppData/Local/UnrealEngine/Common/DerivedDataCache: Writable
[2019.05.29-01.41.42:074][  0]LogDerivedDataCache: Shared data cache path not found in *engine.ini, will not use an Shared cache.
[2019.05.29-01.41.42:074][  0]LogDerivedDataCache: Unable to find inner node Shared for hierarchical cache Hierarchy.
[2019.05.29-01.41.42:103][  0]LogMaterial: Verifying Global Shaders for PCD3D_SM5
[2019.05.29-01.41.42:105][  0]LogSlate: Using FreeType 2.6.0
[2019.05.29-01.41.42:115][  0]LogSlate: SlateFontServices - WITH_FREETYPE: 1, WITH_HARFBUZZ: 1
[2019.05.29-01.41.42:511][  0]LogAssetRegistry: FAssetRegistry took 0.0377 seconds to start up
[2019.05.29-01.41.42:996][  0]LogInit: Selected Device Profile: [Windows]
[2019.05.29-01.41.43:328][  0]LogSimplygon: Simplygon DLL not present - disabling.
[2019.05.29-01.41.43:348][  0]LogMeshReduction: Using SimplygonSwarm for distributed automatic mesh merging
[2019.05.29-01.41.43:349][  0]LogMeshReduction: Using ProxyLODMeshReduction for automatic mesh merging
[2019.05.29-01.41.43:350][  0]LogMeshReduction: Using QuadricMeshReduction for automatic static mesh reduction
[2019.05.29-01.41.43:350][  0]LogMeshReduction: No automatic skeletal mesh reduction module available
[2019.05.29-01.41.43:402][  0]LogNetVersion: LostDark 1.0.0, NetCL: 4541578, EngineNetVer: 5, GameNetVer: 0 (Checksum: 1003383482)
[2019.05.29-01.41.44:782][  0]LogPackageLocalizationCache: Processed 11 localized package path(s) for 2 prioritized culture(s) in 0.120113 seconds
[2019.05.29-01.41.44:789][  0]LogUObjectArray: 39775 objects as part of root set at end of initial load.
[2019.05.29-01.41.44:789][  0]LogUObjectAllocator: 6914656 out of 0 bytes used by permanent object pool.
[2019.05.29-01.41.44:789][  0]LogUObjectArray: CloseDisregardForGC: 0/0 objects in disregard for GC pool
[2019.05.29-01.41.49:092][  0]LogTcpMessaging: Initializing TcpMessaging bridge
[2019.05.29-01.41.49:109][  0]LogUdpMessaging: Initializing bridge on interface 0.0.0.0:0 to multicast group 230.0.0.1:6666.
[2019.05.29-01.41.51:005][  0]LogTemp: Warning: Enroll Attack Montage
[2019.05.29-01.41.58:672][  0]LogTemp: Warning: Enroll Attack Montage
[2019.05.29-01.41.58:694][  0]LogTemp: Warning: Enroll Attack Montage
[2019.05.29-01.41.58:731][  0]LogTemp: Warning: Enroll Attack Montage
[2019.05.29-01.41.59:079][  0]LostDark: Error: ASectionTest::ASectionTest(58) Success GateMeshs :+XGate
[2019.05.29-01.41.59:080][  0]LostDark: Error: ASectionTest::ASectionTest(58) Success GateMeshs :-XGate
[2019.05.29-01.41.59:080][  0]LostDark: Error: ASectionTest::ASectionTest(58) Success GateMeshs :+YGate
[2019.05.29-01.41.59:080][  0]LostDark: Error: ASectionTest::ASectionTest(58) Success GateMeshs :-YGate
[2019.05.29-01.41.59:569][  0]SourceControl: 소스 컨트롤이 꺼졌습니다.
[2019.05.29-01.41.59:570][  0]SourceControl: 소스 컨트롤이 꺼졌습니다.
[2019.05.29-01.41.59:579][  0]SourceControl: 소스 컨트롤이 꺼졌습니다.
[2019.05.29-01.41.59:583][  0]SourceControl: 소스 컨트롤이 꺼졌습니다.
[2019.05.29-01.41.59:940][  0]LogAndroidPermission: UAndroidPermissionCallbackProxy::GetInstance
[2019.05.29-01.42.00:237][  0]LogOcInput: OculusInput pre-init called
[2019.05.29-01.42.00:522][  0]LogEngine: Initializing Engine...
[2019.05.29-01.42.00:524][  0]LogHMD: Failed to initialize OpenVR with code 110
[2019.05.29-01.42.00:528][  0]LogStats: UGameplayTagsManager::ConstructGameplayTagTree: ImportINI prefixes -  0.000 s
[2019.05.29-01.42.00:528][  0]LogStats: UGameplayTagsManager::ConstructGameplayTagTree: Construct from data asset -  0.000 s
[2019.05.29-01.42.00:528][  0]LogStats: UGameplayTagsManager::ConstructGameplayTagTree: ImportINI -  0.000 s
[2019.05.29-01.42.00:528][  0]LogStats: UGameplayTagsManager::ConstructGameplayTagTree: GameplayTagTreeChangedEvent.Broadcast -  0.000 s
[2019.05.29-01.42.01:024][  0]LogInit: Initializing FReadOnlyCVARCache
[2019.05.29-01.42.01:051][  0]LogAIModule: Creating AISystem for world Untitled
[2019.05.29-01.42.01:136][  0]LogInit: XAudio2 using '스피커(2- High Definition Audio 장치)' : 2 channels at 44.1 kHz using 16 bits per sample (channel mask 0x3)
[2019.05.29-01.42.01:244][  0]LogInit: FAudioDevice initialized.
[2019.05.29-01.42.01:245][  0]LogNetVersion: Set ProjectVersion to 2.0.0.0. Version Checksum will be recalculated on next use.
[2019.05.29-01.42.01:369][  0]LogDerivedDataCache: Saved boot cache 0.12s 121MB C:/Users/Gyun/AppData/Local/UnrealEngine/4.21/DerivedDataCache/Boot.ddc.
[2019.05.29-01.42.01:377][  0]LogInit: Texture streaming: Enabled
[2019.05.29-01.42.01:412][  0]LogEngineSessionManager: EngineSessionManager initialized
[2019.05.29-01.42.01:436][  0]LogInit: Transaction tracking system initialized
[2019.05.29-01.42.01:499][  0]BlueprintLog: New page: 에디터 로드
[2019.05.29-01.42.01:846][  0]LocalizationService: 현지화 서비스가 비활성화되었습니다.
[2019.05.29-01.42.02:903][  0]LogCook: Display: Max memory allowance for cook 16384mb min free memory 0mb
[2019.05.29-01.42.02:904][  0]LogCook: Display: Mobile HDR setting 1
[2019.05.29-01.42.02:904][  0]LogGameplayTags: Display: UGameplayTagsManager::DoneAddingNativeTags. DelegateIsBound: 0
[2019.05.29-01.42.02:904][  0]LogStats: UGameplayTagsManager::ConstructGameplayTagTree: ImportINI prefixes -  0.000 s
[2019.05.29-01.42.02:904][  0]LogStats: UGameplayTagsManager::ConstructGameplayTagTree: Construct from data asset -  0.000 s
[2019.05.29-01.42.02:904][  0]LogStats: UGameplayTagsManager::ConstructGameplayTagTree: ImportINI -  0.000 s
[2019.05.29-01.42.02:904][  0]LogStats: UGameplayTagsManager::ConstructGameplayTagTree: GameplayTagTreeChangedEvent.Broadcast -  0.000 s
[2019.05.29-01.42.03:258][  0]LogFileCache: Scanning file cache for directory 'E:/LD/LostDark/Content/' took 0.13s
[2019.05.29-01.42.03:285][  0]SourceControl: 소스 컨트롤이 꺼졌습니다.
[2019.05.29-01.42.03:285][  0]Cmd: MAP LOAD FILE="E:/LD/LostDark/Content/DefaultLevel/DefaultLevel.umap" TEMPLATE=0 SHOWPROGRESS=1 FEATURELEVEL=3
[2019.05.29-01.42.03:301][  0]LightingResults: New page: 라이팅 빌드
[2019.05.29-01.42.03:308][  0]MapCheck: New page: 맵 체크
[2019.05.29-01.42.03:308][  0]LightingResults: New page: 라이팅 빌드
[2019.05.29-01.42.03:521][  0]LogAIModule: Creating AISystem for world DefaultLevel
[2019.05.29-01.42.03:540][  0]LogEditorServer: Finished looking for orphan Actors (0.000 secs)
[2019.05.29-01.42.03:566][  0]Cmd: MAP CHECKDEP NOCLEARLOG
[2019.05.29-01.42.03:566][  0]MapCheck: 맵 체크 완료: 오류 0 회, 경고 0 회, 소요 시간 0.128ms.
[2019.05.29-01.42.03:567][  0]LogFileHelpers: Loading map 'DefaultLevel' took 0.281
[2019.05.29-01.42.03:781][  0]LogSlate: Updating window title bar state: overlay mode, drag disabled, window buttons hidden, title bar hidden
[2019.05.29-01.42.03:789][  0]LogSlate: Updating window title bar state: overlay mode, drag disabled, window buttons hidden, title bar hidden
[2019.05.29-01.42.03:798][  0]LogSlate: Updating window title bar state: overlay mode, drag disabled, window buttons hidden, title bar hidden
[2019.05.29-01.42.03:806][  0]LogSlate: Updating window title bar state: overlay mode, drag disabled, window buttons hidden, title bar hidden
[2019.05.29-01.42.03:826][  0]LogCollectionManager: Loaded 0 collections in 0.002744 seconds
[2019.05.29-01.42.03:850][  0]LogFileCache: Scanning file cache for directory 'E:/LD/LostDark/Saved/Collections/' took 0.01s
[2019.05.29-01.42.03:850][  0]LogFileCache: Scanning file cache for directory 'E:/LD/LostDark/Content/Developers/Gyun/Collections/' took 0.00s
[2019.05.29-01.42.03:850][  0]LogFileCache: Scanning file cache for directory 'E:/LD/LostDark/Content/Collections/' took 0.00s
[2019.05.29-01.42.03:850][  0]LogCollectionManager: Rebuilt the GUID cache for 0 collections in 0.000000 seconds
[2019.05.29-01.42.03:864][  0]LogContentBrowser: Native class hierarchy populated in 0.0135 seconds. Added 2678 classes and 625 folders.
[2019.05.29-01.42.03:880][  0]LogContentBrowser: Native class hierarchy updated for 'WidgetCarousel' in 0.0005 seconds. Added 0 classes and 0 folders.
[2019.05.29-01.42.03:895][  0]LogPakFile: Registered encryption key '00000000000000000000000000000000': 0 pak files mounted, 0 remain pending
[2019.05.29-01.42.03:904][  0]LogPakFile: Registered encryption key '00000000000000000000000000000000': 0 pak files mounted, 0 remain pending
[2019.05.29-01.42.03:921][  0]LogPakFile: Registered encryption key '00000000000000000000000000000000': 0 pak files mounted, 0 remain pending
[2019.05.29-01.42.03:928][  0]LogPakFile: Registered encryption key '00000000000000000000000000000000': 0 pak files mounted, 0 remain pending
[2019.05.29-01.42.03:935][  0]LogPakFile: Registered encryption key '00000000000000000000000000000000': 0 pak files mounted, 0 remain pending
[2019.05.29-01.42.03:941][  0]LogPakFile: Registered encryption key '00000000000000000000000000000000': 0 pak files mounted, 0 remain pending
[2019.05.29-01.42.03:947][  0]LogPakFile: Registered encryption key '00000000000000000000000000000000': 0 pak files mounted, 0 remain pending
[2019.05.29-01.42.03:954][  0]LogPakFile: Registered encryption key '00000000000000000000000000000000': 0 pak files mounted, 0 remain pending
[2019.05.29-01.42.03:961][  0]LogPakFile: Registered encryption key '00000000000000000000000000000000': 0 pak files mounted, 0 remain pending
[2019.05.29-01.42.03:969][  0]LogPakFile: Registered encryption key '00000000000000000000000000000000': 0 pak files mounted, 0 remain pending
[2019.05.29-01.42.03:976][  0]LogPakFile: Registered encryption key '00000000000000000000000000000000': 0 pak files mounted, 0 remain pending
[2019.05.29-01.42.03:981][  0]LogPakFile: Registered encryption key '00000000000000000000000000000000': 0 pak files mounted, 0 remain pending
[2019.05.29-01.42.03:989][  0]LogPakFile: Registered encryption key '00000000000000000000000000000000': 0 pak files mounted, 0 remain pending
[2019.05.29-01.42.03:996][  0]LogPakFile: Registered encryption key '00000000000000000000000000000000': 0 pak files mounted, 0 remain pending
[2019.05.29-01.42.04:002][  0]LogPakFile: Registered encryption key '00000000000000000000000000000000': 0 pak files mounted, 0 remain pending
[2019.05.29-01.42.04:008][  0]LogPakFile: Registered encryption key '00000000000000000000000000000000': 0 pak files mounted, 0 remain pending
[2019.05.29-01.42.04:034][  0]LogPakFile: Registered encryption key '00000000000000000000000000000000': 0 pak files mounted, 0 remain pending
[2019.05.29-01.42.04:041][  0]LogPakFile: Registered encryption key '00000000000000000000000000000000': 0 pak files mounted, 0 remain pending
[2019.05.29-01.42.04:052][  0]LogPakFile: Registered encryption key '00000000000000000000000000000000': 0 pak files mounted, 0 remain pending
[2019.05.29-01.42.04:058][  0]LogPakFile: Registered encryption key '00000000000000000000000000000000': 0 pak files mounted, 0 remain pending
[2019.05.29-01.42.04:088][  0]LogPakFile: Registered encryption key '00000000000000000000000000000000': 0 pak files mounted, 0 remain pending
[2019.05.29-01.42.04:095][  0]LogPakFile: Registered encryption key '00000000000000000000000000000000': 0 pak files mounted, 0 remain pending
[2019.05.29-01.42.04:101][  0]LogPakFile: Registered encryption key '00000000000000000000000000000000': 0 pak files mounted, 0 remain pending
[2019.05.29-01.42.04:109][  0]LogPakFile: Registered encryption key '00000000000000000000000000000000': 0 pak files mounted, 0 remain pending
[2019.05.29-01.42.04:116][  0]LogPakFile: Registered encryption key '00000000000000000000000000000000': 0 pak files mounted, 0 remain pending
[2019.05.29-01.42.04:123][  0]LogPakFile: Registered encryption key '00000000000000000000000000000000': 0 pak files mounted, 0 remain pending
[2019.05.29-01.42.04:129][  0]LogPakFile: Registered encryption key '00000000000000000000000000000000': 0 pak files mounted, 0 remain pending
[2019.05.29-01.42.04:137][  0]LogPakFile: Registered encryption key '00000000000000000000000000000000': 0 pak files mounted, 0 remain pending
[2019.05.29-01.42.04:444][  0]LogContentBrowser: Native class hierarchy updated for 'AddContentDialog' in 0.0005 seconds. Added 0 classes and 0 folders.
[2019.05.29-01.42.04:460][  0]LogContentBrowser: Native class hierarchy updated for 'WorldBrowser' in 0.0006 seconds. Added 2 classes and 3 folders.
[2019.05.29-01.42.04:472][  0]LogContentBrowser: Native class hierarchy updated for 'SceneOutliner' in 0.0005 seconds. Added 1 classes and 2 folders.
[2019.05.29-01.42.04:575][  0]LogSlate: Took 0.006131 seconds to synchronously load lazily loaded font '../../../Engine/Content/Slate/Fonts/Roboto-Regular.ttf' (155K)
[2019.05.29-01.42.04:593][  0]LogSlate: Took 0.016882 seconds to synchronously load lazily loaded font '../../../Engine/Content/Editor/Slate/Fonts/NanumGothic.ttf' (4243K)
[2019.05.29-01.42.04:609][  0]LogSlate: Took 0.015507 seconds to synchronously load lazily loaded font '../../../Engine/Content/Editor/Slate/Fonts/NanumGothicBold.ttf' (4188K)
[2019.05.29-01.42.04:615][  0]LogSlate: Took 0.005687 seconds to synchronously load lazily loaded font '../../../Engine/Content/Slate/Fonts/Roboto-Bold.ttf' (160K)
[2019.05.29-01.42.04:845][  0]LogRenderer: Reallocating scene render targets to support 932x556 Format 10 NumSamples 1 (Frame:1).
[2019.05.29-01.42.04:977][  0]LogSlate: Took 0.002490 seconds to synchronously load lazily loaded font '../../../Engine/Content/Slate/Fonts/../../Editor/Slate/Fonts/NanumGothic.ttf' (4243K)
[2019.05.29-01.42.05:251][  0]LogContentBrowser: Native class hierarchy updated for 'HierarchicalLODOutliner' in 0.0010 seconds. Added 0 classes and 0 folders.
[2019.05.29-01.42.05:251][  0]LogLoad: (Engine Initialization) Total time: 37.50 seconds
[2019.05.29-01.42.05:251][  0]LogLoad: (Engine Initialization) Total Blueprint compile time: 0.00 seconds
[2019.05.29-01.42.05:355][  0]LogContentStreaming: Texture pool size now 1000 MB
[2019.05.29-01.42.05:878][  5]LogAssetRegistry: Asset discovery search completed in 23.3901 seconds
[2019.05.29-01.42.05:882][  5]LogCollectionManager: Rebuilt the object cache for 0 collections in 0.000001 seconds (found 0 objects)
[2019.05.29-01.42.05:882][  5]LogCollectionManager: Fixed up redirectors for 0 collections in 0.000088 seconds (updated 0 objects)
[2019.05.29-01.42.10:550][ 19]LogFileCache: Retrieving MD5 hashes for directory 'E:/LD/LostDark/Content/' took 5.26s
[2019.05.29-01.42.18:000][116]LogSlate: FSceneViewport::OnFocusLost() reason 0
[2019.05.29-01.42.18:010][116]LogSlate: Took 0.007438 seconds to synchronously load lazily loaded font '../../../Engine/Content/Editor/Slate/Fonts/FontAwesome.ttf' (139K)
[2019.05.29-01.42.18:054][116]LogSlate: Took 0.006065 seconds to synchronously load lazily loaded font '../../../Engine/Content/Slate/Fonts/Roboto-Light.ttf' (167K)
[2019.05.29-01.42.21:095][435]LogSlate: Took 0.000288 seconds to synchronously load lazily loaded font '../../../Engine/Content/Slate/Fonts/Roboto-Light.ttf' (167K)
[2019.05.29-01.43.25:053][435]LogAIModule: Creating AISystem for world Elemental
[2019.05.29-01.43.25:263][435]LogAssetEditorManager: Opening Asset editor for World /Game/Maps/Elemental.Elemental
[2019.05.29-01.43.25:336][435]Cmd: MAP LOAD FILE="E:/LD/LostDark/Content/Maps/Elemental.umap" TEMPLATE=0 SHOWPROGRESS=1 FEATURELEVEL=3
[2019.05.29-01.43.25:336][435]LightingResults: New page: 라이팅 빌드
[2019.05.29-01.43.25:336][435]LoadErrors: New page: 맵 로드중: Elemental.umap
[2019.05.29-01.43.25:338][435]MapCheck: New page: 맵 체크
[2019.05.29-01.43.25:338][435]LightingResults: New page: 라이팅 빌드
[2019.05.29-01.43.25:592][435]LogSkeletalMesh: USkeletalMeshComponent::InitArticulated : Could not find root physics body: '/Game/Maps/Elemental.Elemental:PersistentLevel.iceGiantDebris_1.SkeletalMeshComponent0'
[2019.05.29-01.43.25:595][435]LogSkeletalMesh: USkeletalMeshComponent::InitArticulated : Could not find root physics body: '/Game/Maps/Elemental.Elemental:PersistentLevel.iceGiantDebris_3.SkeletalMeshComponent0'
[2019.05.29-01.43.25:686][435]LogSkeletalMesh: USkeletalMeshComponent::InitArticulated : Could not find root physics body: '/Game/Maps/Elemental.Elemental:PersistentLevel.iceGiantDebris_6.SkeletalMeshComponent0'
[2019.05.29-01.43.25:816][435]LogStreaming: Display: ULevelStreaming::RequestLevel(/Game/Maps/Throne_ExteriorCastle) is flushing async loading
[2019.05.29-01.43.25:816][435]LogStreaming: Display: Flushing async loaders.
[2019.05.29-01.43.28:519][435]LogStreaming: Display: ULevelStreaming::RequestLevel(/Game/Maps/Throne_Cave) is flushing async loading
[2019.05.29-01.43.31:333][435]LogStreaming: Display: ULevelStreaming::RequestLevel(/Game/Maps/Exterior_01_FX) is flushing async loading
[2019.05.29-01.43.31:372][435]LogStreaming: Display: ULevelStreaming::RequestLevel(/Game/Maps/Landscape) is flushing async loading
[2019.05.29-01.43.39:491][435]LogStreaming: Display: ULevelStreaming::RequestLevel(/Game/JG/Maps/ElvenRuins) is flushing async loading
[2019.05.29-01.43.45:725][435]LogClass: Warning: Enum '/Game/UI_Kit/Blueprints/Objectives/E_ObjectiveType.E_ObjectiveType' was upgraded to use FText to store its display name data. Please re-save this asset to avoid issues with localization and determinstic cooking.
[2019.05.29-01.43.45:749][435]LogClass: Warning: Enum '/Game/UI_Kit/Widgets/Window/ResizeType.ResizeType' was upgraded to use FText to store its display name data. Please re-save this asset to avoid issues with localization and determinstic cooking.
[2019.05.29-01.43.46:082][435]LogBlueprint: Warning: [Compiler MinimapCapture] SceneCapture.MeshComp : 블루프린트에서 보이도록 (BlueprintReadOnly 또는  BlueprintReadWrite) 되어있지 않습니다. 마크업을 수정하거나 접근을 중단하지 않으면, 앞으로 릴리즈에서 오류가 발생할 것입니다.  MeshComp 구하기
[2019.05.29-01.43.46:111][435]LogBlueprint: Warning: [Compiler PrototypeUI_Controller] Set Input Mode Game And UI (Deprecated)  : 폐기되었습니다. Use the new version of Set Input Mode Game And UI instead
[2019.05.29-01.43.46:422][435]LogBlueprint: Warning: [Compiler MinimapCapture] [0138.67] MinimapCapture 컴파일에 성공했습니다만, 경고가 1 회 있습니다. [소요시간 716 ms] (/Game/UI_Kit/Blueprints/MinimapCapture.MinimapCapture)
[2019.05.29-01.43.46:422][435]LogBlueprint: Warning: [Compiler PrototypeUI_Controller] [0138.67] PrototypeUI_Controller 컴파일에 성공했습니다만, 경고가 1 회 있습니다. [소요시간 715 ms] (/Game/UI_Kit/Blueprints/PrototypeUI_Controller.PrototypeUI_Controller)
[2019.05.29-01.43.56:785][435]LogMovieScene: Warning: Legacy data detected in sequence '/Engine/Transient (Unknown sequence)'. This will cause deterministic cooking issues. Please resave the package.
[2019.05.29-01.43.56:786][435]LogMovieScene: Warning: Legacy data detected in sequence '/Engine/Transient (Unknown sequence)'. This will cause deterministic cooking issues. Please resave the package.
[2019.05.29-01.43.56:786][435]LogMovieScene: Warning: Legacy data detected in sequence '/Engine/Transient (Unknown sequence)'. This will cause deterministic cooking issues. Please resave the package.
[2019.05.29-01.43.56:799][435]LogMovieScene: Warning: Legacy data detected in sequence '/Engine/Transient (Complete Objective_INST)'. This will cause deterministic cooking issues. Please resave the package.
[2019.05.29-01.43.56:799][435]LogMovieScene: Warning: Legacy data detected in sequence '/Engine/Transient (New Objective_INST)'. This will cause deterministic cooking issues. Please resave the package.
[2019.05.29-01.43.56:799][435]LogMovieScene: Warning: Legacy data detected in sequence '/Engine/Transient (Fade Border_INST)'. This will cause deterministic cooking issues. Please resave the package.
[2019.05.29-01.43.56:799][435]LogMovieScene: Warning: Legacy data detected in sequence '/Game/UI_Kit/Widgets/Objectives/W_Objective (Unknown sequence)'. This will cause deterministic cooking issues. Please resave the package.
[2019.05.29-01.43.56:799][435]LogMovieScene: Warning: Legacy data detected in sequence '/Game/UI_Kit/Widgets/Objectives/W_Objective (Unknown sequence)'. This will cause deterministic cooking issues. Please resave the package.
[2019.05.29-01.43.56:799][435]LogMovieScene: Warning: Legacy data detected in sequence '/Game/UI_Kit/Widgets/Objectives/W_Objective (Unknown sequence)'. This will cause deterministic cooking issues. Please resave the package.
[2019.05.29-01.43.56:799][435]LogMovieScene: Warning: Legacy data detected in sequence '/Game/UI_Kit/Widgets/Objectives/W_Objective (Complete Objective)'. This will cause deterministic cooking issues. Please resave the package.
[2019.05.29-01.43.56:799][435]LogMovieScene: Warning: Legacy data detected in sequence '/Game/UI_Kit/Widgets/Objectives/W_Objective (Complete Objective)'. This will cause deterministic cooking issues. Please resave the package.
[2019.05.29-01.43.56:799][435]LogMovieScene: Warning: Legacy data detected in sequence '/Game/UI_Kit/Widgets/Objectives/W_Objective (Complete Objective)'. This will cause deterministic cooking issues. Please resave the package.
[2019.05.29-01.43.56:799][435]LogMovieScene: Warning: Legacy data detected in sequence '/Game/UI_Kit/Widgets/Objectives/W_Objective (Complete Objective)'. This will cause deterministic cooking issues. Please resave the package.
[2019.05.29-01.43.56:799][435]LogMovieScene: Warning: Legacy data detected in sequence '/Game/UI_Kit/Widgets/Objectives/W_Objective (Complete Objective)'. This will cause deterministic cooking issues. Please resave the package.
[2019.05.29-01.43.56:799][435]LogMovieScene: Warning: Legacy data detected in sequence '/Game/UI_Kit/Widgets/Objectives/W_Objective (Complete Objective)'. This will cause deterministic cooking issues. Please resave the package.
[2019.05.29-01.43.56:799][435]LogMovieScene: Warning: Legacy data detected in sequence '/Game/UI_Kit/Widgets/Objectives/W_Objective (Complete Objective)'. This will cause deterministic cooking issues. Please resave the package.
[2019.05.29-01.43.56:799][435]LogMovieScene: Warning: Legacy data detected in sequence '/Game/UI_Kit/Widgets/Objectives/W_Objective (Complete Objective)'. This will cause deterministic cooking issues. Please resave the package.
[2019.05.29-01.43.56:799][435]LogMovieScene: Warning: Legacy data detected in sequence '/Game/UI_Kit/Widgets/Objectives/W_Objective (Complete Objective)'. This will cause deterministic cooking issues. Please resave the package.
[2019.05.29-01.43.56:799][435]LogMovieScene: Warning: Legacy data detected in sequence '/Game/UI_Kit/Widgets/Objectives/W_Objective (Complete Objective)'. This will cause deterministic cooking issues. Please resave the package.
[2019.05.29-01.43.56:799][435]LogMovieScene: Warning: Legacy data detected in sequence '/Game/UI_Kit/Widgets/Objectives/W_Objective (Complete Objective)'. This will cause deterministic cooking issues. Please resave the package.
[2019.05.29-01.43.56:800][435]LogMovieScene: Warning: Legacy data detected in sequence '/Game/UI_Kit/Widgets/Objectives/W_Objective (Complete Objective)'. This will cause deterministic cooking issues. Please resave the package.
[2019.05.29-01.43.56:800][435]LogMovieScene: Warning: Legacy data detected in sequence '/Game/UI_Kit/Widgets/Objectives/W_Objective (Complete Objective)'. This will cause deterministic cooking issues. Please resave the package.
[2019.05.29-01.43.56:800][435]LogMovieScene: Warning: Legacy data detected in sequence '/Game/UI_Kit/Widgets/Objectives/W_Objective (Complete Objective)'. This will cause deterministic cooking issues. Please resave the package.
[2019.05.29-01.43.56:800][435]LogMovieScene: Warning: Legacy data detected in sequence '/Game/UI_Kit/Widgets/Objectives/W_Objective (Complete Objective)'. This will cause deterministic cooking issues. Please resave the package.
[2019.05.29-01.43.56:800][435]LogMovieScene: Warning: Legacy data detected in sequence '/Game/UI_Kit/Widgets/Objectives/W_Objective (New Objective)'. This will cause deterministic cooking issues. Please resave the package.
[2019.05.29-01.43.56:800][435]LogMovieScene: Warning: Legacy data detected in sequence '/Game/UI_Kit/Widgets/Objectives/W_Objective (New Objective)'. This will cause deterministic cooking issues. Please resave the package.
[2019.05.29-01.43.56:800][435]LogMovieScene: Warning: Legacy data detected in sequence '/Game/UI_Kit/Widgets/Objectives/W_Objective (New Objective)'. This will cause deterministic cooking issues. Please resave the package.
[2019.05.29-01.43.56:800][435]LogMovieScene: Warning: Legacy data detected in sequence '/Game/UI_Kit/Widgets/Objectives/W_Objective (New Objective)'. This will cause deterministic cooking issues. Please resave the package.
[2019.05.29-01.43.56:800][435]LogMovieScene: Warning: Legacy data detected in sequence '/Game/UI_Kit/Widgets/Objectives/W_Objective (New Objective)'. This will cause deterministic cooking issues. Please resave the package.
[2019.05.29-01.43.56:800][435]LogMovieScene: Warning: Legacy data detected in sequence '/Game/UI_Kit/Widgets/Objectives/W_Objective (New Objective)'. This will cause deterministic cooking issues. Please resave the package.
[2019.05.29-01.43.56:800][435]LogMovieScene: Warning: Legacy data detected in sequence '/Game/UI_Kit/Widgets/Objectives/W_Objective (New Objective)'. This will cause deterministic cooking issues. Please resave the package.
[2019.05.29-01.43.56:800][435]LogMovieScene: Warning: Legacy data detected in sequence '/Game/UI_Kit/Widgets/Objectives/W_Objective (New Objective)'. This will cause deterministic cooking issues. Please resave the package.
[2019.05.29-01.43.56:800][435]LogMovieScene: Warning: Legacy data detected in sequence '/Game/UI_Kit/Widgets/Objectives/W_Objective (New Objective)'. This will cause deterministic cooking issues. Please resave the package.
[2019.05.29-01.43.56:800][435]LogMovieScene: Warning: Legacy data detected in sequence '/Game/UI_Kit/Widgets/Objectives/W_Objective (New Objective)'. This will cause deterministic cooking issues. Please resave the package.
[2019.05.29-01.43.56:800][435]LogMovieScene: Warning: Legacy data detected in sequence '/Game/UI_Kit/Widgets/Objectives/W_Objective (New Objective)'. This will cause deterministic cooking issues. Please resave the package.
[2019.05.29-01.43.56:800][435]LogMovieScene: Warning: Legacy data detected in sequence '/Game/UI_Kit/Widgets/Objectives/W_Objective (New Objective)'. This will cause deterministic cooking issues. Please resave the package.
[2019.05.29-01.43.56:800][435]LogMovieScene: Warning: Legacy data detected in sequence '/Game/UI_Kit/Widgets/Objectives/W_Objective (New Objective)'. This will cause deterministic cooking issues. Please resave the package.
[2019.05.29-01.43.56:800][435]LogMovieScene: Warning: Legacy data detected in sequence '/Game/UI_Kit/Widgets/Objectives/W_Objective (New Objective)'. This will cause deterministic cooking issues. Please resave the package.
[2019.05.29-01.43.56:800][435]LogMovieScene: Warning: Legacy data detected in sequence '/Game/UI_Kit/Widgets/Objectives/W_Objective (New Objective)'. This will cause deterministic cooking issues. Please resave the package.
[2019.05.29-01.43.56:800][435]LogMovieScene: Warning: Legacy data detected in sequence '/Game/UI_Kit/Widgets/Objectives/W_Objective (Fade Border)'. This will cause deterministic cooking issues. Please resave the package.
[2019.05.29-01.43.56:804][435]LogMovieScene: Warning: Legacy data detected in sequence '/Engine/Transient (Complete Objective_INST)'. This will cause deterministic cooking issues. Please resave the package.
[2019.05.29-01.43.56:804][435]LogMovieScene: Warning: Legacy data detected in sequence '/Engine/Transient (Complete Objective_INST)'. This will cause deterministic cooking issues. Please resave the package.
[2019.05.29-01.43.56:804][435]LogMovieScene: Warning: Legacy data detected in sequence '/Engine/Transient (Complete Objective_INST)'. This will cause deterministic cooking issues. Please resave the package.
[2019.05.29-01.43.56:804][435]LogMovieScene: Warning: Legacy data detected in sequence '/Engine/Transient (Complete Objective_INST)'. This will cause deterministic cooking issues. Please resave the package.
[2019.05.29-01.43.56:804][435]LogMovieScene: Warning: Legacy data detected in sequence '/Engine/Transient (New Objective_INST)'. This will cause deterministic cooking issues. Please resave the package.
[2019.05.29-01.43.56:804][435]LogMovieScene: Warning: Legacy data detected in sequence '/Engine/Transient (New Objective_INST)'. This will cause deterministic cooking issues. Please resave the package.
[2019.05.29-01.43.56:804][435]LogMovieScene: Warning: Legacy data detected in sequence '/Engine/Transient (New Objective_INST)'. This will cause deterministic cooking issues. Please resave the package.
[2019.05.29-01.43.56:804][435]LogMovieScene: Warning: Legacy data detected in sequence '/Engine/Transient (New Objective_INST)'. This will cause deterministic cooking issues. Please resave the package.
[2019.05.29-01.43.56:804][435]LogMovieScene: Warning: Legacy data detected in sequence '/Engine/Transient (Complete Objective_INST)'. This will cause deterministic cooking issues. Please resave the package.
[2019.05.29-01.43.56:804][435]LogMovieScene: Warning: Legacy data detected in sequence '/Engine/Transient (Complete Objective_INST)'. This will cause deterministic cooking issues. Please resave the package.
[2019.05.29-01.43.56:804][435]LogMovieScene: Warning: Legacy data detected in sequence '/Engine/Transient (Complete Objective_INST)'. This will cause deterministic cooking issues. Please resave the package.
[2019.05.29-01.43.56:804][435]LogMovieScene: Warning: Legacy data detected in sequence '/Engine/Transient (Complete Objective_INST)'. This will cause deterministic cooking issues. Please resave the package.
[2019.05.29-01.43.56:804][435]LogMovieScene: Warning: Legacy data detected in sequence '/Engine/Transient (Complete Objective_INST)'. This will cause deterministic cooking issues. Please resave the package.
[2019.05.29-01.43.56:805][435]LogMovieScene: Warning: Legacy data detected in sequence '/Engine/Transient (Complete Objective_INST)'. This will cause deterministic cooking issues. Please resave the package.
[2019.05.29-01.43.56:805][435]LogMovieScene: Warning: Legacy data detected in sequence '/Engine/Transient (Complete Objective_INST)'. This will cause deterministic cooking issues. Please resave the package.
[2019.05.29-01.43.56:805][435]LogMovieScene: Warning: Legacy data detected in sequence '/Engine/Transient (Complete Objective_INST)'. This will cause deterministic cooking issues. Please resave the package.
[2019.05.29-01.43.56:805][435]LogMovieScene: Warning: Legacy data detected in sequence '/Engine/Transient (New Objective_INST)'. This will cause deterministic cooking issues. Please resave the package.
[2019.05.29-01.43.56:805][435]LogMovieScene: Warning: Legacy data detected in sequence '/Engine/Transient (New Objective_INST)'. This will cause deterministic cooking issues. Please resave the package.
[2019.05.29-01.43.56:805][435]LogMovieScene: Warning: Legacy data detected in sequence '/Engine/Transient (New Objective_INST)'. This will cause deterministic cooking issues. Please resave the package.
[2019.05.29-01.43.56:805][435]LogMovieScene: Warning: Legacy data detected in sequence '/Engine/Transient (New Objective_INST)'. This will cause deterministic cooking issues. Please resave the package.
[2019.05.29-01.43.56:805][435]LogMovieScene: Warning: Legacy data detected in sequence '/Engine/Transient (New Objective_INST)'. This will cause deterministic cooking issues. Please resave the package.
[2019.05.29-01.43.56:805][435]LogMovieScene: Warning: Legacy data detected in sequence '/Engine/Transient (New Objective_INST)'. This will cause deterministic cooking issues. Please resave the package.
[2019.05.29-01.43.56:805][435]LogMovieScene: Warning: Legacy data detected in sequence '/Engine/Transient (New Objective_INST)'. This will cause deterministic cooking issues. Please resave the package.
[2019.05.29-01.43.56:805][435]LogMovieScene: Warning: Legacy data detected in sequence '/Engine/Transient (New Objective_INST)'. This will cause deterministic cooking issues. Please resave the package.
[2019.05.29-01.43.56:805][435]LogMovieScene: Warning: Legacy data detected in sequence '/Engine/Transient (New Objective_INST)'. This will cause deterministic cooking issues. Please resave the package.
[2019.05.29-01.43.56:805][435]LogMovieScene: Warning: Legacy data detected in sequence '/Engine/Transient (New Objective_INST)'. This will cause deterministic cooking issues. Please resave the package.
[2019.05.29-01.43.56:805][435]LogMovieScene: Warning: Legacy data detected in sequence '/Engine/Transient (Complete Objective_INST)'. This will cause deterministic cooking issues. Please resave the package.
[2019.05.29-01.43.56:806][435]LogMovieScene: Warning: Legacy data detected in sequence '/Engine/Transient (Complete Objective_INST)'. This will cause deterministic cooking issues. Please resave the package.
[2019.05.29-01.43.58:489][435]LogStreaming: Display: ULevelStreaming::RequestLevel(/Game/JG/Maps/Dungeon) is flushing async loading
[2019.05.29-01.44.15:347][435]LogEditorServer: Finished looking for orphan Actors (0.001 secs)
[2019.05.29-01.44.16:122][435]Cmd: MAP CHECKDEP NOCLEARLOG
[2019.05.29-01.44.16:122][435]LogEditorServer: Warning: WorldSettings_1 contains streaming level '/Game/JG/Maps/Dungeon' which isn't loaded.
[2019.05.29-01.44.16:123][435]MapCheck: 맵 체크 완료: 오류 0 회, 경고 0 회, 소요 시간 1.284ms.
[2019.05.29-01.44.16:123][435]LogFileHelpers: Loading map 'Elemental' took 50.788
[2019.05.29-01.44.16:351][436]LogUnrealEdMisc: Warning: Heartbeat event firing too frequently (0.000 sec). This should never happen. Something is wrong with the timer delegate!
[2019.05.29-01.44.19:615][502]LogEditorViewport: Clicking on Actor (context menu): Emitter (Emitter22)
[2019.05.29-01.44.20:299][502]LogSlate: FSceneViewport::OnFocusLost() reason 2
[2019.05.29-01.44.41:728][265]LogSlate: FSceneViewport::OnFocusLost() reason 0
[2019.05.29-01.44.44:611][394]LogTemp: Repeating last play command: 새 에디터 창 (PIE)
[2019.05.29-01.44.44:638][394]LogBlueprintUserMessages: Early PlayInEditor Detection: Level '/Game/Maps/Elemental.Elemental:PersistentLevel' has LevelScriptBlueprint '/Game/Maps/Elemental.Elemental:PersistentLevel.Elemental' with GeneratedClass '/Game/Maps/Elemental.Elemental_C' with ClassGeneratedBy '/Game/Maps/Elemental.Elemental:PersistentLevel.Elemental'
[2019.05.29-01.44.44:638][394]LogBlueprintUserMessages: Early PlayInEditor Detection: Level '/Game/Maps/Throne_ExteriorCastle.Throne_ExteriorCastle:PersistentLevel' has LevelScriptBlueprint '/Game/Maps/Throne_ExteriorCastle.Throne_ExteriorCastle:PersistentLevel.Throne_ExteriorCastle' with GeneratedClass '/Game/Maps/Throne_ExteriorCastle.Throne_ExteriorCastle_C' with ClassGeneratedBy '/Game/Maps/Throne_ExteriorCastle.Throne_ExteriorCastle:PersistentLevel.Throne_ExteriorCastle'
[2019.05.29-01.44.44:638][394]LogBlueprintUserMessages: Early PlayInEditor Detection: Level '/Game/Maps/Throne_Cave.Throne_Cave:PersistentLevel' has LevelScriptBlueprint '/Game/Maps/Throne_Cave.Throne_Cave:PersistentLevel.Throne_Cave' with GeneratedClass '/Game/Maps/Throne_Cave.Throne_Cave_C' with ClassGeneratedBy '/Game/Maps/Throne_Cave.Throne_Cave:PersistentLevel.Throne_Cave'
[2019.05.29-01.44.44:638][394]LogBlueprintUserMessages: Early PlayInEditor Detection: Level '/Game/Maps/Exterior_01_FX.Exterior_01_FX:PersistentLevel' has LevelScriptBlueprint '/Game/Maps/Exterior_01_FX.Exterior_01_FX:PersistentLevel.Exterior_01_FX' with GeneratedClass '/Game/Maps/Exterior_01_FX.Exterior_01_FX_C' with ClassGeneratedBy '/Game/Maps/Exterior_01_FX.Exterior_01_FX:PersistentLevel.Exterior_01_FX'
[2019.05.29-01.44.44:638][394]LogBlueprintUserMessages: Early PlayInEditor Detection: Level '/Game/Maps/Landscape.Landscape:PersistentLevel' has LevelScriptBlueprint '/Game/Maps/Landscape.Landscape:PersistentLevel.Landscape' with GeneratedClass '/Game/Maps/Landscape.Landscape_C' with ClassGeneratedBy '/Game/Maps/Landscape.Landscape:PersistentLevel.Landscape'
[2019.05.29-01.44.44:638][394]LogBlueprintUserMessages: Early PlayInEditor Detection: Level '/Game/JG/Maps/ElvenRuins.ElvenRuins:PersistentLevel' has LevelScriptBlueprint '/Game/JG/Maps/ElvenRuins.ElvenRuins:PersistentLevel.ElvenRuins' with GeneratedClass '/Game/JG/Maps/ElvenRuins.ElvenRuins_C' with ClassGeneratedBy '/Game/JG/Maps/ElvenRuins.ElvenRuins:PersistentLevel.ElvenRuins'
[2019.05.29-01.44.44:639][394]LogBlueprintUserMessages: Early PlayInEditor Detection: Level '/Game/JG/Maps/Dungeon.Dungeon:PersistentLevel' has LevelScriptBlueprint '/Game/JG/Maps/Dungeon.Dungeon:PersistentLevel.Dungeon' with GeneratedClass '/Game/JG/Maps/Dungeon.Dungeon_C' with ClassGeneratedBy '/Game/JG/Maps/Dungeon.Dungeon:PersistentLevel.Dungeon'
[2019.05.29-01.44.44:640][394]LogPlayLevel: PlayLevel: No blueprints needed recompiling
[2019.05.29-01.44.44:643][394]PIE: New page: PIE 세션: Elemental (2019. 5. 29. 오후 7:44:44)
[2019.05.29-01.44.44:665][394]LogPlayLevel: Creating play world package: /Game/Maps/UEDPIE_0_Elemental
[2019.05.29-01.44.45:652][394]LogPlayLevel: PIE: StaticDuplicateObject took: (0.987553s)
[2019.05.29-01.44.45:653][394]LogAIModule: Creating AISystem for world Elemental
[2019.05.29-01.44.45:654][394]LogPlayLevel: PIE: World Init took: (0.001265s)
[2019.05.29-01.44.45:654][394]LogPlayLevel: PIE: Created PIE world by copying editor world from /Game/Maps/Elemental.Elemental to /Game/Maps/UEDPIE_0_Elemental.Elemental (0.989688s)
[2019.05.29-01.44.45:828][394]LogInit: XAudio2 using '스피커(2- High Definition Audio 장치)' : 2 channels at 44.1 kHz using 16 bits per sample (channel mask 0x3)
[2019.05.29-01.44.45:890][394]LogInit: FAudioDevice initialized.
[2019.05.29-01.44.45:907][394]LogSlate: Updating window title bar state: overlay mode, drag disabled, window buttons hidden, title bar hidden
[2019.05.29-01.44.47:803][394]LogLoad: Game class is 'LostDarkGameMode'
[2019.05.29-01.44.48:164][394]LogWorld: Bringing World /Game/Maps/UEDPIE_0_Elemental.Elemental up for play (max tick rate 0) at 2019.05.29-10.44.48
[2019.05.29-01.44.50:972][394]LogWorld: Bringing up level for play took: 3.154587
[2019.05.29-01.44.51:489][394]LogContentBrowser: Native class hierarchy updated for 'MovieSceneCapture' in 0.0185 seconds. Added 20 classes and 0 folders.
[2019.05.29-01.44.51:490][394]LogTemp: Warning: Enroll Attack Montage
[2019.05.29-01.44.51:492][394]LogScript: Warning: Script Msg: Divide by zero detected: -92.812622 / 0
Script call stack:
	Function /Game/SH/Animations/GS_AnimBlueprint.GS_AnimBlueprint_C:BlueprintUpdateAnimation
	Function /Game/SH/Animations/GS_AnimBlueprint.GS_AnimBlueprint_C:ExecuteUbergraph_GS_AnimBlueprint

[2019.05.29-01.44.51:499][394]LostDark: Warning: UGSCharacterStatComponent::SetNewLevel(58) Game Start! CurrentStatData initialize~~~ by GSCharacterStatComponent.cpp
[2019.05.29-01.44.51:541][394]LostDark: Warning: ALDPlayerState::GetExpRatio(87) Ratio : 0.022222, Current : 10, Next : 450
[2019.05.29-01.44.51:543][394]LostDark: Warning: UGSCharacterStatComponent::SetNewLevel(58) Game Start! CurrentStatData initialize~~~ by GSCharacterStatComponent.cpp
[2019.05.29-01.44.51:550][394]PIE: /Game/Maps/UEDPIE_0_Elemental 에 대한 에디터에서 플레이 시작 시간: 6.225
[2019.05.29-01.44.51:559][394]LogBlueprintUserMessages: Late PlayInEditor Detection: Level '/Game/Maps/Elemental.Elemental:PersistentLevel' has LevelScriptBlueprint '/Game/Maps/Elemental.Elemental:PersistentLevel.Elemental' with GeneratedClass '/Game/Maps/Elemental.Elemental_C' with ClassGeneratedBy '/Game/Maps/Elemental.Elemental:PersistentLevel.Elemental'
[2019.05.29-01.44.51:559][394]LogBlueprintUserMessages: Late PlayInEditor Detection: Level '/Game/Maps/Throne_ExteriorCastle.Throne_ExteriorCastle:PersistentLevel' has LevelScriptBlueprint '/Game/Maps/Throne_ExteriorCastle.Throne_ExteriorCastle:PersistentLevel.Throne_ExteriorCastle' with GeneratedClass '/Game/Maps/Throne_ExteriorCastle.Throne_ExteriorCastle_C' with ClassGeneratedBy '/Game/Maps/Throne_ExteriorCastle.Throne_ExteriorCastle:PersistentLevel.Throne_ExteriorCastle'
[2019.05.29-01.44.51:559][394]LogBlueprintUserMessages: Late PlayInEditor Detection: Level '/Game/Maps/Throne_Cave.Throne_Cave:PersistentLevel' has LevelScriptBlueprint '/Game/Maps/Throne_Cave.Throne_Cave:PersistentLevel.Throne_Cave' with GeneratedClass '/Game/Maps/Throne_Cave.Throne_Cave_C' with ClassGeneratedBy '/Game/Maps/Throne_Cave.Throne_Cave:PersistentLevel.Throne_Cave'
[2019.05.29-01.44.51:559][394]LogBlueprintUserMessages: Late PlayInEditor Detection: Level '/Game/Maps/Exterior_01_FX.Exterior_01_FX:PersistentLevel' has LevelScriptBlueprint '/Game/Maps/Exterior_01_FX.Exterior_01_FX:PersistentLevel.Exterior_01_FX' with GeneratedClass '/Game/Maps/Exterior_01_FX.Exterior_01_FX_C' with ClassGeneratedBy '/Game/Maps/Exterior_01_FX.Exterior_01_FX:PersistentLevel.Exterior_01_FX'
[2019.05.29-01.44.51:559][394]LogBlueprintUserMessages: Late PlayInEditor Detection: Level '/Game/Maps/Landscape.Landscape:PersistentLevel' has LevelScriptBlueprint '/Game/Maps/Landscape.Landscape:PersistentLevel.Landscape' with GeneratedClass '/Game/Maps/Landscape.Landscape_C' with ClassGeneratedBy '/Game/Maps/Landscape.Landscape:PersistentLevel.Landscape'
[2019.05.29-01.44.51:559][394]LogBlueprintUserMessages: Late PlayInEditor Detection: Level '/Game/JG/Maps/ElvenRuins.ElvenRuins:PersistentLevel' has LevelScriptBlueprint '/Game/JG/Maps/ElvenRuins.ElvenRuins:PersistentLevel.ElvenRuins' with GeneratedClass '/Game/JG/Maps/ElvenRuins.ElvenRuins_C' with ClassGeneratedBy '/Game/JG/Maps/ElvenRuins.ElvenRuins:PersistentLevel.ElvenRuins'
[2019.05.29-01.44.51:559][394]LogBlueprintUserMessages: Late PlayInEditor Detection: Level '/Game/JG/Maps/Dungeon.Dungeon:PersistentLevel' has LevelScriptBlueprint '/Game/JG/Maps/Dungeon.Dungeon:PersistentLevel.Dungeon' with GeneratedClass '/Game/JG/Maps/Dungeon.Dungeon_C' with ClassGeneratedBy '/Game/JG/Maps/Dungeon.Dungeon:PersistentLevel.Dungeon'
[2019.05.29-01.44.51:761][394]LogRenderer: Reallocating scene render targets to support 1164x680 Format 10 NumSamples 1 (Frame:1).
[2019.05.29-01.44.52:926][398]LogCharacterMovement: Warning: GetSimulationTimeStep() - Max iterations 8 hit while remaining time 0.081692 > MaxSimulationTimeStep (0.050) for 'BP_Golem_withWeapon_2', movement 'Walking'
[2019.05.29-01.44.57:981][415]LogParticles: Warning: Particle Notify: Particle system is null for particle notify 'PlayParticleEffect' in anim: '/Game/ParagonGreystone/Characters/Heroes/Greystone/Animations/LevelStart_Montage.LevelStart_Montage'
[2019.05.29-01.44.58:266][416]LogStreaming: Display: Flushing async loaders.
[2019.05.29-01.44.58:337][416]LogBlueprintUserMessages: Early EndPlayMap Detection: Level '/Game/Maps/Elemental.Elemental:PersistentLevel' has LevelScriptBlueprint '/Game/Maps/Elemental.Elemental:PersistentLevel.Elemental' with GeneratedClass '/Game/Maps/Elemental.Elemental_C' with ClassGeneratedBy '/Game/Maps/Elemental.Elemental:PersistentLevel.Elemental'
[2019.05.29-01.44.58:337][416]LogBlueprintUserMessages: Early EndPlayMap Detection: Level '/Game/Maps/Throne_ExteriorCastle.Throne_ExteriorCastle:PersistentLevel' has LevelScriptBlueprint '/Game/Maps/Throne_ExteriorCastle.Throne_ExteriorCastle:PersistentLevel.Throne_ExteriorCastle' with GeneratedClass '/Game/Maps/Throne_ExteriorCastle.Throne_ExteriorCastle_C' with ClassGeneratedBy '/Game/Maps/Throne_ExteriorCastle.Throne_ExteriorCastle:PersistentLevel.Throne_ExteriorCastle'
[2019.05.29-01.44.58:337][416]LogBlueprintUserMessages: Early EndPlayMap Detection: Level '/Game/Maps/Throne_Cave.Throne_Cave:PersistentLevel' has LevelScriptBlueprint '/Game/Maps/Throne_Cave.Throne_Cave:PersistentLevel.Throne_Cave' with GeneratedClass '/Game/Maps/Throne_Cave.Throne_Cave_C' with ClassGeneratedBy '/Game/Maps/Throne_Cave.Throne_Cave:PersistentLevel.Throne_Cave'
[2019.05.29-01.44.58:337][416]LogBlueprintUserMessages: Early EndPlayMap Detection: Level '/Game/Maps/Exterior_01_FX.Exterior_01_FX:PersistentLevel' has LevelScriptBlueprint '/Game/Maps/Exterior_01_FX.Exterior_01_FX:PersistentLevel.Exterior_01_FX' with GeneratedClass '/Game/Maps/Exterior_01_FX.Exterior_01_FX_C' with ClassGeneratedBy '/Game/Maps/Exterior_01_FX.Exterior_01_FX:PersistentLevel.Exterior_01_FX'
[2019.05.29-01.44.58:337][416]LogBlueprintUserMessages: Early EndPlayMap Detection: Level '/Game/Maps/Landscape.Landscape:PersistentLevel' has LevelScriptBlueprint '/Game/Maps/Landscape.Landscape:PersistentLevel.Landscape' with GeneratedClass '/Game/Maps/Landscape.Landscape_C' with ClassGeneratedBy '/Game/Maps/Landscape.Landscape:PersistentLevel.Landscape'
[2019.05.29-01.44.58:337][416]LogBlueprintUserMessages: Early EndPlayMap Detection: Level '/Game/JG/Maps/ElvenRuins.ElvenRuins:PersistentLevel' has LevelScriptBlueprint '/Game/JG/Maps/ElvenRuins.ElvenRuins:PersistentLevel.ElvenRuins' with GeneratedClass '/Game/JG/Maps/ElvenRuins.ElvenRuins_C' with ClassGeneratedBy '/Game/JG/Maps/ElvenRuins.ElvenRuins:PersistentLevel.ElvenRuins'
[2019.05.29-01.44.58:337][416]LogBlueprintUserMessages: Early EndPlayMap Detection: Level '/Game/JG/Maps/Dungeon.Dungeon:PersistentLevel' has LevelScriptBlueprint '/Game/JG/Maps/Dungeon.Dungeon:PersistentLevel.Dungeon' with GeneratedClass '/Game/JG/Maps/Dungeon.Dungeon_C' with ClassGeneratedBy '/Game/JG/Maps/Dungeon.Dungeon:PersistentLevel.Dungeon'
[2019.05.29-01.44.58:372][416]LogSlate: Updating window title bar state: overlay mode, drag disabled, window buttons hidden, title bar hidden
[2019.05.29-01.44.58:456][416]LogSlate: Window 'REVISION 게임 미리보기 Standalone (64-비트/PCD3D_SM5)' being destroyed
[2019.05.29-01.45.02:232][416]LogWindows: Error: === Critical error: ===
[2019.05.29-01.45.02:232][416]LogWindows: Error: 
[2019.05.29-01.45.02:232][416]LogWindows: Error: Fatal error!
[2019.05.29-01.45.02:232][416]LogWindows: Error: 
[2019.05.29-01.45.02:232][416]LogWindows: Error: Unhandled Exception: EXCEPTION_ACCESS_VIOLATION 0x15ce3bc8
[2019.05.29-01.45.02:232][416]LogWindows: Error: 
[2019.05.29-01.45.02:232][416]LogWindows: Error: [Callstack] 0x000001fc15ce3bc8 UnknownFunction []
[2019.05.29-01.45.02:232][416]LogWindows: Error: [Callstack] 0x00007ffaf4c015d1 UE4Editor-NavigationSystem.dll!UnknownFunction []
[2019.05.29-01.45.02:232][416]LogWindows: Error: [Callstack] 0x00007ffaf4cc138f UE4Editor-NavigationSystem.dll!UnknownFunction []
[2019.05.29-01.45.02:232][416]LogWindows: Error: [Callstack] 0x00007ffaf4cc1d07 UE4Editor-NavigationSystem.dll!UnknownFunction []
[2019.05.29-01.45.02:232][416]LogWindows: Error: [Callstack] 0x00007ffaf4cc1aa0 UE4Editor-NavigationSystem.dll!UnknownFunction []
[2019.05.29-01.45.02:233][416]LogWindows: Error: [Callstack] 0x00007ffaf4cde7e6 UE4Editor-NavigationSystem.dll!UnknownFunction []
[2019.05.29-01.45.02:233][416]LogWindows: Error: [Callstack] 0x00007ffaf4ca1bd8 UE4Editor-NavigationSystem.dll!UnknownFunction []
[2019.05.29-01.45.02:233][416]LogWindows: Error: [Callstack] 0x00007ffafb44ecd0 UE4Editor-Engine.dll!UnknownFunction []
[2019.05.29-01.45.02:233][416]LogWindows: Error: [Callstack] 0x00007ffafb493742 UE4Editor-Engine.dll!UnknownFunction []
[2019.05.29-01.45.02:233][416]LogWindows: Error: [Callstack] 0x00007ffafb05489e UE4Editor-Engine.dll!UnknownFunction []
[2019.05.29-01.45.02:233][416]LogWindows: Error: [Callstack] 0x00007ffafb9410c9 UE4Editor-Engine.dll!UnknownFunction []
[2019.05.29-01.45.02:233][416]LogWindows: Error: [Callstack] 0x00007ffafc429dbe UE4Editor-Engine.dll!UnknownFunction []
[2019.05.29-01.45.02:233][416]LogWindows: Error: [Callstack] 0x00007ffafb9fc48f UE4Editor-Engine.dll!UnknownFunction []
[2019.05.29-01.45.02:233][416]LogWindows: Error: [Callstack] 0x00007ffafc43f1eb UE4Editor-Engine.dll!UnknownFunction []
[2019.05.29-01.45.02:233][416]LogWindows: Error: [Callstack] 0x00007ffafc40c170 UE4Editor-Engine.dll!UnknownFunction []
[2019.05.29-01.45.02:233][416]LogWindows: Error: [Callstack] 0x00007ffaf986a58b UE4Editor-UnrealEd.dll!UnknownFunction []
[2019.05.29-01.45.02:233][416]LogWindows: Error: [Callstack] 0x00007ffaf9830f1b UE4Editor-UnrealEd.dll!UnknownFunction []
[2019.05.29-01.45.02:233][416]LogWindows: Error: [Callstack] 0x00007ffaf9263002 UE4Editor-UnrealEd.dll!UnknownFunction []
[2019.05.29-01.45.02:233][416]LogWindows: Error: [Callstack] 0x00007ffaf9b82346 UE4Editor-UnrealEd.dll!UnknownFunction []
[2019.05.29-01.45.02:233][416]LogWindows: Error: [Callstack] 0x00007ff6490e6225 UE4Editor.exe!UnknownFunction []
[2019.05.29-01.45.02:233][416]LogWindows: Error: [Callstack] 0x00007ff6490f596c UE4Editor.exe!UnknownFunction []
[2019.05.29-01.45.02:233][416]LogWindows: Error: [Callstack] 0x00007ff6490f59ea UE4Editor.exe!UnknownFunction []
[2019.05.29-01.45.02:233][416]LogWindows: Error: [Callstack] 0x00007ff6491048da UE4Editor.exe!UnknownFunction []
[2019.05.29-01.45.02:233][416]LogWindows: Error: [Callstack] 0x00007ff64910659a UE4Editor.exe!UnknownFunction []
[2019.05.29-01.45.02:233][416]LogWindows: Error: [Callstack] 0x00007ffb4a3f7974 KERNEL32.DLL!UnknownFunction []
[2019.05.29-01.45.02:233][416]LogWindows: Error: [Callstack] 0x00007ffb4b5ea271 ntdll.dll!UnknownFunction []
[2019.05.29-01.45.02:234][416]LogWindows: Error: 
[2019.05.29-01.45.02:262][416]LogExit: Executing StaticShutdownAfterError
[2019.05.29-01.45.02:438][416]LogWindows: FPlatformMisc::RequestExit(1)
[2019.05.29-01.45.02:450][416]Log file closed, 05/29/19 10:45:02
