Log file open, 11/20/19 15:33:16
LogWindows: Failed to load 'aqProf.dll' (GetLastError=126)
LogWindows: File 'aqProf.dll' does not exist
LogWindows: Failed to load 'VtuneApi.dll' (GetLastError=126)
LogWindows: File 'VtuneApi.dll' does not exist
LogWindows: Failed to load 'VtuneApi32e.dll' (GetLastError=126)
LogWindows: File 'VtuneApi32e.dll' does not exist
LogConsoleResponse: Display: Failed to find resolution value strings in scalability ini. Falling back to default.
LogInit: Display: Running engine for game: LostDark
LogPakFile: Registered encryption key '00000000000000000000000000000000': 0 pak files mounted, 0 remain pending
LogPlatformFile: Not using cached read wrapper
LogTaskGraph: Started task graph with 5 named threads and 23 total threads with 3 sets of task threads.
LogStats: Stats thread started at 0.300721
LogD3D11RHI: Loaded GFSDK_Aftermath_Lib.x64.dll
LogICUInternationalization: ICU TimeZone Detection - Raw Offset: +9:00, Platform Override: ''
LogPluginManager: Mounting plugin Paper2D
LogPluginManager: Mounting plugin AISupport
LogPluginManager: Mounting plugin LightPropagationVolume
LogPluginManager: Mounting plugin ActorLayerUtilities
LogPluginManager: Mounting plugin CLionSourceCodeAccess
LogPluginManager: Mounting plugin CodeLiteSourceCodeAccess
LogPluginManager: Mounting plugin GitSourceControl
LogPluginManager: Mounting plugin KDevelopSourceCodeAccess
LogPluginManager: Mounting plugin NullSourceCodeAccess
LogPluginManager: Mounting plugin PerforceSourceControl
LogPluginManager: Mounting plugin SubversionSourceControl
LogPluginManager: Mounting plugin UObjectPlugin
LogPluginManager: Mounting plugin VisualStudioCodeSourceCodeAccess
LogPluginManager: Mounting plugin VisualStudioSourceCodeAccess
LogPluginManager: Mounting plugin XCodeSourceCodeAccess
LogPluginManager: Mounting plugin AssetManagerEditor
LogPluginManager: Mounting plugin CryptoKeys
LogPluginManager: Mounting plugin DataValidation
LogPluginManager: Mounting plugin FacialAnimation
LogPluginManager: Mounting plugin GameplayTagsEditor
LogPluginManager: Mounting plugin MacGraphicsSwitching
LogPluginManager: Mounting plugin MeshEditor
LogPluginManager: Mounting plugin MobileLauncherProfileWizard
LogPluginManager: Mounting plugin PluginBrowser
LogPluginManager: Mounting plugin SpeedTreeImporter
LogPluginManager: Mounting plugin DatasmithContent
LogPluginManager: Mounting plugin VariantManagerContent
LogPluginManager: Mounting plugin AlembicImporter
LogPluginManager: Mounting plugin AppleImageUtils
LogPluginManager: Mounting plugin AppleVision
LogPluginManager: Mounting plugin BackChannel
LogPluginManager: Mounting plugin CharacterAI
LogPluginManager: Mounting plugin GeometryCache
LogPluginManager: Mounting plugin HTML5Networking
LogPluginManager: Mounting plugin ProxyLODPlugin
LogPluginManager: Mounting plugin MagicLeap
LogPluginManager: Mounting plugin MagicLeapMedia
LogPluginManager: Mounting plugin AndroidMedia
LogPluginManager: Mounting plugin AvfMedia
LogPluginManager: Mounting plugin ImgMedia
LogPluginManager: Mounting plugin LinearTimecode
LogPluginManager: Mounting plugin MediaCompositing
LogPluginManager: Mounting plugin MediaPlayerEditor
LogPluginManager: Mounting plugin WebMMedia
LogPluginManager: Mounting plugin WmfMedia
LogPluginManager: Mounting plugin TcpMessaging
LogPluginManager: Mounting plugin UdpMessaging
LogPluginManager: Mounting plugin ActorSequence
LogPluginManager: Mounting plugin LevelSequenceEditor
LogPluginManager: Mounting plugin MatineeToLevelSequence
LogPluginManager: Mounting plugin NetcodeUnitTest
LogPluginManager: Mounting plugin NUTUnrealEngine4
LogPluginManager: Mounting plugin OnlineSubsystemGooglePlay
LogPluginManager: Mounting plugin OnlineSubsystemIOS
LogPluginManager: Mounting plugin OnlineSubsystem
LogPluginManager: Mounting plugin OnlineSubsystemNull
LogPluginManager: Mounting plugin OnlineSubsystemUtils
LogPluginManager: Mounting plugin LauncherChunkInstaller
LogPluginManager: Mounting plugin AndroidDeviceProfileSelector
LogPluginManager: Mounting plugin AndroidMoviePlayer
LogPluginManager: Mounting plugin AndroidPermission
LogPluginManager: Mounting plugin AppleMoviePlayer
LogPluginManager: Mounting plugin ArchVisCharacter
LogPluginManager: Mounting plugin AudioCapture
LogPluginManager: Mounting plugin CableComponent
LogPluginManager: Mounting plugin CustomMeshComponent
LogPluginManager: Mounting plugin EditableMesh
LogPluginManager: Mounting plugin ExampleDeviceProfileSelector
LogPluginManager: Mounting plugin Firebase
LogPluginManager: Mounting plugin GoogleCloudMessaging
LogPluginManager: Mounting plugin IOSDeviceProfileSelector
LogPluginManager: Mounting plugin LinuxDeviceProfileSelector
LogPluginManager: Mounting plugin LocationServicesBPLibrary
LogPluginManager: Mounting plugin MobilePatchingUtils
LogPluginManager: Mounting plugin OculusVR
LogPluginManager: Mounting plugin PhysXVehicles
LogPluginManager: Mounting plugin ProceduralMeshComponent
LogPluginManager: Mounting plugin RuntimePhysXCooking
LogPluginManager: Mounting plugin SteamVR
LogPluginManager: Mounting plugin WebMMoviePlayer
LogPluginManager: Mounting plugin WindowsMoviePlayer
LogStreaming: Display: Took  0.092s to configure plugins.
LogInit: Using libcurl 7.55.1-DEV
LogInit:  - built for x86_64-pc-win32
LogInit:  - supports SSL with OpenSSL/1.0.2h
LogInit:  - supports HTTP deflate (compression) using libz 1.2.8
LogInit:  - other features:
LogInit:      CURL_VERSION_SSL
LogInit:      CURL_VERSION_LIBZ
LogInit:      CURL_VERSION_IPV6
LogInit:      CURL_VERSION_ASYNCHDNS
LogInit:      CURL_VERSION_LARGEFILE
LogInit:      CURL_VERSION_IDN
LogInit:  CurlRequestOptions (configurable via config and command line):
LogInit:  - bVerifyPeer = true  - Libcurl will verify peer certificate
LogInit:  - bUseHttpProxy = false  - Libcurl will NOT use HTTP proxy
LogInit:  - bDontReuseConnections = false  - Libcurl will reuse connections
LogInit:  - MaxHostConnections = 16  - Libcurl will limit the number of connections to a host
LogInit:  - LocalHostAddr = Default
LogInit:  - BufferSize = 65536
LogInit: WinSock: version 1.1 (2.2), MaxSocks=32767, MaxUdp=65467
LogInit: Build: ++UE4+Release-4.21-CL-4613538
LogInit: Engine Version: 4.21.1-4613538+++UE4+Release-4.21
LogInit: Compatible Engine Version: 4.21.0-4541578+++UE4+Release-4.21
LogInit: Net CL: 4541578
LogInit: OS: Windows 10 (), CPU: Intel(R) Core(TM) i5-8250U CPU @ 1.60GHz, GPU: Intel(R) UHD Graphics 620
LogInit: Compiled (64-bit): Nov 30 2018 04:13:25
LogInit: Compiled with Visual C++: 19.13.26129.00
LogInit: Build Configuration: Development
LogInit: Branch Name: ++UE4+Release-4.21
LogInit: Command Line: 
LogInit: Base Directory: E:/Program Files/Epic Games/UE_4.21/Engine/Binaries/Win64/
LogInit: Installed Engine Build: 1
LogDevObjectVersion: Number of dev versions registered: 22
LogDevObjectVersion:   Dev-Blueprints (B0D832E4-1F89-4F0D-ACCF-7EB736FD4AA2): 10
LogDevObjectVersion:   Dev-Build (E1C64328-A22C-4D53-A36C-8E866417BD8C): 0
LogDevObjectVersion:   Dev-Core (375EC13C-06E4-48FB-B500-84F0262A717E): 2
LogDevObjectVersion:   Dev-Editor (E4B068ED-F494-42E9-A231-DA0B2E46BB41): 26
LogDevObjectVersion:   Dev-Framework (CFFC743F-43B0-4480-9391-14DF171D2073): 34
LogDevObjectVersion:   Dev-Mobile (B02B49B5-BB20-44E9-A304-32B752E40360): 2
LogDevObjectVersion:   Dev-Networking (A4E4105C-59A1-49B5-A7C5-40C4547EDFEE): 0
LogDevObjectVersion:   Dev-Online (39C831C9-5AE6-47DC-9A44-9C173E1C8E7C): 0
LogDevObjectVersion:   Dev-Physics (78F01B33-EBEA-4F98-B9B4-84EACCB95AA2): 0
LogDevObjectVersion:   Dev-Platform (6631380F-2D4D-43E0-8009-CF276956A95A): 0
LogDevObjectVersion:   Dev-Rendering (12F88B9F-8875-4AFC-A67C-D90C383ABD29): 27
LogDevObjectVersion:   Dev-Sequencer (7B5AE74C-D270-4C10-A958-57980B212A5A): 9
LogDevObjectVersion:   Dev-VR (D7296918-1DD6-4BDD-9DE2-64A83CC13884): 2
LogDevObjectVersion:   Dev-LoadTimes (C2A15278-BFE7-4AFE-6C17-90FF531DF755): 1
LogDevObjectVersion:   Private-Geometry (6EACA3D4-40EC-4CC1-B786-8BED09428FC5): 3
LogDevObjectVersion:   Dev-AnimPhys (29E575DD-E0A3-4627-9D10-D276232CDCEA): 17
LogDevObjectVersion:   Dev-Anim (AF43A65D-7FD3-4947-9873-3E8ED9C1BB05): 2
LogDevObjectVersion:   Dev-ReflectionCapture (6B266CEC-1EC7-4B8F-A30B-E4D90942FC07): 1
LogDevObjectVersion:   Dev-Automation (0DF73D61-A23F-47EA-B727-89E90C41499A): 1
LogDevObjectVersion:   FortniteMain (601D1886-AC64-4F84-AA16-D3DE0DEAC7D6): 17
LogDevObjectVersion:   Dev-Enterprise (9DFFBCD6-494F-0158-E221-12823C92A888): 4
LogDevObjectVersion:   Dev-Niagara (F2AED0AC-9AFE-416F-8664-AA7FFA26D6FC): 1
LogStreaming: Display: Took  0.001s to delete old logs.
LogInit: Presizing for max 8388607 objects, including 0 objects not considered by GC, pre-allocating 0 bytes for permanent pool.
LogInit: Object subsystem initialized
LogConfig: Setting CVar [[con.DebugEarlyDefault:1]]
LogConfig: Setting CVar [[r.setres:1280x720]]
[2019.11.20-06.33.16:473][  0]LogConfig: Setting CVar [[r.VSync:0]]
[2019.11.20-06.33.16:473][  0]LogConfig: Setting CVar [[r.RHICmdBypass:0]]
[2019.11.20-06.33.16:473][  0]LogConfig: Applying CVar settings from Section [/Script/Engine.RendererSettings] File [E:/Workspace/SourceTree/Capstone/LostDark/Saved/Config/Windows/Engine.ini]
[2019.11.20-06.33.16:473][  0]LogConfig: Setting CVar [[r.GPUCrashDebugging:0]]
[2019.11.20-06.33.16:473][  0]LogConfig: Applying CVar settings from Section [/Script/Engine.RendererOverrideSettings] File [E:/Workspace/SourceTree/Capstone/LostDark/Saved/Config/Windows/Engine.ini]
[2019.11.20-06.33.16:473][  0]LogConfig: Applying CVar settings from Section [/Script/Engine.StreamingSettings] File [E:/Workspace/SourceTree/Capstone/LostDark/Saved/Config/Windows/Engine.ini]
[2019.11.20-06.33.16:473][  0]LogConfig: Setting CVar [[s.MinBulkDataSizeForAsyncLoading:131072]]
[2019.11.20-06.33.16:473][  0]LogConfig: Setting CVar [[s.AsyncLoadingThreadEnabled:0]]
[2019.11.20-06.33.16:473][  0]LogConfig: Setting CVar [[s.EventDrivenLoaderEnabled:1]]
[2019.11.20-06.33.16:473][  0]LogConfig: Setting CVar [[s.WarnIfTimeLimitExceeded:0]]
[2019.11.20-06.33.16:473][  0]LogConfig: Setting CVar [[s.TimeLimitExceededMultiplier:1.5]]
[2019.11.20-06.33.16:473][  0]LogConfig: Setting CVar [[s.TimeLimitExceededMinTime:0.005]]
[2019.11.20-06.33.16:473][  0]LogConfig: Setting CVar [[s.UseBackgroundLevelStreaming:1]]
[2019.11.20-06.33.16:473][  0]LogConfig: Setting CVar [[s.PriorityAsyncLoadingExtraTime:15.0]]
[2019.11.20-06.33.16:473][  0]LogConfig: Setting CVar [[s.LevelStreamingActorsUpdateTimeLimit:5.0]]
[2019.11.20-06.33.16:473][  0]LogConfig: Setting CVar [[s.PriorityLevelStreamingActorsUpdateExtraTime:5.0]]
[2019.11.20-06.33.16:473][  0]LogConfig: Setting CVar [[s.LevelStreamingComponentsRegistrationGranularity:10]]
[2019.11.20-06.33.16:473][  0]LogConfig: Setting CVar [[s.UnregisterComponentsTimeLimit:1.0]]
[2019.11.20-06.33.16:473][  0]LogConfig: Setting CVar [[s.LevelStreamingComponentsUnregistrationGranularity:5]]
[2019.11.20-06.33.16:474][  0]LogConfig: Applying CVar settings from Section [/Script/Engine.GarbageCollectionSettings] File [E:/Workspace/SourceTree/Capstone/LostDark/Saved/Config/Windows/Engine.ini]
[2019.11.20-06.33.16:474][  0]LogConfig: Setting CVar [[gc.MaxObjectsNotConsideredByGC:1]]
[2019.11.20-06.33.16:474][  0]LogConfig: Setting CVar [[gc.SizeOfPermanentObjectPool:0]]
[2019.11.20-06.33.16:474][  0]LogConfig: Setting CVar [[gc.FlushStreamingOnGC:0]]
[2019.11.20-06.33.16:474][  0]LogConfig: Setting CVar [[gc.NumRetriesBeforeForcingGC:10]]
[2019.11.20-06.33.16:474][  0]LogConfig: Setting CVar [[gc.AllowParallelGC:1]]
[2019.11.20-06.33.16:474][  0]LogConfig: Setting CVar [[gc.TimeBetweenPurgingPendingKillObjects:61.1]]
[2019.11.20-06.33.16:474][  0]LogConfig: Setting CVar [[gc.MaxObjectsInEditor:8388607]]
[2019.11.20-06.33.16:474][  0]LogConfig: Setting CVar [[gc.IncrementalBeginDestroyEnabled:1]]
[2019.11.20-06.33.16:474][  0]LogConfig: Setting CVar [[gc.CreateGCClusters:1]]
[2019.11.20-06.33.16:474][  0]LogConfig: Setting CVar [[gc.MergeGCClusters:0]]
[2019.11.20-06.33.16:474][  0]LogConfig: Setting CVar [[gc.MinGCClusterSize:5]]
[2019.11.20-06.33.16:474][  0]LogConfig: Setting CVar [[gc.ActorClusteringEnabled:0]]
[2019.11.20-06.33.16:474][  0]LogConfig: Setting CVar [[gc.BlueprintClusteringEnabled:0]]
[2019.11.20-06.33.16:474][  0]LogConfig: Setting CVar [[gc.UseDisregardForGCOnDedicatedServers:0]]
[2019.11.20-06.33.16:474][  0]LogConfig: Applying CVar settings from Section [/Script/Engine.NetworkSettings] File [E:/Workspace/SourceTree/Capstone/LostDark/Saved/Config/Windows/Engine.ini]
[2019.11.20-06.33.16:474][  0]LogConfig: Applying CVar settings from Section [/Script/UnrealEd.CookerSettings] File [E:/Workspace/SourceTree/Capstone/LostDark/Saved/Config/Windows/Engine.ini]
[2019.11.20-06.33.16:478][  0]LogConfig: Applying CVar settings from Section [ViewDistanceQuality@3] File [E:/Workspace/SourceTree/Capstone/LostDark/Saved/Config/Windows/Scalability.ini]
[2019.11.20-06.33.16:478][  0]LogConfig: Setting CVar [[r.SkeletalMeshLODBias:0]]
[2019.11.20-06.33.16:478][  0]LogConfig: Setting CVar [[r.ViewDistanceScale:1.0]]
[2019.11.20-06.33.16:478][  0]LogConfig: Applying CVar settings from Section [AntiAliasingQuality@3] File [E:/Workspace/SourceTree/Capstone/LostDark/Saved/Config/Windows/Scalability.ini]
[2019.11.20-06.33.16:478][  0]LogConfig: Setting CVar [[r.PostProcessAAQuality:4]]
[2019.11.20-06.33.16:478][  0]LogConfig: Applying CVar settings from Section [ShadowQuality@3] File [E:/Workspace/SourceTree/Capstone/LostDark/Saved/Config/Windows/Scalability.ini]
[2019.11.20-06.33.16:478][  0]LogConfig: Setting CVar [[r.LightFunctionQuality:1]]
[2019.11.20-06.33.16:479][  0]LogConfig: Setting CVar [[r.ShadowQuality:5]]
[2019.11.20-06.33.16:479][  0]LogConfig: Setting CVar [[r.Shadow.CSM.MaxCascades:10]]
[2019.11.20-06.33.16:479][  0]LogConfig: Setting CVar [[r.Shadow.MaxResolution:2048]]
[2019.11.20-06.33.16:479][  0]LogConfig: Setting CVar [[r.Shadow.MaxCSMResolution:2048]]
[2019.11.20-06.33.16:479][  0]LogConfig: Setting CVar [[r.Shadow.RadiusThreshold:0.01]]
[2019.11.20-06.33.16:479][  0]LogConfig: Setting CVar [[r.Shadow.DistanceScale:1.0]]
[2019.11.20-06.33.16:479][  0]LogConfig: Setting CVar [[r.Shadow.CSM.TransitionScale:1.0]]
[2019.11.20-06.33.16:479][  0]LogConfig: Setting CVar [[r.Shadow.PreShadowResolutionFactor:1.0]]
[2019.11.20-06.33.16:479][  0]LogConfig: Setting CVar [[r.DistanceFieldShadowing:1]]
[2019.11.20-06.33.16:479][  0]LogConfig: Setting CVar [[r.DistanceFieldAO:1]]
[2019.11.20-06.33.16:479][  0]LogConfig: Setting CVar [[r.AOQuality:2]]
[2019.11.20-06.33.16:479][  0]LogConfig: Setting CVar [[r.VolumetricFog:1]]
[2019.11.20-06.33.16:479][  0]LogConfig: Setting CVar [[r.VolumetricFog.GridPixelSize:8]]
[2019.11.20-06.33.16:479][  0]LogConfig: Setting CVar [[r.VolumetricFog.GridSizeZ:128]]
[2019.11.20-06.33.16:479][  0]LogConfig: Setting CVar [[r.VolumetricFog.HistoryMissSupersampleCount:4]]
[2019.11.20-06.33.16:479][  0]LogConfig: Setting CVar [[r.LightMaxDrawDistanceScale:1]]
[2019.11.20-06.33.16:479][  0]LogConfig: Setting CVar [[r.CapsuleShadows:1]]
[2019.11.20-06.33.16:479][  0]LogConfig: Applying CVar settings from Section [PostProcessQuality@3] File [E:/Workspace/SourceTree/Capstone/LostDark/Saved/Config/Windows/Scalability.ini]
[2019.11.20-06.33.16:479][  0]LogConfig: Setting CVar [[r.MotionBlurQuality:4]]
[2019.11.20-06.33.16:479][  0]LogConfig: Setting CVar [[r.AmbientOcclusionMipLevelFactor:0.4]]
[2019.11.20-06.33.16:479][  0]LogConfig: Setting CVar [[r.AmbientOcclusionMaxQuality:100]]
[2019.11.20-06.33.16:479][  0]LogConfig: Setting CVar [[r.AmbientOcclusionLevels:-1]]
[2019.11.20-06.33.16:479][  0]LogConfig: Setting CVar [[r.AmbientOcclusionRadiusScale:1.0]]
[2019.11.20-06.33.16:479][  0]LogConfig: Setting CVar [[r.DepthOfFieldQuality:2]]
[2019.11.20-06.33.16:479][  0]LogConfig: Setting CVar [[r.RenderTargetPoolMin:400]]
[2019.11.20-06.33.16:479][  0]LogConfig: Setting CVar [[r.LensFlareQuality:2]]
[2019.11.20-06.33.16:479][  0]LogConfig: Setting CVar [[r.SceneColorFringeQuality:1]]
[2019.11.20-06.33.16:479][  0]LogConfig: Setting CVar [[r.EyeAdaptationQuality:2]]
[2019.11.20-06.33.16:479][  0]LogConfig: Setting CVar [[r.BloomQuality:5]]
[2019.11.20-06.33.16:479][  0]LogConfig: Setting CVar [[r.FastBlurThreshold:100]]
[2019.11.20-06.33.16:479][  0]LogConfig: Setting CVar [[r.Upscale.Quality:3]]
[2019.11.20-06.33.16:479][  0]LogConfig: Setting CVar [[r.Tonemapper.GrainQuantization:1]]
[2019.11.20-06.33.16:479][  0]LogConfig: Setting CVar [[r.LightShaftQuality:1]]
[2019.11.20-06.33.16:479][  0]LogConfig: Setting CVar [[r.Filter.SizeScale:1]]
[2019.11.20-06.33.16:479][  0]LogConfig: Setting CVar [[r.Tonemapper.Quality:5]]
[2019.11.20-06.33.16:479][  0]LogConfig: Setting CVar [[r.DOF.Gather.AccumulatorQuality:1        ; higher gathering accumulator quality]]
[2019.11.20-06.33.16:479][  0]LogConfig: Setting CVar [[r.DOF.Gather.PostfilterMethod:1          ; Median3x3 postfilering method]]
[2019.11.20-06.33.16:479][  0]LogConfig: Setting CVar [[r.DOF.Gather.EnableBokehSettings:0       ; no bokeh simulation when gathering]]
[2019.11.20-06.33.16:479][  0]LogConfig: Setting CVar [[r.DOF.Gather.RingCount:4                 ; medium number of samples when gathering]]
[2019.11.20-06.33.16:479][  0]LogConfig: Setting CVar [[r.DOF.Scatter.ForegroundCompositing:1    ; additive foreground scattering]]
[2019.11.20-06.33.16:479][  0]LogConfig: Setting CVar [[r.DOF.Scatter.BackgroundCompositing:2    ; additive background scattering]]
[2019.11.20-06.33.16:479][  0]LogConfig: Setting CVar [[r.DOF.Scatter.EnableBokehSettings:1      ; bokeh simulation when scattering]]
[2019.11.20-06.33.16:479][  0]LogConfig: Setting CVar [[r.DOF.Scatter.MaxSpriteRatio:0.1         ; only a maximum of 10% of scattered bokeh]]
[2019.11.20-06.33.16:479][  0]LogConfig: Setting CVar [[r.DOF.Recombine.Quality:1                ; cheap slight out of focus]]
[2019.11.20-06.33.16:479][  0]LogConfig: Setting CVar [[r.DOF.Recombine.EnableBokehSettings:0    ; no bokeh simulation on slight out of focus]]
[2019.11.20-06.33.16:479][  0]LogConfig: Setting CVar [[r.DOF.TemporalAAQuality:1                ; more stable temporal accumulation]]
[2019.11.20-06.33.16:479][  0]LogConfig: Setting CVar [[r.DOF.Kernel.MaxForegroundRadius:0.025]]
[2019.11.20-06.33.16:479][  0]LogConfig: Setting CVar [[r.DOF.Kernel.MaxBackgroundRadius:0.025]]
[2019.11.20-06.33.16:479][  0]LogConfig: Applying CVar settings from Section [TextureQuality@3] File [E:/Workspace/SourceTree/Capstone/LostDark/Saved/Config/Windows/Scalability.ini]
[2019.11.20-06.33.16:479][  0]LogConfig: Setting CVar [[r.Streaming.MipBias:0]]
[2019.11.20-06.33.16:479][  0]LogConfig: Setting CVar [[r.Streaming.AmortizeCPUToGPUCopy:0]]
[2019.11.20-06.33.16:479][  0]LogConfig: Setting CVar [[r.Streaming.MaxNumTexturesToStreamPerFrame:0]]
[2019.11.20-06.33.16:479][  0]LogConfig: Setting CVar [[r.Streaming.Boost:1]]
[2019.11.20-06.33.16:479][  0]LogConfig: Setting CVar [[r.MaxAnisotropy:8]]
[2019.11.20-06.33.16:479][  0]LogConfig: Setting CVar [[r.Streaming.LimitPoolSizeToVRAM:0]]
[2019.11.20-06.33.16:479][  0]LogConfig: Setting CVar [[r.Streaming.PoolSize:1000]]
[2019.11.20-06.33.16:479][  0]LogConfig: Setting CVar [[r.Streaming.MaxEffectiveScreenSize:0]]
[2019.11.20-06.33.16:479][  0]LogConfig: Applying CVar settings from Section [EffectsQuality@3] File [E:/Workspace/SourceTree/Capstone/LostDark/Saved/Config/Windows/Scalability.ini]
[2019.11.20-06.33.16:479][  0]LogConfig: Setting CVar [[r.TranslucencyLightingVolumeDim:64]]
[2019.11.20-06.33.16:479][  0]LogConfig: Setting CVar [[r.RefractionQuality:2]]
[2019.11.20-06.33.16:479][  0]LogConfig: Setting CVar [[r.SSR.Quality:3]]
[2019.11.20-06.33.16:479][  0]LogConfig: Setting CVar [[r.SceneColorFormat:4]]
[2019.11.20-06.33.16:479][  0]LogConfig: Setting CVar [[r.DetailMode:2]]
[2019.11.20-06.33.16:479][  0]LogConfig: Setting CVar [[r.TranslucencyVolumeBlur:1]]
[2019.11.20-06.33.16:479][  0]LogConfig: Setting CVar [[r.MaterialQualityLevel:1 ; High quality]]
[2019.11.20-06.33.16:479][  0]LogConfig: Setting CVar [[r.SSS.Scale:1]]
[2019.11.20-06.33.16:479][  0]LogConfig: Setting CVar [[r.SSS.SampleSet:2]]
[2019.11.20-06.33.16:479][  0]LogConfig: Setting CVar [[r.SSS.Quality:1]]
[2019.11.20-06.33.16:479][  0]LogConfig: Setting CVar [[r.SSS.HalfRes:1]]
[2019.11.20-06.33.16:479][  0]LogConfig: Setting CVar [[r.EmitterSpawnRateScale:1.0]]
[2019.11.20-06.33.16:479][  0]LogConfig: Setting CVar [[r.ParticleLightQuality:2]]
[2019.11.20-06.33.16:479][  0]LogConfig: Applying CVar settings from Section [FoliageQuality@3] File [E:/Workspace/SourceTree/Capstone/LostDark/Saved/Config/Windows/Scalability.ini]
[2019.11.20-06.33.16:479][  0]LogConfig: Setting CVar [[foliage.DensityScale:1.0]]
[2019.11.20-06.33.16:479][  0]LogConfig: Setting CVar [[grass.DensityScale:1.0]]
[2019.11.20-06.33.16:479][  0]LogInit: Selected Device Profile: [Windows]
[2019.11.20-06.33.16:480][  0]LogInit: Applying CVar settings loaded from the selected device profile: [Windows]
[2019.11.20-06.33.16:487][  0]LogHAL: Display: Platform has ~ 8 GB [8494747648 / 8589934592 / 8], which maps to Default [LargestMinGB=32, LargerMinGB=12, DefaultMinGB=8, SmallerMinGB=6, SmallestMinGB=0)
[2019.11.20-06.33.16:487][  0]LogConfig: Setting CVar [[r.Vulkan.UseRealUBs:1]]
[2019.11.20-06.33.16:487][  0]LogInit: Going up to parent DeviceProfile []
[2019.11.20-06.33.16:487][  0]LogConfig: Applying CVar settings from Section [ViewDistanceQuality@1] File [E:/Workspace/SourceTree/Capstone/LostDark/Saved/Config/Windows/Scalability.ini]
[2019.11.20-06.33.16:487][  0]LogConfig: Setting CVar [[r.SkeletalMeshLODBias:1]]
[2019.11.20-06.33.16:487][  0]LogConfig: Setting CVar [[r.ViewDistanceScale:0.6]]
[2019.11.20-06.33.16:487][  0]LogConfig: Applying CVar settings from Section [AntiAliasingQuality@1] File [E:/Workspace/SourceTree/Capstone/LostDark/Saved/Config/Windows/Scalability.ini]
[2019.11.20-06.33.16:487][  0]LogConfig: Setting CVar [[r.PostProcessAAQuality:2]]
[2019.11.20-06.33.16:487][  0]LogConfig: Applying CVar settings from Section [ShadowQuality@1] File [E:/Workspace/SourceTree/Capstone/LostDark/Saved/Config/Windows/Scalability.ini]
[2019.11.20-06.33.16:487][  0]LogConfig: Setting CVar [[r.LightFunctionQuality:1]]
[2019.11.20-06.33.16:487][  0]LogConfig: Setting CVar [[r.ShadowQuality:3]]
[2019.11.20-06.33.16:487][  0]LogConfig: Setting CVar [[r.Shadow.CSM.MaxCascades:1]]
[2019.11.20-06.33.16:487][  0]LogConfig: Setting CVar [[r.Shadow.MaxResolution:1024]]
[2019.11.20-06.33.16:487][  0]LogConfig: Setting CVar [[r.Shadow.MaxCSMResolution:1024]]
[2019.11.20-06.33.16:487][  0]LogConfig: Setting CVar [[r.Shadow.RadiusThreshold:0.05]]
[2019.11.20-06.33.16:487][  0]LogConfig: Setting CVar [[r.Shadow.DistanceScale:0.7]]
[2019.11.20-06.33.16:487][  0]LogConfig: Setting CVar [[r.Shadow.CSM.TransitionScale:0.25]]
[2019.11.20-06.33.16:487][  0]LogConfig: Setting CVar [[r.Shadow.PreShadowResolutionFactor:0.5]]
[2019.11.20-06.33.16:487][  0]LogConfig: Setting CVar [[r.DistanceFieldShadowing:0]]
[2019.11.20-06.33.16:487][  0]LogConfig: Setting CVar [[r.DistanceFieldAO:0]]
[2019.11.20-06.33.16:487][  0]LogConfig: Setting CVar [[r.VolumetricFog:0]]
[2019.11.20-06.33.16:487][  0]LogConfig: Setting CVar [[r.LightMaxDrawDistanceScale:.5]]
[2019.11.20-06.33.16:487][  0]LogConfig: Setting CVar [[r.CapsuleShadows:1]]
[2019.11.20-06.33.16:487][  0]LogConfig: Applying CVar settings from Section [PostProcessQuality@1] File [E:/Workspace/SourceTree/Capstone/LostDark/Saved/Config/Windows/Scalability.ini]
[2019.11.20-06.33.16:487][  0]LogConfig: Setting CVar [[r.MotionBlurQuality:3]]
[2019.11.20-06.33.16:487][  0]LogConfig: Setting CVar [[r.AmbientOcclusionMipLevelFactor:1.0]]
[2019.11.20-06.33.16:487][  0]LogConfig: Setting CVar [[r.AmbientOcclusionMaxQuality:60]]
[2019.11.20-06.33.16:487][  0]LogConfig: Setting CVar [[r.AmbientOcclusionLevels:-1]]
[2019.11.20-06.33.16:487][  0]LogConfig: Setting CVar [[r.AmbientOcclusionRadiusScale:1.5]]
[2019.11.20-06.33.16:487][  0]LogConfig: Setting CVar [[r.DepthOfFieldQuality:1]]
[2019.11.20-06.33.16:487][  0]LogConfig: Setting CVar [[r.RenderTargetPoolMin:350]]
[2019.11.20-06.33.16:488][  0]LogConfig: Setting CVar [[r.LensFlareQuality:0]]
[2019.11.20-06.33.16:488][  0]LogConfig: Setting CVar [[r.SceneColorFringeQuality:0]]
[2019.11.20-06.33.16:488][  0]LogConfig: Setting CVar [[r.EyeAdaptationQuality:0]]
[2019.11.20-06.33.16:488][  0]LogConfig: Setting CVar [[r.BloomQuality:4]]
[2019.11.20-06.33.16:488][  0]LogConfig: Setting CVar [[r.FastBlurThreshold:2]]
[2019.11.20-06.33.16:488][  0]LogConfig: Setting CVar [[r.Upscale.Quality:2]]
[2019.11.20-06.33.16:488][  0]LogConfig: Setting CVar [[r.Tonemapper.GrainQuantization:0]]
[2019.11.20-06.33.16:488][  0]LogConfig: Setting CVar [[r.LightShaftQuality:0]]
[2019.11.20-06.33.16:488][  0]LogConfig: Setting CVar [[r.Filter.SizeScale:0.7]]
[2019.11.20-06.33.16:488][  0]LogConfig: Setting CVar [[r.Tonemapper.Quality:2]]
[2019.11.20-06.33.16:488][  0]LogConfig: Setting CVar [[r.DOF.Gather.AccumulatorQuality:0        ; lower gathering accumulator quality]]
[2019.11.20-06.33.16:488][  0]LogConfig: Setting CVar [[r.DOF.Gather.PostfilterMethod:2          ; Max3x3 postfilering method]]
[2019.11.20-06.33.16:488][  0]LogConfig: Setting CVar [[r.DOF.Gather.EnableBokehSettings:0       ; no bokeh simulation when gathering]]
[2019.11.20-06.33.16:488][  0]LogConfig: Setting CVar [[r.DOF.Gather.RingCount:3                 ; low number of samples when gathering]]
[2019.11.20-06.33.16:488][  0]LogConfig: Setting CVar [[r.DOF.Scatter.ForegroundCompositing:0    ; no foreground scattering]]
[2019.11.20-06.33.16:488][  0]LogConfig: Setting CVar [[r.DOF.Scatter.BackgroundCompositing:0    ; no foreground scattering]]
[2019.11.20-06.33.16:488][  0]LogConfig: Setting CVar [[r.DOF.Recombine.Quality:0                ; no slight out of focus]]
[2019.11.20-06.33.16:488][  0]LogConfig: Setting CVar [[r.DOF.TemporalAAQuality:0                ; faster temporal accumulation]]
[2019.11.20-06.33.16:488][  0]LogConfig: Setting CVar [[r.DOF.Kernel.MaxForegroundRadius:0.006   ; required because low gathering and no scattering and not looking great at 1080p]]
[2019.11.20-06.33.16:488][  0]LogConfig: Setting CVar [[r.DOF.Kernel.MaxBackgroundRadius:0.006   ; required because low gathering and no scattering and not looking great at 1080p]]
[2019.11.20-06.33.16:488][  0]LogConfig: Applying CVar settings from Section [TextureQuality@1] File [E:/Workspace/SourceTree/Capstone/LostDark/Saved/Config/Windows/Scalability.ini]
[2019.11.20-06.33.16:488][  0]LogConfig: Setting CVar [[r.Streaming.MipBias:1]]
[2019.11.20-06.33.16:488][  0]LogConfig: Setting CVar [[r.Streaming.AmortizeCPUToGPUCopy:0]]
[2019.11.20-06.33.16:488][  0]LogConfig: Setting CVar [[r.Streaming.MaxNumTexturesToStreamPerFrame:0]]
[2019.11.20-06.33.16:488][  0]LogConfig: Setting CVar [[r.Streaming.Boost:1]]
[2019.11.20-06.33.16:488][  0]LogConfig: Setting CVar [[r.MaxAnisotropy:2]]
[2019.11.20-06.33.16:488][  0]LogConfig: Setting CVar [[r.Streaming.LimitPoolSizeToVRAM:1]]
[2019.11.20-06.33.16:488][  0]LogConfig: Setting CVar [[r.Streaming.PoolSize:600]]
[2019.11.20-06.33.16:488][  0]LogConfig: Setting CVar [[r.Streaming.MaxEffectiveScreenSize:0]]
[2019.11.20-06.33.16:488][  0]LogConfig: Applying CVar settings from Section [EffectsQuality@1] File [E:/Workspace/SourceTree/Capstone/LostDark/Saved/Config/Windows/Scalability.ini]
[2019.11.20-06.33.16:488][  0]LogConfig: Setting CVar [[r.TranslucencyLightingVolumeDim:32]]
[2019.11.20-06.33.16:488][  0]LogConfig: Setting CVar [[r.RefractionQuality:0]]
[2019.11.20-06.33.16:488][  0]LogConfig: Setting CVar [[r.SSR.Quality:0]]
[2019.11.20-06.33.16:488][  0]LogConfig: Setting CVar [[r.SceneColorFormat:3]]
[2019.11.20-06.33.16:488][  0]LogConfig: Setting CVar [[r.DetailMode:1]]
[2019.11.20-06.33.16:488][  0]LogConfig: Setting CVar [[r.TranslucencyVolumeBlur:0]]
[2019.11.20-06.33.16:488][  0]LogConfig: Setting CVar [[r.MaterialQualityLevel:2 ; Medium quality]]
[2019.11.20-06.33.16:488][  0]LogConfig: Setting CVar [[r.SSS.Scale:0.75]]
[2019.11.20-06.33.16:488][  0]LogConfig: Setting CVar [[r.SSS.SampleSet:0]]
[2019.11.20-06.33.16:488][  0]LogConfig: Setting CVar [[r.SSS.Quality:0]]
[2019.11.20-06.33.16:488][  0]LogConfig: Setting CVar [[r.SSS.HalfRes:1]]
[2019.11.20-06.33.16:488][  0]LogConfig: Setting CVar [[r.EmitterSpawnRateScale:0.25]]
[2019.11.20-06.33.16:488][  0]LogConfig: Setting CVar [[r.ParticleLightQuality:0]]
[2019.11.20-06.33.16:488][  0]LogConfig: Applying CVar settings from Section [FoliageQuality@1] File [E:/Workspace/SourceTree/Capstone/LostDark/Saved/Config/Windows/Scalability.ini]
[2019.11.20-06.33.16:488][  0]LogConfig: Setting CVar [[foliage.DensityScale:0.4]]
[2019.11.20-06.33.16:488][  0]LogConfig: Setting CVar [[grass.DensityScale:0.4]]
[2019.11.20-06.33.16:488][  0]LogConfig: Applying CVar settings from Section [Startup] File [../../../Engine/Config/ConsoleVariables.ini]
[2019.11.20-06.33.16:488][  0]LogConfig: Setting CVar [[net.UseAdaptiveNetUpdateFrequency:0]]
[2019.11.20-06.33.16:488][  0]LogConfig: Applying CVar settings from Section [ConsoleVariables] File [E:/Workspace/SourceTree/Capstone/LostDark/Saved/Config/Windows/Engine.ini]
[2019.11.20-06.33.16:489][  0]LogInit: Computer: DESKTOP-J66FD8G
[2019.11.20-06.33.16:489][  0]LogInit: User: programmer1
[2019.11.20-06.33.16:489][  0]LogInit: CPU Page size=4096, Cores=4
[2019.11.20-06.33.16:489][  0]LogInit: High frequency timer resolution =1.757811 MHz
[2019.11.20-06.33.16:489][  0]LogMemory: Memory total: Physical=7.9GB (8GB approx)
[2019.11.20-06.33.16:489][  0]LogMemory: Platform Memory Stats for Windows
[2019.11.20-06.33.16:489][  0]LogMemory: Process Physical Memory: 103.64 MB used, 103.64 MB peak
[2019.11.20-06.33.16:489][  0]LogMemory: Process Virtual Memory: 91.14 MB used, 91.14 MB peak
[2019.11.20-06.33.16:489][  0]LogMemory: Physical Memory: 4269.50 MB used,  3831.73 MB free, 8101.22 MB total
[2019.11.20-06.33.16:489][  0]LogMemory: Virtual Memory: 4648.01 MB used,  134213080.00 MB free, 134217728.00 MB total
[2019.11.20-06.33.16:517][  0]LogInit: Using OS detected language (ko-KR).
[2019.11.20-06.33.16:517][  0]LogInit: Using OS detected locale (ko-KR).
[2019.11.20-06.33.16:518][  0]LogTextLocalizationManager: No specific localization for 'ko-KR' exists, so the 'ko' localization will be used.
[2019.11.20-06.33.16:877][  0]LogStreaming: Display: Took  0.359s to InitEngineTextLocalization.
[2019.11.20-06.33.16:877][  0]LogInit: Setting process to per monitor DPI aware
[2019.11.20-06.33.16:929][  0]LogSlate: New Slate User Created.  User Index 0, Is Virtual User: 0
[2019.11.20-06.33.16:929][  0]LogSlate: Slate User Registered.  User Index 0, Is Virtual User: 0
[2019.11.20-06.33.17:270][  0]LogHMD: Failed to initialize OpenVR with code 110
[2019.11.20-06.33.17:270][  0]LogD3D11RHI: D3D11 adapters:
[2019.11.20-06.33.17:443][  0]LogD3D11RHI:    0. 'Intel(R) UHD Graphics 620' (Feature Level 11_0)
[2019.11.20-06.33.17:443][  0]LogD3D11RHI:       128/0/4050 MB DedicatedVideo/DedicatedSystem/SharedSystem, Outputs:1, VendorId:0x8086
[2019.11.20-06.33.17:446][  0]LogD3D11RHI:    1. 'Microsoft Basic Render Driver' (Feature Level 11_0)
[2019.11.20-06.33.17:446][  0]LogD3D11RHI:       0/0/4050 MB DedicatedVideo/DedicatedSystem/SharedSystem, Outputs:0, VendorId:0x1414
[2019.11.20-06.33.17:446][  0]LogD3D11RHI: Chosen D3D11 Adapter: 0
[2019.11.20-06.33.17:451][  0]LogD3D11RHI: Creating new Direct3DDevice
[2019.11.20-06.33.17:451][  0]LogD3D11RHI:     GPU DeviceId: 0x5917 (for the marketing name, search the web for "GPU Device Id")
[2019.11.20-06.33.17:451][  0]LogWindows: EnumDisplayDevices:
[2019.11.20-06.33.17:451][  0]LogWindows:    0. 'Intel(R) UHD Graphics 620' (P:1 D:1)
[2019.11.20-06.33.17:452][  0]LogWindows:    1. 'Intel(R) UHD Graphics 620' (P:0 D:0)
[2019.11.20-06.33.17:453][  0]LogWindows:    2. 'Intel(R) UHD Graphics 620' (P:0 D:0)
[2019.11.20-06.33.17:454][  0]LogWindows: DebugString: FoundDriverCount:3 
[2019.11.20-06.33.17:454][  0]LogD3D11RHI:     Adapter Name: Intel(R) UHD Graphics 620
[2019.11.20-06.33.17:454][  0]LogD3D11RHI:   Driver Version: 24.20.100.6286 (internal:24.20.100.6286, unified:24.20.100.6286)
[2019.11.20-06.33.17:454][  0]LogD3D11RHI:      Driver Date: 8-15-2018
[2019.11.20-06.33.17:454][  0]LogRHI: Texture pool is 1507 MB (70% of 2153 MB)
[2019.11.20-06.33.17:655][  0]LogD3D11RHI: [IntelMetricsDiscovery] Started
[2019.11.20-06.33.17:655][  0]LogD3D11RHI: Async texture creation enabled
[2019.11.20-06.33.17:662][  0]LogD3D11RHI: GPU Timing Frequency: 12.000048 (Debug: 2 0)
[2019.11.20-06.33.18:119][  0]LogTemp: Display: Loaded TP AllDesktopTargetPlatform
[2019.11.20-06.33.18:132][  0]LogTemp: Display: Loaded TP MacClientTargetPlatform
[2019.11.20-06.33.18:144][  0]LogTemp: Display: Loaded TP MacNoEditorTargetPlatform
[2019.11.20-06.33.18:156][  0]LogTemp: Display: Loaded TP MacServerTargetPlatform
[2019.11.20-06.33.18:170][  0]LogTemp: Display: Loaded TP MacTargetPlatform
[2019.11.20-06.33.18:183][  0]LogTemp: Display: Loaded TP WindowsClientTargetPlatform
[2019.11.20-06.33.18:196][  0]LogTemp: Display: Loaded TP WindowsNoEditorTargetPlatform
[2019.11.20-06.33.18:209][  0]LogTemp: Display: Loaded TP WindowsServerTargetPlatform
[2019.11.20-06.33.18:215][  0]LogTemp: Display: Loaded TP WindowsTargetPlatform
[2019.11.20-06.33.18:289][  0]LogTemp: Display: Loaded TP AndroidTargetPlatform
[2019.11.20-06.33.18:289][  0]LogTemp: Display: Loaded TP AndroidTargetPlatform
[2019.11.20-06.33.18:289][  0]LogTemp: Display: Loaded TP AndroidTargetPlatform
[2019.11.20-06.33.18:289][  0]LogTemp: Display: Loaded TP AndroidTargetPlatform
[2019.11.20-06.33.18:289][  0]LogTemp: Display: Loaded TP AndroidTargetPlatform
[2019.11.20-06.33.18:289][  0]LogTemp: Display: Loaded TP AndroidTargetPlatform
[2019.11.20-06.33.18:289][  0]LogTemp: Display: Loaded TP AndroidTargetPlatform
[2019.11.20-06.33.18:289][  0]LogTemp: Display: Loaded TP AndroidTargetPlatform
[2019.11.20-06.33.18:289][  0]LogTemp: Display: Loaded TP AndroidTargetPlatform
[2019.11.20-06.33.18:289][  0]LogTemp: Display: Loaded TP AndroidTargetPlatform
[2019.11.20-06.33.18:289][  0]LogTemp: Display: Loaded TP AndroidTargetPlatform
[2019.11.20-06.33.18:289][  0]LogTemp: Display: Loaded TP AndroidTargetPlatform
[2019.11.20-06.33.18:289][  0]LogTemp: Display: Loaded TP AndroidTargetPlatform
[2019.11.20-06.33.18:289][  0]LogTemp: Display: Loaded TP AndroidTargetPlatform
[2019.11.20-06.33.18:289][  0]LogTemp: Display: Loaded TP AndroidTargetPlatform
[2019.11.20-06.33.18:289][  0]LogTemp: Display: Loaded TP AndroidTargetPlatform
[2019.11.20-06.33.18:290][  0]LogTemp: Display: Loaded TP AndroidTargetPlatform
[2019.11.20-06.33.18:290][  0]LogTemp: Display: Loaded TP AndroidTargetPlatform
[2019.11.20-06.33.18:292][  0]LogTemp: Display: Loaded TP HTML5TargetPlatform
[2019.11.20-06.33.18:358][  0]LogTemp: Display: Loaded TP IOSTargetPlatform
[2019.11.20-06.33.18:358][  0]LogTemp: Display: Loaded TP IOSTargetPlatform
[2019.11.20-06.33.18:384][  0]LogTemp: Display: Loaded TP TVOSTargetPlatform
[2019.11.20-06.33.18:384][  0]LogTemp: Display: Loaded TP TVOSTargetPlatform
[2019.11.20-06.33.18:397][  0]LogTemp: Display: Loaded TP LinuxClientTargetPlatform
[2019.11.20-06.33.18:409][  0]LogTemp: Display: Loaded TP LinuxNoEditorTargetPlatform
[2019.11.20-06.33.18:422][  0]LogTemp: Display: Loaded TP LinuxServerTargetPlatform
[2019.11.20-06.33.18:436][  0]LogTemp: Display: Loaded TP LinuxTargetPlatform
[2019.11.20-06.33.18:481][  0]LogTemp: Display: Loaded TP LuminTargetPlatform
[2019.11.20-06.33.18:481][  0]LogTemp: Display: Loaded TP LuminTargetPlatform
[2019.11.20-06.33.18:482][  0]LogTargetPlatformManager: Display: Building Assets For Windows
[2019.11.20-06.33.18:536][  0]LogShaderCompilers: Guid format shader working directory is -5 characters bigger than the processId version (../../../../../../Workspace/SourceTree/Capstone/LostDark/Intermediate/Shaders/WorkingDirectory/14056/).
[2019.11.20-06.33.18:536][  0]LogShaderCompilers: Cleaned the shader compiler working directory 'C:/Users/programmer1/AppData/Local/Temp/UnrealShaderWorkingDir/DACB5B25412BDEC31EE2D794DBB426FA/'.
[2019.11.20-06.33.18:537][  0]LogXGEController: Cannot use XGE Controller as Incredibuild is not installed on this machine.
[2019.11.20-06.33.18:538][  0]LogShaderCompilers: Cannot use XGE Shader Compiler as Incredibuild is not installed on this machine.
[2019.11.20-06.33.18:538][  0]LogShaderCompilers: Display: Using Local Shader Compiler.
[2019.11.20-06.33.19:098][  0]LogDerivedDataCache: Display: Max Cache Size: 512 MB
[2019.11.20-06.33.19:179][  0]LogDerivedDataCache: Loaded boot cache 0.08s 121MB C:/Users/programmer1/AppData/Local/UnrealEngine/4.21/DerivedDataCache/Boot.ddc.
[2019.11.20-06.33.19:179][  0]LogDerivedDataCache: Display: Loaded Boot cache: C:/Users/programmer1/AppData/Local/UnrealEngine/4.21/DerivedDataCache/Boot.ddc
[2019.11.20-06.33.19:179][  0]LogDerivedDataCache: FDerivedDataBackendGraph:  Pak pak cache file ../../../../../../Workspace/SourceTree/Capstone/LostDark/DerivedDataCache/DDC.ddp not found, will not use a pak cache.
[2019.11.20-06.33.19:179][  0]LogDerivedDataCache: Unable to find inner node Pak for hierarchical cache Hierarchy.
[2019.11.20-06.33.19:179][  0]LogDerivedDataCache: FDerivedDataBackendGraph:  CompressedPak pak cache file ../../../../../../Workspace/SourceTree/Capstone/LostDark/DerivedDataCache/Compressed.ddp not found, will not use a pak cache.
[2019.11.20-06.33.19:179][  0]LogDerivedDataCache: Unable to find inner node CompressedPak for hierarchical cache Hierarchy.
[2019.11.20-06.33.19:195][  0]LogDerivedDataCache: Display: Pak cache opened for reading ../../../Engine/DerivedDataCache/Compressed.ddp.
[2019.11.20-06.33.19:195][  0]LogDerivedDataCache: FDerivedDataBackendGraph:  EnterprisePak pak cache file ../../../Enterprise/DerivedDataCache/Compressed.ddp not found, will not use a pak cache.
[2019.11.20-06.33.19:195][  0]LogDerivedDataCache: Unable to find inner node EnterprisePak for hierarchical cache Hierarchy.
[2019.11.20-06.33.19:208][  0]LogDerivedDataCache: Using Local data cache path C:/Users/programmer1/AppData/Local/UnrealEngine/Common/DerivedDataCache: Writable
[2019.11.20-06.33.19:208][  0]LogDerivedDataCache: Shared data cache path not found in *engine.ini, will not use an Shared cache.
[2019.11.20-06.33.19:208][  0]LogDerivedDataCache: Unable to find inner node Shared for hierarchical cache Hierarchy.
[2019.11.20-06.33.19:230][  0]LogMaterial: Verifying Global Shaders for PCD3D_SM5
[2019.11.20-06.33.19:231][  0]LogSlate: Using FreeType 2.6.0
[2019.11.20-06.33.19:232][  0]LogSlate: SlateFontServices - WITH_FREETYPE: 1, WITH_HARFBUZZ: 1
[2019.11.20-06.33.19:345][  0]LogAssetRegistry: FAssetRegistry took 0.0336 seconds to start up
[2019.11.20-06.33.19:711][  0]LogInit: Selected Device Profile: [Windows]
[2019.11.20-06.33.19:786][  0]LogSimplygon: Simplygon DLL not present - disabling.
[2019.11.20-06.33.19:790][  0]LogMeshReduction: Using SimplygonSwarm for distributed automatic mesh merging
[2019.11.20-06.33.19:790][  0]LogMeshReduction: Using ProxyLODMeshReduction for automatic mesh merging
[2019.11.20-06.33.19:790][  0]LogMeshReduction: Using QuadricMeshReduction for automatic static mesh reduction
[2019.11.20-06.33.19:790][  0]LogMeshReduction: No automatic skeletal mesh reduction module available
[2019.11.20-06.33.19:887][  0]LogNetVersion: LostDark 1.0.0, NetCL: 4541578, EngineNetVer: 5, GameNetVer: 0 (Checksum: 1003383482)
[2019.11.20-06.33.20:452][  0]LogPackageLocalizationCache: Processed 11 localized package path(s) for 2 prioritized culture(s) in 0.081768 seconds
[2019.11.20-06.33.20:458][  0]LogUObjectArray: 39775 objects as part of root set at end of initial load.
[2019.11.20-06.33.20:458][  0]LogUObjectAllocator: 6914656 out of 0 bytes used by permanent object pool.
[2019.11.20-06.33.20:458][  0]LogUObjectArray: CloseDisregardForGC: 0/0 objects in disregard for GC pool
[2019.11.20-06.33.21:512][  0]LogTcpMessaging: Initializing TcpMessaging bridge
[2019.11.20-06.33.21:527][  0]LogUdpMessaging: Initializing bridge on interface 0.0.0.0:0 to multicast group 230.0.0.1:6666.
[2019.11.20-06.33.22:626][  0]LogTemp: Warning: Enroll Attack Montage
[2019.11.20-06.33.24:313][  0]LogTemp: Warning: Enroll Attack Montage
[2019.11.20-06.33.24:327][  0]LogTemp: Warning: Enroll Attack Montage
[2019.11.20-06.33.24:354][  0]LogTemp: Warning: Enroll Attack Montage
[2019.11.20-06.33.24:502][  0]LostDark: Error: ASectionTest::ASectionTest(58) Success GateMeshs :+XGate
[2019.11.20-06.33.24:502][  0]LostDark: Error: ASectionTest::ASectionTest(58) Success GateMeshs :-XGate
[2019.11.20-06.33.24:502][  0]LostDark: Error: ASectionTest::ASectionTest(58) Success GateMeshs :+YGate
[2019.11.20-06.33.24:502][  0]LostDark: Error: ASectionTest::ASectionTest(58) Success GateMeshs :-YGate
[2019.11.20-06.33.24:641][  0]SourceControl: 소스 컨트롤이 꺼졌습니다.
[2019.11.20-06.33.24:641][  0]SourceControl: 소스 컨트롤이 꺼졌습니다.
[2019.11.20-06.33.24:644][  0]SourceControl: 소스 컨트롤이 꺼졌습니다.
[2019.11.20-06.33.24:645][  0]SourceControl: 소스 컨트롤이 꺼졌습니다.
[2019.11.20-06.33.24:829][  0]LogAndroidPermission: UAndroidPermissionCallbackProxy::GetInstance
[2019.11.20-06.33.24:955][  0]LogOcInput: OculusInput pre-init called
[2019.11.20-06.33.25:091][  0]LogEngine: Initializing Engine...
[2019.11.20-06.33.25:092][  0]LogHMD: Failed to initialize OpenVR with code 110
[2019.11.20-06.33.25:093][  0]LogStats: UGameplayTagsManager::ConstructGameplayTagTree: ImportINI prefixes -  0.000 s
[2019.11.20-06.33.25:093][  0]LogStats: UGameplayTagsManager::ConstructGameplayTagTree: Construct from data asset -  0.000 s
[2019.11.20-06.33.25:093][  0]LogStats: UGameplayTagsManager::ConstructGameplayTagTree: ImportINI -  0.000 s
[2019.11.20-06.33.25:093][  0]LogStats: UGameplayTagsManager::ConstructGameplayTagTree: GameplayTagTreeChangedEvent.Broadcast -  0.000 s
[2019.11.20-06.33.25:337][  0]LogInit: Initializing FReadOnlyCVARCache
[2019.11.20-06.33.25:357][  0]LogAIModule: Creating AISystem for world Untitled
[2019.11.20-06.33.25:485][  0]LogInit: XAudio2 using '스피커(Conexant SmartAudio HD)' : 2 channels at 44.1 kHz using 32 bits per sample (channel mask 0x3)
[2019.11.20-06.33.25:622][  0]LogInit: FAudioDevice initialized.
[2019.11.20-06.33.25:622][  0]LogNetVersion: Set ProjectVersion to 2.0.0.0. Version Checksum will be recalculated on next use.
[2019.11.20-06.33.25:699][  0]LogDerivedDataCache: Saved boot cache 0.08s 121MB C:/Users/programmer1/AppData/Local/UnrealEngine/4.21/DerivedDataCache/Boot.ddc.
[2019.11.20-06.33.25:714][  0]LogInit: Texture streaming: Enabled
[2019.11.20-06.33.25:741][  0]LogEngineSessionManager: EngineSessionManager initialized
[2019.11.20-06.33.25:752][  0]LogInit: Transaction tracking system initialized
[2019.11.20-06.33.25:773][  0]BlueprintLog: New page: 에디터 로드
[2019.11.20-06.33.25:946][  0]LocalizationService: 현지화 서비스가 비활성화되었습니다.
[2019.11.20-06.33.26:168][  0]LogLinker: Warning: '/Game/ThirdPersonBP/ThirdPersonOverview' 파일을 찾을 수 없습니다.
[2019.11.20-06.33.26:169][  0]LogLinker: Warning: '/Game/ThirdPersonBP/ThirdPersonOverview' 파일을 찾을 수 없습니다.
[2019.11.20-06.33.26:169][  0]LogUObjectGlobals: Warning: 'Class /Game/ThirdPersonBP/ThirdPersonOverview.ThirdPersonOverview_C' 오브젝트를 찾는 데 실패했습니다.
[2019.11.20-06.33.27:122][  0]LogCook: Display: Max memory allowance for cook 16384mb min free memory 0mb
[2019.11.20-06.33.27:122][  0]LogCook: Display: Mobile HDR setting 1
[2019.11.20-06.33.27:122][  0]LogGameplayTags: Display: UGameplayTagsManager::DoneAddingNativeTags. DelegateIsBound: 0
[2019.11.20-06.33.27:122][  0]LogStats: UGameplayTagsManager::ConstructGameplayTagTree: ImportINI prefixes -  0.000 s
[2019.11.20-06.33.27:122][  0]LogStats: UGameplayTagsManager::ConstructGameplayTagTree: Construct from data asset -  0.000 s
[2019.11.20-06.33.27:122][  0]LogStats: UGameplayTagsManager::ConstructGameplayTagTree: ImportINI -  0.000 s
[2019.11.20-06.33.27:122][  0]LogStats: UGameplayTagsManager::ConstructGameplayTagTree: GameplayTagTreeChangedEvent.Broadcast -  0.000 s
[2019.11.20-06.33.27:268][  0]LogFileCache: Scanning file cache for directory 'E:/Workspace/SourceTree/Capstone/LostDark/Content/' took 0.10s
[2019.11.20-06.33.27:268][  0]SourceControl: 소스 컨트롤이 꺼졌습니다.
[2019.11.20-06.33.27:268][  0]Cmd: MAP LOAD FILE="../../../../../../Workspace/SourceTree/Capstone/LostDark/Content/DefaultLevel/DefaultLevel.umap" TEMPLATE=0 SHOWPROGRESS=1 FEATURELEVEL=3
[2019.11.20-06.33.27:272][  0]LightingResults: New page: 라이팅 빌드
[2019.11.20-06.33.27:274][  0]MapCheck: New page: 맵 체크
[2019.11.20-06.33.27:274][  0]LightingResults: New page: 라이팅 빌드
[2019.11.20-06.33.27:384][  0]LogAIModule: Creating AISystem for world DefaultLevel
[2019.11.20-06.33.27:389][  0]LogEditorServer: Finished looking for orphan Actors (0.000 secs)
[2019.11.20-06.33.27:415][  0]Cmd: MAP CHECKDEP NOCLEARLOG
[2019.11.20-06.33.27:415][  0]MapCheck: 맵 체크 완료: 오류 0 회, 경고 0 회, 소요 시간 0.096ms.
[2019.11.20-06.33.27:415][  0]LogFileHelpers: Loading map 'DefaultLevel' took 0.147
[2019.11.20-06.33.27:557][  0]LogSlate: Updating window title bar state: overlay mode, drag disabled, window buttons hidden, title bar hidden
[2019.11.20-06.33.27:564][  0]LogSlate: Updating window title bar state: overlay mode, drag disabled, window buttons hidden, title bar hidden
[2019.11.20-06.33.27:570][  0]LogSlate: Updating window title bar state: overlay mode, drag disabled, window buttons hidden, title bar hidden
[2019.11.20-06.33.27:577][  0]LogSlate: Updating window title bar state: overlay mode, drag disabled, window buttons hidden, title bar hidden
[2019.11.20-06.33.27:589][  0]LogCollectionManager: Loaded 0 collections in 0.001058 seconds
[2019.11.20-06.33.27:693][  0]LogFileCache: Scanning file cache for directory 'E:/Workspace/SourceTree/Capstone/LostDark/Saved/Collections/' took 0.01s
[2019.11.20-06.33.27:693][  0]LogFileCache: Scanning file cache for directory 'E:/Workspace/SourceTree/Capstone/LostDark/Content/Developers/programmer1/Collections/' took 0.01s
[2019.11.20-06.33.27:693][  0]LogFileCache: Scanning file cache for directory 'E:/Workspace/SourceTree/Capstone/LostDark/Content/Collections/' took 0.01s
[2019.11.20-06.33.27:693][  0]LogCollectionManager: Rebuilt the GUID cache for 0 collections in 0.000001 seconds
[2019.11.20-06.33.27:733][  0]LogContentBrowser: Native class hierarchy populated in 0.0249 seconds. Added 2678 classes and 625 folders.
[2019.11.20-06.33.27:748][  0]LogContentBrowser: Native class hierarchy updated for 'WidgetCarousel' in 0.0004 seconds. Added 0 classes and 0 folders.
[2019.11.20-06.33.27:758][  0]LogPakFile: Registered encryption key '00000000000000000000000000000000': 0 pak files mounted, 0 remain pending
[2019.11.20-06.33.27:763][  0]LogPakFile: Registered encryption key '00000000000000000000000000000000': 0 pak files mounted, 0 remain pending
[2019.11.20-06.33.27:766][  0]LogPakFile: Registered encryption key '00000000000000000000000000000000': 0 pak files mounted, 0 remain pending
[2019.11.20-06.33.27:767][  0]LogPakFile: Registered encryption key '00000000000000000000000000000000': 0 pak files mounted, 0 remain pending
[2019.11.20-06.33.27:769][  0]LogPakFile: Registered encryption key '00000000000000000000000000000000': 0 pak files mounted, 0 remain pending
[2019.11.20-06.33.27:772][  0]LogPakFile: Registered encryption key '00000000000000000000000000000000': 0 pak files mounted, 0 remain pending
[2019.11.20-06.33.27:774][  0]LogPakFile: Registered encryption key '00000000000000000000000000000000': 0 pak files mounted, 0 remain pending
[2019.11.20-06.33.27:776][  0]LogPakFile: Registered encryption key '00000000000000000000000000000000': 0 pak files mounted, 0 remain pending
[2019.11.20-06.33.27:779][  0]LogPakFile: Registered encryption key '00000000000000000000000000000000': 0 pak files mounted, 0 remain pending
[2019.11.20-06.33.27:781][  0]LogPakFile: Registered encryption key '00000000000000000000000000000000': 0 pak files mounted, 0 remain pending
[2019.11.20-06.33.27:783][  0]LogPakFile: Registered encryption key '00000000000000000000000000000000': 0 pak files mounted, 0 remain pending
[2019.11.20-06.33.27:785][  0]LogPakFile: Registered encryption key '00000000000000000000000000000000': 0 pak files mounted, 0 remain pending
[2019.11.20-06.33.27:788][  0]LogPakFile: Registered encryption key '00000000000000000000000000000000': 0 pak files mounted, 0 remain pending
[2019.11.20-06.33.27:790][  0]LogPakFile: Registered encryption key '00000000000000000000000000000000': 0 pak files mounted, 0 remain pending
[2019.11.20-06.33.27:793][  0]LogPakFile: Registered encryption key '00000000000000000000000000000000': 0 pak files mounted, 0 remain pending
[2019.11.20-06.33.27:796][  0]LogPakFile: Registered encryption key '00000000000000000000000000000000': 0 pak files mounted, 0 remain pending
[2019.11.20-06.33.27:799][  0]LogPakFile: Registered encryption key '00000000000000000000000000000000': 0 pak files mounted, 0 remain pending
[2019.11.20-06.33.27:802][  0]LogPakFile: Registered encryption key '00000000000000000000000000000000': 0 pak files mounted, 0 remain pending
[2019.11.20-06.33.27:805][  0]LogPakFile: Registered encryption key '00000000000000000000000000000000': 0 pak files mounted, 0 remain pending
[2019.11.20-06.33.27:807][  0]LogPakFile: Registered encryption key '00000000000000000000000000000000': 0 pak files mounted, 0 remain pending
[2019.11.20-06.33.27:810][  0]LogPakFile: Registered encryption key '00000000000000000000000000000000': 0 pak files mounted, 0 remain pending
[2019.11.20-06.33.27:813][  0]LogPakFile: Registered encryption key '00000000000000000000000000000000': 0 pak files mounted, 0 remain pending
[2019.11.20-06.33.27:816][  0]LogPakFile: Registered encryption key '00000000000000000000000000000000': 0 pak files mounted, 0 remain pending
[2019.11.20-06.33.27:818][  0]LogPakFile: Registered encryption key '00000000000000000000000000000000': 0 pak files mounted, 0 remain pending
[2019.11.20-06.33.27:820][  0]LogPakFile: Registered encryption key '00000000000000000000000000000000': 0 pak files mounted, 0 remain pending
[2019.11.20-06.33.27:823][  0]LogPakFile: Registered encryption key '00000000000000000000000000000000': 0 pak files mounted, 0 remain pending
[2019.11.20-06.33.28:003][  0]LogContentBrowser: Native class hierarchy updated for 'AddContentDialog' in 0.0004 seconds. Added 0 classes and 0 folders.
[2019.11.20-06.33.28:017][  0]LogContentBrowser: Native class hierarchy updated for 'SceneOutliner' in 0.0005 seconds. Added 1 classes and 2 folders.
[2019.11.20-06.33.28:174][  0]LogSlate: Took 0.000364 seconds to synchronously load lazily loaded font '../../../Engine/Content/Slate/Fonts/Roboto-Regular.ttf' (155K)
[2019.11.20-06.33.28:178][  0]LogSlate: Took 0.002075 seconds to synchronously load lazily loaded font '../../../Engine/Content/Editor/Slate/Fonts/NanumGothic.ttf' (4243K)
[2019.11.20-06.33.28:183][  0]LogSlate: Took 0.004131 seconds to synchronously load lazily loaded font '../../../Engine/Content/Editor/Slate/Fonts/NanumGothicBold.ttf' (4188K)
[2019.11.20-06.33.28:183][  0]LogSlate: Took 0.000298 seconds to synchronously load lazily loaded font '../../../Engine/Content/Slate/Fonts/Roboto-Bold.ttf' (160K)
[2019.11.20-06.33.28:190][  0]LogSlate: Took 0.002253 seconds to synchronously load lazily loaded font '../../../Engine/Content/Editor/Slate/Fonts/FontAwesome.ttf' (139K)
[2019.11.20-06.33.28:298][  0]LogRenderer: Reallocating scene render targets to support 892x412 Format 9 NumSamples 1 (Frame:1).
[2019.11.20-06.33.28:356][  0]LogSlate: Took 0.002668 seconds to synchronously load lazily loaded font '../../../Engine/Content/Slate/Fonts/../../Editor/Slate/Fonts/NanumGothic.ttf' (4243K)
[2019.11.20-06.33.28:460][  0]LogContentBrowser: Native class hierarchy updated for 'HierarchicalLODOutliner' in 0.0004 seconds. Added 0 classes and 0 folders.
[2019.11.20-06.33.28:460][  0]LogLoad: (Engine Initialization) Total time: 14.51 seconds
[2019.11.20-06.33.28:460][  0]LogLoad: (Engine Initialization) Total Blueprint compile time: 0.00 seconds
[2019.11.20-06.33.28:538][  0]LogContentStreaming: Texture pool size now 600 MB
[2019.11.20-06.33.29:167][  5]LogAssetRegistry: Asset discovery search completed in 9.8447 seconds
[2019.11.20-06.33.29:170][  5]LogCollectionManager: Rebuilt the object cache for 0 collections in 0.000001 seconds (found 0 objects)
[2019.11.20-06.33.29:170][  5]LogCollectionManager: Fixed up redirectors for 0 collections in 0.000082 seconds (updated 0 objects)
[2019.11.20-06.33.31:040][ 11]LogSlate: FSceneViewport::OnFocusLost() reason 0
[2019.11.20-06.33.32:733][ 87]LogSlate: Took 0.003542 seconds to synchronously load lazily loaded font '../../../Engine/Content/Slate/Fonts/Roboto-Light.ttf' (167K)
[2019.11.20-06.33.40:940][485]LogSlate: Took 0.001922 seconds to synchronously load lazily loaded font '../../../Engine/Content/Slate/Fonts/Roboto-Light.ttf' (167K)
[2019.11.20-06.33.45:058][485]LogClass: Warning: Enum '/Game/UI_Kit/Blueprints/Objectives/E_ObjectiveType.E_ObjectiveType' was upgraded to use FText to store its display name data. Please re-save this asset to avoid issues with localization and determinstic cooking.
[2019.11.20-06.33.45:096][485]LogClass: Warning: Enum '/Game/UI_Kit/Widgets/Window/ResizeType.ResizeType' was upgraded to use FText to store its display name data. Please re-save this asset to avoid issues with localization and determinstic cooking.
[2019.11.20-06.33.45:420][485]LogBlueprint: Warning: [Compiler MinimapCapture] SceneCapture.MeshComp : 블루프린트에서 보이도록 (BlueprintReadOnly 또는  BlueprintReadWrite) 되어있지 않습니다. 마크업을 수정하거나 접근을 중단하지 않으면, 앞으로 릴리즈에서 오류가 발생할 것입니다.  MeshComp 구하기
[2019.11.20-06.33.45:439][485]LogBlueprint: Warning: [Compiler PrototypeUI_Controller] Set Input Mode Game And UI (Deprecated)  : 폐기되었습니다. Use the new version of Set Input Mode Game And UI instead
[2019.11.20-06.33.45:657][485]LogBlueprint: Warning: [Compiler MinimapCapture] [0031.71] MinimapCapture 컴파일에 성공했습니다만, 경고가 1 회 있습니다. [소요시간 626 ms] (/Game/UI_Kit/Blueprints/MinimapCapture.MinimapCapture)
[2019.11.20-06.33.45:658][485]LogBlueprint: Warning: [Compiler PrototypeUI_Controller] [0031.71] PrototypeUI_Controller 컴파일에 성공했습니다만, 경고가 1 회 있습니다. [소요시간 626 ms] (/Game/UI_Kit/Blueprints/PrototypeUI_Controller.PrototypeUI_Controller)
[2019.11.20-06.33.49:305][485]LogMovieScene: Warning: Legacy data detected in sequence '/Game/UI_Kit/Widgets/Objectives/W_Objective (Unknown sequence)'. This will cause deterministic cooking issues. Please resave the package.
[2019.11.20-06.33.49:305][485]LogMovieScene: Warning: Legacy data detected in sequence '/Game/UI_Kit/Widgets/Objectives/W_Objective (Complete Objective)'. This will cause deterministic cooking issues. Please resave the package.
[2019.11.20-06.33.49:305][485]LogMovieScene: Warning: Legacy data detected in sequence '/Game/UI_Kit/Widgets/Objectives/W_Objective (Unknown sequence)'. This will cause deterministic cooking issues. Please resave the package.
[2019.11.20-06.33.49:305][485]LogMovieScene: Warning: Legacy data detected in sequence '/Game/UI_Kit/Widgets/Objectives/W_Objective (Fade Border)'. This will cause deterministic cooking issues. Please resave the package.
[2019.11.20-06.33.49:305][485]LogMovieScene: Warning: Legacy data detected in sequence '/Game/UI_Kit/Widgets/Objectives/W_Objective (Unknown sequence)'. This will cause deterministic cooking issues. Please resave the package.
[2019.11.20-06.33.49:305][485]LogMovieScene: Warning: Legacy data detected in sequence '/Game/UI_Kit/Widgets/Objectives/W_Objective (New Objective)'. This will cause deterministic cooking issues. Please resave the package.
[2019.11.20-06.33.49:305][485]LogMovieScene: Warning: Legacy data detected in sequence '/Engine/Transient (Unknown sequence)'. This will cause deterministic cooking issues. Please resave the package.
[2019.11.20-06.33.49:305][485]LogMovieScene: Warning: Legacy data detected in sequence '/Engine/Transient (Complete Objective_INST)'. This will cause deterministic cooking issues. Please resave the package.
[2019.11.20-06.33.49:305][485]LogMovieScene: Warning: Legacy data detected in sequence '/Engine/Transient (Unknown sequence)'. This will cause deterministic cooking issues. Please resave the package.
[2019.11.20-06.33.49:305][485]LogMovieScene: Warning: Legacy data detected in sequence '/Engine/Transient (Fade Border_INST)'. This will cause deterministic cooking issues. Please resave the package.
[2019.11.20-06.33.49:305][485]LogMovieScene: Warning: Legacy data detected in sequence '/Engine/Transient (Unknown sequence)'. This will cause deterministic cooking issues. Please resave the package.
[2019.11.20-06.33.49:305][485]LogMovieScene: Warning: Legacy data detected in sequence '/Engine/Transient (New Objective_INST)'. This will cause deterministic cooking issues. Please resave the package.
[2019.11.20-06.33.49:305][485]LogMovieScene: Warning: Legacy data detected in sequence '/Game/UI_Kit/Widgets/Objectives/W_Objective (Complete Objective)'. This will cause deterministic cooking issues. Please resave the package.
[2019.11.20-06.33.49:305][485]LogMovieScene: Warning: Legacy data detected in sequence '/Game/UI_Kit/Widgets/Objectives/W_Objective (Complete Objective)'. This will cause deterministic cooking issues. Please resave the package.
[2019.11.20-06.33.49:306][485]LogMovieScene: Warning: Legacy data detected in sequence '/Game/UI_Kit/Widgets/Objectives/W_Objective (New Objective)'. This will cause deterministic cooking issues. Please resave the package.
[2019.11.20-06.33.49:306][485]LogMovieScene: Warning: Legacy data detected in sequence '/Game/UI_Kit/Widgets/Objectives/W_Objective (New Objective)'. This will cause deterministic cooking issues. Please resave the package.
[2019.11.20-06.33.49:306][485]LogMovieScene: Warning: Legacy data detected in sequence '/Engine/Transient (Complete Objective_INST)'. This will cause deterministic cooking issues. Please resave the package.
[2019.11.20-06.33.49:306][485]LogMovieScene: Warning: Legacy data detected in sequence '/Engine/Transient (Complete Objective_INST)'. This will cause deterministic cooking issues. Please resave the package.
[2019.11.20-06.33.49:306][485]LogMovieScene: Warning: Legacy data detected in sequence '/Engine/Transient (New Objective_INST)'. This will cause deterministic cooking issues. Please resave the package.
[2019.11.20-06.33.49:306][485]LogMovieScene: Warning: Legacy data detected in sequence '/Engine/Transient (New Objective_INST)'. This will cause deterministic cooking issues. Please resave the package.
[2019.11.20-06.33.49:306][485]LogMovieScene: Warning: Legacy data detected in sequence '/Game/UI_Kit/Widgets/Objectives/W_Objective (Complete Objective)'. This will cause deterministic cooking issues. Please resave the package.
[2019.11.20-06.33.49:306][485]LogMovieScene: Warning: Legacy data detected in sequence '/Game/UI_Kit/Widgets/Objectives/W_Objective (Complete Objective)'. This will cause deterministic cooking issues. Please resave the package.
[2019.11.20-06.33.49:306][485]LogMovieScene: Warning: Legacy data detected in sequence '/Game/UI_Kit/Widgets/Objectives/W_Objective (New Objective)'. This will cause deterministic cooking issues. Please resave the package.
[2019.11.20-06.33.49:306][485]LogMovieScene: Warning: Legacy data detected in sequence '/Game/UI_Kit/Widgets/Objectives/W_Objective (New Objective)'. This will cause deterministic cooking issues. Please resave the package.
[2019.11.20-06.33.49:306][485]LogMovieScene: Warning: Legacy data detected in sequence '/Engine/Transient (Complete Objective_INST)'. This will cause deterministic cooking issues. Please resave the package.
[2019.11.20-06.33.49:306][485]LogMovieScene: Warning: Legacy data detected in sequence '/Engine/Transient (Complete Objective_INST)'. This will cause deterministic cooking issues. Please resave the package.
[2019.11.20-06.33.49:306][485]LogMovieScene: Warning: Legacy data detected in sequence '/Engine/Transient (New Objective_INST)'. This will cause deterministic cooking issues. Please resave the package.
[2019.11.20-06.33.49:306][485]LogMovieScene: Warning: Legacy data detected in sequence '/Engine/Transient (New Objective_INST)'. This will cause deterministic cooking issues. Please resave the package.
[2019.11.20-06.33.49:306][485]LogMovieScene: Warning: Legacy data detected in sequence '/Game/UI_Kit/Widgets/Objectives/W_Objective (Complete Objective)'. This will cause deterministic cooking issues. Please resave the package.
[2019.11.20-06.33.49:306][485]LogMovieScene: Warning: Legacy data detected in sequence '/Game/UI_Kit/Widgets/Objectives/W_Objective (Complete Objective)'. This will cause deterministic cooking issues. Please resave the package.
[2019.11.20-06.33.49:306][485]LogMovieScene: Warning: Legacy data detected in sequence '/Game/UI_Kit/Widgets/Objectives/W_Objective (Complete Objective)'. This will cause deterministic cooking issues. Please resave the package.
[2019.11.20-06.33.49:306][485]LogMovieScene: Warning: Legacy data detected in sequence '/Game/UI_Kit/Widgets/Objectives/W_Objective (Complete Objective)'. This will cause deterministic cooking issues. Please resave the package.
[2019.11.20-06.33.49:306][485]LogMovieScene: Warning: Legacy data detected in sequence '/Game/UI_Kit/Widgets/Objectives/W_Objective (New Objective)'. This will cause deterministic cooking issues. Please resave the package.
[2019.11.20-06.33.49:306][485]LogMovieScene: Warning: Legacy data detected in sequence '/Game/UI_Kit/Widgets/Objectives/W_Objective (New Objective)'. This will cause deterministic cooking issues. Please resave the package.
[2019.11.20-06.33.49:306][485]LogMovieScene: Warning: Legacy data detected in sequence '/Game/UI_Kit/Widgets/Objectives/W_Objective (New Objective)'. This will cause deterministic cooking issues. Please resave the package.
[2019.11.20-06.33.49:306][485]LogMovieScene: Warning: Legacy data detected in sequence '/Game/UI_Kit/Widgets/Objectives/W_Objective (New Objective)'. This will cause deterministic cooking issues. Please resave the package.
[2019.11.20-06.33.49:306][485]LogMovieScene: Warning: Legacy data detected in sequence '/Game/UI_Kit/Widgets/Objectives/W_Objective (New Objective)'. This will cause deterministic cooking issues. Please resave the package.
[2019.11.20-06.33.49:306][485]LogMovieScene: Warning: Legacy data detected in sequence '/Engine/Transient (Complete Objective_INST)'. This will cause deterministic cooking issues. Please resave the package.
[2019.11.20-06.33.49:306][485]LogMovieScene: Warning: Legacy data detected in sequence '/Engine/Transient (Complete Objective_INST)'. This will cause deterministic cooking issues. Please resave the package.
[2019.11.20-06.33.49:306][485]LogMovieScene: Warning: Legacy data detected in sequence '/Engine/Transient (Complete Objective_INST)'. This will cause deterministic cooking issues. Please resave the package.
[2019.11.20-06.33.49:306][485]LogMovieScene: Warning: Legacy data detected in sequence '/Engine/Transient (Complete Objective_INST)'. This will cause deterministic cooking issues. Please resave the package.
[2019.11.20-06.33.49:306][485]LogMovieScene: Warning: Legacy data detected in sequence '/Engine/Transient (New Objective_INST)'. This will cause deterministic cooking issues. Please resave the package.
[2019.11.20-06.33.49:306][485]LogMovieScene: Warning: Legacy data detected in sequence '/Engine/Transient (New Objective_INST)'. This will cause deterministic cooking issues. Please resave the package.
[2019.11.20-06.33.49:306][485]LogMovieScene: Warning: Legacy data detected in sequence '/Engine/Transient (New Objective_INST)'. This will cause deterministic cooking issues. Please resave the package.
[2019.11.20-06.33.49:306][485]LogMovieScene: Warning: Legacy data detected in sequence '/Engine/Transient (New Objective_INST)'. This will cause deterministic cooking issues. Please resave the package.
[2019.11.20-06.33.49:306][485]LogMovieScene: Warning: Legacy data detected in sequence '/Engine/Transient (New Objective_INST)'. This will cause deterministic cooking issues. Please resave the package.
[2019.11.20-06.33.49:306][485]LogMovieScene: Warning: Legacy data detected in sequence '/Game/UI_Kit/Widgets/Objectives/W_Objective (Complete Objective)'. This will cause deterministic cooking issues. Please resave the package.
[2019.11.20-06.33.49:306][485]LogMovieScene: Warning: Legacy data detected in sequence '/Game/UI_Kit/Widgets/Objectives/W_Objective (Complete Objective)'. This will cause deterministic cooking issues. Please resave the package.
[2019.11.20-06.33.49:306][485]LogMovieScene: Warning: Legacy data detected in sequence '/Game/UI_Kit/Widgets/Objectives/W_Objective (Complete Objective)'. This will cause deterministic cooking issues. Please resave the package.
[2019.11.20-06.33.49:307][485]LogMovieScene: Warning: Legacy data detected in sequence '/Game/UI_Kit/Widgets/Objectives/W_Objective (Complete Objective)'. This will cause deterministic cooking issues. Please resave the package.
[2019.11.20-06.33.49:307][485]LogMovieScene: Warning: Legacy data detected in sequence '/Game/UI_Kit/Widgets/Objectives/W_Objective (New Objective)'. This will cause deterministic cooking issues. Please resave the package.
[2019.11.20-06.33.49:307][485]LogMovieScene: Warning: Legacy data detected in sequence '/Game/UI_Kit/Widgets/Objectives/W_Objective (New Objective)'. This will cause deterministic cooking issues. Please resave the package.
[2019.11.20-06.33.49:307][485]LogMovieScene: Warning: Legacy data detected in sequence '/Game/UI_Kit/Widgets/Objectives/W_Objective (New Objective)'. This will cause deterministic cooking issues. Please resave the package.
[2019.11.20-06.33.49:307][485]LogMovieScene: Warning: Legacy data detected in sequence '/Game/UI_Kit/Widgets/Objectives/W_Objective (New Objective)'. This will cause deterministic cooking issues. Please resave the package.
[2019.11.20-06.33.49:307][485]LogMovieScene: Warning: Legacy data detected in sequence '/Game/UI_Kit/Widgets/Objectives/W_Objective (New Objective)'. This will cause deterministic cooking issues. Please resave the package.
[2019.11.20-06.33.49:307][485]LogMovieScene: Warning: Legacy data detected in sequence '/Engine/Transient (Complete Objective_INST)'. This will cause deterministic cooking issues. Please resave the package.
[2019.11.20-06.33.49:307][485]LogMovieScene: Warning: Legacy data detected in sequence '/Engine/Transient (Complete Objective_INST)'. This will cause deterministic cooking issues. Please resave the package.
[2019.11.20-06.33.49:307][485]LogMovieScene: Warning: Legacy data detected in sequence '/Engine/Transient (Complete Objective_INST)'. This will cause deterministic cooking issues. Please resave the package.
[2019.11.20-06.33.49:307][485]LogMovieScene: Warning: Legacy data detected in sequence '/Engine/Transient (Complete Objective_INST)'. This will cause deterministic cooking issues. Please resave the package.
[2019.11.20-06.33.49:307][485]LogMovieScene: Warning: Legacy data detected in sequence '/Engine/Transient (New Objective_INST)'. This will cause deterministic cooking issues. Please resave the package.
[2019.11.20-06.33.49:307][485]LogMovieScene: Warning: Legacy data detected in sequence '/Engine/Transient (New Objective_INST)'. This will cause deterministic cooking issues. Please resave the package.
[2019.11.20-06.33.49:307][485]LogMovieScene: Warning: Legacy data detected in sequence '/Engine/Transient (New Objective_INST)'. This will cause deterministic cooking issues. Please resave the package.
[2019.11.20-06.33.49:307][485]LogMovieScene: Warning: Legacy data detected in sequence '/Engine/Transient (New Objective_INST)'. This will cause deterministic cooking issues. Please resave the package.
[2019.11.20-06.33.49:307][485]LogMovieScene: Warning: Legacy data detected in sequence '/Engine/Transient (New Objective_INST)'. This will cause deterministic cooking issues. Please resave the package.
[2019.11.20-06.33.49:307][485]LogMovieScene: Warning: Legacy data detected in sequence '/Game/UI_Kit/Widgets/Objectives/W_Objective (Complete Objective)'. This will cause deterministic cooking issues. Please resave the package.
[2019.11.20-06.33.49:307][485]LogMovieScene: Warning: Legacy data detected in sequence '/Engine/Transient (Complete Objective_INST)'. This will cause deterministic cooking issues. Please resave the package.
[2019.11.20-06.33.49:307][485]LogMovieScene: Warning: Legacy data detected in sequence '/Game/UI_Kit/Widgets/Objectives/W_Objective (Complete Objective)'. This will cause deterministic cooking issues. Please resave the package.
[2019.11.20-06.33.49:307][485]LogMovieScene: Warning: Legacy data detected in sequence '/Engine/Transient (Complete Objective_INST)'. This will cause deterministic cooking issues. Please resave the package.
[2019.11.20-06.33.50:733][485]LogAIModule: Creating AISystem for world YJ_NPCMap
[2019.11.20-06.33.51:003][485]LogAssetEditorManager: Opening Asset editor for World /Game/YJ/Maps/YJ_NPCMap.YJ_NPCMap
[2019.11.20-06.33.51:114][485]Cmd: MAP LOAD FILE="../../../../../../Workspace/SourceTree/Capstone/LostDark/Content/YJ/Maps/YJ_NPCMap.umap" TEMPLATE=0 SHOWPROGRESS=1 FEATURELEVEL=3
[2019.11.20-06.33.51:114][485]LightingResults: New page: 라이팅 빌드
[2019.11.20-06.33.51:116][485]LoadErrors: New page: 맵 로드중: YJ_NPCMap.umap
[2019.11.20-06.33.51:117][485]MapCheck: New page: 맵 체크
[2019.11.20-06.33.51:117][485]LightingResults: New page: 라이팅 빌드
[2019.11.20-06.33.52:122][485]LogEditorServer: Finished looking for orphan Actors (0.000 secs)
[2019.11.20-06.33.52:243][485]Cmd: MAP CHECKDEP NOCLEARLOG
[2019.11.20-06.33.52:243][485]MapCheck: 맵 체크 완료: 오류 0 회, 경고 0 회, 소요 시간 0.183ms.
[2019.11.20-06.33.52:243][485]LogFileHelpers: Loading map 'YJ_NPCMap' took 1.131
[2019.11.20-06.33.52:757][488]LogRenderer: Reallocating scene render targets to support 1024x1024 Format 10 NumSamples 1 (Frame:1).
[2019.11.20-06.34.04:224][600]LogTemp: Repeating last play command: 새 에디터 창 (PIE)
[2019.11.20-06.34.04:237][600]LogBlueprintUserMessages: Early PlayInEditor Detection: Level '/Game/YJ/Maps/YJ_NPCMap.YJ_NPCMap:PersistentLevel' has LevelScriptBlueprint '/Game/YJ/Maps/YJ_NPCMap.YJ_NPCMap:PersistentLevel.YJ_NPCMap' with GeneratedClass '/Game/YJ/Maps/YJ_NPCMap.YJ_NPCMap_C' with ClassGeneratedBy '/Game/YJ/Maps/YJ_NPCMap.YJ_NPCMap:PersistentLevel.YJ_NPCMap'
[2019.11.20-06.34.04:238][600]LogPlayLevel: PlayLevel: No blueprints needed recompiling
[2019.11.20-06.34.04:240][600]PIE: New page: PIE 세션: YJ_NPCMap (2019. 11. 21. 오전 12:34:04)
[2019.11.20-06.34.04:254][600]LogPlayLevel: Creating play world package: /Game/YJ/Maps/UEDPIE_0_YJ_NPCMap
[2019.11.20-06.34.04:261][600]LogPlayLevel: PIE: StaticDuplicateObject took: (0.006998s)
[2019.11.20-06.34.04:261][600]LogAIModule: Creating AISystem for world YJ_NPCMap
[2019.11.20-06.34.04:262][600]LogPlayLevel: PIE: World Init took: (0.000641s)
[2019.11.20-06.34.04:262][600]LogPlayLevel: PIE: Created PIE world by copying editor world from /Game/YJ/Maps/YJ_NPCMap.YJ_NPCMap to /Game/YJ/Maps/UEDPIE_0_YJ_NPCMap.YJ_NPCMap (0.007986s)
[2019.11.20-06.34.04:313][600]LogInit: XAudio2 using '스피커(Conexant SmartAudio HD)' : 2 channels at 44.1 kHz using 32 bits per sample (channel mask 0x3)
[2019.11.20-06.34.04:360][600]LogInit: FAudioDevice initialized.
[2019.11.20-06.34.04:380][600]LogSlate: Updating window title bar state: overlay mode, drag disabled, window buttons hidden, title bar hidden
[2019.11.20-06.34.04:525][600]LogLoad: Game class is 'MyPersonGameMode_C'
[2019.11.20-06.34.04:574][600]LogWorld: Bringing World /Game/YJ/Maps/UEDPIE_0_YJ_NPCMap.YJ_NPCMap up for play (max tick rate 0) at 2019.11.20-15.34.04
[2019.11.20-06.34.04:581][600]LogWorld: Bringing up level for play took: 0.046112
[2019.11.20-06.34.04:620][600]LogContentBrowser: Native class hierarchy updated for 'MovieSceneCapture' in 0.0006 seconds. Added 20 classes and 0 folders.
[2019.11.20-06.34.04:678][600]PIE: /Game/YJ/Maps/UEDPIE_0_YJ_NPCMap 에 대한 에디터에서 플레이 시작 시간: 0.58
[2019.11.20-06.34.04:679][600]LogBlueprintUserMessages: Late PlayInEditor Detection: Level '/Game/YJ/Maps/YJ_NPCMap.YJ_NPCMap:PersistentLevel' has LevelScriptBlueprint '/Game/YJ/Maps/YJ_NPCMap.YJ_NPCMap:PersistentLevel.YJ_NPCMap' with GeneratedClass '/Game/YJ/Maps/YJ_NPCMap.YJ_NPCMap_C' with ClassGeneratedBy '/Game/YJ/Maps/YJ_NPCMap.YJ_NPCMap:PersistentLevel.YJ_NPCMap'
[2019.11.20-06.34.11:331][868]LogSlate: FSceneViewport::OnFocusLost() reason 0
[2019.11.20-06.34.13:667][965]LogSlate: FSceneViewport::OnFocusLost() reason 0
[2019.11.20-06.34.19:246][188]LogSlate: FSceneViewport::OnFocusLost() reason 0
[2019.11.20-06.34.20:542][240]LogSlate: FSceneViewport::OnFocusLost() reason 0
[2019.11.20-06.34.22:203][307]LogSlate: FSceneViewport::OnFocusLost() reason 0
[2019.11.20-06.34.26:138][466]LogSlate: FSceneViewport::OnFocusLost() reason 0
[2019.11.20-06.34.27:198][509]LogAnimation: Warning: Setting an additive animation (Jump_Recovery_Additive) on an AnimSingleNodeInstance (AnimSingleNodeInstance /Game/YJ/Maps/UEDPIE_0_YJ_NPCMap.YJ_NPCMap:PersistentLevel.2도움요청NPC_2.SkeletalMesh.AnimSingleNodeInstance_1) is not allowed. This will not function correctly in cooked builds!
[2019.11.20-06.34.27:235][510]LogAnimation: Warning: Setting an additive animation (Jump_Recovery_Additive) on an AnimSingleNodeInstance (AnimSingleNodeInstance /Game/YJ/Maps/UEDPIE_0_YJ_NPCMap.YJ_NPCMap:PersistentLevel.2도움요청NPC_2.SkeletalMesh.AnimSingleNodeInstance_1) is not allowed. This will not function correctly in cooked builds!
[2019.11.20-06.34.27:255][511]LogAnimation: Warning: Setting an additive animation (Jump_Recovery_Additive) on an AnimSingleNodeInstance (AnimSingleNodeInstance /Game/YJ/Maps/UEDPIE_0_YJ_NPCMap.YJ_NPCMap:PersistentLevel.2도움요청NPC_2.SkeletalMesh.AnimSingleNodeInstance_1) is not allowed. This will not function correctly in cooked builds!
[2019.11.20-06.34.27:274][512]LogAnimation: Warning: Setting an additive animation (Jump_Recovery_Additive) on an AnimSingleNodeInstance (AnimSingleNodeInstance /Game/YJ/Maps/UEDPIE_0_YJ_NPCMap.YJ_NPCMap:PersistentLevel.2도움요청NPC_2.SkeletalMesh.AnimSingleNodeInstance_1) is not allowed. This will not function correctly in cooked builds!
[2019.11.20-06.34.27:299][513]LogAnimation: Warning: Setting an additive animation (Jump_Recovery_Additive) on an AnimSingleNodeInstance (AnimSingleNodeInstance /Game/YJ/Maps/UEDPIE_0_YJ_NPCMap.YJ_NPCMap:PersistentLevel.2도움요청NPC_2.SkeletalMesh.AnimSingleNodeInstance_1) is not allowed. This will not function correctly in cooked builds!
[2019.11.20-06.34.32:643][694]LogSlate: FSceneViewport::OnFocusLost() reason 0
[2019.11.20-06.34.33:993][748]LogAnimation: Warning: Setting an additive animation (Ability_RMB_MSA) on an AnimSingleNodeInstance (AnimSingleNodeInstance /Game/YJ/Maps/UEDPIE_0_YJ_NPCMap.YJ_NPCMap:PersistentLevel.3그리폰이야기NPC_2.SkeletalMesh.AnimSingleNodeInstance_1) is not allowed. This will not function correctly in cooked builds!
[2019.11.20-06.34.34:028][749]LogAnimation: Warning: Setting an additive animation (Ability_RMB_MSA) on an AnimSingleNodeInstance (AnimSingleNodeInstance /Game/YJ/Maps/UEDPIE_0_YJ_NPCMap.YJ_NPCMap:PersistentLevel.3그리폰이야기NPC_2.SkeletalMesh.AnimSingleNodeInstance_1) is not allowed. This will not function correctly in cooked builds!
[2019.11.20-06.34.34:050][750]LogAnimation: Warning: Setting an additive animation (Ability_RMB_MSA) on an AnimSingleNodeInstance (AnimSingleNodeInstance /Game/YJ/Maps/UEDPIE_0_YJ_NPCMap.YJ_NPCMap:PersistentLevel.3그리폰이야기NPC_2.SkeletalMesh.AnimSingleNodeInstance_1) is not allowed. This will not function correctly in cooked builds!
[2019.11.20-06.34.34:071][751]LogAnimation: Warning: Setting an additive animation (Ability_RMB_MSA) on an AnimSingleNodeInstance (AnimSingleNodeInstance /Game/YJ/Maps/UEDPIE_0_YJ_NPCMap.YJ_NPCMap:PersistentLevel.3그리폰이야기NPC_2.SkeletalMesh.AnimSingleNodeInstance_1) is not allowed. This will not function correctly in cooked builds!
[2019.11.20-06.34.35:585][812]LogSlate: FSceneViewport::OnFocusLost() reason 0
[2019.11.20-06.34.44:832][171]LogSlate: FSceneViewport::OnFocusLost() reason 0
[2019.11.20-06.35.02:751][875]LogSlate: Window 'REVISION 게임 미리보기 Standalone (64-비트/PCD3D_SM5)' being destroyed
[2019.11.20-06.35.02:766][875]LogBlueprintUserMessages: Early EndPlayMap Detection: Level '/Game/YJ/Maps/YJ_NPCMap.YJ_NPCMap:PersistentLevel' has LevelScriptBlueprint '/Game/YJ/Maps/YJ_NPCMap.YJ_NPCMap:PersistentLevel.YJ_NPCMap' with GeneratedClass '/Game/YJ/Maps/YJ_NPCMap.YJ_NPCMap_C' with ClassGeneratedBy '/Game/YJ/Maps/YJ_NPCMap.YJ_NPCMap:PersistentLevel.YJ_NPCMap'
[2019.11.20-06.35.02:818][875]LogPlayLevel: Display: Shutting down PIE online subsystems
[2019.11.20-06.35.02:819][875]LogBlueprintUserMessages: Late EndPlayMap Detection: Level '/Game/YJ/Maps/YJ_NPCMap.YJ_NPCMap:PersistentLevel' has LevelScriptBlueprint '/Game/YJ/Maps/YJ_NPCMap.YJ_NPCMap:PersistentLevel.YJ_NPCMap' with GeneratedClass '/Game/YJ/Maps/YJ_NPCMap.YJ_NPCMap_C' with ClassGeneratedBy '/Game/YJ/Maps/YJ_NPCMap.YJ_NPCMap:PersistentLevel.YJ_NPCMap'
[2019.11.20-06.35.02:910][876]LogPlayLevel: Display: Destroying online subsystem :Context_1
