Log file open, 05/27/19 19:52:46
LogWindows: Failed to load 'aqProf.dll' (GetLastError=126)
LogWindows: File 'aqProf.dll' does not exist
LogWindows: Failed to load 'VtuneApi.dll' (GetLastError=126)
LogWindows: File 'VtuneApi.dll' does not exist
LogWindows: Failed to load 'VtuneApi32e.dll' (GetLastError=126)
LogWindows: File 'VtuneApi32e.dll' does not exist
LogConsoleResponse: Display: Failed to find resolution value strings in scalability ini. Falling back to default.
LogInit: Display: Running engine for game: LostDark
LogPakFile: Registered encryption key '00000000000000000000000000000000': 0 pak files mounted, 0 remain pending
LogPlatformFile: Not using cached read wrapper
LogTaskGraph: Started task graph with 5 named threads and 35 total threads with 3 sets of task threads.
LogStats: Stats thread started at 0.427869
LogD3D11RHI: Loaded GFSDK_Aftermath_Lib.x64.dll
LogICUInternationalization: ICU TimeZone Detection - Raw Offset: +9:00, Platform Override: ''
LogPluginManager: Mounting plugin Paper2D
LogPluginManager: Mounting plugin AISupport
LogPluginManager: Mounting plugin LightPropagationVolume
LogPluginManager: Mounting plugin ActorLayerUtilities
LogPluginManager: Mounting plugin CLionSourceCodeAccess
LogPluginManager: Mounting plugin CodeLiteSourceCodeAccess
LogPluginManager: Mounting plugin GitSourceControl
LogPluginManager: Mounting plugin KDevelopSourceCodeAccess
LogPluginManager: Mounting plugin NullSourceCodeAccess
LogPluginManager: Mounting plugin PerforceSourceControl
LogPluginManager: Mounting plugin SubversionSourceControl
LogPluginManager: Mounting plugin UObjectPlugin
LogPluginManager: Mounting plugin VisualStudioCodeSourceCodeAccess
LogPluginManager: Mounting plugin VisualStudioSourceCodeAccess
LogPluginManager: Mounting plugin XCodeSourceCodeAccess
LogPluginManager: Mounting plugin AssetManagerEditor
LogPluginManager: Mounting plugin CryptoKeys
LogPluginManager: Mounting plugin DataValidation
LogPluginManager: Mounting plugin FacialAnimation
LogPluginManager: Mounting plugin GameplayTagsEditor
LogPluginManager: Mounting plugin MacGraphicsSwitching
LogPluginManager: Mounting plugin MeshEditor
LogPluginManager: Mounting plugin MobileLauncherProfileWizard
LogPluginManager: Mounting plugin PluginBrowser
LogPluginManager: Mounting plugin SpeedTreeImporter
LogPluginManager: Mounting plugin DatasmithContent
LogPluginManager: Mounting plugin VariantManagerContent
LogPluginManager: Mounting plugin AlembicImporter
LogPluginManager: Mounting plugin AppleImageUtils
LogPluginManager: Mounting plugin AppleVision
LogPluginManager: Mounting plugin BackChannel
LogPluginManager: Mounting plugin CharacterAI
LogPluginManager: Mounting plugin GeometryCache
LogPluginManager: Mounting plugin HTML5Networking
LogPluginManager: Mounting plugin ProxyLODPlugin
LogPluginManager: Mounting plugin MagicLeap
LogPluginManager: Mounting plugin MagicLeapMedia
LogPluginManager: Mounting plugin AndroidMedia
LogPluginManager: Mounting plugin AvfMedia
LogPluginManager: Mounting plugin ImgMedia
LogPluginManager: Mounting plugin LinearTimecode
LogPluginManager: Mounting plugin MediaCompositing
LogPluginManager: Mounting plugin MediaPlayerEditor
LogPluginManager: Mounting plugin WebMMedia
LogPluginManager: Mounting plugin WmfMedia
LogPluginManager: Mounting plugin TcpMessaging
LogPluginManager: Mounting plugin UdpMessaging
LogPluginManager: Mounting plugin ActorSequence
LogPluginManager: Mounting plugin LevelSequenceEditor
LogPluginManager: Mounting plugin MatineeToLevelSequence
LogPluginManager: Mounting plugin NetcodeUnitTest
LogPluginManager: Mounting plugin NUTUnrealEngine4
LogPluginManager: Mounting plugin OnlineSubsystemGooglePlay
LogPluginManager: Mounting plugin OnlineSubsystemIOS
LogPluginManager: Mounting plugin OnlineSubsystem
LogPluginManager: Mounting plugin OnlineSubsystemNull
LogPluginManager: Mounting plugin OnlineSubsystemUtils
LogPluginManager: Mounting plugin LauncherChunkInstaller
LogPluginManager: Mounting plugin AndroidDeviceProfileSelector
LogPluginManager: Mounting plugin AndroidMoviePlayer
LogPluginManager: Mounting plugin AndroidPermission
LogPluginManager: Mounting plugin AppleMoviePlayer
LogPluginManager: Mounting plugin ArchVisCharacter
LogPluginManager: Mounting plugin AudioCapture
LogPluginManager: Mounting plugin CableComponent
LogPluginManager: Mounting plugin CustomMeshComponent
LogPluginManager: Mounting plugin EditableMesh
LogPluginManager: Mounting plugin ExampleDeviceProfileSelector
LogPluginManager: Mounting plugin Firebase
LogPluginManager: Mounting plugin GoogleCloudMessaging
LogPluginManager: Mounting plugin IOSDeviceProfileSelector
LogPluginManager: Mounting plugin LinuxDeviceProfileSelector
LogPluginManager: Mounting plugin LocationServicesBPLibrary
LogPluginManager: Mounting plugin MobilePatchingUtils
LogPluginManager: Mounting plugin OculusVR
LogPluginManager: Mounting plugin PhysXVehicles
LogPluginManager: Mounting plugin ProceduralMeshComponent
LogPluginManager: Mounting plugin RuntimePhysXCooking
LogPluginManager: Mounting plugin SteamVR
LogPluginManager: Mounting plugin WebMMoviePlayer
LogPluginManager: Mounting plugin WindowsMoviePlayer
LogStreaming: Display: Took  0.096s to configure plugins.
LogInit: Using libcurl 7.55.1-DEV
LogInit:  - built for x86_64-pc-win32
LogInit:  - supports SSL with OpenSSL/1.0.2h
LogInit:  - supports HTTP deflate (compression) using libz 1.2.8
LogInit:  - other features:
LogInit:      CURL_VERSION_SSL
LogInit:      CURL_VERSION_LIBZ
LogInit:      CURL_VERSION_IPV6
LogInit:      CURL_VERSION_ASYNCHDNS
LogInit:      CURL_VERSION_LARGEFILE
LogInit:      CURL_VERSION_IDN
LogInit:  CurlRequestOptions (configurable via config and command line):
LogInit:  - bVerifyPeer = true  - Libcurl will verify peer certificate
LogInit:  - bUseHttpProxy = false  - Libcurl will NOT use HTTP proxy
LogInit:  - bDontReuseConnections = false  - Libcurl will reuse connections
LogInit:  - MaxHostConnections = 16  - Libcurl will limit the number of connections to a host
LogInit:  - LocalHostAddr = Default
LogInit:  - BufferSize = 65536
LogInit: WinSock: version 1.1 (2.2), MaxSocks=32767, MaxUdp=65467
LogInit: Build: ++UE4+Release-4.21-CL-4753647
LogInit: Engine Version: 4.21.2-4753647+++UE4+Release-4.21
LogInit: Compatible Engine Version: 4.21.0-4541578+++UE4+Release-4.21
LogInit: Net CL: 4541578
LogInit: OS: Windows 10 (), CPU: AMD Ryzen 5 1600 Six-Core Processor            , GPU: NVIDIA GeForce GTX 1070
LogInit: Compiled (64-bit): Jan 19 2019 02:07:31
LogInit: Compiled with Visual C++: 19.13.26129.00
LogInit: Build Configuration: Development
LogInit: Branch Name: ++UE4+Release-4.21
LogInit: Command Line: 
LogInit: Base Directory: C:/Program Files/Epic Games/UE_4.21/Engine/Binaries/Win64/
LogInit: Installed Engine Build: 1
LogDevObjectVersion: Number of dev versions registered: 22
LogDevObjectVersion:   Dev-Blueprints (B0D832E4-1F89-4F0D-ACCF-7EB736FD4AA2): 10
LogDevObjectVersion:   Dev-Build (E1C64328-A22C-4D53-A36C-8E866417BD8C): 0
LogDevObjectVersion:   Dev-Core (375EC13C-06E4-48FB-B500-84F0262A717E): 2
LogDevObjectVersion:   Dev-Editor (E4B068ED-F494-42E9-A231-DA0B2E46BB41): 26
LogDevObjectVersion:   Dev-Framework (CFFC743F-43B0-4480-9391-14DF171D2073): 34
LogDevObjectVersion:   Dev-Mobile (B02B49B5-BB20-44E9-A304-32B752E40360): 2
LogDevObjectVersion:   Dev-Networking (A4E4105C-59A1-49B5-A7C5-40C4547EDFEE): 0
LogDevObjectVersion:   Dev-Online (39C831C9-5AE6-47DC-9A44-9C173E1C8E7C): 0
LogDevObjectVersion:   Dev-Physics (78F01B33-EBEA-4F98-B9B4-84EACCB95AA2): 0
LogDevObjectVersion:   Dev-Platform (6631380F-2D4D-43E0-8009-CF276956A95A): 0
LogDevObjectVersion:   Dev-Rendering (12F88B9F-8875-4AFC-A67C-D90C383ABD29): 27
LogDevObjectVersion:   Dev-Sequencer (7B5AE74C-D270-4C10-A958-57980B212A5A): 9
LogDevObjectVersion:   Dev-VR (D7296918-1DD6-4BDD-9DE2-64A83CC13884): 2
LogDevObjectVersion:   Dev-LoadTimes (C2A15278-BFE7-4AFE-6C17-90FF531DF755): 1
LogDevObjectVersion:   Private-Geometry (6EACA3D4-40EC-4CC1-B786-8BED09428FC5): 3
LogDevObjectVersion:   Dev-AnimPhys (29E575DD-E0A3-4627-9D10-D276232CDCEA): 17
LogDevObjectVersion:   Dev-Anim (AF43A65D-7FD3-4947-9873-3E8ED9C1BB05): 2
LogDevObjectVersion:   Dev-ReflectionCapture (6B266CEC-1EC7-4B8F-A30B-E4D90942FC07): 1
LogDevObjectVersion:   Dev-Automation (0DF73D61-A23F-47EA-B727-89E90C41499A): 1
LogDevObjectVersion:   FortniteMain (601D1886-AC64-4F84-AA16-D3DE0DEAC7D6): 17
LogDevObjectVersion:   Dev-Enterprise (9DFFBCD6-494F-0158-E221-12823C92A888): 4
LogDevObjectVersion:   Dev-Niagara (F2AED0AC-9AFE-416F-8664-AA7FFA26D6FC): 1
LogStreaming: Display: Took  0.001s to delete old logs.
LogInit: Presizing for max 8388607 objects, including 0 objects not considered by GC, pre-allocating 0 bytes for permanent pool.
LogInit: Object subsystem initialized
LogConfig: Setting CVar [[con.DebugEarlyDefault:1]]
LogConfig: Setting CVar [[r.setres:1280x720]]
[2019.05.27-10.52.47:280][  0]LogConfig: Setting CVar [[r.VSync:0]]
[2019.05.27-10.52.47:280][  0]LogConfig: Setting CVar [[r.RHICmdBypass:0]]
[2019.05.27-10.52.47:281][  0]LogConfig: Applying CVar settings from Section [/Script/Engine.RendererSettings] File [E:/Capstone_Git/LostDark/Saved/Config/Windows/Engine.ini]
[2019.05.27-10.52.47:281][  0]LogConfig: Setting CVar [[r.GPUCrashDebugging:0]]
[2019.05.27-10.52.47:281][  0]LogConfig: Applying CVar settings from Section [/Script/Engine.RendererOverrideSettings] File [E:/Capstone_Git/LostDark/Saved/Config/Windows/Engine.ini]
[2019.05.27-10.52.47:281][  0]LogConfig: Applying CVar settings from Section [/Script/Engine.StreamingSettings] File [E:/Capstone_Git/LostDark/Saved/Config/Windows/Engine.ini]
[2019.05.27-10.52.47:281][  0]LogConfig: Setting CVar [[s.MinBulkDataSizeForAsyncLoading:131072]]
[2019.05.27-10.52.47:281][  0]LogConfig: Setting CVar [[s.AsyncLoadingThreadEnabled:0]]
[2019.05.27-10.52.47:281][  0]LogConfig: Setting CVar [[s.EventDrivenLoaderEnabled:1]]
[2019.05.27-10.52.47:281][  0]LogConfig: Setting CVar [[s.WarnIfTimeLimitExceeded:0]]
[2019.05.27-10.52.47:281][  0]LogConfig: Setting CVar [[s.TimeLimitExceededMultiplier:1.5]]
[2019.05.27-10.52.47:281][  0]LogConfig: Setting CVar [[s.TimeLimitExceededMinTime:0.005]]
[2019.05.27-10.52.47:281][  0]LogConfig: Setting CVar [[s.UseBackgroundLevelStreaming:1]]
[2019.05.27-10.52.47:281][  0]LogConfig: Setting CVar [[s.PriorityAsyncLoadingExtraTime:15.0]]
[2019.05.27-10.52.47:281][  0]LogConfig: Setting CVar [[s.LevelStreamingActorsUpdateTimeLimit:5.0]]
[2019.05.27-10.52.47:281][  0]LogConfig: Setting CVar [[s.PriorityLevelStreamingActorsUpdateExtraTime:5.0]]
[2019.05.27-10.52.47:281][  0]LogConfig: Setting CVar [[s.LevelStreamingComponentsRegistrationGranularity:10]]
[2019.05.27-10.52.47:281][  0]LogConfig: Setting CVar [[s.UnregisterComponentsTimeLimit:1.0]]
[2019.05.27-10.52.47:281][  0]LogConfig: Setting CVar [[s.LevelStreamingComponentsUnregistrationGranularity:5]]
[2019.05.27-10.52.47:281][  0]LogConfig: Applying CVar settings from Section [/Script/Engine.GarbageCollectionSettings] File [E:/Capstone_Git/LostDark/Saved/Config/Windows/Engine.ini]
[2019.05.27-10.52.47:281][  0]LogConfig: Setting CVar [[gc.MaxObjectsNotConsideredByGC:1]]
[2019.05.27-10.52.47:281][  0]LogConfig: Setting CVar [[gc.SizeOfPermanentObjectPool:0]]
[2019.05.27-10.52.47:281][  0]LogConfig: Setting CVar [[gc.FlushStreamingOnGC:0]]
[2019.05.27-10.52.47:281][  0]LogConfig: Setting CVar [[gc.NumRetriesBeforeForcingGC:10]]
[2019.05.27-10.52.47:281][  0]LogConfig: Setting CVar [[gc.AllowParallelGC:1]]
[2019.05.27-10.52.47:281][  0]LogConfig: Setting CVar [[gc.TimeBetweenPurgingPendingKillObjects:61.1]]
[2019.05.27-10.52.47:281][  0]LogConfig: Setting CVar [[gc.MaxObjectsInEditor:8388607]]
[2019.05.27-10.52.47:281][  0]LogConfig: Setting CVar [[gc.IncrementalBeginDestroyEnabled:1]]
[2019.05.27-10.52.47:281][  0]LogConfig: Setting CVar [[gc.CreateGCClusters:1]]
[2019.05.27-10.52.47:281][  0]LogConfig: Setting CVar [[gc.MergeGCClusters:0]]
[2019.05.27-10.52.47:281][  0]LogConfig: Setting CVar [[gc.MinGCClusterSize:5]]
[2019.05.27-10.52.47:281][  0]LogConfig: Setting CVar [[gc.ActorClusteringEnabled:0]]
[2019.05.27-10.52.47:281][  0]LogConfig: Setting CVar [[gc.BlueprintClusteringEnabled:0]]
[2019.05.27-10.52.47:281][  0]LogConfig: Setting CVar [[gc.UseDisregardForGCOnDedicatedServers:0]]
[2019.05.27-10.52.47:281][  0]LogConfig: Applying CVar settings from Section [/Script/Engine.NetworkSettings] File [E:/Capstone_Git/LostDark/Saved/Config/Windows/Engine.ini]
[2019.05.27-10.52.47:281][  0]LogConfig: Applying CVar settings from Section [/Script/UnrealEd.CookerSettings] File [E:/Capstone_Git/LostDark/Saved/Config/Windows/Engine.ini]
[2019.05.27-10.52.47:285][  0]LogConfig: Applying CVar settings from Section [ViewDistanceQuality@3] File [E:/Capstone_Git/LostDark/Saved/Config/Windows/Scalability.ini]
[2019.05.27-10.52.47:285][  0]LogConfig: Setting CVar [[r.SkeletalMeshLODBias:0]]
[2019.05.27-10.52.47:285][  0]LogConfig: Setting CVar [[r.ViewDistanceScale:1.0]]
[2019.05.27-10.52.47:285][  0]LogConfig: Applying CVar settings from Section [AntiAliasingQuality@3] File [E:/Capstone_Git/LostDark/Saved/Config/Windows/Scalability.ini]
[2019.05.27-10.52.47:285][  0]LogConfig: Setting CVar [[r.PostProcessAAQuality:4]]
[2019.05.27-10.52.47:285][  0]LogConfig: Applying CVar settings from Section [ShadowQuality@3] File [E:/Capstone_Git/LostDark/Saved/Config/Windows/Scalability.ini]
[2019.05.27-10.52.47:285][  0]LogConfig: Setting CVar [[r.LightFunctionQuality:1]]
[2019.05.27-10.52.47:285][  0]LogConfig: Setting CVar [[r.ShadowQuality:5]]
[2019.05.27-10.52.47:285][  0]LogConfig: Setting CVar [[r.Shadow.CSM.MaxCascades:10]]
[2019.05.27-10.52.47:285][  0]LogConfig: Setting CVar [[r.Shadow.MaxResolution:2048]]
[2019.05.27-10.52.47:285][  0]LogConfig: Setting CVar [[r.Shadow.MaxCSMResolution:2048]]
[2019.05.27-10.52.47:285][  0]LogConfig: Setting CVar [[r.Shadow.RadiusThreshold:0.01]]
[2019.05.27-10.52.47:285][  0]LogConfig: Setting CVar [[r.Shadow.DistanceScale:1.0]]
[2019.05.27-10.52.47:285][  0]LogConfig: Setting CVar [[r.Shadow.CSM.TransitionScale:1.0]]
[2019.05.27-10.52.47:285][  0]LogConfig: Setting CVar [[r.Shadow.PreShadowResolutionFactor:1.0]]
[2019.05.27-10.52.47:285][  0]LogConfig: Setting CVar [[r.DistanceFieldShadowing:1]]
[2019.05.27-10.52.47:285][  0]LogConfig: Setting CVar [[r.DistanceFieldAO:1]]
[2019.05.27-10.52.47:285][  0]LogConfig: Setting CVar [[r.AOQuality:2]]
[2019.05.27-10.52.47:285][  0]LogConfig: Setting CVar [[r.VolumetricFog:1]]
[2019.05.27-10.52.47:285][  0]LogConfig: Setting CVar [[r.VolumetricFog.GridPixelSize:8]]
[2019.05.27-10.52.47:285][  0]LogConfig: Setting CVar [[r.VolumetricFog.GridSizeZ:128]]
[2019.05.27-10.52.47:285][  0]LogConfig: Setting CVar [[r.VolumetricFog.HistoryMissSupersampleCount:4]]
[2019.05.27-10.52.47:285][  0]LogConfig: Setting CVar [[r.LightMaxDrawDistanceScale:1]]
[2019.05.27-10.52.47:285][  0]LogConfig: Setting CVar [[r.CapsuleShadows:1]]
[2019.05.27-10.52.47:285][  0]LogConfig: Applying CVar settings from Section [PostProcessQuality@3] File [E:/Capstone_Git/LostDark/Saved/Config/Windows/Scalability.ini]
[2019.05.27-10.52.47:285][  0]LogConfig: Setting CVar [[r.MotionBlurQuality:4]]
[2019.05.27-10.52.47:285][  0]LogConfig: Setting CVar [[r.AmbientOcclusionMipLevelFactor:0.4]]
[2019.05.27-10.52.47:285][  0]LogConfig: Setting CVar [[r.AmbientOcclusionMaxQuality:100]]
[2019.05.27-10.52.47:285][  0]LogConfig: Setting CVar [[r.AmbientOcclusionLevels:-1]]
[2019.05.27-10.52.47:285][  0]LogConfig: Setting CVar [[r.AmbientOcclusionRadiusScale:1.0]]
[2019.05.27-10.52.47:285][  0]LogConfig: Setting CVar [[r.DepthOfFieldQuality:2]]
[2019.05.27-10.52.47:285][  0]LogConfig: Setting CVar [[r.RenderTargetPoolMin:400]]
[2019.05.27-10.52.47:285][  0]LogConfig: Setting CVar [[r.LensFlareQuality:2]]
[2019.05.27-10.52.47:285][  0]LogConfig: Setting CVar [[r.SceneColorFringeQuality:1]]
[2019.05.27-10.52.47:285][  0]LogConfig: Setting CVar [[r.EyeAdaptationQuality:2]]
[2019.05.27-10.52.47:285][  0]LogConfig: Setting CVar [[r.BloomQuality:5]]
[2019.05.27-10.52.47:285][  0]LogConfig: Setting CVar [[r.FastBlurThreshold:100]]
[2019.05.27-10.52.47:285][  0]LogConfig: Setting CVar [[r.Upscale.Quality:3]]
[2019.05.27-10.52.47:285][  0]LogConfig: Setting CVar [[r.Tonemapper.GrainQuantization:1]]
[2019.05.27-10.52.47:285][  0]LogConfig: Setting CVar [[r.LightShaftQuality:1]]
[2019.05.27-10.52.47:285][  0]LogConfig: Setting CVar [[r.Filter.SizeScale:1]]
[2019.05.27-10.52.47:285][  0]LogConfig: Setting CVar [[r.Tonemapper.Quality:5]]
[2019.05.27-10.52.47:285][  0]LogConfig: Setting CVar [[r.DOF.Gather.AccumulatorQuality:1        ; higher gathering accumulator quality]]
[2019.05.27-10.52.47:285][  0]LogConfig: Setting CVar [[r.DOF.Gather.PostfilterMethod:1          ; Median3x3 postfilering method]]
[2019.05.27-10.52.47:285][  0]LogConfig: Setting CVar [[r.DOF.Gather.EnableBokehSettings:0       ; no bokeh simulation when gathering]]
[2019.05.27-10.52.47:285][  0]LogConfig: Setting CVar [[r.DOF.Gather.RingCount:4                 ; medium number of samples when gathering]]
[2019.05.27-10.52.47:285][  0]LogConfig: Setting CVar [[r.DOF.Scatter.ForegroundCompositing:1    ; additive foreground scattering]]
[2019.05.27-10.52.47:285][  0]LogConfig: Setting CVar [[r.DOF.Scatter.BackgroundCompositing:2    ; additive background scattering]]
[2019.05.27-10.52.47:285][  0]LogConfig: Setting CVar [[r.DOF.Scatter.EnableBokehSettings:1      ; bokeh simulation when scattering]]
[2019.05.27-10.52.47:286][  0]LogConfig: Setting CVar [[r.DOF.Scatter.MaxSpriteRatio:0.1         ; only a maximum of 10% of scattered bokeh]]
[2019.05.27-10.52.47:286][  0]LogConfig: Setting CVar [[r.DOF.Recombine.Quality:1                ; cheap slight out of focus]]
[2019.05.27-10.52.47:286][  0]LogConfig: Setting CVar [[r.DOF.Recombine.EnableBokehSettings:0    ; no bokeh simulation on slight out of focus]]
[2019.05.27-10.52.47:286][  0]LogConfig: Setting CVar [[r.DOF.TemporalAAQuality:1                ; more stable temporal accumulation]]
[2019.05.27-10.52.47:286][  0]LogConfig: Setting CVar [[r.DOF.Kernel.MaxForegroundRadius:0.025]]
[2019.05.27-10.52.47:286][  0]LogConfig: Setting CVar [[r.DOF.Kernel.MaxBackgroundRadius:0.025]]
[2019.05.27-10.52.47:286][  0]LogConfig: Applying CVar settings from Section [TextureQuality@3] File [E:/Capstone_Git/LostDark/Saved/Config/Windows/Scalability.ini]
[2019.05.27-10.52.47:286][  0]LogConfig: Setting CVar [[r.Streaming.MipBias:0]]
[2019.05.27-10.52.47:286][  0]LogConfig: Setting CVar [[r.Streaming.AmortizeCPUToGPUCopy:0]]
[2019.05.27-10.52.47:286][  0]LogConfig: Setting CVar [[r.Streaming.MaxNumTexturesToStreamPerFrame:0]]
[2019.05.27-10.52.47:286][  0]LogConfig: Setting CVar [[r.Streaming.Boost:1]]
[2019.05.27-10.52.47:286][  0]LogConfig: Setting CVar [[r.MaxAnisotropy:8]]
[2019.05.27-10.52.47:286][  0]LogConfig: Setting CVar [[r.Streaming.LimitPoolSizeToVRAM:0]]
[2019.05.27-10.52.47:286][  0]LogConfig: Setting CVar [[r.Streaming.PoolSize:1000]]
[2019.05.27-10.52.47:286][  0]LogConfig: Setting CVar [[r.Streaming.MaxEffectiveScreenSize:0]]
[2019.05.27-10.52.47:286][  0]LogConfig: Applying CVar settings from Section [EffectsQuality@3] File [E:/Capstone_Git/LostDark/Saved/Config/Windows/Scalability.ini]
[2019.05.27-10.52.47:286][  0]LogConfig: Setting CVar [[r.TranslucencyLightingVolumeDim:64]]
[2019.05.27-10.52.47:286][  0]LogConfig: Setting CVar [[r.RefractionQuality:2]]
[2019.05.27-10.52.47:286][  0]LogConfig: Setting CVar [[r.SSR.Quality:3]]
[2019.05.27-10.52.47:286][  0]LogConfig: Setting CVar [[r.SceneColorFormat:4]]
[2019.05.27-10.52.47:286][  0]LogConfig: Setting CVar [[r.DetailMode:2]]
[2019.05.27-10.52.47:286][  0]LogConfig: Setting CVar [[r.TranslucencyVolumeBlur:1]]
[2019.05.27-10.52.47:286][  0]LogConfig: Setting CVar [[r.MaterialQualityLevel:1 ; High quality]]
[2019.05.27-10.52.47:286][  0]LogConfig: Setting CVar [[r.SSS.Scale:1]]
[2019.05.27-10.52.47:286][  0]LogConfig: Setting CVar [[r.SSS.SampleSet:2]]
[2019.05.27-10.52.47:286][  0]LogConfig: Setting CVar [[r.SSS.Quality:1]]
[2019.05.27-10.52.47:286][  0]LogConfig: Setting CVar [[r.SSS.HalfRes:1]]
[2019.05.27-10.52.47:286][  0]LogConfig: Setting CVar [[r.EmitterSpawnRateScale:1.0]]
[2019.05.27-10.52.47:286][  0]LogConfig: Setting CVar [[r.ParticleLightQuality:2]]
[2019.05.27-10.52.47:286][  0]LogConfig: Applying CVar settings from Section [FoliageQuality@3] File [E:/Capstone_Git/LostDark/Saved/Config/Windows/Scalability.ini]
[2019.05.27-10.52.47:286][  0]LogConfig: Setting CVar [[foliage.DensityScale:1.0]]
[2019.05.27-10.52.47:286][  0]LogConfig: Setting CVar [[grass.DensityScale:1.0]]
[2019.05.27-10.52.47:286][  0]LogInit: Selected Device Profile: [Windows]
[2019.05.27-10.52.47:286][  0]LogInit: Applying CVar settings loaded from the selected device profile: [Windows]
[2019.05.27-10.52.47:300][  0]LogHAL: Display: Platform has ~ 16 GB [17104289792 / 17179869184 / 16], which maps to Larger [LargestMinGB=32, LargerMinGB=12, DefaultMinGB=8, SmallerMinGB=6, SmallestMinGB=0)
[2019.05.27-10.52.47:300][  0]LogConfig: Setting CVar [[r.Vulkan.UseRealUBs:1]]
[2019.05.27-10.52.47:300][  0]LogInit: Going up to parent DeviceProfile []
[2019.05.27-10.52.47:300][  0]LogConfig: Applying CVar settings from Section [ViewDistanceQuality@3] File [E:/Capstone_Git/LostDark/Saved/Config/Windows/Scalability.ini]
[2019.05.27-10.52.47:300][  0]LogConfig: Setting CVar [[r.SkeletalMeshLODBias:0]]
[2019.05.27-10.52.47:300][  0]LogConfig: Setting CVar [[r.ViewDistanceScale:1.0]]
[2019.05.27-10.52.47:300][  0]LogConfig: Applying CVar settings from Section [AntiAliasingQuality@3] File [E:/Capstone_Git/LostDark/Saved/Config/Windows/Scalability.ini]
[2019.05.27-10.52.47:300][  0]LogConfig: Setting CVar [[r.PostProcessAAQuality:4]]
[2019.05.27-10.52.47:300][  0]LogConfig: Applying CVar settings from Section [ShadowQuality@3] File [E:/Capstone_Git/LostDark/Saved/Config/Windows/Scalability.ini]
[2019.05.27-10.52.47:300][  0]LogConfig: Setting CVar [[r.LightFunctionQuality:1]]
[2019.05.27-10.52.47:300][  0]LogConfig: Setting CVar [[r.ShadowQuality:5]]
[2019.05.27-10.52.47:300][  0]LogConfig: Setting CVar [[r.Shadow.CSM.MaxCascades:10]]
[2019.05.27-10.52.47:300][  0]LogConfig: Setting CVar [[r.Shadow.MaxResolution:2048]]
[2019.05.27-10.52.47:300][  0]LogConfig: Setting CVar [[r.Shadow.MaxCSMResolution:2048]]
[2019.05.27-10.52.47:300][  0]LogConfig: Setting CVar [[r.Shadow.RadiusThreshold:0.01]]
[2019.05.27-10.52.47:300][  0]LogConfig: Setting CVar [[r.Shadow.DistanceScale:1.0]]
[2019.05.27-10.52.47:300][  0]LogConfig: Setting CVar [[r.Shadow.CSM.TransitionScale:1.0]]
[2019.05.27-10.52.47:300][  0]LogConfig: Setting CVar [[r.Shadow.PreShadowResolutionFactor:1.0]]
[2019.05.27-10.52.47:300][  0]LogConfig: Setting CVar [[r.DistanceFieldShadowing:1]]
[2019.05.27-10.52.47:300][  0]LogConfig: Setting CVar [[r.DistanceFieldAO:1]]
[2019.05.27-10.52.47:300][  0]LogConfig: Setting CVar [[r.AOQuality:2]]
[2019.05.27-10.52.47:300][  0]LogConfig: Setting CVar [[r.VolumetricFog:1]]
[2019.05.27-10.52.47:300][  0]LogConfig: Setting CVar [[r.VolumetricFog.GridPixelSize:8]]
[2019.05.27-10.52.47:300][  0]LogConfig: Setting CVar [[r.VolumetricFog.GridSizeZ:128]]
[2019.05.27-10.52.47:300][  0]LogConfig: Setting CVar [[r.VolumetricFog.HistoryMissSupersampleCount:4]]
[2019.05.27-10.52.47:300][  0]LogConfig: Setting CVar [[r.LightMaxDrawDistanceScale:1]]
[2019.05.27-10.52.47:300][  0]LogConfig: Setting CVar [[r.CapsuleShadows:1]]
[2019.05.27-10.52.47:300][  0]LogConfig: Applying CVar settings from Section [PostProcessQuality@3] File [E:/Capstone_Git/LostDark/Saved/Config/Windows/Scalability.ini]
[2019.05.27-10.52.47:300][  0]LogConfig: Setting CVar [[r.MotionBlurQuality:4]]
[2019.05.27-10.52.47:300][  0]LogConfig: Setting CVar [[r.AmbientOcclusionMipLevelFactor:0.4]]
[2019.05.27-10.52.47:300][  0]LogConfig: Setting CVar [[r.AmbientOcclusionMaxQuality:100]]
[2019.05.27-10.52.47:300][  0]LogConfig: Setting CVar [[r.AmbientOcclusionLevels:-1]]
[2019.05.27-10.52.47:300][  0]LogConfig: Setting CVar [[r.AmbientOcclusionRadiusScale:1.0]]
[2019.05.27-10.52.47:300][  0]LogConfig: Setting CVar [[r.DepthOfFieldQuality:2]]
[2019.05.27-10.52.47:300][  0]LogConfig: Setting CVar [[r.RenderTargetPoolMin:400]]
[2019.05.27-10.52.47:300][  0]LogConfig: Setting CVar [[r.LensFlareQuality:2]]
[2019.05.27-10.52.47:300][  0]LogConfig: Setting CVar [[r.SceneColorFringeQuality:1]]
[2019.05.27-10.52.47:300][  0]LogConfig: Setting CVar [[r.EyeAdaptationQuality:2]]
[2019.05.27-10.52.47:300][  0]LogConfig: Setting CVar [[r.BloomQuality:5]]
[2019.05.27-10.52.47:300][  0]LogConfig: Setting CVar [[r.FastBlurThreshold:100]]
[2019.05.27-10.52.47:300][  0]LogConfig: Setting CVar [[r.Upscale.Quality:3]]
[2019.05.27-10.52.47:300][  0]LogConfig: Setting CVar [[r.Tonemapper.GrainQuantization:1]]
[2019.05.27-10.52.47:300][  0]LogConfig: Setting CVar [[r.LightShaftQuality:1]]
[2019.05.27-10.52.47:300][  0]LogConfig: Setting CVar [[r.Filter.SizeScale:1]]
[2019.05.27-10.52.47:301][  0]LogConfig: Setting CVar [[r.Tonemapper.Quality:5]]
[2019.05.27-10.52.47:301][  0]LogConfig: Setting CVar [[r.DOF.Gather.AccumulatorQuality:1        ; higher gathering accumulator quality]]
[2019.05.27-10.52.47:301][  0]LogConfig: Setting CVar [[r.DOF.Gather.PostfilterMethod:1          ; Median3x3 postfilering method]]
[2019.05.27-10.52.47:301][  0]LogConfig: Setting CVar [[r.DOF.Gather.EnableBokehSettings:0       ; no bokeh simulation when gathering]]
[2019.05.27-10.52.47:301][  0]LogConfig: Setting CVar [[r.DOF.Gather.RingCount:4                 ; medium number of samples when gathering]]
[2019.05.27-10.52.47:301][  0]LogConfig: Setting CVar [[r.DOF.Scatter.ForegroundCompositing:1    ; additive foreground scattering]]
[2019.05.27-10.52.47:301][  0]LogConfig: Setting CVar [[r.DOF.Scatter.BackgroundCompositing:2    ; additive background scattering]]
[2019.05.27-10.52.47:301][  0]LogConfig: Setting CVar [[r.DOF.Scatter.EnableBokehSettings:1      ; bokeh simulation when scattering]]
[2019.05.27-10.52.47:301][  0]LogConfig: Setting CVar [[r.DOF.Scatter.MaxSpriteRatio:0.1         ; only a maximum of 10% of scattered bokeh]]
[2019.05.27-10.52.47:301][  0]LogConfig: Setting CVar [[r.DOF.Recombine.Quality:1                ; cheap slight out of focus]]
[2019.05.27-10.52.47:301][  0]LogConfig: Setting CVar [[r.DOF.Recombine.EnableBokehSettings:0    ; no bokeh simulation on slight out of focus]]
[2019.05.27-10.52.47:301][  0]LogConfig: Setting CVar [[r.DOF.TemporalAAQuality:1                ; more stable temporal accumulation]]
[2019.05.27-10.52.47:301][  0]LogConfig: Setting CVar [[r.DOF.Kernel.MaxForegroundRadius:0.025]]
[2019.05.27-10.52.47:301][  0]LogConfig: Setting CVar [[r.DOF.Kernel.MaxBackgroundRadius:0.025]]
[2019.05.27-10.52.47:301][  0]LogConfig: Applying CVar settings from Section [TextureQuality@3] File [E:/Capstone_Git/LostDark/Saved/Config/Windows/Scalability.ini]
[2019.05.27-10.52.47:301][  0]LogConfig: Setting CVar [[r.Streaming.MipBias:0]]
[2019.05.27-10.52.47:301][  0]LogConfig: Setting CVar [[r.Streaming.AmortizeCPUToGPUCopy:0]]
[2019.05.27-10.52.47:301][  0]LogConfig: Setting CVar [[r.Streaming.MaxNumTexturesToStreamPerFrame:0]]
[2019.05.27-10.52.47:301][  0]LogConfig: Setting CVar [[r.Streaming.Boost:1]]
[2019.05.27-10.52.47:301][  0]LogConfig: Setting CVar [[r.MaxAnisotropy:8]]
[2019.05.27-10.52.47:301][  0]LogConfig: Setting CVar [[r.Streaming.LimitPoolSizeToVRAM:0]]
[2019.05.27-10.52.47:301][  0]LogConfig: Setting CVar [[r.Streaming.PoolSize:1000]]
[2019.05.27-10.52.47:301][  0]LogConfig: Setting CVar [[r.Streaming.MaxEffectiveScreenSize:0]]
[2019.05.27-10.52.47:301][  0]LogConfig: Applying CVar settings from Section [EffectsQuality@3] File [E:/Capstone_Git/LostDark/Saved/Config/Windows/Scalability.ini]
[2019.05.27-10.52.47:301][  0]LogConfig: Setting CVar [[r.TranslucencyLightingVolumeDim:64]]
[2019.05.27-10.52.47:301][  0]LogConfig: Setting CVar [[r.RefractionQuality:2]]
[2019.05.27-10.52.47:301][  0]LogConfig: Setting CVar [[r.SSR.Quality:3]]
[2019.05.27-10.52.47:301][  0]LogConfig: Setting CVar [[r.SceneColorFormat:4]]
[2019.05.27-10.52.47:301][  0]LogConfig: Setting CVar [[r.DetailMode:2]]
[2019.05.27-10.52.47:301][  0]LogConfig: Setting CVar [[r.TranslucencyVolumeBlur:1]]
[2019.05.27-10.52.47:301][  0]LogConfig: Setting CVar [[r.MaterialQualityLevel:1 ; High quality]]
[2019.05.27-10.52.47:301][  0]LogConfig: Setting CVar [[r.SSS.Scale:1]]
[2019.05.27-10.52.47:301][  0]LogConfig: Setting CVar [[r.SSS.SampleSet:2]]
[2019.05.27-10.52.47:301][  0]LogConfig: Setting CVar [[r.SSS.Quality:1]]
[2019.05.27-10.52.47:301][  0]LogConfig: Setting CVar [[r.SSS.HalfRes:1]]
[2019.05.27-10.52.47:301][  0]LogConfig: Setting CVar [[r.EmitterSpawnRateScale:1.0]]
[2019.05.27-10.52.47:301][  0]LogConfig: Setting CVar [[r.ParticleLightQuality:2]]
[2019.05.27-10.52.47:301][  0]LogConfig: Applying CVar settings from Section [FoliageQuality@3] File [E:/Capstone_Git/LostDark/Saved/Config/Windows/Scalability.ini]
[2019.05.27-10.52.47:301][  0]LogConfig: Setting CVar [[foliage.DensityScale:1.0]]
[2019.05.27-10.52.47:301][  0]LogConfig: Setting CVar [[grass.DensityScale:1.0]]
[2019.05.27-10.52.47:301][  0]LogConfig: Applying CVar settings from Section [Startup] File [../../../Engine/Config/ConsoleVariables.ini]
[2019.05.27-10.52.47:302][  0]LogConfig: Setting CVar [[net.UseAdaptiveNetUpdateFrequency:0]]
[2019.05.27-10.52.47:302][  0]LogConfig: Applying CVar settings from Section [ConsoleVariables] File [E:/Capstone_Git/LostDark/Saved/Config/Windows/Engine.ini]
[2019.05.27-10.52.47:302][  0]LogInit: Computer: OWN-PC
[2019.05.27-10.52.47:302][  0]LogInit: User: YR
[2019.05.27-10.52.47:302][  0]LogInit: CPU Page size=4096, Cores=6
[2019.05.27-10.52.47:302][  0]LogInit: High frequency timer resolution =3.119146 MHz
[2019.05.27-10.52.47:302][  0]LogMemory: Memory total: Physical=15.9GB (16GB approx)
[2019.05.27-10.52.47:302][  0]LogMemory: Platform Memory Stats for Windows
[2019.05.27-10.52.47:302][  0]LogMemory: Process Physical Memory: 103.65 MB used, 103.65 MB peak
[2019.05.27-10.52.47:302][  0]LogMemory: Process Virtual Memory: 86.41 MB used, 86.41 MB peak
[2019.05.27-10.52.47:302][  0]LogMemory: Physical Memory: 6301.16 MB used,  10010.76 MB free, 16311.92 MB total
[2019.05.27-10.52.47:302][  0]LogMemory: Virtual Memory: 4665.08 MB used,  134213064.00 MB free, 134217728.00 MB total
[2019.05.27-10.52.47:336][  0]LogInit: Using OS detected language (ko-KR).
[2019.05.27-10.52.47:336][  0]LogInit: Using OS detected locale (ko-KR).
[2019.05.27-10.52.47:338][  0]LogTextLocalizationManager: No specific localization for 'ko-KR' exists, so the 'ko' localization will be used.
[2019.05.27-10.52.47:818][  0]LogStreaming: Display: Took  0.481s to InitEngineTextLocalization.
[2019.05.27-10.52.47:818][  0]LogInit: Setting process to per monitor DPI aware
[2019.05.27-10.52.47:883][  0]LogSlate: New Slate User Created.  User Index 0, Is Virtual User: 0
[2019.05.27-10.52.47:883][  0]LogSlate: Slate User Registered.  User Index 0, Is Virtual User: 0
[2019.05.27-10.52.48:172][  0]LogHMD: Failed to initialize OpenVR with code 110
[2019.05.27-10.52.48:172][  0]LogD3D11RHI: D3D11 adapters:
[2019.05.27-10.52.48:262][  0]LogD3D11RHI:    0. 'NVIDIA GeForce GTX 1070' (Feature Level 11_0)
[2019.05.27-10.52.48:262][  0]LogD3D11RHI:       8088/0/8155 MB DedicatedVideo/DedicatedSystem/SharedSystem, Outputs:1, VendorId:0x10de
[2019.05.27-10.52.48:264][  0]LogD3D11RHI:    1. 'Microsoft Basic Render Driver' (Feature Level 11_0)
[2019.05.27-10.52.48:264][  0]LogD3D11RHI:       0/0/8155 MB DedicatedVideo/DedicatedSystem/SharedSystem, Outputs:0, VendorId:0x1414
[2019.05.27-10.52.48:264][  0]LogD3D11RHI: Chosen D3D11 Adapter: 0
[2019.05.27-10.52.48:276][  0]LogD3D11RHI: Creating new Direct3DDevice
[2019.05.27-10.52.48:276][  0]LogD3D11RHI:     GPU DeviceId: 0x1b81 (for the marketing name, search the web for "GPU Device Id")
[2019.05.27-10.52.48:276][  0]LogWindows: EnumDisplayDevices:
[2019.05.27-10.52.48:276][  0]LogWindows:    0. 'NVIDIA GeForce GTX 1070' (P:1 D:1)
[2019.05.27-10.52.48:277][  0]LogWindows:    1. 'NVIDIA GeForce GTX 1070' (P:0 D:0)
[2019.05.27-10.52.48:278][  0]LogWindows:    2. 'NVIDIA GeForce GTX 1070' (P:0 D:0)
[2019.05.27-10.52.48:279][  0]LogWindows:    3. 'NVIDIA GeForce GTX 1070' (P:0 D:0)
[2019.05.27-10.52.48:279][  0]LogWindows: DebugString: FoundDriverCount:4 
[2019.05.27-10.52.48:279][  0]LogD3D11RHI:     Adapter Name: NVIDIA GeForce GTX 1070
[2019.05.27-10.52.48:279][  0]LogD3D11RHI:   Driver Version: 416.34 (internal:25.21.14.1634, unified:416.34)
[2019.05.27-10.52.48:279][  0]LogD3D11RHI:      Driver Date: 10-10-2018
[2019.05.27-10.52.48:279][  0]LogRHI: Texture pool is 5661 MB (70% of 8088 MB)
[2019.05.27-10.52.48:342][  0]LogD3D11RHI: Async texture creation enabled
[2019.05.27-10.52.48:365][  0]LogD3D11RHI: GPU Timing Frequency: 1000.000000 (Debug: 2 2)
[2019.05.27-10.52.48:810][  0]LogTemp: Display: Loaded TP AllDesktopTargetPlatform
[2019.05.27-10.52.48:828][  0]LogTemp: Display: Loaded TP MacClientTargetPlatform
[2019.05.27-10.52.48:847][  0]LogTemp: Display: Loaded TP MacNoEditorTargetPlatform
[2019.05.27-10.52.48:867][  0]LogTemp: Display: Loaded TP MacServerTargetPlatform
[2019.05.27-10.52.48:887][  0]LogTemp: Display: Loaded TP MacTargetPlatform
[2019.05.27-10.52.48:906][  0]LogTemp: Display: Loaded TP WindowsClientTargetPlatform
[2019.05.27-10.52.48:925][  0]LogTemp: Display: Loaded TP WindowsNoEditorTargetPlatform
[2019.05.27-10.52.48:943][  0]LogTemp: Display: Loaded TP WindowsServerTargetPlatform
[2019.05.27-10.52.48:952][  0]LogTemp: Display: Loaded TP WindowsTargetPlatform
[2019.05.27-10.52.49:055][  0]LogTemp: Display: Loaded TP AndroidTargetPlatform
[2019.05.27-10.52.49:056][  0]LogTemp: Display: Loaded TP AndroidTargetPlatform
[2019.05.27-10.52.49:056][  0]LogTemp: Display: Loaded TP AndroidTargetPlatform
[2019.05.27-10.52.49:056][  0]LogTemp: Display: Loaded TP AndroidTargetPlatform
[2019.05.27-10.52.49:056][  0]LogTemp: Display: Loaded TP AndroidTargetPlatform
[2019.05.27-10.52.49:056][  0]LogTemp: Display: Loaded TP AndroidTargetPlatform
[2019.05.27-10.52.49:056][  0]LogTemp: Display: Loaded TP AndroidTargetPlatform
[2019.05.27-10.52.49:056][  0]LogTemp: Display: Loaded TP AndroidTargetPlatform
[2019.05.27-10.52.49:056][  0]LogTemp: Display: Loaded TP AndroidTargetPlatform
[2019.05.27-10.52.49:056][  0]LogTemp: Display: Loaded TP AndroidTargetPlatform
[2019.05.27-10.52.49:056][  0]LogTemp: Display: Loaded TP AndroidTargetPlatform
[2019.05.27-10.52.49:056][  0]LogTemp: Display: Loaded TP AndroidTargetPlatform
[2019.05.27-10.52.49:056][  0]LogTemp: Display: Loaded TP AndroidTargetPlatform
[2019.05.27-10.52.49:056][  0]LogTemp: Display: Loaded TP AndroidTargetPlatform
[2019.05.27-10.52.49:056][  0]LogTemp: Display: Loaded TP AndroidTargetPlatform
[2019.05.27-10.52.49:056][  0]LogTemp: Display: Loaded TP AndroidTargetPlatform
[2019.05.27-10.52.49:056][  0]LogTemp: Display: Loaded TP AndroidTargetPlatform
[2019.05.27-10.52.49:056][  0]LogTemp: Display: Loaded TP AndroidTargetPlatform
[2019.05.27-10.52.49:058][  0]LogTemp: Display: Loaded TP HTML5TargetPlatform
[2019.05.27-10.52.49:127][  0]LogTemp: Display: Loaded TP IOSTargetPlatform
[2019.05.27-10.52.49:127][  0]LogTemp: Display: Loaded TP IOSTargetPlatform
[2019.05.27-10.52.49:160][  0]LogTemp: Display: Loaded TP TVOSTargetPlatform
[2019.05.27-10.52.49:160][  0]LogTemp: Display: Loaded TP TVOSTargetPlatform
[2019.05.27-10.52.49:176][  0]LogTemp: Display: Loaded TP LinuxClientTargetPlatform
[2019.05.27-10.52.49:194][  0]LogTemp: Display: Loaded TP LinuxNoEditorTargetPlatform
[2019.05.27-10.52.49:211][  0]LogTemp: Display: Loaded TP LinuxServerTargetPlatform
[2019.05.27-10.52.49:227][  0]LogTemp: Display: Loaded TP LinuxTargetPlatform
[2019.05.27-10.52.49:298][  0]LogTemp: Display: Loaded TP LuminTargetPlatform
[2019.05.27-10.52.49:298][  0]LogTemp: Display: Loaded TP LuminTargetPlatform
[2019.05.27-10.52.49:299][  0]LogTargetPlatformManager: Display: Building Assets For Windows
[2019.05.27-10.52.49:386][  0]LogShaderCompilers: Guid format shader working directory is 21 characters bigger than the processId version (E:/Capstone_Git/LostDark/Intermediate/Shaders/WorkingDirectory/12924/).
[2019.05.27-10.52.49:386][  0]LogShaderCompilers: Cleaned the shader compiler working directory 'C:/Users/songy/AppData/Local/Temp/UnrealShaderWorkingDir/52F61D084BC9F3AB89F759827D67FEAC/'.
[2019.05.27-10.52.49:389][  0]LogXGEController: Cleaning working directory: C:/Users/songy/AppData/Local/Temp/UnrealXGEWorkingDir/
[2019.05.27-10.52.49:389][  0]LogXGEController: Cannot use XGE Controller as Incredibuild is not installed on this machine.
[2019.05.27-10.52.49:389][  0]LogShaderCompilers: Cannot use XGE Shader Compiler as Incredibuild is not installed on this machine.
[2019.05.27-10.52.49:390][  0]LogShaderCompilers: Display: Using Local Shader Compiler.
[2019.05.27-10.52.49:983][  0]LogDerivedDataCache: Display: Max Cache Size: 512 MB
[2019.05.27-10.52.50:058][  0]LogDerivedDataCache: Loaded boot cache 0.08s 121MB C:/Users/songy/AppData/Local/UnrealEngine/4.21/DerivedDataCache/Boot.ddc.
[2019.05.27-10.52.50:058][  0]LogDerivedDataCache: Display: Loaded Boot cache: C:/Users/songy/AppData/Local/UnrealEngine/4.21/DerivedDataCache/Boot.ddc
[2019.05.27-10.52.50:058][  0]LogDerivedDataCache: FDerivedDataBackendGraph:  Pak pak cache file E:/Capstone_Git/LostDark/DerivedDataCache/DDC.ddp not found, will not use a pak cache.
[2019.05.27-10.52.50:058][  0]LogDerivedDataCache: Unable to find inner node Pak for hierarchical cache Hierarchy.
[2019.05.27-10.52.50:058][  0]LogDerivedDataCache: FDerivedDataBackendGraph:  CompressedPak pak cache file E:/Capstone_Git/LostDark/DerivedDataCache/Compressed.ddp not found, will not use a pak cache.
[2019.05.27-10.52.50:058][  0]LogDerivedDataCache: Unable to find inner node CompressedPak for hierarchical cache Hierarchy.
[2019.05.27-10.52.50:077][  0]LogDerivedDataCache: Display: Pak cache opened for reading ../../../Engine/DerivedDataCache/Compressed.ddp.
[2019.05.27-10.52.50:078][  0]LogDerivedDataCache: FDerivedDataBackendGraph:  EnterprisePak pak cache file ../../../Enterprise/DerivedDataCache/Compressed.ddp not found, will not use a pak cache.
[2019.05.27-10.52.50:078][  0]LogDerivedDataCache: Unable to find inner node EnterprisePak for hierarchical cache Hierarchy.
[2019.05.27-10.52.50:090][  0]LogDerivedDataCache: Using Local data cache path C:/Users/songy/AppData/Local/UnrealEngine/Common/DerivedDataCache: Writable
[2019.05.27-10.52.50:090][  0]LogDerivedDataCache: Shared data cache path not found in *engine.ini, will not use an Shared cache.
[2019.05.27-10.52.50:090][  0]LogDerivedDataCache: Unable to find inner node Shared for hierarchical cache Hierarchy.
[2019.05.27-10.52.50:116][  0]LogMaterial: Verifying Global Shaders for PCD3D_SM5
[2019.05.27-10.52.50:118][  0]LogSlate: Using FreeType 2.6.0
[2019.05.27-10.52.50:119][  0]LogSlate: SlateFontServices - WITH_FREETYPE: 1, WITH_HARFBUZZ: 1
[2019.05.27-10.52.50:231][  0]LogAssetRegistry: FAssetRegistry took 0.0376 seconds to start up
[2019.05.27-10.52.50:671][  0]LogInit: Selected Device Profile: [Windows]
[2019.05.27-10.52.50:850][  0]LogSimplygon: Simplygon DLL not present - disabling.
[2019.05.27-10.52.50:856][  0]LogMeshReduction: Using SimplygonSwarm for distributed automatic mesh merging
[2019.05.27-10.52.50:856][  0]LogMeshReduction: Using ProxyLODMeshReduction for automatic mesh merging
[2019.05.27-10.52.50:856][  0]LogMeshReduction: Using QuadricMeshReduction for automatic static mesh reduction
[2019.05.27-10.52.50:857][  0]LogMeshReduction: No automatic skeletal mesh reduction module available
[2019.05.27-10.52.50:882][  0]LogNetVersion: LostDark 1.0.0, NetCL: 4541578, EngineNetVer: 5, GameNetVer: 0 (Checksum: 1003383482)
[2019.05.27-10.52.51:639][  0]LogPackageLocalizationCache: Processed 11 localized package path(s) for 2 prioritized culture(s) in 0.141118 seconds
[2019.05.27-10.52.51:648][  0]LogUObjectArray: 39775 objects as part of root set at end of initial load.
[2019.05.27-10.52.51:648][  0]LogUObjectAllocator: 6914656 out of 0 bytes used by permanent object pool.
[2019.05.27-10.52.51:648][  0]LogUObjectArray: CloseDisregardForGC: 0/0 objects in disregard for GC pool
[2019.05.27-10.52.52:787][  0]LogTcpMessaging: Initializing TcpMessaging bridge
[2019.05.27-10.52.52:803][  0]LogUdpMessaging: Initializing bridge on interface 0.0.0.0:0 to multicast group 230.0.0.1:6666.
[2019.05.27-10.52.53:890][  0]LogTemp: Warning: Enroll Attack Montage
[2019.05.27-10.52.55:103][  0]LogTemp: Warning: Enroll Attack Montage
[2019.05.27-10.52.55:121][  0]LogTemp: Warning: Enroll Attack Montage
[2019.05.27-10.52.55:166][  0]LogTemp: Warning: Enroll Attack Montage
[2019.05.27-10.52.55:284][  0]LostDark: Error: ASectionTest::ASectionTest(58) Success GateMeshs :+XGate
[2019.05.27-10.52.55:284][  0]LostDark: Error: ASectionTest::ASectionTest(58) Success GateMeshs :-XGate
[2019.05.27-10.52.55:284][  0]LostDark: Error: ASectionTest::ASectionTest(58) Success GateMeshs :+YGate
[2019.05.27-10.52.55:285][  0]LostDark: Error: ASectionTest::ASectionTest(58) Success GateMeshs :-YGate
[2019.05.27-10.52.55:397][  0]SourceControl: 소스 컨트롤이 꺼졌습니다.
[2019.05.27-10.52.55:397][  0]SourceControl: 소스 컨트롤이 꺼졌습니다.
[2019.05.27-10.52.55:400][  0]SourceControl: 소스 컨트롤이 꺼졌습니다.
[2019.05.27-10.52.55:401][  0]SourceControl: 소스 컨트롤이 꺼졌습니다.
[2019.05.27-10.52.55:609][  0]LogAndroidPermission: UAndroidPermissionCallbackProxy::GetInstance
[2019.05.27-10.52.55:836][  0]LogOcInput: OculusInput pre-init called
[2019.05.27-10.52.56:009][  0]LogEngine: Initializing Engine...
[2019.05.27-10.52.56:010][  0]LogHMD: Failed to initialize OpenVR with code 110
[2019.05.27-10.52.56:012][  0]LogStats: UGameplayTagsManager::ConstructGameplayTagTree: ImportINI prefixes -  0.000 s
[2019.05.27-10.52.56:012][  0]LogStats: UGameplayTagsManager::ConstructGameplayTagTree: Construct from data asset -  0.000 s
[2019.05.27-10.52.56:012][  0]LogStats: UGameplayTagsManager::ConstructGameplayTagTree: ImportINI -  0.000 s
[2019.05.27-10.52.56:012][  0]LogStats: UGameplayTagsManager::ConstructGameplayTagTree: GameplayTagTreeChangedEvent.Broadcast -  0.000 s
[2019.05.27-10.52.56:288][  0]LogInit: Initializing FReadOnlyCVARCache
[2019.05.27-10.52.56:307][  0]LogAIModule: Creating AISystem for world Untitled
[2019.05.27-10.52.56:449][  0]LogInit: XAudio2 using 'Realtek HD Audio 2nd output(Realtek High Definition Audio)' : 2 channels at 48 kHz using 32 bits per sample (channel mask 0x3)
[2019.05.27-10.52.56:492][  0]LogInit: FAudioDevice initialized.
[2019.05.27-10.52.56:492][  0]LogNetVersion: Set ProjectVersion to 1.0.0.0. Version Checksum will be recalculated on next use.
[2019.05.27-10.52.56:623][  0]LogDerivedDataCache: Saved boot cache 0.13s 122MB C:/Users/songy/AppData/Local/UnrealEngine/4.21/DerivedDataCache/Boot.ddc.
[2019.05.27-10.52.56:640][  0]LogInit: Texture streaming: Enabled
[2019.05.27-10.52.56:675][  0]LogEngineSessionManager: EngineSessionManager initialized
[2019.05.27-10.52.56:676][  0]LogEngineSessionManager: EngineSessionManager sent abnormal shutdown report. Type=Crashed, SessionId={94BAC485-47C4-4619-A9D7-9D9AAD0D94A3}
[2019.05.27-10.52.56:698][  0]LogInit: Transaction tracking system initialized
[2019.05.27-10.52.56:738][  0]BlueprintLog: New page: 에디터 로드
[2019.05.27-10.52.56:995][  0]LocalizationService: 현지화 서비스가 비활성화되었습니다.
[2019.05.27-10.52.57:634][  0]LogCook: Display: Max memory allowance for cook 16384mb min free memory 0mb
[2019.05.27-10.52.57:634][  0]LogCook: Display: Mobile HDR setting 1
[2019.05.27-10.52.57:634][  0]LogGameplayTags: Display: UGameplayTagsManager::DoneAddingNativeTags. DelegateIsBound: 0
[2019.05.27-10.52.57:634][  0]LogStats: UGameplayTagsManager::ConstructGameplayTagTree: ImportINI prefixes -  0.000 s
[2019.05.27-10.52.57:634][  0]LogStats: UGameplayTagsManager::ConstructGameplayTagTree: Construct from data asset -  0.000 s
[2019.05.27-10.52.57:634][  0]LogStats: UGameplayTagsManager::ConstructGameplayTagTree: ImportINI -  0.000 s
[2019.05.27-10.52.57:634][  0]LogStats: UGameplayTagsManager::ConstructGameplayTagTree: GameplayTagTreeChangedEvent.Broadcast -  0.000 s
[2019.05.27-10.52.57:833][  0]LogFileCache: Scanning file cache for directory 'E:/Capstone_Git/LostDark/Content/' took 0.05s
[2019.05.27-10.52.57:833][  0]SourceControl: 소스 컨트롤이 꺼졌습니다.
[2019.05.27-10.52.57:833][  0]Cmd: MAP LOAD FILE="E:/Capstone_Git/LostDark/Content/DefaultLevel/DefaultLevel.umap" TEMPLATE=0 SHOWPROGRESS=1 FEATURELEVEL=3
[2019.05.27-10.52.57:833][  0]LightingResults: New page: 라이팅 빌드
[2019.05.27-10.52.57:838][  0]MapCheck: New page: 맵 체크
[2019.05.27-10.52.57:838][  0]LightingResults: New page: 라이팅 빌드
[2019.05.27-10.52.57:985][  0]LogAIModule: Creating AISystem for world DefaultLevel
[2019.05.27-10.52.57:990][  0]LogEditorServer: Finished looking for orphan Actors (0.000 secs)
[2019.05.27-10.52.58:028][  0]Cmd: MAP CHECKDEP NOCLEARLOG
[2019.05.27-10.52.58:028][  0]MapCheck: 맵 체크 완료: 오류 0 회, 경고 0 회, 소요 시간 0.153ms.
[2019.05.27-10.52.58:028][  0]LogFileHelpers: Loading map 'DefaultLevel' took 0.195
[2019.05.27-10.52.58:127][  0]LogSlate: Updating window title bar state: overlay mode, drag disabled, window buttons hidden, title bar hidden
[2019.05.27-10.52.58:135][  0]LogSlate: Updating window title bar state: overlay mode, drag disabled, window buttons hidden, title bar hidden
[2019.05.27-10.52.58:143][  0]LogSlate: Updating window title bar state: overlay mode, drag disabled, window buttons hidden, title bar hidden
[2019.05.27-10.52.58:151][  0]LogSlate: Updating window title bar state: overlay mode, drag disabled, window buttons hidden, title bar hidden
[2019.05.27-10.52.58:158][  0]LogCollectionManager: Loaded 0 collections in 0.002306 seconds
[2019.05.27-10.52.58:189][  0]LogFileCache: Scanning file cache for directory 'E:/Capstone_Git/LostDark/Saved/Collections/' took 0.01s
[2019.05.27-10.52.58:189][  0]LogFileCache: Scanning file cache for directory 'E:/Capstone_Git/LostDark/Content/Developers/YR/Collections/' took 0.00s
[2019.05.27-10.52.58:189][  0]LogFileCache: Scanning file cache for directory 'E:/Capstone_Git/LostDark/Content/Collections/' took 0.01s
[2019.05.27-10.52.58:189][  0]LogCollectionManager: Rebuilt the GUID cache for 0 collections in 0.000001 seconds
[2019.05.27-10.52.58:202][  0]LogContentBrowser: Native class hierarchy populated in 0.0134 seconds. Added 2678 classes and 625 folders.
[2019.05.27-10.52.58:210][  0]LogContentBrowser: Native class hierarchy updated for 'WidgetCarousel' in 0.0004 seconds. Added 0 classes and 0 folders.
[2019.05.27-10.52.58:212][  0]LogPakFile: Registered encryption key '00000000000000000000000000000000': 0 pak files mounted, 0 remain pending
[2019.05.27-10.52.58:213][  0]LogPakFile: Registered encryption key '00000000000000000000000000000000': 0 pak files mounted, 0 remain pending
[2019.05.27-10.52.58:214][  0]LogPakFile: Registered encryption key '00000000000000000000000000000000': 0 pak files mounted, 0 remain pending
[2019.05.27-10.52.58:214][  0]LogPakFile: Registered encryption key '00000000000000000000000000000000': 0 pak files mounted, 0 remain pending
[2019.05.27-10.52.58:215][  0]LogPakFile: Registered encryption key '00000000000000000000000000000000': 0 pak files mounted, 0 remain pending
[2019.05.27-10.52.58:215][  0]LogPakFile: Registered encryption key '00000000000000000000000000000000': 0 pak files mounted, 0 remain pending
[2019.05.27-10.52.58:216][  0]LogPakFile: Registered encryption key '00000000000000000000000000000000': 0 pak files mounted, 0 remain pending
[2019.05.27-10.52.58:216][  0]LogPakFile: Registered encryption key '00000000000000000000000000000000': 0 pak files mounted, 0 remain pending
[2019.05.27-10.52.58:217][  0]LogPakFile: Registered encryption key '00000000000000000000000000000000': 0 pak files mounted, 0 remain pending
[2019.05.27-10.52.58:218][  0]LogPakFile: Registered encryption key '00000000000000000000000000000000': 0 pak files mounted, 0 remain pending
[2019.05.27-10.52.58:218][  0]LogPakFile: Registered encryption key '00000000000000000000000000000000': 0 pak files mounted, 0 remain pending
[2019.05.27-10.52.58:219][  0]LogPakFile: Registered encryption key '00000000000000000000000000000000': 0 pak files mounted, 0 remain pending
[2019.05.27-10.52.58:220][  0]LogPakFile: Registered encryption key '00000000000000000000000000000000': 0 pak files mounted, 0 remain pending
[2019.05.27-10.52.58:220][  0]LogPakFile: Registered encryption key '00000000000000000000000000000000': 0 pak files mounted, 0 remain pending
[2019.05.27-10.52.58:221][  0]LogPakFile: Registered encryption key '00000000000000000000000000000000': 0 pak files mounted, 0 remain pending
[2019.05.27-10.52.58:221][  0]LogPakFile: Registered encryption key '00000000000000000000000000000000': 0 pak files mounted, 0 remain pending
[2019.05.27-10.52.58:222][  0]LogPakFile: Registered encryption key '00000000000000000000000000000000': 0 pak files mounted, 0 remain pending
[2019.05.27-10.52.58:223][  0]LogPakFile: Registered encryption key '00000000000000000000000000000000': 0 pak files mounted, 0 remain pending
[2019.05.27-10.52.58:223][  0]LogPakFile: Registered encryption key '00000000000000000000000000000000': 0 pak files mounted, 0 remain pending
[2019.05.27-10.52.58:224][  0]LogPakFile: Registered encryption key '00000000000000000000000000000000': 0 pak files mounted, 0 remain pending
[2019.05.27-10.52.58:224][  0]LogPakFile: Registered encryption key '00000000000000000000000000000000': 0 pak files mounted, 0 remain pending
[2019.05.27-10.52.58:225][  0]LogPakFile: Registered encryption key '00000000000000000000000000000000': 0 pak files mounted, 0 remain pending
[2019.05.27-10.52.58:225][  0]LogPakFile: Registered encryption key '00000000000000000000000000000000': 0 pak files mounted, 0 remain pending
[2019.05.27-10.52.58:226][  0]LogPakFile: Registered encryption key '00000000000000000000000000000000': 0 pak files mounted, 0 remain pending
[2019.05.27-10.52.58:227][  0]LogPakFile: Registered encryption key '00000000000000000000000000000000': 0 pak files mounted, 0 remain pending
[2019.05.27-10.52.58:227][  0]LogPakFile: Registered encryption key '00000000000000000000000000000000': 0 pak files mounted, 0 remain pending
[2019.05.27-10.52.58:282][  0]LogContentBrowser: Native class hierarchy updated for 'AddContentDialog' in 0.0005 seconds. Added 0 classes and 0 folders.
[2019.05.27-10.52.58:293][  0]LogContentBrowser: Native class hierarchy updated for 'SceneOutliner' in 0.0007 seconds. Added 1 classes and 2 folders.
[2019.05.27-10.52.59:981][  0]LogSlate: Only BGRA pngs, bmps or icos are supported in by External Image Picker
[2019.05.27-10.53.00:026][  0]LogSlate: Took 0.000925 seconds to synchronously load lazily loaded font '../../../Engine/Content/Slate/Fonts/Roboto-Regular.ttf' (155K)
[2019.05.27-10.53.00:032][  0]LogSlate: Took 0.003081 seconds to synchronously load lazily loaded font '../../../Engine/Content/Editor/Slate/Fonts/NanumGothic.ttf' (4243K)
[2019.05.27-10.53.00:037][  0]LogSlate: Took 0.003327 seconds to synchronously load lazily loaded font '../../../Engine/Content/Editor/Slate/Fonts/NanumGothicBold.ttf' (4188K)
[2019.05.27-10.53.00:037][  0]LogSlate: Took 0.000290 seconds to synchronously load lazily loaded font '../../../Engine/Content/Slate/Fonts/Roboto-Bold.ttf' (160K)
[2019.05.27-10.53.00:045][  0]LogSlate: Took 0.000402 seconds to synchronously load lazily loaded font '../../../Engine/Content/Editor/Slate/Fonts/FontAwesome.ttf' (139K)
[2019.05.27-10.53.00:151][  0]LogTemp: Executing iPhonePackager certificates Engine -bundlename com.YourCompany.LostDark
[2019.05.27-10.53.00:151][  0]LogTemp: CWD: C:\Program Files\Epic Games\UE_4.21\Engine\Binaries\DotNET\IOS
[2019.05.27-10.53.00:151][  0]LogTemp: Initial Dir: C:\Program Files\Epic Games\UE_4.21
[2019.05.27-10.53.00:151][  0]LogTemp: Env CWD: C:\Program Files\Epic Games\UE_4.21\Engine\Binaries\DotNET\IOS
[2019.05.27-10.53.00:151][  0]LogTemp: BranchPath = OWN-PC/C/Program Files/Epic Games/UE_4.21/Engine/Binaries --- GameBranchPath = OWN-PC/C/Program Files/Epic Games/UE_4.21/Engine/Binaries
[2019.05.27-10.53.00:151][  0]LogTemp: IPP ERROR: Could not find provision directory 'C:\Users\songy\AppData\Local/Apple Computer/MobileDevice/Provisioning Profiles/'.
[2019.05.27-10.53.00:151][  0]LogRenderer: Reallocating scene render targets to support 1092x688 Format 10 NumSamples 1 (Frame:1).
[2019.05.27-10.53.00:199][  0]LogSlate: Took 0.002714 seconds to synchronously load lazily loaded font '../../../Engine/Content/Slate/Fonts/../../Editor/Slate/Fonts/NanumGothic.ttf' (4243K)
[2019.05.27-10.53.00:327][  0]LogContentBrowser: Native class hierarchy updated for 'HierarchicalLODOutliner' in 0.0005 seconds. Added 0 classes and 0 folders.
[2019.05.27-10.53.00:327][  0]LogLoad: (Engine Initialization) Total time: 15.56 seconds
[2019.05.27-10.53.00:327][  0]LogLoad: (Engine Initialization) Total Blueprint compile time: 0.00 seconds
[2019.05.27-10.53.00:425][  0]LogContentStreaming: Texture pool size now 1000 MB
[2019.05.27-10.53.00:453][  0]LogSlate: Took 0.000306 seconds to synchronously load lazily loaded font '../../../Engine/Content/Slate/Fonts/Roboto-Light.ttf' (167K)
[2019.05.27-10.53.00:763][  5]LogAssetRegistry: Asset discovery search completed in 10.5542 seconds
[2019.05.27-10.53.00:766][  5]LogCollectionManager: Rebuilt the object cache for 0 collections in 0.000001 seconds (found 0 objects)
[2019.05.27-10.53.00:766][  5]LogCollectionManager: Fixed up redirectors for 0 collections in 0.000128 seconds (updated 0 objects)
[2019.05.27-10.53.01:749][  8]LogSlate: Took 0.000298 seconds to synchronously load lazily loaded font '../../../Engine/Content/Slate/Fonts/Roboto-Light.ttf' (167K)
[2019.05.27-10.53.05:110][158]LogSlate: FSceneViewport::OnFocusLost() reason 0
[2019.05.27-10.53.05:168][165]LogTemp: Repeating last play command: 선택된 뷰포트
[2019.05.27-10.53.05:180][165]LogBlueprintUserMessages: Early PlayInEditor Detection: Level '/Game/DefaultLevel/DefaultLevel.DefaultLevel:PersistentLevel' has LevelScriptBlueprint '/Game/DefaultLevel/DefaultLevel.DefaultLevel:PersistentLevel.DefaultLevel' with GeneratedClass '/Game/DefaultLevel/DefaultLevel.DefaultLevel_C' with ClassGeneratedBy '/Game/DefaultLevel/DefaultLevel.DefaultLevel:PersistentLevel.DefaultLevel'
[2019.05.27-10.53.05:180][165]LogPlayLevel: PlayLevel: No blueprints needed recompiling
[2019.05.27-10.53.05:180][165]PIE: New page: PIE 세션: DefaultLevel (2019. 5. 28. 오전 4:53:05)
[2019.05.27-10.53.05:193][165]LogPlayLevel: Creating play world package: /Game/DefaultLevel/UEDPIE_0_DefaultLevel
[2019.05.27-10.53.05:196][165]LogPlayLevel: PIE: StaticDuplicateObject took: (0.003095s)
[2019.05.27-10.53.05:197][165]LogAIModule: Creating AISystem for world DefaultLevel
[2019.05.27-10.53.05:197][165]LogPlayLevel: PIE: World Init took: (0.000725s)
[2019.05.27-10.53.05:197][165]LogPlayLevel: PIE: Created PIE world by copying editor world from /Game/DefaultLevel/DefaultLevel.DefaultLevel to /Game/DefaultLevel/UEDPIE_0_DefaultLevel.DefaultLevel (0.004158s)
[2019.05.27-10.53.05:300][165]LogInit: XAudio2 using 'Realtek HD Audio 2nd output(Realtek High Definition Audio)' : 2 channels at 48 kHz using 32 bits per sample (channel mask 0x3)
[2019.05.27-10.53.05:332][165]LogInit: FAudioDevice initialized.
[2019.05.27-10.53.05:381][165]LogLoad: Game class is 'BackupGameModeBase'
[2019.05.27-10.53.05:382][165]LogWorld: Bringing World /Game/DefaultLevel/UEDPIE_0_DefaultLevel.DefaultLevel up for play (max tick rate 0) at 2019.05.27-19.53.05
[2019.05.27-10.53.05:382][165]LogWorld: Bringing up level for play took: 0.000803
[2019.05.27-10.53.05:404][165]LogContentBrowser: Native class hierarchy updated for 'MovieSceneCapture' in 0.0006 seconds. Added 20 classes and 0 folders.
[2019.05.27-10.53.05:408][165]PIE: /Game/DefaultLevel/UEDPIE_0_DefaultLevel 에 대한 에디터에서 플레이 시작 시간: 0.342
[2019.05.27-10.53.05:408][165]LogBlueprintUserMessages: Late PlayInEditor Detection: Level '/Game/DefaultLevel/DefaultLevel.DefaultLevel:PersistentLevel' has LevelScriptBlueprint '/Game/DefaultLevel/DefaultLevel.DefaultLevel:PersistentLevel.DefaultLevel' with GeneratedClass '/Game/DefaultLevel/DefaultLevel.DefaultLevel_C' with ClassGeneratedBy '/Game/DefaultLevel/DefaultLevel.DefaultLevel:PersistentLevel.DefaultLevel'
[2019.05.27-10.53.05:473][167]LogFileCache: Retrieving MD5 hashes for directory 'E:/Capstone_Git/LostDark/Content/' took 5.12s
[2019.05.27-10.53.07:371][384]LogBlueprintUserMessages: Early EndPlayMap Detection: Level '/Game/DefaultLevel/DefaultLevel.DefaultLevel:PersistentLevel' has LevelScriptBlueprint '/Game/DefaultLevel/DefaultLevel.DefaultLevel:PersistentLevel.DefaultLevel' with GeneratedClass '/Game/DefaultLevel/DefaultLevel.DefaultLevel_C' with ClassGeneratedBy '/Game/DefaultLevel/DefaultLevel.DefaultLevel:PersistentLevel.DefaultLevel'
[2019.05.27-10.53.07:372][384]LogSlate: Updating window title bar state: overlay mode, drag disabled, window buttons hidden, title bar hidden
[2019.05.27-10.53.07:405][384]LogPlayLevel: Display: Shutting down PIE online subsystems
[2019.05.27-10.53.07:405][384]LogBlueprintUserMessages: Late EndPlayMap Detection: Level '/Game/DefaultLevel/DefaultLevel.DefaultLevel:PersistentLevel' has LevelScriptBlueprint '/Game/DefaultLevel/DefaultLevel.DefaultLevel:PersistentLevel.DefaultLevel' with GeneratedClass '/Game/DefaultLevel/DefaultLevel.DefaultLevel_C' with ClassGeneratedBy '/Game/DefaultLevel/DefaultLevel.DefaultLevel:PersistentLevel.DefaultLevel'
[2019.05.27-10.53.07:441][384]LogSlate: Updating window title bar state: overlay mode, drag disabled, window buttons hidden, title bar hidden
[2019.05.27-10.53.07:494][386]LogPlayLevel: Display: Destroying online subsystem :Context_2
[2019.05.27-10.53.08:367][481]LogSlate: FSceneViewport::OnFocusLost() reason 0
[2019.05.27-10.53.13:295][957]LogAIModule: Creating AISystem for world YR_DefaultLevel
[2019.05.27-10.53.13:303][957]LogAssetEditorManager: Opening Asset editor for World /Game/YR/Maps/YR_DefaultLevel.YR_DefaultLevel
[2019.05.27-10.53.13:338][957]Cmd: MAP LOAD FILE="E:/Capstone_Git/LostDark/Content/YR/Maps/YR_DefaultLevel.umap" TEMPLATE=0 SHOWPROGRESS=1 FEATURELEVEL=3
[2019.05.27-10.53.13:339][957]LightingResults: New page: 라이팅 빌드
[2019.05.27-10.53.13:339][957]LoadErrors: New page: 맵 로드중: YR_DefaultLevel.umap
[2019.05.27-10.53.13:340][957]MapCheck: New page: 맵 체크
[2019.05.27-10.53.13:340][957]LightingResults: New page: 라이팅 빌드
[2019.05.27-10.53.13:529][957]LogEditorServer: Finished looking for orphan Actors (0.000 secs)
[2019.05.27-10.53.13:585][957]Cmd: MAP CHECKDEP NOCLEARLOG
[2019.05.27-10.53.13:585][957]MapCheck: 맵 체크 완료: 오류 0 회, 경고 0 회, 소요 시간 0.111ms.
[2019.05.27-10.53.13:585][957]LogFileHelpers: Loading map 'YR_DefaultLevel' took 0.248
[2019.05.27-10.53.16:340][108]LogTemp: Repeating last play command: 선택된 뷰포트
[2019.05.27-10.53.16:353][108]LogBlueprintUserMessages: Early PlayInEditor Detection: Level '/Game/YR/Maps/YR_DefaultLevel.YR_DefaultLevel:PersistentLevel' has LevelScriptBlueprint '/Game/YR/Maps/YR_DefaultLevel.YR_DefaultLevel:PersistentLevel.YR_DefaultLevel' with GeneratedClass '/Game/YR/Maps/YR_DefaultLevel.YR_DefaultLevel_C' with ClassGeneratedBy '/Game/YR/Maps/YR_DefaultLevel.YR_DefaultLevel:PersistentLevel.YR_DefaultLevel'
[2019.05.27-10.53.16:353][108]LogPlayLevel: PlayLevel: No blueprints needed recompiling
[2019.05.27-10.53.16:353][108]PIE: New page: PIE 세션: YR_DefaultLevel (2019. 5. 28. 오전 4:53:16)
[2019.05.27-10.53.16:353][108]LogPlayLevel: Creating play world package: /Game/YR/Maps/UEDPIE_0_YR_DefaultLevel
[2019.05.27-10.53.16:356][108]LogPlayLevel: PIE: StaticDuplicateObject took: (0.003613s)
[2019.05.27-10.53.16:357][108]LogAIModule: Creating AISystem for world YR_DefaultLevel
[2019.05.27-10.53.16:357][108]LogPlayLevel: PIE: World Init took: (0.000589s)
[2019.05.27-10.53.16:357][108]LogPlayLevel: PIE: Created PIE world by copying editor world from /Game/YR/Maps/YR_DefaultLevel.YR_DefaultLevel to /Game/YR/Maps/UEDPIE_0_YR_DefaultLevel.YR_DefaultLevel (0.004452s)
[2019.05.27-10.53.16:468][108]LogInit: XAudio2 using 'Realtek HD Audio 2nd output(Realtek High Definition Audio)' : 2 channels at 48 kHz using 32 bits per sample (channel mask 0x3)
[2019.05.27-10.53.16:498][108]LogInit: FAudioDevice initialized.
[2019.05.27-10.53.16:533][108]LogLoad: Game class is 'LostDarkGameMode'
[2019.05.27-10.53.16:534][108]LogWorld: Bringing World /Game/YR/Maps/UEDPIE_0_YR_DefaultLevel.YR_DefaultLevel up for play (max tick rate 0) at 2019.05.27-19.53.16
[2019.05.27-10.53.16:537][108]LogWorld: Bringing up level for play took: 0.003486
[2019.05.27-10.53.16:549][108]LogTemp: Warning: Enroll Attack Montage
[2019.05.27-10.53.16:549][108]LogScript: Warning: Script Msg: Divide by zero detected: 0.000000 / 0
Script call stack:
	Function /Game/SH/Animations/GS_AnimBlueprint.GS_AnimBlueprint_C:BlueprintUpdateAnimation
	Function /Game/SH/Animations/GS_AnimBlueprint.GS_AnimBlueprint_C:ExecuteUbergraph_GS_AnimBlueprint

[2019.05.27-10.53.16:550][108]LostDark: Warning: UGSCharacterStatComponent::SetNewLevel(58) Game Start! CurrentStatData initialize~~~ by GSCharacterStatComponent.cpp
[2019.05.27-10.53.16:554][108]LostDark: Warning: ALDPlayerState::GetExpRatio(87) Ratio : 0.022222, Current : 10, Next : 450
[2019.05.27-10.53.16:555][108]LostDark: Warning: UGSCharacterStatComponent::SetNewLevel(58) Game Start! CurrentStatData initialize~~~ by GSCharacterStatComponent.cpp
[2019.05.27-10.53.16:555][108]PIE: /Game/YR/Maps/UEDPIE_0_YR_DefaultLevel 에 대한 에디터에서 플레이 시작 시간: -0.51
[2019.05.27-10.53.16:555][108]LogBlueprintUserMessages: Late PlayInEditor Detection: Level '/Game/YR/Maps/YR_DefaultLevel.YR_DefaultLevel:PersistentLevel' has LevelScriptBlueprint '/Game/YR/Maps/YR_DefaultLevel.YR_DefaultLevel:PersistentLevel.YR_DefaultLevel' with GeneratedClass '/Game/YR/Maps/YR_DefaultLevel.YR_DefaultLevel_C' with ClassGeneratedBy '/Game/YR/Maps/YR_DefaultLevel.YR_DefaultLevel:PersistentLevel.YR_DefaultLevel'
[2019.05.27-10.53.17:329][132]LogScript: Warning: Script Msg: Divide by zero detected: 0.000000 / 0
Script call stack:
	Function /Game/SH/Animations/GS_AnimBlueprint.GS_AnimBlueprint_C:BlueprintUpdateAnimation
	Function /Game/SH/Animations/GS_AnimBlueprint.GS_AnimBlueprint_C:ExecuteUbergraph_GS_AnimBlueprint

[2019.05.27-10.53.25:581][ 11]LogSlate: FSceneViewport::OnFocusLost() reason 0
[2019.05.27-10.53.26:793][132]LogAssetEditorManager: Opening Asset editor for Blueprint /Game/YR/Boss/BP_Griffon.BP_Griffon
[2019.05.27-10.53.27:351][132]LogContentBrowser: Native class hierarchy updated for 'BlueprintGraph' in 0.0008 seconds. Added 117 classes and 0 folders.
[2019.05.27-10.53.28:423][132]LogSlate: Took 0.000307 seconds to synchronously load lazily loaded font '../../../Engine/Content/Slate/Fonts/Roboto-BoldCondensed.ttf' (158K)
[2019.05.27-10.53.28:720][133]LogSlate: Took 0.000281 seconds to synchronously load lazily loaded font '../../../Engine/Content/Slate/Fonts/Roboto-Italic.ttf' (157K)
[2019.05.27-10.53.34:448][228]LogRenderer: Reallocating scene render targets to support 1244x792 Format 10 NumSamples 1 (Frame:1).
[2019.05.27-10.53.34:603][230]LogRenderer: Reallocating scene render targets to support 1244x804 Format 10 NumSamples 1 (Frame:5).
[2019.05.27-10.53.36:041][313]LogRenderer: Reallocating scene render targets to support 1244x812 Format 10 NumSamples 1 (Frame:84).
[2019.05.27-10.53.37:146][369]LogSlate: Window '뷰포트' being destroyed
[2019.05.27-10.53.55:110][607]LogSlate: Window 'BP_Griffon' being destroyed
[2019.05.27-10.53.56:268][683]LogEditorViewport: Clicking on Actor (LMB): LostDarkCharacter (LostDarkCharacter)
[2019.05.27-10.54.00:636][ 38]LogSlate: FSceneViewport::OnFocusLost() reason 0
[2019.05.27-10.54.05:199][340]LogBlueprintUserMessages: Early EndPlayMap Detection: Level '/Game/YR/Maps/YR_DefaultLevel.YR_DefaultLevel:PersistentLevel' has LevelScriptBlueprint '/Game/YR/Maps/YR_DefaultLevel.YR_DefaultLevel:PersistentLevel.YR_DefaultLevel' with GeneratedClass '/Game/YR/Maps/YR_DefaultLevel.YR_DefaultLevel_C' with ClassGeneratedBy '/Game/YR/Maps/YR_DefaultLevel.YR_DefaultLevel:PersistentLevel.YR_DefaultLevel'
[2019.05.27-10.54.05:232][340]LogSlate: Updating window title bar state: overlay mode, drag disabled, window buttons hidden, title bar hidden
[2019.05.27-10.54.05:265][340]LogPlayLevel: Display: Shutting down PIE online subsystems
[2019.05.27-10.54.05:265][340]LogBlueprintUserMessages: Late EndPlayMap Detection: Level '/Game/YR/Maps/YR_DefaultLevel.YR_DefaultLevel:PersistentLevel' has LevelScriptBlueprint '/Game/YR/Maps/YR_DefaultLevel.YR_DefaultLevel:PersistentLevel.YR_DefaultLevel' with GeneratedClass '/Game/YR/Maps/YR_DefaultLevel.YR_DefaultLevel_C' with ClassGeneratedBy '/Game/YR/Maps/YR_DefaultLevel.YR_DefaultLevel:PersistentLevel.YR_DefaultLevel'
[2019.05.27-10.54.05:302][340]LogSlate: Updating window title bar state: overlay mode, drag disabled, window buttons hidden, title bar hidden
[2019.05.27-10.54.05:326][341]LogPlayLevel: Display: Destroying online subsystem :Context_3
[2019.05.27-10.54.11:152][919]LogSlate: FSceneViewport::OnFocusLost() reason 0
[2019.05.27-10.54.11:245][929]LogTemp: Repeating last play command: 선택된 뷰포트
[2019.05.27-10.54.11:258][929]LogBlueprintUserMessages: Early PlayInEditor Detection: Level '/Game/YR/Maps/YR_DefaultLevel.YR_DefaultLevel:PersistentLevel' has LevelScriptBlueprint '/Game/YR/Maps/YR_DefaultLevel.YR_DefaultLevel:PersistentLevel.YR_DefaultLevel' with GeneratedClass '/Game/YR/Maps/YR_DefaultLevel.YR_DefaultLevel_C' with ClassGeneratedBy '/Game/YR/Maps/YR_DefaultLevel.YR_DefaultLevel:PersistentLevel.YR_DefaultLevel'
[2019.05.27-10.54.11:258][929]LogPlayLevel: PlayLevel: No blueprints needed recompiling
[2019.05.27-10.54.11:258][929]PIE: New page: PIE 세션: YR_DefaultLevel (2019. 5. 28. 오전 4:54:11)
[2019.05.27-10.54.11:258][929]LogPlayLevel: Creating play world package: /Game/YR/Maps/UEDPIE_0_YR_DefaultLevel
[2019.05.27-10.54.11:263][929]LogPlayLevel: PIE: StaticDuplicateObject took: (0.004197s)
[2019.05.27-10.54.11:263][929]LogAIModule: Creating AISystem for world YR_DefaultLevel
[2019.05.27-10.54.11:263][929]LogPlayLevel: PIE: World Init took: (0.000666s)
[2019.05.27-10.54.11:263][929]LogPlayLevel: PIE: Created PIE world by copying editor world from /Game/YR/Maps/YR_DefaultLevel.YR_DefaultLevel to /Game/YR/Maps/UEDPIE_0_YR_DefaultLevel.YR_DefaultLevel (0.005047s)
[2019.05.27-10.54.11:382][929]LogInit: XAudio2 using 'Realtek HD Audio 2nd output(Realtek High Definition Audio)' : 2 channels at 48 kHz using 32 bits per sample (channel mask 0x3)
[2019.05.27-10.54.11:418][929]LogInit: FAudioDevice initialized.
[2019.05.27-10.54.11:453][929]LogLoad: Game class is 'LostDarkGameMode'
[2019.05.27-10.54.11:455][929]LogWorld: Bringing World /Game/YR/Maps/UEDPIE_0_YR_DefaultLevel.YR_DefaultLevel up for play (max tick rate 0) at 2019.05.27-19.54.11
[2019.05.27-10.54.11:459][929]LogWorld: Bringing up level for play took: 0.004732
[2019.05.27-10.54.11:471][929]LogTemp: Warning: Enroll Attack Montage
[2019.05.27-10.54.11:471][929]LogScript: Warning: Script Msg: Divide by zero detected: 0.000000 / 0
Script call stack:
	Function /Game/SH/Animations/GS_AnimBlueprint.GS_AnimBlueprint_C:BlueprintUpdateAnimation
	Function /Game/SH/Animations/GS_AnimBlueprint.GS_AnimBlueprint_C:ExecuteUbergraph_GS_AnimBlueprint

[2019.05.27-10.54.11:471][929]LostDark: Warning: UGSCharacterStatComponent::SetNewLevel(58) Game Start! CurrentStatData initialize~~~ by GSCharacterStatComponent.cpp
[2019.05.27-10.54.11:477][929]LostDark: Warning: ALDPlayerState::GetExpRatio(87) Ratio : 0.022222, Current : 10, Next : 450
[2019.05.27-10.54.11:478][929]LostDark: Warning: UGSCharacterStatComponent::SetNewLevel(58) Game Start! CurrentStatData initialize~~~ by GSCharacterStatComponent.cpp
[2019.05.27-10.54.11:478][929]PIE: /Game/YR/Maps/UEDPIE_0_YR_DefaultLevel 에 대한 에디터에서 플레이 시작 시간: 0.412
[2019.05.27-10.54.11:478][929]LogBlueprintUserMessages: Late PlayInEditor Detection: Level '/Game/YR/Maps/YR_DefaultLevel.YR_DefaultLevel:PersistentLevel' has LevelScriptBlueprint '/Game/YR/Maps/YR_DefaultLevel.YR_DefaultLevel:PersistentLevel.YR_DefaultLevel' with GeneratedClass '/Game/YR/Maps/YR_DefaultLevel.YR_DefaultLevel_C' with ClassGeneratedBy '/Game/YR/Maps/YR_DefaultLevel.YR_DefaultLevel:PersistentLevel.YR_DefaultLevel'
[2019.05.27-10.54.11:479][929]LogScript: Warning: Script Msg: Divide by zero detected: 0.000000 / 0
Script call stack:
	Function /Game/SH/Animations/GS_AnimBlueprint.GS_AnimBlueprint_C:BlueprintUpdateAnimation
	Function /Game/SH/Animations/GS_AnimBlueprint.GS_AnimBlueprint_C:ExecuteUbergraph_GS_AnimBlueprint

[2019.05.27-10.54.13:291][114]LogEditorViewport: Clicking on Actor (LMB): LostDarkCharacter (LostDarkCharacter)
[2019.05.27-10.54.16:197][301]LogSlate: FSceneViewport::OnFocusLost() reason 0
[2019.05.27-10.54.18:374][507]LogEditorViewport: Clicking on Actor (LMB): StaticMeshActor (SM_SQUARE)
[2019.05.27-10.54.23:318][ 36]LostDark: Warning: ALostDarkCharacter::TakeDamage(354) Actor : LostDarkCharacter_0 took Damage : 50.000000
[2019.05.27-10.54.23:476][ 55]LostDark: Warning: ALostDarkCharacter::TakeDamage(354) Actor : LostDarkCharacter_0 took Damage : 50.000000
[2019.05.27-10.54.24:511][175]LostDark: Warning: ALostDarkCharacter::TakeDamage(354) Actor : LostDarkCharacter_0 took Damage : 50.000000
[2019.05.27-10.54.25:195][257]LogCharacterMovement: BP_Griffon_5 is stuck and failed to move! Velocity: X=66.41 Y=-15.48 Z=0.00 Location: X=306.73 Y=64.40 Z=59.98 Normal: X=-0.67 Y=-0.58 Z=-0.46 PenetrationDepth:3.605 Actor:BP_Troll_Magma_2 Component:Capsule1 BoneName:None (0 other events since notify)
[2019.05.27-10.54.25:404][282]LostDark: Warning: ALostDarkCharacter::TakeDamage(354) Actor : LostDarkCharacter_0 took Damage : 50.000000
[2019.05.27-10.54.25:579][303]LostDark: Warning: ALostDarkCharacter::TakeDamage(354) Actor : LostDarkCharacter_0 took Damage : 50.000000
[2019.05.27-10.54.26:272][386]LostDark: Warning: ALostDarkCharacter::TakeDamage(354) Actor : LostDarkCharacter_0 took Damage : 10.000000
[2019.05.27-10.54.26:638][430]LostDark: Warning: ALostDarkCharacter::TakeDamage(354) Actor : LostDarkCharacter_0 took Damage : 50.000000
[2019.05.27-10.54.27:272][506]LostDark: Warning: ALostDarkCharacter::TakeDamage(354) Actor : LostDarkCharacter_0 took Damage : 10.000000
[2019.05.27-10.54.27:338][514]LostDark: Warning: ALostDarkCharacter::TakeDamage(354) Actor : LostDarkCharacter_0 took Damage : 50.000000
[2019.05.27-10.54.27:705][558]LostDark: Warning: ALostDarkCharacter::TakeDamage(354) Actor : LostDarkCharacter_0 took Damage : 50.000000
[2019.05.27-10.54.29:087][713]LostDark: Warning: ALostDarkCharacter::TakeDamage(354) Actor : LostDarkCharacter_0 took Damage : 10.000000
[2019.05.27-10.54.30:064][829]LogCharacterMovement: BP_Troll_Magma_2 is stuck and failed to move! Velocity: X=-0.64 Y=34.13 Z=0.00 Location: X=359.75 Y=-20.72 Z=151.97 Normal: X=-1.00 Y=0.06 Z=0.00 PenetrationDepth:9.958 Actor:BP_Griffon_5 Component:Box BoneName:None (0 other events since notify)
[2019.05.27-10.54.33:124][196]LostDark: Warning: ALostDarkCharacter::PostInitializeComponents::<lambda_a35245af5678173ca763887e2a4841f8>::operator ()(310) OnNextAttackCheck
[2019.05.27-10.54.33:392][228]LogTemp: Warning: MontageEnded
[2019.05.27-10.54.34:183][323]LostDark: Warning: ALostDarkCharacter::AttackCheck(862) Hit Actor Name : BP_Griffon_5
[2019.05.27-10.54.34:183][323]LogBlueprintUserMessages: [BP_Griffon_5] Dead
[2019.05.27-10.54.34:543][366]LostDark: Warning: ALostDarkCharacter::PostInitializeComponents::<lambda_a35245af5678173ca763887e2a4841f8>::operator ()(310) OnNextAttackCheck
[2019.05.27-10.54.34:813][398]LogTemp: Warning: MontageEnded
[2019.05.27-10.54.36:480][598]LostDark: Warning: ALostDarkCharacter::PostInitializeComponents::<lambda_a35245af5678173ca763887e2a4841f8>::operator ()(310) OnNextAttackCheck
[2019.05.27-10.54.36:748][630]LogTemp: Warning: MontageEnded
[2019.05.27-10.54.37:314][698]LostDark: Warning: ALostDarkCharacter::AttackCheck(862) Hit Actor Name : BP_Troll_Magma_2
[2019.05.27-10.54.37:672][741]LostDark: Warning: ALostDarkCharacter::PostInitializeComponents::<lambda_a35245af5678173ca763887e2a4841f8>::operator ()(310) OnNextAttackCheck
[2019.05.27-10.54.37:940][773]LogTemp: Warning: MontageEnded
[2019.05.27-10.54.41:256][157]LogBlueprintUserMessages: Early EndPlayMap Detection: Level '/Game/YR/Maps/YR_DefaultLevel.YR_DefaultLevel:PersistentLevel' has LevelScriptBlueprint '/Game/YR/Maps/YR_DefaultLevel.YR_DefaultLevel:PersistentLevel.YR_DefaultLevel' with GeneratedClass '/Game/YR/Maps/YR_DefaultLevel.YR_DefaultLevel_C' with ClassGeneratedBy '/Game/YR/Maps/YR_DefaultLevel.YR_DefaultLevel:PersistentLevel.YR_DefaultLevel'
[2019.05.27-10.54.41:256][157]LogSlate: Updating window title bar state: overlay mode, drag disabled, window buttons hidden, title bar hidden
[2019.05.27-10.54.41:295][157]LogPlayLevel: Display: Shutting down PIE online subsystems
[2019.05.27-10.54.41:295][157]LogBlueprintUserMessages: Late EndPlayMap Detection: Level '/Game/YR/Maps/YR_DefaultLevel.YR_DefaultLevel:PersistentLevel' has LevelScriptBlueprint '/Game/YR/Maps/YR_DefaultLevel.YR_DefaultLevel:PersistentLevel.YR_DefaultLevel' with GeneratedClass '/Game/YR/Maps/YR_DefaultLevel.YR_DefaultLevel_C' with ClassGeneratedBy '/Game/YR/Maps/YR_DefaultLevel.YR_DefaultLevel:PersistentLevel.YR_DefaultLevel'
[2019.05.27-10.54.41:335][157]LogSlate: Updating window title bar state: overlay mode, drag disabled, window buttons hidden, title bar hidden
[2019.05.27-10.54.41:362][159]LogPlayLevel: Display: Destroying online subsystem :Context_11
[2019.05.27-10.54.41:854][218]LogSlate: FSceneViewport::OnFocusLost() reason 0
[2019.05.27-10.54.41:945][229]LogTemp: Repeating last play command: 선택된 뷰포트
[2019.05.27-10.54.41:957][229]LogBlueprintUserMessages: Early PlayInEditor Detection: Level '/Game/YR/Maps/YR_DefaultLevel.YR_DefaultLevel:PersistentLevel' has LevelScriptBlueprint '/Game/YR/Maps/YR_DefaultLevel.YR_DefaultLevel:PersistentLevel.YR_DefaultLevel' with GeneratedClass '/Game/YR/Maps/YR_DefaultLevel.YR_DefaultLevel_C' with ClassGeneratedBy '/Game/YR/Maps/YR_DefaultLevel.YR_DefaultLevel:PersistentLevel.YR_DefaultLevel'
[2019.05.27-10.54.41:957][229]LogPlayLevel: PlayLevel: No blueprints needed recompiling
[2019.05.27-10.54.41:957][229]PIE: New page: PIE 세션: YR_DefaultLevel (2019. 5. 28. 오전 4:54:41)
[2019.05.27-10.54.41:957][229]LogPlayLevel: Creating play world package: /Game/YR/Maps/UEDPIE_0_YR_DefaultLevel
[2019.05.27-10.54.41:962][229]LogPlayLevel: PIE: StaticDuplicateObject took: (0.003969s)
[2019.05.27-10.54.41:962][229]LogAIModule: Creating AISystem for world YR_DefaultLevel
[2019.05.27-10.54.41:962][229]LogPlayLevel: PIE: World Init took: (0.000605s)
[2019.05.27-10.54.41:962][229]LogPlayLevel: PIE: Created PIE world by copying editor world from /Game/YR/Maps/YR_DefaultLevel.YR_DefaultLevel to /Game/YR/Maps/UEDPIE_0_YR_DefaultLevel.YR_DefaultLevel (0.004744s)
[2019.05.27-10.54.42:069][229]LogInit: XAudio2 using 'Realtek HD Audio 2nd output(Realtek High Definition Audio)' : 2 channels at 48 kHz using 32 bits per sample (channel mask 0x3)
[2019.05.27-10.54.42:099][229]LogInit: FAudioDevice initialized.
[2019.05.27-10.54.42:132][229]LogLoad: Game class is 'LostDarkGameMode'
[2019.05.27-10.54.42:134][229]LogWorld: Bringing World /Game/YR/Maps/UEDPIE_0_YR_DefaultLevel.YR_DefaultLevel up for play (max tick rate 0) at 2019.05.27-19.54.42
[2019.05.27-10.54.42:138][229]LogWorld: Bringing up level for play took: 0.004690
[2019.05.27-10.54.42:150][229]LogTemp: Warning: Enroll Attack Montage
[2019.05.27-10.54.42:150][229]LogScript: Warning: Script Msg: Divide by zero detected: 0.000000 / 0
Script call stack:
	Function /Game/SH/Animations/GS_AnimBlueprint.GS_AnimBlueprint_C:BlueprintUpdateAnimation
	Function /Game/SH/Animations/GS_AnimBlueprint.GS_AnimBlueprint_C:ExecuteUbergraph_GS_AnimBlueprint

[2019.05.27-10.54.42:151][229]LostDark: Warning: UGSCharacterStatComponent::SetNewLevel(58) Game Start! CurrentStatData initialize~~~ by GSCharacterStatComponent.cpp
[2019.05.27-10.54.42:155][229]LostDark: Warning: ALDPlayerState::GetExpRatio(87) Ratio : 0.022222, Current : 10, Next : 450
[2019.05.27-10.54.42:155][229]LostDark: Warning: UGSCharacterStatComponent::SetNewLevel(58) Game Start! CurrentStatData initialize~~~ by GSCharacterStatComponent.cpp
[2019.05.27-10.54.42:156][229]PIE: /Game/YR/Maps/UEDPIE_0_YR_DefaultLevel 에 대한 에디터에서 플레이 시작 시간: 1.09
[2019.05.27-10.54.42:156][229]LogBlueprintUserMessages: Late PlayInEditor Detection: Level '/Game/YR/Maps/YR_DefaultLevel.YR_DefaultLevel:PersistentLevel' has LevelScriptBlueprint '/Game/YR/Maps/YR_DefaultLevel.YR_DefaultLevel:PersistentLevel.YR_DefaultLevel' with GeneratedClass '/Game/YR/Maps/YR_DefaultLevel.YR_DefaultLevel_C' with ClassGeneratedBy '/Game/YR/Maps/YR_DefaultLevel.YR_DefaultLevel:PersistentLevel.YR_DefaultLevel'
[2019.05.27-10.54.42:157][229]LogScript: Warning: Script Msg: Divide by zero detected: 0.000000 / 0
Script call stack:
	Function /Game/SH/Animations/GS_AnimBlueprint.GS_AnimBlueprint_C:BlueprintUpdateAnimation
	Function /Game/SH/Animations/GS_AnimBlueprint.GS_AnimBlueprint_C:ExecuteUbergraph_GS_AnimBlueprint

[2019.05.27-10.54.45:009][531]LogSlate: FSceneViewport::OnFocusLost() reason 0
[2019.05.27-10.54.45:707][596]LogEditorViewport: Clicking on Actor (LMB): LostDarkCharacter (LostDarkCharacter)
[2019.05.27-10.54.46:636][649]LogSlate: FSceneViewport::OnFocusLost() reason 0
[2019.05.27-10.54.48:603][841]LogEditorViewport: Clicking on Actor (LMB): StaticMeshActor (SM_SQUARE)
[2019.05.27-10.54.51:666][183]LogSlate: FSceneViewport::OnFocusLost() reason 0
[2019.05.27-10.54.53:141][349]LostDark: Warning: ALostDarkCharacter::AttackCheck(862) Hit Actor Name : BP_Griffon_5
[2019.05.27-10.54.53:141][349]LogBlueprintUserMessages: [BP_Griffon_5] Dead
[2019.05.27-10.54.53:499][392]LostDark: Warning: ALostDarkCharacter::PostInitializeComponents::<lambda_a35245af5678173ca763887e2a4841f8>::operator ()(310) OnNextAttackCheck
[2019.05.27-10.54.53:499][392]LogTemp: Warning: Called JumpTo Function, Combo : 2
[2019.05.27-10.54.53:999][452]LostDark: Warning: ALostDarkCharacter::PostInitializeComponents::<lambda_a35245af5678173ca763887e2a4841f8>::operator ()(310) OnNextAttackCheck
[2019.05.27-10.54.53:999][452]LogTemp: Warning: Called JumpTo Function, Combo : 3
[2019.05.27-10.54.54:799][548]LogTemp: Warning: MontageEnded
[2019.05.27-10.54.55:383][618]LostDark: Warning: ALostDarkCharacter::PostInitializeComponents::<lambda_a35245af5678173ca763887e2a4841f8>::operator ()(310) OnNextAttackCheck
[2019.05.27-10.54.55:650][650]LogTemp: Warning: MontageEnded
[2019.05.27-10.55.01:636][367]LostDark: Warning: ALostDarkCharacter::TakeDamage(354) Actor : LostDarkCharacter_0 took Damage : 50.000000
[2019.05.27-10.55.02:061][418]LostDark: Warning: ALostDarkCharacter::TakeDamage(354) Actor : LostDarkCharacter_0 took Damage : 50.000000
[2019.05.27-10.55.04:122][665]LostDark: Warning: ALostDarkCharacter::TakeDamage(354) Actor : LostDarkCharacter_0 took Damage : 50.000000
[2019.05.27-10.55.04:550][716]LostDark: Warning: ALostDarkCharacter::TakeDamage(354) Actor : LostDarkCharacter_0 took Damage : 50.000000
[2019.05.27-10.55.05:459][825]LostDark: Warning: ALostDarkCharacter::TakeDamage(354) Actor : LostDarkCharacter_0 took Damage : 50.000000
[2019.05.27-10.55.07:673][ 90]LostDark: Warning: ALostDarkCharacter::TakeDamage(354) Actor : LostDarkCharacter_0 took Damage : 50.000000
[2019.05.27-10.55.08:409][177]LostDark: Warning: ALostDarkCharacter::TakeDamage(354) Actor : LostDarkCharacter_0 took Damage : 50.000000
[2019.05.27-10.55.09:492][307]LostDark: Warning: ALostDarkCharacter::TakeDamage(354) Actor : LostDarkCharacter_0 took Damage : 50.000000
[2019.05.27-10.55.10:119][382]LostDark: Warning: ALostDarkCharacter::TakeDamage(354) Actor : LostDarkCharacter_0 took Damage : 50.000000
[2019.05.27-10.55.11:404][533]LostDark: Warning: ALostDarkCharacter::TakeDamage(354) Actor : LostDarkCharacter_0 took Damage : 50.000000
[2019.05.27-10.55.11:404][533]LostDark: Warning: ALostDarkCharacter::PostInitializeComponents::<lambda_d674dbf1a3d8b7564d8f2f44734c7556>::operator ()(328) @@ HP Is Zero
[2019.05.27-10.55.12:483][533]LogWindows: Error: === Critical error: ===
[2019.05.27-10.55.12:483][533]LogWindows: Error: 
[2019.05.27-10.55.12:483][533]LogWindows: Error: Fatal error!
[2019.05.27-10.55.12:483][533]LogWindows: Error: 
[2019.05.27-10.55.12:483][533]LogWindows: Error: Unhandled Exception: EXCEPTION_ACCESS_VIOLATION reading address 0x0000046c
[2019.05.27-10.55.12:483][533]LogWindows: Error: 
[2019.05.27-10.55.12:483][533]LogWindows: Error: [Callstack] 0x00007ff9dfa38767 UE4Editor-LostDark.dll!ALostDarkCharacter::TakeDamage() [e:\capstone_git\lostdark\source\lostdark\private\lostdarkcharacter.cpp:374]
[2019.05.27-10.55.12:483][533]LogWindows: Error: [Callstack] 0x00007ff9f32b2fca UE4Editor-Engine.dll!UnknownFunction []
[2019.05.27-10.55.12:483][533]LogWindows: Error: [Callstack] 0x00007ff9f2b9b190 UE4Editor-Engine.dll!UnknownFunction []
[2019.05.27-10.55.12:483][533]LogWindows: Error: [Callstack] 0x00007ff9f58b4b14 UE4Editor-CoreUObject.dll!UnknownFunction []
[2019.05.27-10.55.12:483][533]LogWindows: Error: [Callstack] 0x00007ff9f5b1bc2a UE4Editor-CoreUObject.dll!UnknownFunction []
[2019.05.27-10.55.12:483][533]LogWindows: Error: [Callstack] 0x00007ff9f5b456cc UE4Editor-CoreUObject.dll!UnknownFunction []
[2019.05.27-10.55.12:483][533]LogWindows: Error: [Callstack] 0x00007ff9f5b66cc4 UE4Editor-CoreUObject.dll!UnknownFunction []
[2019.05.27-10.55.12:483][533]LogWindows: Error: [Callstack] 0x00007ff9f5b47d2f UE4Editor-CoreUObject.dll!UnknownFunction []
[2019.05.27-10.55.12:483][533]LogWindows: Error: [Callstack] 0x00007ff9f5b1c5dd UE4Editor-CoreUObject.dll!UnknownFunction []
[2019.05.27-10.55.12:483][533]LogWindows: Error: [Callstack] 0x00007ff9f5b47d2f UE4Editor-CoreUObject.dll!UnknownFunction []
[2019.05.27-10.55.12:483][533]LogWindows: Error: [Callstack] 0x00007ff9f5b1c5dd UE4Editor-CoreUObject.dll!UnknownFunction []
[2019.05.27-10.55.12:483][533]LogWindows: Error: [Callstack] 0x00007ff9f5b6add3 UE4Editor-CoreUObject.dll!UnknownFunction []
[2019.05.27-10.55.12:484][533]LogWindows: Error: [Callstack] 0x00007ff9f5b456cc UE4Editor-CoreUObject.dll!UnknownFunction []
[2019.05.27-10.55.12:484][533]LogWindows: Error: [Callstack] 0x00007ff9f5b47d2f UE4Editor-CoreUObject.dll!UnknownFunction []
[2019.05.27-10.55.12:484][533]LogWindows: Error: [Callstack] 0x00007ff9f5b1c5dd UE4Editor-CoreUObject.dll!UnknownFunction []
[2019.05.27-10.55.12:484][533]LogWindows: Error: [Callstack] 0x00007ff9f5b47d2f UE4Editor-CoreUObject.dll!UnknownFunction []
[2019.05.27-10.55.12:484][533]LogWindows: Error: [Callstack] 0x00007ff9f58b4b14 UE4Editor-CoreUObject.dll!UnknownFunction []
[2019.05.27-10.55.12:484][533]LogWindows: Error: [Callstack] 0x00007ff9f5b473c6 UE4Editor-CoreUObject.dll!UnknownFunction []
[2019.05.27-10.55.12:484][533]LogWindows: Error: [Callstack] 0x00007ff9f2cd4bc5 UE4Editor-Engine.dll!UnknownFunction []
[2019.05.27-10.55.12:484][533]LogWindows: Error: [Callstack] 0x00007ff9f2cd3f4b UE4Editor-Engine.dll!UnknownFunction []
[2019.05.27-10.55.12:484][533]LogWindows: Error: [Callstack] 0x00007ff9f2c822c4 UE4Editor-Engine.dll!UnknownFunction []
[2019.05.27-10.55.12:484][533]LogWindows: Error: [Callstack] 0x00007ff9f3060621 UE4Editor-Engine.dll!UnknownFunction []
[2019.05.27-10.55.12:484][533]LogWindows: Error: [Callstack] 0x00007ff9f3943c9e UE4Editor-Engine.dll!UnknownFunction []
[2019.05.27-10.55.12:484][533]LogWindows: Error: [Callstack] 0x00007ff9f30852b0 UE4Editor-Engine.dll!UnknownFunction []
[2019.05.27-10.55.12:484][533]LogWindows: Error: [Callstack] 0x00007ff9f305e5b9 UE4Editor-Engine.dll!UnknownFunction []
[2019.05.27-10.55.12:484][533]LogWindows: Error: [Callstack] 0x00007ff9f3068046 UE4Editor-Engine.dll!UnknownFunction []
[2019.05.27-10.55.12:484][533]LogWindows: Error: [Callstack] 0x00007ff9f306a730 UE4Editor-Engine.dll!UnknownFunction []
[2019.05.27-10.55.12:484][533]LogWindows: Error: [Callstack] 0x00007ff9f5ea1798 UE4Editor-Core.dll!UnknownFunction []
[2019.05.27-10.55.12:484][533]LogWindows: Error: [Callstack] 0x00007ff9f5ea1c56 UE4Editor-Core.dll!UnknownFunction []
[2019.05.27-10.55.12:484][533]LogWindows: Error: [Callstack] 0x00007ff9f5eb5085 UE4Editor-Core.dll!UnknownFunction []
[2019.05.27-10.55.12:484][533]LogWindows: Error: [Callstack] 0x00007ff9f3e4bb64 UE4Editor-Engine.dll!UnknownFunction []
[2019.05.27-10.55.12:484][533]LogWindows: Error: [Callstack] 0x00007ff9f3e5b9a2 UE4Editor-Engine.dll!UnknownFunction []
[2019.05.27-10.55.12:484][533]LogWindows: Error: [Callstack] 0x00007ff9f352b6e4 UE4Editor-Engine.dll!UnknownFunction []
[2019.05.27-10.55.12:484][533]LogWindows: Error: [Callstack] 0x00007ff9f3537c54 UE4Editor-Engine.dll!UnknownFunction []
[2019.05.27-10.55.12:484][533]LogWindows: Error: [Callstack] 0x00007ff9f0c52085 UE4Editor-UnrealEd.dll!UnknownFunction []
[2019.05.27-10.55.12:484][533]LogWindows: Error: [Callstack] 0x00007ff9f1572346 UE4Editor-UnrealEd.dll!UnknownFunction []
[2019.05.27-10.55.12:484][533]LogWindows: Error: [Callstack] 0x00007ff6e00a6225 UE4Editor.exe!UnknownFunction []
[2019.05.27-10.55.12:484][533]LogWindows: Error: [Callstack] 0x00007ff6e00b596c UE4Editor.exe!UnknownFunction []
[2019.05.27-10.55.12:484][533]LogWindows: Error: [Callstack] 0x00007ff6e00b59ea UE4Editor.exe!UnknownFunction []
[2019.05.27-10.55.12:484][533]LogWindows: Error: [Callstack] 0x00007ff6e00c48da UE4Editor.exe!UnknownFunction []
[2019.05.27-10.55.12:484][533]LogWindows: Error: [Callstack] 0x00007ff6e00c659a UE4Editor.exe!UnknownFunction []
[2019.05.27-10.55.12:484][533]LogWindows: Error: [Callstack] 0x00007ffa4e144034 KERNEL32.DLL!UnknownFunction []
[2019.05.27-10.55.12:484][533]LogWindows: Error: [Callstack] 0x00007ffa4ea93691 ntdll.dll!UnknownFunction []
[2019.05.27-10.55.12:484][533]LogWindows: Error: 
[2019.05.27-10.55.12:498][533]LogExit: Executing StaticShutdownAfterError
[2019.05.27-10.55.12:503][533]LogWindows: FPlatformMisc::RequestExit(1)
[2019.05.27-10.55.12:511][533]Log file closed, 05/27/19 19:55:12
