Log file open, 05/27/19 22:08:26
LogWindows: Failed to load 'aqProf.dll' (GetLastError=126)
LogWindows: File 'aqProf.dll' does not exist
LogWindows: Failed to load 'VtuneApi.dll' (GetLastError=126)
LogWindows: File 'VtuneApi.dll' does not exist
LogWindows: Failed to load 'VtuneApi32e.dll' (GetLastError=126)
LogWindows: File 'VtuneApi32e.dll' does not exist
LogConsoleResponse: Display: Failed to find resolution value strings in scalability ini. Falling back to default.
LogInit: Display: Running engine for game: LostDark
LogPakFile: Registered encryption key '00000000000000000000000000000000': 0 pak files mounted, 0 remain pending
LogPlatformFile: Not using cached read wrapper
LogTaskGraph: Started task graph with 5 named threads and 35 total threads with 3 sets of task threads.
LogStats: Stats thread started at 0.437909
LogD3D11RHI: Loaded GFSDK_Aftermath_Lib.x64.dll
LogICUInternationalization: ICU TimeZone Detection - Raw Offset: +9:00, Platform Override: ''
LogPluginManager: Mounting plugin Paper2D
LogPluginManager: Mounting plugin AISupport
LogPluginManager: Mounting plugin LightPropagationVolume
LogPluginManager: Mounting plugin ActorLayerUtilities
LogPluginManager: Mounting plugin CLionSourceCodeAccess
LogPluginManager: Mounting plugin CodeLiteSourceCodeAccess
LogPluginManager: Mounting plugin GitSourceControl
LogPluginManager: Mounting plugin KDevelopSourceCodeAccess
LogPluginManager: Mounting plugin NullSourceCodeAccess
LogPluginManager: Mounting plugin PerforceSourceControl
LogPluginManager: Mounting plugin SubversionSourceControl
LogPluginManager: Mounting plugin UObjectPlugin
LogPluginManager: Mounting plugin VisualStudioCodeSourceCodeAccess
LogPluginManager: Mounting plugin VisualStudioSourceCodeAccess
LogPluginManager: Mounting plugin XCodeSourceCodeAccess
LogPluginManager: Mounting plugin AssetManagerEditor
LogPluginManager: Mounting plugin CryptoKeys
LogPluginManager: Mounting plugin DataValidation
LogPluginManager: Mounting plugin FacialAnimation
LogPluginManager: Mounting plugin GameplayTagsEditor
LogPluginManager: Mounting plugin MacGraphicsSwitching
LogPluginManager: Mounting plugin MeshEditor
LogPluginManager: Mounting plugin MobileLauncherProfileWizard
LogPluginManager: Mounting plugin PluginBrowser
LogPluginManager: Mounting plugin SpeedTreeImporter
LogPluginManager: Mounting plugin DatasmithContent
LogPluginManager: Mounting plugin VariantManagerContent
LogPluginManager: Mounting plugin AlembicImporter
LogPluginManager: Mounting plugin AppleImageUtils
LogPluginManager: Mounting plugin AppleVision
LogPluginManager: Mounting plugin BackChannel
LogPluginManager: Mounting plugin CharacterAI
LogPluginManager: Mounting plugin GeometryCache
LogPluginManager: Mounting plugin HTML5Networking
LogPluginManager: Mounting plugin ProxyLODPlugin
LogPluginManager: Mounting plugin MagicLeap
LogPluginManager: Mounting plugin MagicLeapMedia
LogPluginManager: Mounting plugin ParticleText
LogPluginManager: Mounting plugin AndroidMedia
LogPluginManager: Mounting plugin AvfMedia
LogPluginManager: Mounting plugin ImgMedia
LogPluginManager: Mounting plugin LinearTimecode
LogPluginManager: Mounting plugin MediaCompositing
LogPluginManager: Mounting plugin MediaPlayerEditor
LogPluginManager: Mounting plugin WebMMedia
LogPluginManager: Mounting plugin WmfMedia
LogPluginManager: Mounting plugin TcpMessaging
LogPluginManager: Mounting plugin UdpMessaging
LogPluginManager: Mounting plugin ActorSequence
LogPluginManager: Mounting plugin LevelSequenceEditor
LogPluginManager: Mounting plugin MatineeToLevelSequence
LogPluginManager: Mounting plugin NetcodeUnitTest
LogPluginManager: Mounting plugin NUTUnrealEngine4
LogPluginManager: Mounting plugin OnlineSubsystemGooglePlay
LogPluginManager: Mounting plugin OnlineSubsystemIOS
LogPluginManager: Mounting plugin OnlineSubsystem
LogPluginManager: Mounting plugin OnlineSubsystemNull
LogPluginManager: Mounting plugin OnlineSubsystemUtils
LogPluginManager: Mounting plugin LauncherChunkInstaller
LogPluginManager: Mounting plugin AndroidDeviceProfileSelector
LogPluginManager: Mounting plugin AndroidMoviePlayer
LogPluginManager: Mounting plugin AndroidPermission
LogPluginManager: Mounting plugin AppleMoviePlayer
LogPluginManager: Mounting plugin ArchVisCharacter
LogPluginManager: Mounting plugin AudioCapture
LogPluginManager: Mounting plugin CableComponent
LogPluginManager: Mounting plugin CustomMeshComponent
LogPluginManager: Mounting plugin EditableMesh
LogPluginManager: Mounting plugin ExampleDeviceProfileSelector
LogPluginManager: Mounting plugin Firebase
LogPluginManager: Mounting plugin GoogleCloudMessaging
LogPluginManager: Mounting plugin IOSDeviceProfileSelector
LogPluginManager: Mounting plugin LinuxDeviceProfileSelector
LogPluginManager: Mounting plugin LocationServicesBPLibrary
LogPluginManager: Mounting plugin MobilePatchingUtils
LogPluginManager: Mounting plugin OculusVR
LogPluginManager: Mounting plugin PhysXVehicles
LogPluginManager: Mounting plugin ProceduralMeshComponent
LogPluginManager: Mounting plugin RuntimePhysXCooking
LogPluginManager: Mounting plugin SteamVR
LogPluginManager: Mounting plugin WebMMoviePlayer
LogPluginManager: Mounting plugin WindowsMoviePlayer
LogStreaming: Display: Took  0.071s to configure plugins.
LogInit: Using libcurl 7.55.1-DEV
LogInit:  - built for x86_64-pc-win32
LogInit:  - supports SSL with OpenSSL/1.0.2h
LogInit:  - supports HTTP deflate (compression) using libz 1.2.8
LogInit:  - other features:
LogInit:      CURL_VERSION_SSL
LogInit:      CURL_VERSION_LIBZ
LogInit:      CURL_VERSION_IPV6
LogInit:      CURL_VERSION_ASYNCHDNS
LogInit:      CURL_VERSION_LARGEFILE
LogInit:      CURL_VERSION_IDN
LogInit:  CurlRequestOptions (configurable via config and command line):
LogInit:  - bVerifyPeer = true  - Libcurl will verify peer certificate
LogInit:  - bUseHttpProxy = false  - Libcurl will NOT use HTTP proxy
LogInit:  - bDontReuseConnections = false  - Libcurl will reuse connections
LogInit:  - MaxHostConnections = 16  - Libcurl will limit the number of connections to a host
LogInit:  - LocalHostAddr = Default
LogInit:  - BufferSize = 65536
LogInit: WinSock: version 1.1 (2.2), MaxSocks=32767, MaxUdp=65467
LogInit: Build: ++UE4+Release-4.21-CL-4753647
LogInit: Engine Version: 4.21.2-4753647+++UE4+Release-4.21
LogInit: Compatible Engine Version: 4.21.0-4541578+++UE4+Release-4.21
LogInit: Net CL: 4541578
LogInit: OS: Windows 10 (), CPU: AMD Ryzen 5 1600 Six-Core Processor            , GPU: NVIDIA GeForce GTX 1070
LogInit: Compiled (64-bit): Jan 19 2019 02:07:31
LogInit: Compiled with Visual C++: 19.13.26129.00
LogInit: Build Configuration: Development
LogInit: Branch Name: ++UE4+Release-4.21
LogInit: Command Line: 
LogInit: Base Directory: C:/Program Files/Epic Games/UE_4.21/Engine/Binaries/Win64/
LogInit: Installed Engine Build: 1
LogDevObjectVersion: Number of dev versions registered: 22
LogDevObjectVersion:   Dev-Blueprints (B0D832E4-1F89-4F0D-ACCF-7EB736FD4AA2): 10
LogDevObjectVersion:   Dev-Build (E1C64328-A22C-4D53-A36C-8E866417BD8C): 0
LogDevObjectVersion:   Dev-Core (375EC13C-06E4-48FB-B500-84F0262A717E): 2
LogDevObjectVersion:   Dev-Editor (E4B068ED-F494-42E9-A231-DA0B2E46BB41): 26
LogDevObjectVersion:   Dev-Framework (CFFC743F-43B0-4480-9391-14DF171D2073): 34
LogDevObjectVersion:   Dev-Mobile (B02B49B5-BB20-44E9-A304-32B752E40360): 2
LogDevObjectVersion:   Dev-Networking (A4E4105C-59A1-49B5-A7C5-40C4547EDFEE): 0
LogDevObjectVersion:   Dev-Online (39C831C9-5AE6-47DC-9A44-9C173E1C8E7C): 0
LogDevObjectVersion:   Dev-Physics (78F01B33-EBEA-4F98-B9B4-84EACCB95AA2): 0
LogDevObjectVersion:   Dev-Platform (6631380F-2D4D-43E0-8009-CF276956A95A): 0
LogDevObjectVersion:   Dev-Rendering (12F88B9F-8875-4AFC-A67C-D90C383ABD29): 27
LogDevObjectVersion:   Dev-Sequencer (7B5AE74C-D270-4C10-A958-57980B212A5A): 9
LogDevObjectVersion:   Dev-VR (D7296918-1DD6-4BDD-9DE2-64A83CC13884): 2
LogDevObjectVersion:   Dev-LoadTimes (C2A15278-BFE7-4AFE-6C17-90FF531DF755): 1
LogDevObjectVersion:   Private-Geometry (6EACA3D4-40EC-4CC1-B786-8BED09428FC5): 3
LogDevObjectVersion:   Dev-AnimPhys (29E575DD-E0A3-4627-9D10-D276232CDCEA): 17
LogDevObjectVersion:   Dev-Anim (AF43A65D-7FD3-4947-9873-3E8ED9C1BB05): 2
LogDevObjectVersion:   Dev-ReflectionCapture (6B266CEC-1EC7-4B8F-A30B-E4D90942FC07): 1
LogDevObjectVersion:   Dev-Automation (0DF73D61-A23F-47EA-B727-89E90C41499A): 1
LogDevObjectVersion:   FortniteMain (601D1886-AC64-4F84-AA16-D3DE0DEAC7D6): 17
LogDevObjectVersion:   Dev-Enterprise (9DFFBCD6-494F-0158-E221-12823C92A888): 4
LogDevObjectVersion:   Dev-Niagara (F2AED0AC-9AFE-416F-8664-AA7FFA26D6FC): 1
LogStreaming: Display: Took  0.001s to delete old logs.
LogInit: Presizing for max 8388607 objects, including 0 objects not considered by GC, pre-allocating 0 bytes for permanent pool.
LogInit: Object subsystem initialized
LogConfig: Setting CVar [[con.DebugEarlyDefault:1]]
LogConfig: Setting CVar [[r.setres:1280x720]]
[2019.05.27-13.08.27:068][  0]LogConfig: Setting CVar [[r.VSync:0]]
[2019.05.27-13.08.27:068][  0]LogConfig: Setting CVar [[r.RHICmdBypass:0]]
[2019.05.27-13.08.27:068][  0]LogConfig: Applying CVar settings from Section [/Script/Engine.RendererSettings] File [E:/Capstone_Git/LostDark/Saved/Config/Windows/Engine.ini]
[2019.05.27-13.08.27:068][  0]LogConfig: Setting CVar [[r.GPUCrashDebugging:0]]
[2019.05.27-13.08.27:068][  0]LogConfig: Applying CVar settings from Section [/Script/Engine.RendererOverrideSettings] File [E:/Capstone_Git/LostDark/Saved/Config/Windows/Engine.ini]
[2019.05.27-13.08.27:068][  0]LogConfig: Applying CVar settings from Section [/Script/Engine.StreamingSettings] File [E:/Capstone_Git/LostDark/Saved/Config/Windows/Engine.ini]
[2019.05.27-13.08.27:068][  0]LogConfig: Setting CVar [[s.MinBulkDataSizeForAsyncLoading:131072]]
[2019.05.27-13.08.27:068][  0]LogConfig: Setting CVar [[s.AsyncLoadingThreadEnabled:0]]
[2019.05.27-13.08.27:068][  0]LogConfig: Setting CVar [[s.EventDrivenLoaderEnabled:1]]
[2019.05.27-13.08.27:069][  0]LogConfig: Setting CVar [[s.WarnIfTimeLimitExceeded:0]]
[2019.05.27-13.08.27:069][  0]LogConfig: Setting CVar [[s.TimeLimitExceededMultiplier:1.5]]
[2019.05.27-13.08.27:069][  0]LogConfig: Setting CVar [[s.TimeLimitExceededMinTime:0.005]]
[2019.05.27-13.08.27:069][  0]LogConfig: Setting CVar [[s.UseBackgroundLevelStreaming:1]]
[2019.05.27-13.08.27:069][  0]LogConfig: Setting CVar [[s.PriorityAsyncLoadingExtraTime:15.0]]
[2019.05.27-13.08.27:069][  0]LogConfig: Setting CVar [[s.LevelStreamingActorsUpdateTimeLimit:5.0]]
[2019.05.27-13.08.27:069][  0]LogConfig: Setting CVar [[s.PriorityLevelStreamingActorsUpdateExtraTime:5.0]]
[2019.05.27-13.08.27:069][  0]LogConfig: Setting CVar [[s.LevelStreamingComponentsRegistrationGranularity:10]]
[2019.05.27-13.08.27:069][  0]LogConfig: Setting CVar [[s.UnregisterComponentsTimeLimit:1.0]]
[2019.05.27-13.08.27:069][  0]LogConfig: Setting CVar [[s.LevelStreamingComponentsUnregistrationGranularity:5]]
[2019.05.27-13.08.27:069][  0]LogConfig: Applying CVar settings from Section [/Script/Engine.GarbageCollectionSettings] File [E:/Capstone_Git/LostDark/Saved/Config/Windows/Engine.ini]
[2019.05.27-13.08.27:069][  0]LogConfig: Setting CVar [[gc.MaxObjectsNotConsideredByGC:1]]
[2019.05.27-13.08.27:069][  0]LogConfig: Setting CVar [[gc.SizeOfPermanentObjectPool:0]]
[2019.05.27-13.08.27:069][  0]LogConfig: Setting CVar [[gc.FlushStreamingOnGC:0]]
[2019.05.27-13.08.27:069][  0]LogConfig: Setting CVar [[gc.NumRetriesBeforeForcingGC:10]]
[2019.05.27-13.08.27:069][  0]LogConfig: Setting CVar [[gc.AllowParallelGC:1]]
[2019.05.27-13.08.27:069][  0]LogConfig: Setting CVar [[gc.TimeBetweenPurgingPendingKillObjects:61.1]]
[2019.05.27-13.08.27:069][  0]LogConfig: Setting CVar [[gc.MaxObjectsInEditor:8388607]]
[2019.05.27-13.08.27:069][  0]LogConfig: Setting CVar [[gc.IncrementalBeginDestroyEnabled:1]]
[2019.05.27-13.08.27:069][  0]LogConfig: Setting CVar [[gc.CreateGCClusters:1]]
[2019.05.27-13.08.27:069][  0]LogConfig: Setting CVar [[gc.MergeGCClusters:0]]
[2019.05.27-13.08.27:069][  0]LogConfig: Setting CVar [[gc.MinGCClusterSize:5]]
[2019.05.27-13.08.27:069][  0]LogConfig: Setting CVar [[gc.ActorClusteringEnabled:0]]
[2019.05.27-13.08.27:069][  0]LogConfig: Setting CVar [[gc.BlueprintClusteringEnabled:0]]
[2019.05.27-13.08.27:069][  0]LogConfig: Setting CVar [[gc.UseDisregardForGCOnDedicatedServers:0]]
[2019.05.27-13.08.27:069][  0]LogConfig: Applying CVar settings from Section [/Script/Engine.NetworkSettings] File [E:/Capstone_Git/LostDark/Saved/Config/Windows/Engine.ini]
[2019.05.27-13.08.27:069][  0]LogConfig: Applying CVar settings from Section [/Script/UnrealEd.CookerSettings] File [E:/Capstone_Git/LostDark/Saved/Config/Windows/Engine.ini]
[2019.05.27-13.08.27:073][  0]LogConfig: Applying CVar settings from Section [ViewDistanceQuality@3] File [E:/Capstone_Git/LostDark/Saved/Config/Windows/Scalability.ini]
[2019.05.27-13.08.27:073][  0]LogConfig: Setting CVar [[r.SkeletalMeshLODBias:0]]
[2019.05.27-13.08.27:073][  0]LogConfig: Setting CVar [[r.ViewDistanceScale:1.0]]
[2019.05.27-13.08.27:073][  0]LogConfig: Applying CVar settings from Section [AntiAliasingQuality@3] File [E:/Capstone_Git/LostDark/Saved/Config/Windows/Scalability.ini]
[2019.05.27-13.08.27:073][  0]LogConfig: Setting CVar [[r.PostProcessAAQuality:4]]
[2019.05.27-13.08.27:073][  0]LogConfig: Applying CVar settings from Section [ShadowQuality@3] File [E:/Capstone_Git/LostDark/Saved/Config/Windows/Scalability.ini]
[2019.05.27-13.08.27:073][  0]LogConfig: Setting CVar [[r.LightFunctionQuality:1]]
[2019.05.27-13.08.27:073][  0]LogConfig: Setting CVar [[r.ShadowQuality:5]]
[2019.05.27-13.08.27:073][  0]LogConfig: Setting CVar [[r.Shadow.CSM.MaxCascades:10]]
[2019.05.27-13.08.27:073][  0]LogConfig: Setting CVar [[r.Shadow.MaxResolution:2048]]
[2019.05.27-13.08.27:073][  0]LogConfig: Setting CVar [[r.Shadow.MaxCSMResolution:2048]]
[2019.05.27-13.08.27:073][  0]LogConfig: Setting CVar [[r.Shadow.RadiusThreshold:0.01]]
[2019.05.27-13.08.27:073][  0]LogConfig: Setting CVar [[r.Shadow.DistanceScale:1.0]]
[2019.05.27-13.08.27:073][  0]LogConfig: Setting CVar [[r.Shadow.CSM.TransitionScale:1.0]]
[2019.05.27-13.08.27:073][  0]LogConfig: Setting CVar [[r.Shadow.PreShadowResolutionFactor:1.0]]
[2019.05.27-13.08.27:073][  0]LogConfig: Setting CVar [[r.DistanceFieldShadowing:1]]
[2019.05.27-13.08.27:073][  0]LogConfig: Setting CVar [[r.DistanceFieldAO:1]]
[2019.05.27-13.08.27:073][  0]LogConfig: Setting CVar [[r.AOQuality:2]]
[2019.05.27-13.08.27:073][  0]LogConfig: Setting CVar [[r.VolumetricFog:1]]
[2019.05.27-13.08.27:073][  0]LogConfig: Setting CVar [[r.VolumetricFog.GridPixelSize:8]]
[2019.05.27-13.08.27:073][  0]LogConfig: Setting CVar [[r.VolumetricFog.GridSizeZ:128]]
[2019.05.27-13.08.27:073][  0]LogConfig: Setting CVar [[r.VolumetricFog.HistoryMissSupersampleCount:4]]
[2019.05.27-13.08.27:073][  0]LogConfig: Setting CVar [[r.LightMaxDrawDistanceScale:1]]
[2019.05.27-13.08.27:073][  0]LogConfig: Setting CVar [[r.CapsuleShadows:1]]
[2019.05.27-13.08.27:073][  0]LogConfig: Applying CVar settings from Section [PostProcessQuality@3] File [E:/Capstone_Git/LostDark/Saved/Config/Windows/Scalability.ini]
[2019.05.27-13.08.27:073][  0]LogConfig: Setting CVar [[r.MotionBlurQuality:4]]
[2019.05.27-13.08.27:073][  0]LogConfig: Setting CVar [[r.AmbientOcclusionMipLevelFactor:0.4]]
[2019.05.27-13.08.27:073][  0]LogConfig: Setting CVar [[r.AmbientOcclusionMaxQuality:100]]
[2019.05.27-13.08.27:073][  0]LogConfig: Setting CVar [[r.AmbientOcclusionLevels:-1]]
[2019.05.27-13.08.27:073][  0]LogConfig: Setting CVar [[r.AmbientOcclusionRadiusScale:1.0]]
[2019.05.27-13.08.27:073][  0]LogConfig: Setting CVar [[r.DepthOfFieldQuality:2]]
[2019.05.27-13.08.27:073][  0]LogConfig: Setting CVar [[r.RenderTargetPoolMin:400]]
[2019.05.27-13.08.27:073][  0]LogConfig: Setting CVar [[r.LensFlareQuality:2]]
[2019.05.27-13.08.27:073][  0]LogConfig: Setting CVar [[r.SceneColorFringeQuality:1]]
[2019.05.27-13.08.27:073][  0]LogConfig: Setting CVar [[r.EyeAdaptationQuality:2]]
[2019.05.27-13.08.27:073][  0]LogConfig: Setting CVar [[r.BloomQuality:5]]
[2019.05.27-13.08.27:073][  0]LogConfig: Setting CVar [[r.FastBlurThreshold:100]]
[2019.05.27-13.08.27:073][  0]LogConfig: Setting CVar [[r.Upscale.Quality:3]]
[2019.05.27-13.08.27:073][  0]LogConfig: Setting CVar [[r.Tonemapper.GrainQuantization:1]]
[2019.05.27-13.08.27:073][  0]LogConfig: Setting CVar [[r.LightShaftQuality:1]]
[2019.05.27-13.08.27:073][  0]LogConfig: Setting CVar [[r.Filter.SizeScale:1]]
[2019.05.27-13.08.27:073][  0]LogConfig: Setting CVar [[r.Tonemapper.Quality:5]]
[2019.05.27-13.08.27:073][  0]LogConfig: Setting CVar [[r.DOF.Gather.AccumulatorQuality:1        ; higher gathering accumulator quality]]
[2019.05.27-13.08.27:073][  0]LogConfig: Setting CVar [[r.DOF.Gather.PostfilterMethod:1          ; Median3x3 postfilering method]]
[2019.05.27-13.08.27:073][  0]LogConfig: Setting CVar [[r.DOF.Gather.EnableBokehSettings:0       ; no bokeh simulation when gathering]]
[2019.05.27-13.08.27:073][  0]LogConfig: Setting CVar [[r.DOF.Gather.RingCount:4                 ; medium number of samples when gathering]]
[2019.05.27-13.08.27:073][  0]LogConfig: Setting CVar [[r.DOF.Scatter.ForegroundCompositing:1    ; additive foreground scattering]]
[2019.05.27-13.08.27:073][  0]LogConfig: Setting CVar [[r.DOF.Scatter.BackgroundCompositing:2    ; additive background scattering]]
[2019.05.27-13.08.27:073][  0]LogConfig: Setting CVar [[r.DOF.Scatter.EnableBokehSettings:1      ; bokeh simulation when scattering]]
[2019.05.27-13.08.27:073][  0]LogConfig: Setting CVar [[r.DOF.Scatter.MaxSpriteRatio:0.1         ; only a maximum of 10% of scattered bokeh]]
[2019.05.27-13.08.27:073][  0]LogConfig: Setting CVar [[r.DOF.Recombine.Quality:1                ; cheap slight out of focus]]
[2019.05.27-13.08.27:073][  0]LogConfig: Setting CVar [[r.DOF.Recombine.EnableBokehSettings:0    ; no bokeh simulation on slight out of focus]]
[2019.05.27-13.08.27:073][  0]LogConfig: Setting CVar [[r.DOF.TemporalAAQuality:1                ; more stable temporal accumulation]]
[2019.05.27-13.08.27:073][  0]LogConfig: Setting CVar [[r.DOF.Kernel.MaxForegroundRadius:0.025]]
[2019.05.27-13.08.27:073][  0]LogConfig: Setting CVar [[r.DOF.Kernel.MaxBackgroundRadius:0.025]]
[2019.05.27-13.08.27:073][  0]LogConfig: Applying CVar settings from Section [TextureQuality@3] File [E:/Capstone_Git/LostDark/Saved/Config/Windows/Scalability.ini]
[2019.05.27-13.08.27:073][  0]LogConfig: Setting CVar [[r.Streaming.MipBias:0]]
[2019.05.27-13.08.27:073][  0]LogConfig: Setting CVar [[r.Streaming.AmortizeCPUToGPUCopy:0]]
[2019.05.27-13.08.27:073][  0]LogConfig: Setting CVar [[r.Streaming.MaxNumTexturesToStreamPerFrame:0]]
[2019.05.27-13.08.27:073][  0]LogConfig: Setting CVar [[r.Streaming.Boost:1]]
[2019.05.27-13.08.27:073][  0]LogConfig: Setting CVar [[r.MaxAnisotropy:8]]
[2019.05.27-13.08.27:073][  0]LogConfig: Setting CVar [[r.Streaming.LimitPoolSizeToVRAM:0]]
[2019.05.27-13.08.27:073][  0]LogConfig: Setting CVar [[r.Streaming.PoolSize:1000]]
[2019.05.27-13.08.27:073][  0]LogConfig: Setting CVar [[r.Streaming.MaxEffectiveScreenSize:0]]
[2019.05.27-13.08.27:073][  0]LogConfig: Applying CVar settings from Section [EffectsQuality@3] File [E:/Capstone_Git/LostDark/Saved/Config/Windows/Scalability.ini]
[2019.05.27-13.08.27:074][  0]LogConfig: Setting CVar [[r.TranslucencyLightingVolumeDim:64]]
[2019.05.27-13.08.27:074][  0]LogConfig: Setting CVar [[r.RefractionQuality:2]]
[2019.05.27-13.08.27:074][  0]LogConfig: Setting CVar [[r.SSR.Quality:3]]
[2019.05.27-13.08.27:074][  0]LogConfig: Setting CVar [[r.SceneColorFormat:4]]
[2019.05.27-13.08.27:074][  0]LogConfig: Setting CVar [[r.DetailMode:2]]
[2019.05.27-13.08.27:074][  0]LogConfig: Setting CVar [[r.TranslucencyVolumeBlur:1]]
[2019.05.27-13.08.27:074][  0]LogConfig: Setting CVar [[r.MaterialQualityLevel:1 ; High quality]]
[2019.05.27-13.08.27:074][  0]LogConfig: Setting CVar [[r.SSS.Scale:1]]
[2019.05.27-13.08.27:074][  0]LogConfig: Setting CVar [[r.SSS.SampleSet:2]]
[2019.05.27-13.08.27:074][  0]LogConfig: Setting CVar [[r.SSS.Quality:1]]
[2019.05.27-13.08.27:074][  0]LogConfig: Setting CVar [[r.SSS.HalfRes:1]]
[2019.05.27-13.08.27:074][  0]LogConfig: Setting CVar [[r.EmitterSpawnRateScale:1.0]]
[2019.05.27-13.08.27:074][  0]LogConfig: Setting CVar [[r.ParticleLightQuality:2]]
[2019.05.27-13.08.27:074][  0]LogConfig: Applying CVar settings from Section [FoliageQuality@3] File [E:/Capstone_Git/LostDark/Saved/Config/Windows/Scalability.ini]
[2019.05.27-13.08.27:074][  0]LogConfig: Setting CVar [[foliage.DensityScale:1.0]]
[2019.05.27-13.08.27:074][  0]LogConfig: Setting CVar [[grass.DensityScale:1.0]]
[2019.05.27-13.08.27:074][  0]LogInit: Selected Device Profile: [Windows]
[2019.05.27-13.08.27:074][  0]LogInit: Applying CVar settings loaded from the selected device profile: [Windows]
[2019.05.27-13.08.27:087][  0]LogHAL: Display: Platform has ~ 16 GB [17104289792 / 17179869184 / 16], which maps to Larger [LargestMinGB=32, LargerMinGB=12, DefaultMinGB=8, SmallerMinGB=6, SmallestMinGB=0)
[2019.05.27-13.08.27:087][  0]LogConfig: Setting CVar [[r.Vulkan.UseRealUBs:1]]
[2019.05.27-13.08.27:087][  0]LogInit: Going up to parent DeviceProfile []
[2019.05.27-13.08.27:087][  0]LogConfig: Applying CVar settings from Section [ViewDistanceQuality@3] File [E:/Capstone_Git/LostDark/Saved/Config/Windows/Scalability.ini]
[2019.05.27-13.08.27:087][  0]LogConfig: Setting CVar [[r.SkeletalMeshLODBias:0]]
[2019.05.27-13.08.27:087][  0]LogConfig: Setting CVar [[r.ViewDistanceScale:1.0]]
[2019.05.27-13.08.27:087][  0]LogConfig: Applying CVar settings from Section [AntiAliasingQuality@3] File [E:/Capstone_Git/LostDark/Saved/Config/Windows/Scalability.ini]
[2019.05.27-13.08.27:087][  0]LogConfig: Setting CVar [[r.PostProcessAAQuality:4]]
[2019.05.27-13.08.27:087][  0]LogConfig: Applying CVar settings from Section [ShadowQuality@3] File [E:/Capstone_Git/LostDark/Saved/Config/Windows/Scalability.ini]
[2019.05.27-13.08.27:087][  0]LogConfig: Setting CVar [[r.LightFunctionQuality:1]]
[2019.05.27-13.08.27:087][  0]LogConfig: Setting CVar [[r.ShadowQuality:5]]
[2019.05.27-13.08.27:087][  0]LogConfig: Setting CVar [[r.Shadow.CSM.MaxCascades:10]]
[2019.05.27-13.08.27:088][  0]LogConfig: Setting CVar [[r.Shadow.MaxResolution:2048]]
[2019.05.27-13.08.27:088][  0]LogConfig: Setting CVar [[r.Shadow.MaxCSMResolution:2048]]
[2019.05.27-13.08.27:088][  0]LogConfig: Setting CVar [[r.Shadow.RadiusThreshold:0.01]]
[2019.05.27-13.08.27:088][  0]LogConfig: Setting CVar [[r.Shadow.DistanceScale:1.0]]
[2019.05.27-13.08.27:088][  0]LogConfig: Setting CVar [[r.Shadow.CSM.TransitionScale:1.0]]
[2019.05.27-13.08.27:088][  0]LogConfig: Setting CVar [[r.Shadow.PreShadowResolutionFactor:1.0]]
[2019.05.27-13.08.27:088][  0]LogConfig: Setting CVar [[r.DistanceFieldShadowing:1]]
[2019.05.27-13.08.27:088][  0]LogConfig: Setting CVar [[r.DistanceFieldAO:1]]
[2019.05.27-13.08.27:088][  0]LogConfig: Setting CVar [[r.AOQuality:2]]
[2019.05.27-13.08.27:088][  0]LogConfig: Setting CVar [[r.VolumetricFog:1]]
[2019.05.27-13.08.27:088][  0]LogConfig: Setting CVar [[r.VolumetricFog.GridPixelSize:8]]
[2019.05.27-13.08.27:088][  0]LogConfig: Setting CVar [[r.VolumetricFog.GridSizeZ:128]]
[2019.05.27-13.08.27:088][  0]LogConfig: Setting CVar [[r.VolumetricFog.HistoryMissSupersampleCount:4]]
[2019.05.27-13.08.27:088][  0]LogConfig: Setting CVar [[r.LightMaxDrawDistanceScale:1]]
[2019.05.27-13.08.27:088][  0]LogConfig: Setting CVar [[r.CapsuleShadows:1]]
[2019.05.27-13.08.27:088][  0]LogConfig: Applying CVar settings from Section [PostProcessQuality@3] File [E:/Capstone_Git/LostDark/Saved/Config/Windows/Scalability.ini]
[2019.05.27-13.08.27:088][  0]LogConfig: Setting CVar [[r.MotionBlurQuality:4]]
[2019.05.27-13.08.27:088][  0]LogConfig: Setting CVar [[r.AmbientOcclusionMipLevelFactor:0.4]]
[2019.05.27-13.08.27:088][  0]LogConfig: Setting CVar [[r.AmbientOcclusionMaxQuality:100]]
[2019.05.27-13.08.27:088][  0]LogConfig: Setting CVar [[r.AmbientOcclusionLevels:-1]]
[2019.05.27-13.08.27:088][  0]LogConfig: Setting CVar [[r.AmbientOcclusionRadiusScale:1.0]]
[2019.05.27-13.08.27:088][  0]LogConfig: Setting CVar [[r.DepthOfFieldQuality:2]]
[2019.05.27-13.08.27:088][  0]LogConfig: Setting CVar [[r.RenderTargetPoolMin:400]]
[2019.05.27-13.08.27:088][  0]LogConfig: Setting CVar [[r.LensFlareQuality:2]]
[2019.05.27-13.08.27:088][  0]LogConfig: Setting CVar [[r.SceneColorFringeQuality:1]]
[2019.05.27-13.08.27:088][  0]LogConfig: Setting CVar [[r.EyeAdaptationQuality:2]]
[2019.05.27-13.08.27:088][  0]LogConfig: Setting CVar [[r.BloomQuality:5]]
[2019.05.27-13.08.27:088][  0]LogConfig: Setting CVar [[r.FastBlurThreshold:100]]
[2019.05.27-13.08.27:088][  0]LogConfig: Setting CVar [[r.Upscale.Quality:3]]
[2019.05.27-13.08.27:088][  0]LogConfig: Setting CVar [[r.Tonemapper.GrainQuantization:1]]
[2019.05.27-13.08.27:088][  0]LogConfig: Setting CVar [[r.LightShaftQuality:1]]
[2019.05.27-13.08.27:088][  0]LogConfig: Setting CVar [[r.Filter.SizeScale:1]]
[2019.05.27-13.08.27:088][  0]LogConfig: Setting CVar [[r.Tonemapper.Quality:5]]
[2019.05.27-13.08.27:088][  0]LogConfig: Setting CVar [[r.DOF.Gather.AccumulatorQuality:1        ; higher gathering accumulator quality]]
[2019.05.27-13.08.27:088][  0]LogConfig: Setting CVar [[r.DOF.Gather.PostfilterMethod:1          ; Median3x3 postfilering method]]
[2019.05.27-13.08.27:088][  0]LogConfig: Setting CVar [[r.DOF.Gather.EnableBokehSettings:0       ; no bokeh simulation when gathering]]
[2019.05.27-13.08.27:088][  0]LogConfig: Setting CVar [[r.DOF.Gather.RingCount:4                 ; medium number of samples when gathering]]
[2019.05.27-13.08.27:088][  0]LogConfig: Setting CVar [[r.DOF.Scatter.ForegroundCompositing:1    ; additive foreground scattering]]
[2019.05.27-13.08.27:088][  0]LogConfig: Setting CVar [[r.DOF.Scatter.BackgroundCompositing:2    ; additive background scattering]]
[2019.05.27-13.08.27:088][  0]LogConfig: Setting CVar [[r.DOF.Scatter.EnableBokehSettings:1      ; bokeh simulation when scattering]]
[2019.05.27-13.08.27:088][  0]LogConfig: Setting CVar [[r.DOF.Scatter.MaxSpriteRatio:0.1         ; only a maximum of 10% of scattered bokeh]]
[2019.05.27-13.08.27:088][  0]LogConfig: Setting CVar [[r.DOF.Recombine.Quality:1                ; cheap slight out of focus]]
[2019.05.27-13.08.27:088][  0]LogConfig: Setting CVar [[r.DOF.Recombine.EnableBokehSettings:0    ; no bokeh simulation on slight out of focus]]
[2019.05.27-13.08.27:088][  0]LogConfig: Setting CVar [[r.DOF.TemporalAAQuality:1                ; more stable temporal accumulation]]
[2019.05.27-13.08.27:088][  0]LogConfig: Setting CVar [[r.DOF.Kernel.MaxForegroundRadius:0.025]]
[2019.05.27-13.08.27:088][  0]LogConfig: Setting CVar [[r.DOF.Kernel.MaxBackgroundRadius:0.025]]
[2019.05.27-13.08.27:088][  0]LogConfig: Applying CVar settings from Section [TextureQuality@3] File [E:/Capstone_Git/LostDark/Saved/Config/Windows/Scalability.ini]
[2019.05.27-13.08.27:088][  0]LogConfig: Setting CVar [[r.Streaming.MipBias:0]]
[2019.05.27-13.08.27:088][  0]LogConfig: Setting CVar [[r.Streaming.AmortizeCPUToGPUCopy:0]]
[2019.05.27-13.08.27:088][  0]LogConfig: Setting CVar [[r.Streaming.MaxNumTexturesToStreamPerFrame:0]]
[2019.05.27-13.08.27:088][  0]LogConfig: Setting CVar [[r.Streaming.Boost:1]]
[2019.05.27-13.08.27:088][  0]LogConfig: Setting CVar [[r.MaxAnisotropy:8]]
[2019.05.27-13.08.27:088][  0]LogConfig: Setting CVar [[r.Streaming.LimitPoolSizeToVRAM:0]]
[2019.05.27-13.08.27:088][  0]LogConfig: Setting CVar [[r.Streaming.PoolSize:1000]]
[2019.05.27-13.08.27:088][  0]LogConfig: Setting CVar [[r.Streaming.MaxEffectiveScreenSize:0]]
[2019.05.27-13.08.27:088][  0]LogConfig: Applying CVar settings from Section [EffectsQuality@3] File [E:/Capstone_Git/LostDark/Saved/Config/Windows/Scalability.ini]
[2019.05.27-13.08.27:088][  0]LogConfig: Setting CVar [[r.TranslucencyLightingVolumeDim:64]]
[2019.05.27-13.08.27:088][  0]LogConfig: Setting CVar [[r.RefractionQuality:2]]
[2019.05.27-13.08.27:088][  0]LogConfig: Setting CVar [[r.SSR.Quality:3]]
[2019.05.27-13.08.27:088][  0]LogConfig: Setting CVar [[r.SceneColorFormat:4]]
[2019.05.27-13.08.27:088][  0]LogConfig: Setting CVar [[r.DetailMode:2]]
[2019.05.27-13.08.27:088][  0]LogConfig: Setting CVar [[r.TranslucencyVolumeBlur:1]]
[2019.05.27-13.08.27:088][  0]LogConfig: Setting CVar [[r.MaterialQualityLevel:1 ; High quality]]
[2019.05.27-13.08.27:088][  0]LogConfig: Setting CVar [[r.SSS.Scale:1]]
[2019.05.27-13.08.27:088][  0]LogConfig: Setting CVar [[r.SSS.SampleSet:2]]
[2019.05.27-13.08.27:088][  0]LogConfig: Setting CVar [[r.SSS.Quality:1]]
[2019.05.27-13.08.27:088][  0]LogConfig: Setting CVar [[r.SSS.HalfRes:1]]
[2019.05.27-13.08.27:088][  0]LogConfig: Setting CVar [[r.EmitterSpawnRateScale:1.0]]
[2019.05.27-13.08.27:088][  0]LogConfig: Setting CVar [[r.ParticleLightQuality:2]]
[2019.05.27-13.08.27:088][  0]LogConfig: Applying CVar settings from Section [FoliageQuality@3] File [E:/Capstone_Git/LostDark/Saved/Config/Windows/Scalability.ini]
[2019.05.27-13.08.27:088][  0]LogConfig: Setting CVar [[foliage.DensityScale:1.0]]
[2019.05.27-13.08.27:088][  0]LogConfig: Setting CVar [[grass.DensityScale:1.0]]
[2019.05.27-13.08.27:088][  0]LogConfig: Applying CVar settings from Section [Startup] File [../../../Engine/Config/ConsoleVariables.ini]
[2019.05.27-13.08.27:089][  0]LogConfig: Setting CVar [[net.UseAdaptiveNetUpdateFrequency:0]]
[2019.05.27-13.08.27:089][  0]LogConfig: Applying CVar settings from Section [ConsoleVariables] File [E:/Capstone_Git/LostDark/Saved/Config/Windows/Engine.ini]
[2019.05.27-13.08.27:089][  0]LogInit: Computer: OWN-PC
[2019.05.27-13.08.27:089][  0]LogInit: User: YR
[2019.05.27-13.08.27:089][  0]LogInit: CPU Page size=4096, Cores=6
[2019.05.27-13.08.27:089][  0]LogInit: High frequency timer resolution =3.119146 MHz
[2019.05.27-13.08.27:089][  0]LogMemory: Memory total: Physical=15.9GB (16GB approx)
[2019.05.27-13.08.27:089][  0]LogMemory: Platform Memory Stats for Windows
[2019.05.27-13.08.27:089][  0]LogMemory: Process Physical Memory: 103.73 MB used, 103.73 MB peak
[2019.05.27-13.08.27:089][  0]LogMemory: Process Virtual Memory: 86.27 MB used, 86.27 MB peak
[2019.05.27-13.08.27:089][  0]LogMemory: Physical Memory: 7065.72 MB used,  9246.20 MB free, 16311.92 MB total
[2019.05.27-13.08.27:089][  0]LogMemory: Virtual Memory: 4665.08 MB used,  134213064.00 MB free, 134217728.00 MB total
[2019.05.27-13.08.27:116][  0]LogInit: Using OS detected language (ko-KR).
[2019.05.27-13.08.27:116][  0]LogInit: Using OS detected locale (ko-KR).
[2019.05.27-13.08.27:117][  0]LogTextLocalizationManager: No specific localization for 'ko-KR' exists, so the 'ko' localization will be used.
[2019.05.27-13.08.27:533][  0]LogStreaming: Display: Took  0.417s to InitEngineTextLocalization.
[2019.05.27-13.08.27:534][  0]LogInit: Setting process to per monitor DPI aware
[2019.05.27-13.08.27:587][  0]LogSlate: New Slate User Created.  User Index 0, Is Virtual User: 0
[2019.05.27-13.08.27:587][  0]LogSlate: Slate User Registered.  User Index 0, Is Virtual User: 0
[2019.05.27-13.08.27:853][  0]LogHMD: Failed to initialize OpenVR with code 110
[2019.05.27-13.08.27:853][  0]LogD3D11RHI: D3D11 adapters:
[2019.05.27-13.08.27:939][  0]LogD3D11RHI:    0. 'NVIDIA GeForce GTX 1070' (Feature Level 11_0)
[2019.05.27-13.08.27:939][  0]LogD3D11RHI:       8088/0/8155 MB DedicatedVideo/DedicatedSystem/SharedSystem, Outputs:1, VendorId:0x10de
[2019.05.27-13.08.27:942][  0]LogD3D11RHI:    1. 'Microsoft Basic Render Driver' (Feature Level 11_0)
[2019.05.27-13.08.27:942][  0]LogD3D11RHI:       0/0/8155 MB DedicatedVideo/DedicatedSystem/SharedSystem, Outputs:0, VendorId:0x1414
[2019.05.27-13.08.27:942][  0]LogD3D11RHI: Chosen D3D11 Adapter: 0
[2019.05.27-13.08.27:952][  0]LogD3D11RHI: Creating new Direct3DDevice
[2019.05.27-13.08.27:953][  0]LogD3D11RHI:     GPU DeviceId: 0x1b81 (for the marketing name, search the web for "GPU Device Id")
[2019.05.27-13.08.27:953][  0]LogWindows: EnumDisplayDevices:
[2019.05.27-13.08.27:953][  0]LogWindows:    0. 'NVIDIA GeForce GTX 1070' (P:1 D:1)
[2019.05.27-13.08.27:954][  0]LogWindows:    1. 'NVIDIA GeForce GTX 1070' (P:0 D:0)
[2019.05.27-13.08.27:955][  0]LogWindows:    2. 'NVIDIA GeForce GTX 1070' (P:0 D:0)
[2019.05.27-13.08.27:955][  0]LogWindows:    3. 'NVIDIA GeForce GTX 1070' (P:0 D:0)
[2019.05.27-13.08.27:956][  0]LogWindows: DebugString: FoundDriverCount:4 
[2019.05.27-13.08.27:956][  0]LogD3D11RHI:     Adapter Name: NVIDIA GeForce GTX 1070
[2019.05.27-13.08.27:956][  0]LogD3D11RHI:   Driver Version: 416.34 (internal:25.21.14.1634, unified:416.34)
[2019.05.27-13.08.27:956][  0]LogD3D11RHI:      Driver Date: 10-10-2018
[2019.05.27-13.08.27:956][  0]LogRHI: Texture pool is 5661 MB (70% of 8088 MB)
[2019.05.27-13.08.28:011][  0]LogD3D11RHI: Async texture creation enabled
[2019.05.27-13.08.28:029][  0]LogD3D11RHI: GPU Timing Frequency: 1000.000000 (Debug: 2 2)
[2019.05.27-13.08.28:411][  0]LogTemp: Display: Loaded TP AllDesktopTargetPlatform
[2019.05.27-13.08.28:430][  0]LogTemp: Display: Loaded TP MacClientTargetPlatform
[2019.05.27-13.08.28:452][  0]LogTemp: Display: Loaded TP MacNoEditorTargetPlatform
[2019.05.27-13.08.28:473][  0]LogTemp: Display: Loaded TP MacServerTargetPlatform
[2019.05.27-13.08.28:494][  0]LogTemp: Display: Loaded TP MacTargetPlatform
[2019.05.27-13.08.28:514][  0]LogTemp: Display: Loaded TP WindowsClientTargetPlatform
[2019.05.27-13.08.28:533][  0]LogTemp: Display: Loaded TP WindowsNoEditorTargetPlatform
[2019.05.27-13.08.28:552][  0]LogTemp: Display: Loaded TP WindowsServerTargetPlatform
[2019.05.27-13.08.28:561][  0]LogTemp: Display: Loaded TP WindowsTargetPlatform
[2019.05.27-13.08.28:660][  0]LogTemp: Display: Loaded TP AndroidTargetPlatform
[2019.05.27-13.08.28:661][  0]LogTemp: Display: Loaded TP AndroidTargetPlatform
[2019.05.27-13.08.28:661][  0]LogTemp: Display: Loaded TP AndroidTargetPlatform
[2019.05.27-13.08.28:661][  0]LogTemp: Display: Loaded TP AndroidTargetPlatform
[2019.05.27-13.08.28:661][  0]LogTemp: Display: Loaded TP AndroidTargetPlatform
[2019.05.27-13.08.28:661][  0]LogTemp: Display: Loaded TP AndroidTargetPlatform
[2019.05.27-13.08.28:661][  0]LogTemp: Display: Loaded TP AndroidTargetPlatform
[2019.05.27-13.08.28:661][  0]LogTemp: Display: Loaded TP AndroidTargetPlatform
[2019.05.27-13.08.28:661][  0]LogTemp: Display: Loaded TP AndroidTargetPlatform
[2019.05.27-13.08.28:661][  0]LogTemp: Display: Loaded TP AndroidTargetPlatform
[2019.05.27-13.08.28:661][  0]LogTemp: Display: Loaded TP AndroidTargetPlatform
[2019.05.27-13.08.28:661][  0]LogTemp: Display: Loaded TP AndroidTargetPlatform
[2019.05.27-13.08.28:661][  0]LogTemp: Display: Loaded TP AndroidTargetPlatform
[2019.05.27-13.08.28:661][  0]LogTemp: Display: Loaded TP AndroidTargetPlatform
[2019.05.27-13.08.28:661][  0]LogTemp: Display: Loaded TP AndroidTargetPlatform
[2019.05.27-13.08.28:661][  0]LogTemp: Display: Loaded TP AndroidTargetPlatform
[2019.05.27-13.08.28:661][  0]LogTemp: Display: Loaded TP AndroidTargetPlatform
[2019.05.27-13.08.28:661][  0]LogTemp: Display: Loaded TP AndroidTargetPlatform
[2019.05.27-13.08.28:663][  0]LogTemp: Display: Loaded TP HTML5TargetPlatform
[2019.05.27-13.08.28:731][  0]LogTemp: Display: Loaded TP IOSTargetPlatform
[2019.05.27-13.08.28:731][  0]LogTemp: Display: Loaded TP IOSTargetPlatform
[2019.05.27-13.08.28:762][  0]LogTemp: Display: Loaded TP TVOSTargetPlatform
[2019.05.27-13.08.28:762][  0]LogTemp: Display: Loaded TP TVOSTargetPlatform
[2019.05.27-13.08.28:778][  0]LogTemp: Display: Loaded TP LinuxClientTargetPlatform
[2019.05.27-13.08.28:794][  0]LogTemp: Display: Loaded TP LinuxNoEditorTargetPlatform
[2019.05.27-13.08.28:809][  0]LogTemp: Display: Loaded TP LinuxServerTargetPlatform
[2019.05.27-13.08.28:826][  0]LogTemp: Display: Loaded TP LinuxTargetPlatform
[2019.05.27-13.08.28:886][  0]LogTemp: Display: Loaded TP LuminTargetPlatform
[2019.05.27-13.08.28:886][  0]LogTemp: Display: Loaded TP LuminTargetPlatform
[2019.05.27-13.08.28:887][  0]LogTargetPlatformManager: Display: Building Assets For Windows
[2019.05.27-13.08.28:982][  0]LogShaderCompilers: Guid format shader working directory is 21 characters bigger than the processId version (E:/Capstone_Git/LostDark/Intermediate/Shaders/WorkingDirectory/12004/).
[2019.05.27-13.08.28:982][  0]LogShaderCompilers: Cleaned the shader compiler working directory 'C:/Users/songy/AppData/Local/Temp/UnrealShaderWorkingDir/2AB2BD11430F8F10F3DD0AABE763BC08/'.
[2019.05.27-13.08.28:986][  0]LogXGEController: Cannot use XGE Controller as Incredibuild is not installed on this machine.
[2019.05.27-13.08.28:986][  0]LogShaderCompilers: Cannot use XGE Shader Compiler as Incredibuild is not installed on this machine.
[2019.05.27-13.08.28:986][  0]LogShaderCompilers: Display: Using Local Shader Compiler.
[2019.05.27-13.08.29:569][  0]LogDerivedDataCache: Display: Max Cache Size: 512 MB
[2019.05.27-13.08.29:641][  0]LogDerivedDataCache: Loaded boot cache 0.07s 121MB C:/Users/songy/AppData/Local/UnrealEngine/4.21/DerivedDataCache/Boot.ddc.
[2019.05.27-13.08.29:641][  0]LogDerivedDataCache: Display: Loaded Boot cache: C:/Users/songy/AppData/Local/UnrealEngine/4.21/DerivedDataCache/Boot.ddc
[2019.05.27-13.08.29:642][  0]LogDerivedDataCache: FDerivedDataBackendGraph:  Pak pak cache file E:/Capstone_Git/LostDark/DerivedDataCache/DDC.ddp not found, will not use a pak cache.
[2019.05.27-13.08.29:642][  0]LogDerivedDataCache: Unable to find inner node Pak for hierarchical cache Hierarchy.
[2019.05.27-13.08.29:642][  0]LogDerivedDataCache: FDerivedDataBackendGraph:  CompressedPak pak cache file E:/Capstone_Git/LostDark/DerivedDataCache/Compressed.ddp not found, will not use a pak cache.
[2019.05.27-13.08.29:642][  0]LogDerivedDataCache: Unable to find inner node CompressedPak for hierarchical cache Hierarchy.
[2019.05.27-13.08.29:661][  0]LogDerivedDataCache: Display: Pak cache opened for reading ../../../Engine/DerivedDataCache/Compressed.ddp.
[2019.05.27-13.08.29:661][  0]LogDerivedDataCache: FDerivedDataBackendGraph:  EnterprisePak pak cache file ../../../Enterprise/DerivedDataCache/Compressed.ddp not found, will not use a pak cache.
[2019.05.27-13.08.29:661][  0]LogDerivedDataCache: Unable to find inner node EnterprisePak for hierarchical cache Hierarchy.
[2019.05.27-13.08.29:673][  0]LogDerivedDataCache: Using Local data cache path C:/Users/songy/AppData/Local/UnrealEngine/Common/DerivedDataCache: Writable
[2019.05.27-13.08.29:673][  0]LogDerivedDataCache: Shared data cache path not found in *engine.ini, will not use an Shared cache.
[2019.05.27-13.08.29:673][  0]LogDerivedDataCache: Unable to find inner node Shared for hierarchical cache Hierarchy.
[2019.05.27-13.08.29:699][  0]LogMaterial: Verifying Global Shaders for PCD3D_SM5
[2019.05.27-13.08.29:701][  0]LogSlate: Using FreeType 2.6.0
[2019.05.27-13.08.29:701][  0]LogSlate: SlateFontServices - WITH_FREETYPE: 1, WITH_HARFBUZZ: 1
[2019.05.27-13.08.29:803][  0]LogAssetRegistry: FAssetRegistry took 0.0370 seconds to start up
[2019.05.27-13.08.30:201][  0]LogInit: Selected Device Profile: [Windows]
[2019.05.27-13.08.30:371][  0]LogSimplygon: Simplygon DLL not present - disabling.
[2019.05.27-13.08.30:377][  0]LogMeshReduction: Using SimplygonSwarm for distributed automatic mesh merging
[2019.05.27-13.08.30:377][  0]LogMeshReduction: Using ProxyLODMeshReduction for automatic mesh merging
[2019.05.27-13.08.30:377][  0]LogMeshReduction: Using QuadricMeshReduction for automatic static mesh reduction
[2019.05.27-13.08.30:377][  0]LogMeshReduction: No automatic skeletal mesh reduction module available
[2019.05.27-13.08.30:394][  0]LogNetVersion: LostDark 1.0.0, NetCL: 4541578, EngineNetVer: 5, GameNetVer: 0 (Checksum: 1003383482)
[2019.05.27-13.08.31:011][  0]LogPackageLocalizationCache: Processed 11 localized package path(s) for 2 prioritized culture(s) in 0.101870 seconds
[2019.05.27-13.08.31:019][  0]LogUObjectArray: 39775 objects as part of root set at end of initial load.
[2019.05.27-13.08.31:019][  0]LogUObjectAllocator: 6914664 out of 0 bytes used by permanent object pool.
[2019.05.27-13.08.31:019][  0]LogUObjectArray: CloseDisregardForGC: 0/0 objects in disregard for GC pool
[2019.05.27-13.08.32:066][  0]LogTcpMessaging: Initializing TcpMessaging bridge
[2019.05.27-13.08.32:080][  0]LogUdpMessaging: Initializing bridge on interface 0.0.0.0:0 to multicast group 230.0.0.1:6666.
[2019.05.27-13.08.33:011][  0]LogTemp: Warning: Enroll Attack Montage
[2019.05.27-13.08.34:076][  0]LogTemp: Warning: Enroll Attack Montage
[2019.05.27-13.08.34:093][  0]LogTemp: Warning: Enroll Attack Montage
[2019.05.27-13.08.34:126][  0]LogTemp: Warning: Enroll Attack Montage
[2019.05.27-13.08.34:231][  0]LostDark: Error: ASectionTest::ASectionTest(58) Success GateMeshs :+XGate
[2019.05.27-13.08.34:232][  0]LostDark: Error: ASectionTest::ASectionTest(58) Success GateMeshs :-XGate
[2019.05.27-13.08.34:232][  0]LostDark: Error: ASectionTest::ASectionTest(58) Success GateMeshs :+YGate
[2019.05.27-13.08.34:232][  0]LostDark: Error: ASectionTest::ASectionTest(58) Success GateMeshs :-YGate
[2019.05.27-13.08.34:331][  0]SourceControl: 소스 컨트롤이 꺼졌습니다.
[2019.05.27-13.08.34:331][  0]SourceControl: 소스 컨트롤이 꺼졌습니다.
[2019.05.27-13.08.34:333][  0]SourceControl: 소스 컨트롤이 꺼졌습니다.
[2019.05.27-13.08.34:334][  0]SourceControl: 소스 컨트롤이 꺼졌습니다.
[2019.05.27-13.08.34:527][  0]LogAndroidPermission: UAndroidPermissionCallbackProxy::GetInstance
[2019.05.27-13.08.34:734][  0]LogOcInput: OculusInput pre-init called
[2019.05.27-13.08.34:883][  0]LogEngine: Initializing Engine...
[2019.05.27-13.08.34:884][  0]LogHMD: Failed to initialize OpenVR with code 110
[2019.05.27-13.08.34:886][  0]LogStats: UGameplayTagsManager::ConstructGameplayTagTree: ImportINI prefixes -  0.000 s
[2019.05.27-13.08.34:886][  0]LogStats: UGameplayTagsManager::ConstructGameplayTagTree: Construct from data asset -  0.000 s
[2019.05.27-13.08.34:886][  0]LogStats: UGameplayTagsManager::ConstructGameplayTagTree: ImportINI -  0.000 s
[2019.05.27-13.08.34:886][  0]LogStats: UGameplayTagsManager::ConstructGameplayTagTree: GameplayTagTreeChangedEvent.Broadcast -  0.000 s
[2019.05.27-13.08.35:141][  0]LogInit: Initializing FReadOnlyCVARCache
[2019.05.27-13.08.35:163][  0]LogAIModule: Creating AISystem for world Untitled
[2019.05.27-13.08.35:288][  0]LogInit: XAudio2 using 'Realtek HD Audio 2nd output(Realtek High Definition Audio)' : 2 channels at 48 kHz using 32 bits per sample (channel mask 0x3)
[2019.05.27-13.08.35:329][  0]LogInit: FAudioDevice initialized.
[2019.05.27-13.08.35:330][  0]LogNetVersion: Set ProjectVersion to 1.0.0.0. Version Checksum will be recalculated on next use.
[2019.05.27-13.08.35:448][  0]LogDerivedDataCache: Saved boot cache 0.12s 121MB C:/Users/songy/AppData/Local/UnrealEngine/4.21/DerivedDataCache/Boot.ddc.
[2019.05.27-13.08.35:464][  0]LogInit: Texture streaming: Enabled
[2019.05.27-13.08.35:495][  0]LogEngineSessionManager: EngineSessionManager initialized
[2019.05.27-13.08.35:519][  0]LogInit: Transaction tracking system initialized
[2019.05.27-13.08.35:564][  0]BlueprintLog: New page: 에디터 로드
[2019.05.27-13.08.35:816][  0]LocalizationService: 현지화 서비스가 비활성화되었습니다.
[2019.05.27-13.08.36:400][  0]LogCook: Display: Max memory allowance for cook 16384mb min free memory 0mb
[2019.05.27-13.08.36:400][  0]LogCook: Display: Mobile HDR setting 1
[2019.05.27-13.08.36:400][  0]LogGameplayTags: Display: UGameplayTagsManager::DoneAddingNativeTags. DelegateIsBound: 0
[2019.05.27-13.08.36:400][  0]LogStats: UGameplayTagsManager::ConstructGameplayTagTree: ImportINI prefixes -  0.000 s
[2019.05.27-13.08.36:400][  0]LogStats: UGameplayTagsManager::ConstructGameplayTagTree: Construct from data asset -  0.000 s
[2019.05.27-13.08.36:400][  0]LogStats: UGameplayTagsManager::ConstructGameplayTagTree: ImportINI -  0.000 s
[2019.05.27-13.08.36:400][  0]LogStats: UGameplayTagsManager::ConstructGameplayTagTree: GameplayTagTreeChangedEvent.Broadcast -  0.000 s
[2019.05.27-13.08.36:616][  0]LogFileCache: Scanning file cache for directory 'E:/Capstone_Git/LostDark/Content/' took 0.05s
[2019.05.27-13.08.36:616][  0]SourceControl: 소스 컨트롤이 꺼졌습니다.
[2019.05.27-13.08.36:616][  0]Cmd: MAP LOAD FILE="E:/Capstone_Git/LostDark/Content/DefaultLevel/DefaultLevel.umap" TEMPLATE=0 SHOWPROGRESS=1 FEATURELEVEL=3
[2019.05.27-13.08.36:616][  0]LightingResults: New page: 라이팅 빌드
[2019.05.27-13.08.36:621][  0]MapCheck: New page: 맵 체크
[2019.05.27-13.08.36:621][  0]LightingResults: New page: 라이팅 빌드
[2019.05.27-13.08.36:759][  0]LogAIModule: Creating AISystem for world DefaultLevel
[2019.05.27-13.08.36:764][  0]LogEditorServer: Finished looking for orphan Actors (0.000 secs)
[2019.05.27-13.08.36:799][  0]Cmd: MAP CHECKDEP NOCLEARLOG
[2019.05.27-13.08.36:799][  0]MapCheck: 맵 체크 완료: 오류 0 회, 경고 0 회, 소요 시간 0.105ms.
[2019.05.27-13.08.36:799][  0]LogFileHelpers: Loading map 'DefaultLevel' took 0.183
[2019.05.27-13.08.36:903][  0]LogSlate: Updating window title bar state: overlay mode, drag disabled, window buttons hidden, title bar hidden
[2019.05.27-13.08.36:912][  0]LogSlate: Updating window title bar state: overlay mode, drag disabled, window buttons hidden, title bar hidden
[2019.05.27-13.08.36:920][  0]LogSlate: Updating window title bar state: overlay mode, drag disabled, window buttons hidden, title bar hidden
[2019.05.27-13.08.36:929][  0]LogSlate: Updating window title bar state: overlay mode, drag disabled, window buttons hidden, title bar hidden
[2019.05.27-13.08.36:941][  0]LogCollectionManager: Loaded 0 collections in 0.003526 seconds
[2019.05.27-13.08.36:971][  0]LogFileCache: Scanning file cache for directory 'E:/Capstone_Git/LostDark/Saved/Collections/' took 0.01s
[2019.05.27-13.08.36:971][  0]LogFileCache: Scanning file cache for directory 'E:/Capstone_Git/LostDark/Content/Developers/YR/Collections/' took 0.00s
[2019.05.27-13.08.36:971][  0]LogFileCache: Scanning file cache for directory 'E:/Capstone_Git/LostDark/Content/Collections/' took 0.01s
[2019.05.27-13.08.36:971][  0]LogCollectionManager: Rebuilt the GUID cache for 0 collections in 0.000000 seconds
[2019.05.27-13.08.36:983][  0]LogContentBrowser: Native class hierarchy populated in 0.0115 seconds. Added 2682 classes and 628 folders.
[2019.05.27-13.08.36:993][  0]LogContentBrowser: Native class hierarchy updated for 'WidgetCarousel' in 0.0004 seconds. Added 0 classes and 0 folders.
[2019.05.27-13.08.36:995][  0]LogPakFile: Registered encryption key '00000000000000000000000000000000': 0 pak files mounted, 0 remain pending
[2019.05.27-13.08.36:996][  0]LogPakFile: Registered encryption key '00000000000000000000000000000000': 0 pak files mounted, 0 remain pending
[2019.05.27-13.08.36:996][  0]LogPakFile: Registered encryption key '00000000000000000000000000000000': 0 pak files mounted, 0 remain pending
[2019.05.27-13.08.36:997][  0]LogPakFile: Registered encryption key '00000000000000000000000000000000': 0 pak files mounted, 0 remain pending
[2019.05.27-13.08.36:997][  0]LogPakFile: Registered encryption key '00000000000000000000000000000000': 0 pak files mounted, 0 remain pending
[2019.05.27-13.08.36:998][  0]LogPakFile: Registered encryption key '00000000000000000000000000000000': 0 pak files mounted, 0 remain pending
[2019.05.27-13.08.36:998][  0]LogPakFile: Registered encryption key '00000000000000000000000000000000': 0 pak files mounted, 0 remain pending
[2019.05.27-13.08.36:999][  0]LogPakFile: Registered encryption key '00000000000000000000000000000000': 0 pak files mounted, 0 remain pending
[2019.05.27-13.08.36:999][  0]LogPakFile: Registered encryption key '00000000000000000000000000000000': 0 pak files mounted, 0 remain pending
[2019.05.27-13.08.37:000][  0]LogPakFile: Registered encryption key '00000000000000000000000000000000': 0 pak files mounted, 0 remain pending
[2019.05.27-13.08.37:001][  0]LogPakFile: Registered encryption key '00000000000000000000000000000000': 0 pak files mounted, 0 remain pending
[2019.05.27-13.08.37:001][  0]LogPakFile: Registered encryption key '00000000000000000000000000000000': 0 pak files mounted, 0 remain pending
[2019.05.27-13.08.37:002][  0]LogPakFile: Registered encryption key '00000000000000000000000000000000': 0 pak files mounted, 0 remain pending
[2019.05.27-13.08.37:002][  0]LogPakFile: Registered encryption key '00000000000000000000000000000000': 0 pak files mounted, 0 remain pending
[2019.05.27-13.08.37:003][  0]LogPakFile: Registered encryption key '00000000000000000000000000000000': 0 pak files mounted, 0 remain pending
[2019.05.27-13.08.37:003][  0]LogPakFile: Registered encryption key '00000000000000000000000000000000': 0 pak files mounted, 0 remain pending
[2019.05.27-13.08.37:004][  0]LogPakFile: Registered encryption key '00000000000000000000000000000000': 0 pak files mounted, 0 remain pending
[2019.05.27-13.08.37:004][  0]LogPakFile: Registered encryption key '00000000000000000000000000000000': 0 pak files mounted, 0 remain pending
[2019.05.27-13.08.37:005][  0]LogPakFile: Registered encryption key '00000000000000000000000000000000': 0 pak files mounted, 0 remain pending
[2019.05.27-13.08.37:005][  0]LogPakFile: Registered encryption key '00000000000000000000000000000000': 0 pak files mounted, 0 remain pending
[2019.05.27-13.08.37:006][  0]LogPakFile: Registered encryption key '00000000000000000000000000000000': 0 pak files mounted, 0 remain pending
[2019.05.27-13.08.37:007][  0]LogPakFile: Registered encryption key '00000000000000000000000000000000': 0 pak files mounted, 0 remain pending
[2019.05.27-13.08.37:007][  0]LogPakFile: Registered encryption key '00000000000000000000000000000000': 0 pak files mounted, 0 remain pending
[2019.05.27-13.08.37:008][  0]LogPakFile: Registered encryption key '00000000000000000000000000000000': 0 pak files mounted, 0 remain pending
[2019.05.27-13.08.37:008][  0]LogPakFile: Registered encryption key '00000000000000000000000000000000': 0 pak files mounted, 0 remain pending
[2019.05.27-13.08.37:009][  0]LogPakFile: Registered encryption key '00000000000000000000000000000000': 0 pak files mounted, 0 remain pending
[2019.05.27-13.08.37:062][  0]LogContentBrowser: Native class hierarchy updated for 'AddContentDialog' in 0.0004 seconds. Added 0 classes and 0 folders.
[2019.05.27-13.08.37:071][  0]LogContentBrowser: Native class hierarchy updated for 'SceneOutliner' in 0.0005 seconds. Added 1 classes and 2 folders.
[2019.05.27-13.08.38:709][  0]LogSlate: Only BGRA pngs, bmps or icos are supported in by External Image Picker
[2019.05.27-13.08.38:747][  0]LogSlate: Took 0.000393 seconds to synchronously load lazily loaded font '../../../Engine/Content/Slate/Fonts/Roboto-Regular.ttf' (155K)
[2019.05.27-13.08.38:759][  0]LogSlate: Took 0.011030 seconds to synchronously load lazily loaded font '../../../Engine/Content/Editor/Slate/Fonts/NanumGothic.ttf' (4243K)
[2019.05.27-13.08.38:763][  0]LogSlate: Took 0.002410 seconds to synchronously load lazily loaded font '../../../Engine/Content/Editor/Slate/Fonts/NanumGothicBold.ttf' (4188K)
[2019.05.27-13.08.38:763][  0]LogSlate: Took 0.000265 seconds to synchronously load lazily loaded font '../../../Engine/Content/Slate/Fonts/Roboto-Bold.ttf' (160K)
[2019.05.27-13.08.38:768][  0]LogSlate: Took 0.000288 seconds to synchronously load lazily loaded font '../../../Engine/Content/Editor/Slate/Fonts/FontAwesome.ttf' (139K)
[2019.05.27-13.08.38:862][  0]LogTemp: Executing iPhonePackager certificates Engine -bundlename com.YourCompany.LostDark
[2019.05.27-13.08.38:862][  0]LogTemp: CWD: C:\Program Files\Epic Games\UE_4.21\Engine\Binaries\DotNET\IOS
[2019.05.27-13.08.38:862][  0]LogTemp: Initial Dir: C:\Program Files\Epic Games\UE_4.21
[2019.05.27-13.08.38:862][  0]LogTemp: Env CWD: C:\Program Files\Epic Games\UE_4.21\Engine\Binaries\DotNET\IOS
[2019.05.27-13.08.38:862][  0]LogTemp: BranchPath = OWN-PC/C/Program Files/Epic Games/UE_4.21/Engine/Binaries --- GameBranchPath = OWN-PC/C/Program Files/Epic Games/UE_4.21/Engine/Binaries
[2019.05.27-13.08.38:862][  0]LogTemp: IPP ERROR: Could not find provision directory 'C:\Users\songy\AppData\Local/Apple Computer/MobileDevice/Provisioning Profiles/'.
[2019.05.27-13.08.38:862][  0]LogRenderer: Reallocating scene render targets to support 1092x688 Format 10 NumSamples 1 (Frame:1).
[2019.05.27-13.08.38:901][  0]LogSlate: Took 0.001984 seconds to synchronously load lazily loaded font '../../../Engine/Content/Slate/Fonts/../../Editor/Slate/Fonts/NanumGothic.ttf' (4243K)
[2019.05.27-13.08.38:987][  0]LogContentBrowser: Native class hierarchy updated for 'HierarchicalLODOutliner' in 0.0004 seconds. Added 0 classes and 0 folders.
[2019.05.27-13.08.38:987][  0]LogLoad: (Engine Initialization) Total time: 14.35 seconds
[2019.05.27-13.08.38:987][  0]LogLoad: (Engine Initialization) Total Blueprint compile time: 0.00 seconds
[2019.05.27-13.08.39:080][  0]LogContentStreaming: Texture pool size now 1000 MB
[2019.05.27-13.08.39:128][  0]LogSlate: Took 0.000257 seconds to synchronously load lazily loaded font '../../../Engine/Content/Slate/Fonts/Roboto-Light.ttf' (167K)
[2019.05.27-13.08.39:420][  5]LogAssetRegistry: Asset discovery search completed in 9.6397 seconds
[2019.05.27-13.08.39:422][  5]LogCollectionManager: Rebuilt the object cache for 0 collections in 0.000000 seconds (found 0 objects)
[2019.05.27-13.08.39:422][  5]LogCollectionManager: Fixed up redirectors for 0 collections in 0.000120 seconds (updated 0 objects)
[2019.05.27-13.08.41:057][ 10]LogEditorViewport: Clicking on Actor (LMB): StaticMeshActor (SM_SQUARE)
[2019.05.27-13.08.42:337][128]LogSlate: FSceneViewport::OnFocusLost() reason 0
[2019.05.27-13.08.43:831][300]LogSlate: Took 0.000227 seconds to synchronously load lazily loaded font '../../../Engine/Content/Slate/Fonts/Roboto-Light.ttf' (167K)
[2019.05.27-13.08.44:655][300]LogAIModule: Creating AISystem for world YR_DefaultLevel
[2019.05.27-13.08.44:664][300]LogAssetEditorManager: Opening Asset editor for World /Game/YR/Maps/YR_DefaultLevel.YR_DefaultLevel
[2019.05.27-13.08.44:701][300]Cmd: MAP LOAD FILE="E:/Capstone_Git/LostDark/Content/YR/Maps/YR_DefaultLevel.umap" TEMPLATE=0 SHOWPROGRESS=1 FEATURELEVEL=3
[2019.05.27-13.08.44:702][300]LightingResults: New page: 라이팅 빌드
[2019.05.27-13.08.44:702][300]LoadErrors: New page: 맵 로드중: YR_DefaultLevel.umap
[2019.05.27-13.08.44:704][300]MapCheck: New page: 맵 체크
[2019.05.27-13.08.44:704][300]LightingResults: New page: 라이팅 빌드
[2019.05.27-13.08.44:895][300]LogEditorServer: Finished looking for orphan Actors (0.000 secs)
[2019.05.27-13.08.44:953][300]Cmd: MAP CHECKDEP NOCLEARLOG
[2019.05.27-13.08.44:954][300]MapCheck: 맵 체크 완료: 오류 0 회, 경고 0 회, 소요 시간 0.142ms.
[2019.05.27-13.08.44:954][300]LogFileHelpers: Loading map 'YR_DefaultLevel' took 0.253
[2019.05.27-13.08.44:986][300]LogFileCache: Retrieving MD5 hashes for directory 'E:/Capstone_Git/LostDark/Content/' took 5.97s
[2019.05.27-13.08.47:593][589]LogSlate: FSceneViewport::OnFocusLost() reason 0
[2019.05.27-13.08.48:736][714]LogAssetEditorManager: Opening Asset editor for Blueprint /Game/YR/Boss/BP_Griffon.BP_Griffon
[2019.05.27-13.08.49:324][714]LogClass: Warning: Enum '/Game/UI_Kit/Blueprints/Objectives/E_ObjectiveType.E_ObjectiveType' was upgraded to use FText to store its display name data. Please re-save this asset to avoid issues with localization and determinstic cooking.
[2019.05.27-13.08.49:330][714]LogClass: Warning: Enum '/Game/UI_Kit/Widgets/Window/ResizeType.ResizeType' was upgraded to use FText to store its display name data. Please re-save this asset to avoid issues with localization and determinstic cooking.
[2019.05.27-13.08.49:429][714]LogContentBrowser: Native class hierarchy updated for 'BlueprintGraph' in 0.0008 seconds. Added 117 classes and 0 folders.
[2019.05.27-13.08.50:485][714]LogSlate: Took 0.004934 seconds to synchronously load lazily loaded font '../../../Engine/Content/Slate/Fonts/Roboto-BoldCondensed.ttf' (158K)
[2019.05.27-13.08.50:793][715]LogSlate: Took 0.000272 seconds to synchronously load lazily loaded font '../../../Engine/Content/Slate/Fonts/Roboto-Italic.ttf' (157K)
[2019.05.27-13.08.55:683][985]BlueprintLog: New page: BP_Griffon 컴파일
[2019.05.27-13.08.57:183][ 35]LogSlate: Window 'BP_Griffon*' being destroyed
[2019.05.27-13.08.58:182][139]LogTemp: Repeating last play command: 선택된 뷰포트
[2019.05.27-13.08.58:196][139]LogBlueprintUserMessages: Early PlayInEditor Detection: Level '/Game/YR/Maps/YR_DefaultLevel.YR_DefaultLevel:PersistentLevel' has LevelScriptBlueprint '/Game/YR/Maps/YR_DefaultLevel.YR_DefaultLevel:PersistentLevel.YR_DefaultLevel' with GeneratedClass '/Game/YR/Maps/YR_DefaultLevel.YR_DefaultLevel_C' with ClassGeneratedBy '/Game/YR/Maps/YR_DefaultLevel.YR_DefaultLevel:PersistentLevel.YR_DefaultLevel'
[2019.05.27-13.08.58:196][139]LogPlayLevel: PlayLevel: No blueprints needed recompiling
[2019.05.27-13.08.58:197][139]PIE: New page: PIE 세션: YR_DefaultLevel (2019. 5. 28. 오전 7:08:58)
[2019.05.27-13.08.58:209][139]LogPlayLevel: Creating play world package: /Game/YR/Maps/UEDPIE_0_YR_DefaultLevel
[2019.05.27-13.08.58:213][139]LogPlayLevel: PIE: StaticDuplicateObject took: (0.003806s)
[2019.05.27-13.08.58:214][139]LogAIModule: Creating AISystem for world YR_DefaultLevel
[2019.05.27-13.08.58:214][139]LogPlayLevel: PIE: World Init took: (0.000570s)
[2019.05.27-13.08.58:214][139]LogPlayLevel: PIE: Created PIE world by copying editor world from /Game/YR/Maps/YR_DefaultLevel.YR_DefaultLevel to /Game/YR/Maps/UEDPIE_0_YR_DefaultLevel.YR_DefaultLevel (0.004686s)
[2019.05.27-13.08.58:323][139]LogInit: XAudio2 using 'Realtek HD Audio 2nd output(Realtek High Definition Audio)' : 2 channels at 48 kHz using 32 bits per sample (channel mask 0x3)
[2019.05.27-13.08.58:353][139]LogInit: FAudioDevice initialized.
[2019.05.27-13.08.58:401][139]LogLoad: Game class is 'LostDarkGameMode'
[2019.05.27-13.08.58:403][139]LogWorld: Bringing World /Game/YR/Maps/UEDPIE_0_YR_DefaultLevel.YR_DefaultLevel up for play (max tick rate 0) at 2019.05.27-22.08.58
[2019.05.27-13.08.58:406][139]LogWorld: Bringing up level for play took: 0.004029
[2019.05.27-13.08.58:429][139]LogContentBrowser: Native class hierarchy updated for 'MovieSceneCapture' in 0.0005 seconds. Added 20 classes and 0 folders.
[2019.05.27-13.08.58:429][139]LogTemp: Warning: Enroll Attack Montage
[2019.05.27-13.08.58:429][139]LogScript: Warning: Script Msg: Divide by zero detected: 0.000000 / 0
Script call stack:
	Function /Game/SH/Animations/GS_AnimBlueprint.GS_AnimBlueprint_C:BlueprintUpdateAnimation
	Function /Game/SH/Animations/GS_AnimBlueprint.GS_AnimBlueprint_C:ExecuteUbergraph_GS_AnimBlueprint

[2019.05.27-13.08.58:430][139]LostDark: Warning: UGSCharacterStatComponent::SetNewLevel(58) Game Start! CurrentStatData initialize~~~ by GSCharacterStatComponent.cpp
[2019.05.27-13.08.58:435][139]LostDark: Warning: ALDPlayerState::GetExpRatio(87) Ratio : 0.333333, Current : 10, Next : 30
[2019.05.27-13.08.58:435][139]LostDark: Warning: UGSCharacterStatComponent::SetNewLevel(58) Game Start! CurrentStatData initialize~~~ by GSCharacterStatComponent.cpp
[2019.05.27-13.08.58:435][139]PIE: /Game/YR/Maps/UEDPIE_0_YR_DefaultLevel 에 대한 에디터에서 플레이 시작 시간: -0.631
[2019.05.27-13.08.58:436][139]LogBlueprintUserMessages: Late PlayInEditor Detection: Level '/Game/YR/Maps/YR_DefaultLevel.YR_DefaultLevel:PersistentLevel' has LevelScriptBlueprint '/Game/YR/Maps/YR_DefaultLevel.YR_DefaultLevel:PersistentLevel.YR_DefaultLevel' with GeneratedClass '/Game/YR/Maps/YR_DefaultLevel.YR_DefaultLevel_C' with ClassGeneratedBy '/Game/YR/Maps/YR_DefaultLevel.YR_DefaultLevel:PersistentLevel.YR_DefaultLevel'
[2019.05.27-13.08.59:100][160]LogScript: Warning: Script Msg: Divide by zero detected: 0.000000 / 0
Script call stack:
	Function /Game/SH/Animations/GS_AnimBlueprint.GS_AnimBlueprint_C:BlueprintUpdateAnimation
	Function /Game/SH/Animations/GS_AnimBlueprint.GS_AnimBlueprint_C:ExecuteUbergraph_GS_AnimBlueprint

[2019.05.27-13.09.00:636][343]LostDark: Warning: ALostDarkCharacter::AttackCheck(862) Hit Actor Name : BP_Griffon_5
[2019.05.27-13.09.00:636][343]LogBlueprintUserMessages: [BP_Griffon_5] 20.0
[2019.05.27-13.09.00:996][386]LostDark: Warning: ALostDarkCharacter::PostInitializeComponents::<lambda_a35245af5678173ca763887e2a4841f8>::operator ()(310) OnNextAttackCheck
[2019.05.27-13.09.00:996][386]LogTemp: Warning: Called JumpTo Function, Combo : 2
[2019.05.27-13.09.01:154][405]LostDark: Warning: ALostDarkCharacter::AttackCheck(862) Hit Actor Name : BP_Griffon_5
[2019.05.27-13.09.01:154][405]LogBlueprintUserMessages: [BP_Griffon_5] 10.0
[2019.05.27-13.09.01:496][446]LostDark: Warning: ALostDarkCharacter::PostInitializeComponents::<lambda_a35245af5678173ca763887e2a4841f8>::operator ()(310) OnNextAttackCheck
[2019.05.27-13.09.01:496][446]LogTemp: Warning: Called JumpTo Function, Combo : 3
[2019.05.27-13.09.01:671][467]LostDark: Warning: ALostDarkCharacter::AttackCheck(862) Hit Actor Name : BP_Griffon_5
[2019.05.27-13.09.01:671][467]LogBlueprintUserMessages: [BP_Griffon_5] Dead
[2019.05.27-13.09.02:297][542]LogTemp: Warning: MontageEnded
[2019.05.27-13.09.03:423][676]LogBlueprintUserMessages: Early EndPlayMap Detection: Level '/Game/YR/Maps/YR_DefaultLevel.YR_DefaultLevel:PersistentLevel' has LevelScriptBlueprint '/Game/YR/Maps/YR_DefaultLevel.YR_DefaultLevel:PersistentLevel.YR_DefaultLevel' with GeneratedClass '/Game/YR/Maps/YR_DefaultLevel.YR_DefaultLevel_C' with ClassGeneratedBy '/Game/YR/Maps/YR_DefaultLevel.YR_DefaultLevel:PersistentLevel.YR_DefaultLevel'
[2019.05.27-13.09.03:425][676]LogSlate: Updating window title bar state: overlay mode, drag disabled, window buttons hidden, title bar hidden
[2019.05.27-13.09.03:462][676]LogPlayLevel: Display: Shutting down PIE online subsystems
[2019.05.27-13.09.03:463][676]LogBlueprintUserMessages: Late EndPlayMap Detection: Level '/Game/YR/Maps/YR_DefaultLevel.YR_DefaultLevel:PersistentLevel' has LevelScriptBlueprint '/Game/YR/Maps/YR_DefaultLevel.YR_DefaultLevel:PersistentLevel.YR_DefaultLevel' with GeneratedClass '/Game/YR/Maps/YR_DefaultLevel.YR_DefaultLevel_C' with ClassGeneratedBy '/Game/YR/Maps/YR_DefaultLevel.YR_DefaultLevel:PersistentLevel.YR_DefaultLevel'
[2019.05.27-13.09.03:503][676]LogSlate: Updating window title bar state: overlay mode, drag disabled, window buttons hidden, title bar hidden
[2019.05.27-13.09.03:527][677]LogPlayLevel: Display: Destroying online subsystem :Context_7
[2019.05.27-13.09.04:199][757]LogSlate: FSceneViewport::OnFocusLost() reason 0
[2019.05.27-13.09.04:315][771]LogTemp: Repeating last play command: 선택된 뷰포트
[2019.05.27-13.09.04:328][771]LogBlueprintUserMessages: Early PlayInEditor Detection: Level '/Game/YR/Maps/YR_DefaultLevel.YR_DefaultLevel:PersistentLevel' has LevelScriptBlueprint '/Game/YR/Maps/YR_DefaultLevel.YR_DefaultLevel:PersistentLevel.YR_DefaultLevel' with GeneratedClass '/Game/YR/Maps/YR_DefaultLevel.YR_DefaultLevel_C' with ClassGeneratedBy '/Game/YR/Maps/YR_DefaultLevel.YR_DefaultLevel:PersistentLevel.YR_DefaultLevel'
[2019.05.27-13.09.04:329][771]LogPlayLevel: PlayLevel: No blueprints needed recompiling
[2019.05.27-13.09.04:329][771]PIE: New page: PIE 세션: YR_DefaultLevel (2019. 5. 28. 오전 7:09:04)
[2019.05.27-13.09.04:329][771]LogPlayLevel: Creating play world package: /Game/YR/Maps/UEDPIE_0_YR_DefaultLevel
[2019.05.27-13.09.04:332][771]LogPlayLevel: PIE: StaticDuplicateObject took: (0.003583s)
[2019.05.27-13.09.04:333][771]LogAIModule: Creating AISystem for world YR_DefaultLevel
[2019.05.27-13.09.04:333][771]LogPlayLevel: PIE: World Init took: (0.000576s)
[2019.05.27-13.09.04:333][771]LogPlayLevel: PIE: Created PIE world by copying editor world from /Game/YR/Maps/YR_DefaultLevel.YR_DefaultLevel to /Game/YR/Maps/UEDPIE_0_YR_DefaultLevel.YR_DefaultLevel (0.004318s)
[2019.05.27-13.09.04:444][771]LogInit: XAudio2 using 'Realtek HD Audio 2nd output(Realtek High Definition Audio)' : 2 channels at 48 kHz using 32 bits per sample (channel mask 0x3)
[2019.05.27-13.09.04:475][771]LogInit: FAudioDevice initialized.
[2019.05.27-13.09.04:508][771]LogLoad: Game class is 'LostDarkGameMode'
[2019.05.27-13.09.04:510][771]LogWorld: Bringing World /Game/YR/Maps/UEDPIE_0_YR_DefaultLevel.YR_DefaultLevel up for play (max tick rate 0) at 2019.05.27-22.09.04
[2019.05.27-13.09.04:513][771]LogWorld: Bringing up level for play took: 0.003649
[2019.05.27-13.09.04:526][771]LogTemp: Warning: Enroll Attack Montage
[2019.05.27-13.09.04:526][771]LogScript: Warning: Script Msg: Divide by zero detected: 0.000000 / 0
Script call stack:
	Function /Game/SH/Animations/GS_AnimBlueprint.GS_AnimBlueprint_C:BlueprintUpdateAnimation
	Function /Game/SH/Animations/GS_AnimBlueprint.GS_AnimBlueprint_C:ExecuteUbergraph_GS_AnimBlueprint

[2019.05.27-13.09.04:527][771]LostDark: Warning: UGSCharacterStatComponent::SetNewLevel(58) Game Start! CurrentStatData initialize~~~ by GSCharacterStatComponent.cpp
[2019.05.27-13.09.04:531][771]LostDark: Warning: ALDPlayerState::GetExpRatio(87) Ratio : 0.333333, Current : 10, Next : 30
[2019.05.27-13.09.04:532][771]LostDark: Warning: UGSCharacterStatComponent::SetNewLevel(58) Game Start! CurrentStatData initialize~~~ by GSCharacterStatComponent.cpp
[2019.05.27-13.09.04:532][771]PIE: /Game/YR/Maps/UEDPIE_0_YR_DefaultLevel 에 대한 에디터에서 플레이 시작 시간: -0.534
[2019.05.27-13.09.04:532][771]LogBlueprintUserMessages: Late PlayInEditor Detection: Level '/Game/YR/Maps/YR_DefaultLevel.YR_DefaultLevel:PersistentLevel' has LevelScriptBlueprint '/Game/YR/Maps/YR_DefaultLevel.YR_DefaultLevel:PersistentLevel.YR_DefaultLevel' with GeneratedClass '/Game/YR/Maps/YR_DefaultLevel.YR_DefaultLevel_C' with ClassGeneratedBy '/Game/YR/Maps/YR_DefaultLevel.YR_DefaultLevel:PersistentLevel.YR_DefaultLevel'
[2019.05.27-13.09.04:533][771]LogScript: Warning: Script Msg: Divide by zero detected: 0.000000 / 0
Script call stack:
	Function /Game/SH/Animations/GS_AnimBlueprint.GS_AnimBlueprint_C:BlueprintUpdateAnimation
	Function /Game/SH/Animations/GS_AnimBlueprint.GS_AnimBlueprint_C:ExecuteUbergraph_GS_AnimBlueprint

[2019.05.27-13.09.09:335][342]LostDark: Warning: ALostDarkCharacter::TakeDamage(354) Actor : LostDarkCharacter_0 took Damage : 100.000000
[2019.05.27-13.09.09:335][342]LostDark: Warning: ALostDarkCharacter::PostInitializeComponents::<lambda_d674dbf1a3d8b7564d8f2f44734c7556>::operator ()(328) @@ HP Is Zero
[2019.05.27-13.09.15:618][342]LogWindows: Error: === Critical error: ===
[2019.05.27-13.09.15:619][342]LogWindows: Error: 
[2019.05.27-13.09.15:619][342]LogWindows: Error: Fatal error!
[2019.05.27-13.09.15:619][342]LogWindows: Error: 
[2019.05.27-13.09.15:619][342]LogWindows: Error: Unhandled Exception: EXCEPTION_ACCESS_VIOLATION reading address 0x0000046c
[2019.05.27-13.09.15:619][342]LogWindows: Error: 
[2019.05.27-13.09.15:619][342]LogWindows: Error: [Callstack] 0x00007ff9ed478767 UE4Editor-LostDark.dll!ALostDarkCharacter::TakeDamage() [e:\capstone_git\lostdark\source\lostdark\private\lostdarkcharacter.cpp:374]
[2019.05.27-13.09.15:619][342]LogWindows: Error: [Callstack] 0x00007ff9fd862fca UE4Editor-Engine.dll!UGameplayStatics::ApplyPointDamage() [d:\build\++ue4\sync\engine\source\runtime\engine\private\gameplaystatics.cpp:496]
[2019.05.27-13.09.15:619][342]LogWindows: Error: [Callstack] 0x00007ff9fd14b190 UE4Editor-Engine.dll!UGameplayStatics::execApplyPointDamage() [d:\build\++ue4\sync\engine\source\runtime\engine\classes\kismet\gameplaystatics.h:42]
[2019.05.27-13.09.15:619][342]LogWindows: Error: [Callstack] 0x00007ffa09024b14 UE4Editor-CoreUObject.dll!UFunction::Invoke() [d:\build\++ue4\sync\engine\source\runtime\coreuobject\private\uobject\class.cpp:4861]
[2019.05.27-13.09.15:619][342]LogWindows: Error: [Callstack] 0x00007ffa0928bc2a UE4Editor-CoreUObject.dll!UObject::CallFunction() [d:\build\++ue4\sync\engine\source\runtime\coreuobject\private\uobject\scriptcore.cpp:816]
[2019.05.27-13.09.15:619][342]LogWindows: Error: [Callstack] 0x00007ffa092b56cc UE4Editor-CoreUObject.dll!UObject::ProcessContextOpcode() [d:\build\++ue4\sync\engine\source\runtime\coreuobject\private\uobject\scriptcore.cpp:2330]
[2019.05.27-13.09.15:619][342]LogWindows: Error: [Callstack] 0x00007ffa092d6cc4 UE4Editor-CoreUObject.dll!UObject::execLet() [d:\build\++ue4\sync\engine\source\runtime\coreuobject\private\uobject\scriptcore.cpp:2116]
[2019.05.27-13.09.15:619][342]LogWindows: Error: [Callstack] 0x00007ffa092b7d2f UE4Editor-CoreUObject.dll!UObject::ProcessInternal() [d:\build\++ue4\sync\engine\source\runtime\coreuobject\private\uobject\scriptcore.cpp:1031]
[2019.05.27-13.09.15:619][342]LogWindows: Error: [Callstack] 0x00007ffa09024b14 UE4Editor-CoreUObject.dll!UFunction::Invoke() [d:\build\++ue4\sync\engine\source\runtime\coreuobject\private\uobject\class.cpp:4861]
[2019.05.27-13.09.15:619][342]LogWindows: Error: [Callstack] 0x00007ffa092b73c6 UE4Editor-CoreUObject.dll!UObject::ProcessEvent() [d:\build\++ue4\sync\engine\source\runtime\coreuobject\private\uobject\scriptcore.cpp:1480]
[2019.05.27-13.09.15:619][342]LogWindows: Error: [Callstack] 0x00007ff9fd123923 UE4Editor-Engine.dll!AActor::ProcessEvent() [d:\build\++ue4\sync\engine\source\runtime\engine\private\actor.cpp:713]
[2019.05.27-13.09.15:619][342]LogWindows: Error: [Callstack] 0x00007ff9fda5b6f1 UE4Editor-Engine.dll!FLatentActionManager::TickLatentActionForObject() [d:\build\++ue4\sync\engine\source\runtime\engine\private\latentactionmanager.cpp:200]
[2019.05.27-13.09.15:619][342]LogWindows: Error: [Callstack] 0x00007ff9fda40add UE4Editor-Engine.dll!FLatentActionManager::ProcessLatentActions() [d:\build\++ue4\sync\engine\source\runtime\engine\private\latentactionmanager.cpp:117]
[2019.05.27-13.09.15:619][342]LogWindows: Error: [Callstack] 0x00007ff9fd143906 UE4Editor-Engine.dll!AActor::Tick() [d:\build\++ue4\sync\engine\source\runtime\engine\private\actor.cpp:938]
[2019.05.27-13.09.15:619][342]LogWindows: Error: [Callstack] 0x00007ff9fd14405f UE4Editor-Engine.dll!AActor::TickActor() [d:\build\++ue4\sync\engine\source\runtime\engine\private\actor.cpp:914]
[2019.05.27-13.09.15:619][342]LogWindows: Error: [Callstack] 0x00007ff9fd0ff123 UE4Editor-Engine.dll!FActorTickFunction::ExecuteTick() [d:\build\++ue4\sync\engine\source\runtime\engine\private\actor.cpp:137]
[2019.05.27-13.09.15:619][342]LogWindows: Error: [Callstack] 0x00007ff9fe3a4a2d UE4Editor-Engine.dll!TGraphTask<FTickFunctionTask>::ExecuteTask() [d:\build\++ue4\sync\engine\source\runtime\core\public\async\taskgraphinterfaces.h:829]
[2019.05.27-13.09.15:619][342]LogWindows: Error: [Callstack] 0x00007ff9ffda1798 UE4Editor-Core.dll!FNamedTaskThread::ProcessTasksNamedThread() [d:\build\++ue4\sync\engine\source\runtime\core\private\async\taskgraph.cpp:679]
[2019.05.27-13.09.15:619][342]LogWindows: Error: [Callstack] 0x00007ff9ffda1c56 UE4Editor-Core.dll!FNamedTaskThread::ProcessTasksUntilQuit() [d:\build\++ue4\sync\engine\source\runtime\core\private\async\taskgraph.cpp:575]
[2019.05.27-13.09.15:619][342]LogWindows: Error: [Callstack] 0x00007ff9ffdb5085 UE4Editor-Core.dll!FTaskGraphImplementation::WaitUntilTasksComplete() [d:\build\++ue4\sync\engine\source\runtime\core\private\async\taskgraph.cpp:1444]
[2019.05.27-13.09.15:619][342]LogWindows: Error: [Callstack] 0x00007ff9fe3fbb64 UE4Editor-Engine.dll!FTickTaskSequencer::ReleaseTickGroup() [d:\build\++ue4\sync\engine\source\runtime\engine\private\ticktaskmanager.cpp:556]
[2019.05.27-13.09.15:619][342]LogWindows: Error: [Callstack] 0x00007ff9fe40b9a2 UE4Editor-Engine.dll!FTickTaskManager::RunTickGroup() [d:\build\++ue4\sync\engine\source\runtime\engine\private\ticktaskmanager.cpp:1474]
[2019.05.27-13.09.15:619][342]LogWindows: Error: [Callstack] 0x00007ff9fdadb6e4 UE4Editor-Engine.dll!UWorld::RunTickGroup() [d:\build\++ue4\sync\engine\source\runtime\engine\private\leveltick.cpp:783]
[2019.05.27-13.09.15:619][342]LogWindows: Error: [Callstack] 0x00007ff9fdae74e2 UE4Editor-Engine.dll!UWorld::Tick() [d:\build\++ue4\sync\engine\source\runtime\engine\private\leveltick.cpp:1460]
[2019.05.27-13.09.15:619][342]LogWindows: Error: [Callstack] 0x00007ff9fbbe2085 UE4Editor-UnrealEd.dll!UEditorEngine::Tick() [d:\build\++ue4\sync\engine\source\editor\unrealed\private\editorengine.cpp:1726]
[2019.05.27-13.09.15:619][342]LogWindows: Error: [Callstack] 0x00007ff9fc502346 UE4Editor-UnrealEd.dll!UUnrealEdEngine::Tick() [d:\build\++ue4\sync\engine\source\editor\unrealed\private\unrealedengine.cpp:403]
[2019.05.27-13.09.15:619][342]LogWindows: Error: [Callstack] 0x00007ff655936225 UE4Editor.exe!FEngineLoop::Tick() [d:\build\++ue4\sync\engine\source\runtime\launch\private\launchengineloop.cpp:3699]
[2019.05.27-13.09.15:619][342]LogWindows: Error: [Callstack] 0x00007ff65594596c UE4Editor.exe!GuardedMain() [d:\build\++ue4\sync\engine\source\runtime\launch\private\launch.cpp:174]
[2019.05.27-13.09.15:619][342]LogWindows: Error: [Callstack] 0x00007ff6559459ea UE4Editor.exe!GuardedMainWrapper() [d:\build\++ue4\sync\engine\source\runtime\launch\private\windows\launchwindows.cpp:145]
[2019.05.27-13.09.15:619][342]LogWindows: Error: [Callstack] 0x00007ff6559548da UE4Editor.exe!WinMain() [d:\build\++ue4\sync\engine\source\runtime\launch\private\windows\launchwindows.cpp:276]
[2019.05.27-13.09.15:619][342]LogWindows: Error: [Callstack] 0x00007ff65595659a UE4Editor.exe!__scrt_common_main_seh() [f:\dd\vctools\crt\vcstartup\src\startup\exe_common.inl:283]
[2019.05.27-13.09.15:619][342]LogWindows: Error: [Callstack] 0x00007ffa4e144034 KERNEL32.DLL!UnknownFunction []
[2019.05.27-13.09.15:620][342]LogWindows: Error: [Callstack] 0x00007ffa4ea93691 ntdll.dll!UnknownFunction []
[2019.05.27-13.09.15:620][342]LogWindows: Error: 
[2019.05.27-13.09.15:635][342]LogExit: Executing StaticShutdownAfterError
[2019.05.27-13.09.15:641][342]LogWindows: FPlatformMisc::RequestExit(1)
[2019.05.27-13.09.15:647][342]Log file closed, 05/27/19 22:09:15
