Log file open, 05/04/19 20:58:01
LogWindows: Failed to load 'aqProf.dll' (GetLastError=126)
LogWindows: File 'aqProf.dll' does not exist
LogWindows: Failed to load 'VtuneApi.dll' (GetLastError=126)
LogWindows: File 'VtuneApi.dll' does not exist
LogWindows: Failed to load 'VtuneApi32e.dll' (GetLastError=126)
LogWindows: File 'VtuneApi32e.dll' does not exist
LogConsoleResponse: Display: Failed to find resolution value strings in scalability ini. Falling back to default.
LogInit: Display: Running engine for game: LostDark
LogPakFile: Registered encryption key '00000000000000000000000000000000': 0 pak files mounted, 0 remain pending
LogPlatformFile: Not using cached read wrapper
LogTaskGraph: Started task graph with 5 named threads and 20 total threads with 3 sets of task threads.
LogStats: Stats thread started at 0.257006
LogD3D11RHI: Loaded GFSDK_Aftermath_Lib.x64.dll
LogICUInternationalization: ICU TimeZone Detection - Raw Offset: +9:00, Platform Override: ''
LogPluginManager: Mounting plugin Paper2D
LogPluginManager: Mounting plugin AISupport
LogPluginManager: Mounting plugin LightPropagationVolume
LogPluginManager: Mounting plugin ActorLayerUtilities
LogPluginManager: Mounting plugin CLionSourceCodeAccess
LogPluginManager: Mounting plugin CodeLiteSourceCodeAccess
LogPluginManager: Mounting plugin GitSourceControl
LogPluginManager: Mounting plugin KDevelopSourceCodeAccess
LogPluginManager: Mounting plugin NullSourceCodeAccess
LogPluginManager: Mounting plugin PerforceSourceControl
LogPluginManager: Mounting plugin SubversionSourceControl
LogPluginManager: Mounting plugin UObjectPlugin
LogPluginManager: Mounting plugin VisualStudioCodeSourceCodeAccess
LogPluginManager: Mounting plugin VisualStudioSourceCodeAccess
LogPluginManager: Mounting plugin XCodeSourceCodeAccess
LogPluginManager: Mounting plugin AssetManagerEditor
LogPluginManager: Mounting plugin CryptoKeys
LogPluginManager: Mounting plugin DataValidation
LogPluginManager: Mounting plugin FacialAnimation
LogPluginManager: Mounting plugin GameplayTagsEditor
LogPluginManager: Mounting plugin MacGraphicsSwitching
LogPluginManager: Mounting plugin MeshEditor
LogPluginManager: Mounting plugin MobileLauncherProfileWizard
LogPluginManager: Mounting plugin PluginBrowser
LogPluginManager: Mounting plugin SpeedTreeImporter
LogPluginManager: Mounting plugin DatasmithContent
LogPluginManager: Mounting plugin VariantManagerContent
LogPluginManager: Mounting plugin AlembicImporter
LogPluginManager: Mounting plugin AppleImageUtils
LogPluginManager: Mounting plugin AppleVision
LogPluginManager: Mounting plugin BackChannel
LogPluginManager: Mounting plugin CharacterAI
LogPluginManager: Mounting plugin GeometryCache
LogPluginManager: Mounting plugin HTML5Networking
LogPluginManager: Mounting plugin ProxyLODPlugin
LogPluginManager: Mounting plugin MagicLeap
LogPluginManager: Mounting plugin MagicLeapMedia
LogPluginManager: Mounting plugin AndroidMedia
LogPluginManager: Mounting plugin AvfMedia
LogPluginManager: Mounting plugin ImgMedia
LogPluginManager: Mounting plugin LinearTimecode
LogPluginManager: Mounting plugin MediaCompositing
LogPluginManager: Mounting plugin MediaPlayerEditor
LogPluginManager: Mounting plugin WebMMedia
LogPluginManager: Mounting plugin WmfMedia
LogPluginManager: Mounting plugin TcpMessaging
LogPluginManager: Mounting plugin UdpMessaging
LogPluginManager: Mounting plugin ActorSequence
LogPluginManager: Mounting plugin LevelSequenceEditor
LogPluginManager: Mounting plugin MatineeToLevelSequence
LogPluginManager: Mounting plugin NetcodeUnitTest
LogPluginManager: Mounting plugin NUTUnrealEngine4
LogPluginManager: Mounting plugin OnlineSubsystemGooglePlay
LogPluginManager: Mounting plugin OnlineSubsystemIOS
LogPluginManager: Mounting plugin OnlineSubsystem
LogPluginManager: Mounting plugin OnlineSubsystemNull
LogPluginManager: Mounting plugin OnlineSubsystemUtils
LogPluginManager: Mounting plugin LauncherChunkInstaller
LogPluginManager: Mounting plugin AndroidDeviceProfileSelector
LogPluginManager: Mounting plugin AndroidMoviePlayer
LogPluginManager: Mounting plugin AndroidPermission
LogPluginManager: Mounting plugin AppleMoviePlayer
LogPluginManager: Mounting plugin ArchVisCharacter
LogPluginManager: Mounting plugin AudioCapture
LogPluginManager: Mounting plugin CableComponent
LogPluginManager: Mounting plugin CustomMeshComponent
LogPluginManager: Mounting plugin EditableMesh
LogPluginManager: Mounting plugin ExampleDeviceProfileSelector
LogPluginManager: Mounting plugin Firebase
LogPluginManager: Mounting plugin GoogleCloudMessaging
LogPluginManager: Mounting plugin IOSDeviceProfileSelector
LogPluginManager: Mounting plugin LinuxDeviceProfileSelector
LogPluginManager: Mounting plugin LocationServicesBPLibrary
LogPluginManager: Mounting plugin MobilePatchingUtils
LogPluginManager: Mounting plugin OculusVR
LogPluginManager: Mounting plugin PhysXVehicles
LogPluginManager: Mounting plugin ProceduralMeshComponent
LogPluginManager: Mounting plugin RuntimePhysXCooking
LogPluginManager: Mounting plugin SteamVR
LogPluginManager: Mounting plugin WebMMoviePlayer
LogPluginManager: Mounting plugin WindowsMoviePlayer
LogStreaming: Display: Took  0.128s to configure plugins.
LogInit: Using libcurl 7.55.1-DEV
LogInit:  - built for x86_64-pc-win32
LogInit:  - supports SSL with OpenSSL/1.0.2h
LogInit:  - supports HTTP deflate (compression) using libz 1.2.8
LogInit:  - other features:
LogInit:      CURL_VERSION_SSL
LogInit:      CURL_VERSION_LIBZ
LogInit:      CURL_VERSION_IPV6
LogInit:      CURL_VERSION_ASYNCHDNS
LogInit:      CURL_VERSION_LARGEFILE
LogInit:      CURL_VERSION_IDN
LogInit:  CurlRequestOptions (configurable via config and command line):
LogInit:  - bVerifyPeer = true  - Libcurl will verify peer certificate
LogInit:  - bUseHttpProxy = false  - Libcurl will NOT use HTTP proxy
LogInit:  - bDontReuseConnections = false  - Libcurl will reuse connections
LogInit:  - MaxHostConnections = 16  - Libcurl will limit the number of connections to a host
LogInit:  - LocalHostAddr = Default
LogInit:  - BufferSize = 65536
LogInit: WinSock: version 1.1 (2.2), MaxSocks=32767, MaxUdp=65467
LogInit: Build: ++UE4+Release-4.21-CL-4753647
LogInit: Engine Version: 4.21.2-4753647+++UE4+Release-4.21
LogInit: Compatible Engine Version: 4.21.0-4541578+++UE4+Release-4.21
LogInit: Net CL: 4541578
LogInit: OS: Windows 10 (), CPU: Intel(R) Core(TM) i5-8400 CPU @ 2.80GHz, GPU: NVIDIA GeForce GTX 1060 6GB
LogInit: Compiled (64-bit): Jan 19 2019 02:07:31
LogInit: Compiled with Visual C++: 19.13.26129.00
LogInit: Build Configuration: Development
LogInit: Branch Name: ++UE4+Release-4.21
LogInit: Command Line: 
LogInit: Base Directory: C:/Program Files/Epic Games/UE_4.21/Engine/Binaries/Win64/
LogInit: Installed Engine Build: 1
LogDevObjectVersion: Number of dev versions registered: 22
LogDevObjectVersion:   Dev-Blueprints (B0D832E4-1F89-4F0D-ACCF-7EB736FD4AA2): 10
LogDevObjectVersion:   Dev-Build (E1C64328-A22C-4D53-A36C-8E866417BD8C): 0
LogDevObjectVersion:   Dev-Core (375EC13C-06E4-48FB-B500-84F0262A717E): 2
LogDevObjectVersion:   Dev-Editor (E4B068ED-F494-42E9-A231-DA0B2E46BB41): 26
LogDevObjectVersion:   Dev-Framework (CFFC743F-43B0-4480-9391-14DF171D2073): 34
LogDevObjectVersion:   Dev-Mobile (B02B49B5-BB20-44E9-A304-32B752E40360): 2
LogDevObjectVersion:   Dev-Networking (A4E4105C-59A1-49B5-A7C5-40C4547EDFEE): 0
LogDevObjectVersion:   Dev-Online (39C831C9-5AE6-47DC-9A44-9C173E1C8E7C): 0
LogDevObjectVersion:   Dev-Physics (78F01B33-EBEA-4F98-B9B4-84EACCB95AA2): 0
LogDevObjectVersion:   Dev-Platform (6631380F-2D4D-43E0-8009-CF276956A95A): 0
LogDevObjectVersion:   Dev-Rendering (12F88B9F-8875-4AFC-A67C-D90C383ABD29): 27
LogDevObjectVersion:   Dev-Sequencer (7B5AE74C-D270-4C10-A958-57980B212A5A): 9
LogDevObjectVersion:   Dev-VR (D7296918-1DD6-4BDD-9DE2-64A83CC13884): 2
LogDevObjectVersion:   Dev-LoadTimes (C2A15278-BFE7-4AFE-6C17-90FF531DF755): 1
LogDevObjectVersion:   Private-Geometry (6EACA3D4-40EC-4CC1-B786-8BED09428FC5): 3
LogDevObjectVersion:   Dev-AnimPhys (29E575DD-E0A3-4627-9D10-D276232CDCEA): 17
LogDevObjectVersion:   Dev-Anim (AF43A65D-7FD3-4947-9873-3E8ED9C1BB05): 2
LogDevObjectVersion:   Dev-ReflectionCapture (6B266CEC-1EC7-4B8F-A30B-E4D90942FC07): 1
LogDevObjectVersion:   Dev-Automation (0DF73D61-A23F-47EA-B727-89E90C41499A): 1
LogDevObjectVersion:   FortniteMain (601D1886-AC64-4F84-AA16-D3DE0DEAC7D6): 17
LogDevObjectVersion:   Dev-Enterprise (9DFFBCD6-494F-0158-E221-12823C92A888): 4
LogDevObjectVersion:   Dev-Niagara (F2AED0AC-9AFE-416F-8664-AA7FFA26D6FC): 1
LogStreaming: Display: Took  0.001s to delete old logs.
LogInit: Presizing for max 8388607 objects, including 0 objects not considered by GC, pre-allocating 0 bytes for permanent pool.
LogInit: Object subsystem initialized
LogConfig: Setting CVar [[con.DebugEarlyDefault:1]]
LogConfig: Setting CVar [[r.setres:1280x720]]
[2019.05.04-11.58.02:328][  0]LogConfig: Setting CVar [[r.VSync:0]]
[2019.05.04-11.58.02:328][  0]LogConfig: Setting CVar [[r.RHICmdBypass:0]]
[2019.05.04-11.58.02:328][  0]LogConfig: Applying CVar settings from Section [/Script/Engine.RendererSettings] File [B:/Develope/Sourcetree/LostDark/LostDark/Saved/Config/Windows/Engine.ini]
[2019.05.04-11.58.02:328][  0]LogConfig: Setting CVar [[r.GPUCrashDebugging:0]]
[2019.05.04-11.58.02:328][  0]LogConfig: Applying CVar settings from Section [/Script/Engine.RendererOverrideSettings] File [B:/Develope/Sourcetree/LostDark/LostDark/Saved/Config/Windows/Engine.ini]
[2019.05.04-11.58.02:328][  0]LogConfig: Applying CVar settings from Section [/Script/Engine.StreamingSettings] File [B:/Develope/Sourcetree/LostDark/LostDark/Saved/Config/Windows/Engine.ini]
[2019.05.04-11.58.02:328][  0]LogConfig: Setting CVar [[s.MinBulkDataSizeForAsyncLoading:131072]]
[2019.05.04-11.58.02:328][  0]LogConfig: Setting CVar [[s.AsyncLoadingThreadEnabled:0]]
[2019.05.04-11.58.02:328][  0]LogConfig: Setting CVar [[s.EventDrivenLoaderEnabled:1]]
[2019.05.04-11.58.02:328][  0]LogConfig: Setting CVar [[s.WarnIfTimeLimitExceeded:0]]
[2019.05.04-11.58.02:328][  0]LogConfig: Setting CVar [[s.TimeLimitExceededMultiplier:1.5]]
[2019.05.04-11.58.02:328][  0]LogConfig: Setting CVar [[s.TimeLimitExceededMinTime:0.005]]
[2019.05.04-11.58.02:328][  0]LogConfig: Setting CVar [[s.UseBackgroundLevelStreaming:1]]
[2019.05.04-11.58.02:328][  0]LogConfig: Setting CVar [[s.PriorityAsyncLoadingExtraTime:15.0]]
[2019.05.04-11.58.02:328][  0]LogConfig: Setting CVar [[s.LevelStreamingActorsUpdateTimeLimit:5.0]]
[2019.05.04-11.58.02:328][  0]LogConfig: Setting CVar [[s.PriorityLevelStreamingActorsUpdateExtraTime:5.0]]
[2019.05.04-11.58.02:328][  0]LogConfig: Setting CVar [[s.LevelStreamingComponentsRegistrationGranularity:10]]
[2019.05.04-11.58.02:328][  0]LogConfig: Setting CVar [[s.UnregisterComponentsTimeLimit:1.0]]
[2019.05.04-11.58.02:328][  0]LogConfig: Setting CVar [[s.LevelStreamingComponentsUnregistrationGranularity:5]]
[2019.05.04-11.58.02:328][  0]LogConfig: Applying CVar settings from Section [/Script/Engine.GarbageCollectionSettings] File [B:/Develope/Sourcetree/LostDark/LostDark/Saved/Config/Windows/Engine.ini]
[2019.05.04-11.58.02:328][  0]LogConfig: Setting CVar [[gc.MaxObjectsNotConsideredByGC:1]]
[2019.05.04-11.58.02:328][  0]LogConfig: Setting CVar [[gc.SizeOfPermanentObjectPool:0]]
[2019.05.04-11.58.02:328][  0]LogConfig: Setting CVar [[gc.FlushStreamingOnGC:0]]
[2019.05.04-11.58.02:328][  0]LogConfig: Setting CVar [[gc.NumRetriesBeforeForcingGC:10]]
[2019.05.04-11.58.02:328][  0]LogConfig: Setting CVar [[gc.AllowParallelGC:1]]
[2019.05.04-11.58.02:328][  0]LogConfig: Setting CVar [[gc.TimeBetweenPurgingPendingKillObjects:61.1]]
[2019.05.04-11.58.02:328][  0]LogConfig: Setting CVar [[gc.MaxObjectsInEditor:8388607]]
[2019.05.04-11.58.02:328][  0]LogConfig: Setting CVar [[gc.IncrementalBeginDestroyEnabled:1]]
[2019.05.04-11.58.02:328][  0]LogConfig: Setting CVar [[gc.CreateGCClusters:1]]
[2019.05.04-11.58.02:328][  0]LogConfig: Setting CVar [[gc.MergeGCClusters:0]]
[2019.05.04-11.58.02:328][  0]LogConfig: Setting CVar [[gc.MinGCClusterSize:5]]
[2019.05.04-11.58.02:328][  0]LogConfig: Setting CVar [[gc.ActorClusteringEnabled:0]]
[2019.05.04-11.58.02:328][  0]LogConfig: Setting CVar [[gc.BlueprintClusteringEnabled:0]]
[2019.05.04-11.58.02:328][  0]LogConfig: Setting CVar [[gc.UseDisregardForGCOnDedicatedServers:0]]
[2019.05.04-11.58.02:328][  0]LogConfig: Applying CVar settings from Section [/Script/Engine.NetworkSettings] File [B:/Develope/Sourcetree/LostDark/LostDark/Saved/Config/Windows/Engine.ini]
[2019.05.04-11.58.02:328][  0]LogConfig: Applying CVar settings from Section [/Script/UnrealEd.CookerSettings] File [B:/Develope/Sourcetree/LostDark/LostDark/Saved/Config/Windows/Engine.ini]
[2019.05.04-11.58.02:334][  0]LogConfig: Applying CVar settings from Section [ViewDistanceQuality@3] File [B:/Develope/Sourcetree/LostDark/LostDark/Saved/Config/Windows/Scalability.ini]
[2019.05.04-11.58.02:334][  0]LogConfig: Setting CVar [[r.SkeletalMeshLODBias:0]]
[2019.05.04-11.58.02:334][  0]LogConfig: Setting CVar [[r.ViewDistanceScale:1.0]]
[2019.05.04-11.58.02:334][  0]LogConfig: Applying CVar settings from Section [AntiAliasingQuality@3] File [B:/Develope/Sourcetree/LostDark/LostDark/Saved/Config/Windows/Scalability.ini]
[2019.05.04-11.58.02:334][  0]LogConfig: Setting CVar [[r.PostProcessAAQuality:4]]
[2019.05.04-11.58.02:334][  0]LogConfig: Applying CVar settings from Section [ShadowQuality@3] File [B:/Develope/Sourcetree/LostDark/LostDark/Saved/Config/Windows/Scalability.ini]
[2019.05.04-11.58.02:334][  0]LogConfig: Setting CVar [[r.LightFunctionQuality:1]]
[2019.05.04-11.58.02:334][  0]LogConfig: Setting CVar [[r.ShadowQuality:5]]
[2019.05.04-11.58.02:334][  0]LogConfig: Setting CVar [[r.Shadow.CSM.MaxCascades:10]]
[2019.05.04-11.58.02:334][  0]LogConfig: Setting CVar [[r.Shadow.MaxResolution:2048]]
[2019.05.04-11.58.02:334][  0]LogConfig: Setting CVar [[r.Shadow.MaxCSMResolution:2048]]
[2019.05.04-11.58.02:334][  0]LogConfig: Setting CVar [[r.Shadow.RadiusThreshold:0.01]]
[2019.05.04-11.58.02:334][  0]LogConfig: Setting CVar [[r.Shadow.DistanceScale:1.0]]
[2019.05.04-11.58.02:334][  0]LogConfig: Setting CVar [[r.Shadow.CSM.TransitionScale:1.0]]
[2019.05.04-11.58.02:334][  0]LogConfig: Setting CVar [[r.Shadow.PreShadowResolutionFactor:1.0]]
[2019.05.04-11.58.02:334][  0]LogConfig: Setting CVar [[r.DistanceFieldShadowing:1]]
[2019.05.04-11.58.02:334][  0]LogConfig: Setting CVar [[r.DistanceFieldAO:1]]
[2019.05.04-11.58.02:334][  0]LogConfig: Setting CVar [[r.AOQuality:2]]
[2019.05.04-11.58.02:334][  0]LogConfig: Setting CVar [[r.VolumetricFog:1]]
[2019.05.04-11.58.02:334][  0]LogConfig: Setting CVar [[r.VolumetricFog.GridPixelSize:8]]
[2019.05.04-11.58.02:334][  0]LogConfig: Setting CVar [[r.VolumetricFog.GridSizeZ:128]]
[2019.05.04-11.58.02:334][  0]LogConfig: Setting CVar [[r.VolumetricFog.HistoryMissSupersampleCount:4]]
[2019.05.04-11.58.02:334][  0]LogConfig: Setting CVar [[r.LightMaxDrawDistanceScale:1]]
[2019.05.04-11.58.02:334][  0]LogConfig: Setting CVar [[r.CapsuleShadows:1]]
[2019.05.04-11.58.02:334][  0]LogConfig: Applying CVar settings from Section [PostProcessQuality@3] File [B:/Develope/Sourcetree/LostDark/LostDark/Saved/Config/Windows/Scalability.ini]
[2019.05.04-11.58.02:334][  0]LogConfig: Setting CVar [[r.MotionBlurQuality:4]]
[2019.05.04-11.58.02:334][  0]LogConfig: Setting CVar [[r.AmbientOcclusionMipLevelFactor:0.4]]
[2019.05.04-11.58.02:334][  0]LogConfig: Setting CVar [[r.AmbientOcclusionMaxQuality:100]]
[2019.05.04-11.58.02:334][  0]LogConfig: Setting CVar [[r.AmbientOcclusionLevels:-1]]
[2019.05.04-11.58.02:334][  0]LogConfig: Setting CVar [[r.AmbientOcclusionRadiusScale:1.0]]
[2019.05.04-11.58.02:334][  0]LogConfig: Setting CVar [[r.DepthOfFieldQuality:2]]
[2019.05.04-11.58.02:334][  0]LogConfig: Setting CVar [[r.RenderTargetPoolMin:400]]
[2019.05.04-11.58.02:334][  0]LogConfig: Setting CVar [[r.LensFlareQuality:2]]
[2019.05.04-11.58.02:334][  0]LogConfig: Setting CVar [[r.SceneColorFringeQuality:1]]
[2019.05.04-11.58.02:334][  0]LogConfig: Setting CVar [[r.EyeAdaptationQuality:2]]
[2019.05.04-11.58.02:334][  0]LogConfig: Setting CVar [[r.BloomQuality:5]]
[2019.05.04-11.58.02:334][  0]LogConfig: Setting CVar [[r.FastBlurThreshold:100]]
[2019.05.04-11.58.02:334][  0]LogConfig: Setting CVar [[r.Upscale.Quality:3]]
[2019.05.04-11.58.02:334][  0]LogConfig: Setting CVar [[r.Tonemapper.GrainQuantization:1]]
[2019.05.04-11.58.02:334][  0]LogConfig: Setting CVar [[r.LightShaftQuality:1]]
[2019.05.04-11.58.02:334][  0]LogConfig: Setting CVar [[r.Filter.SizeScale:1]]
[2019.05.04-11.58.02:334][  0]LogConfig: Setting CVar [[r.Tonemapper.Quality:5]]
[2019.05.04-11.58.02:334][  0]LogConfig: Setting CVar [[r.DOF.Gather.AccumulatorQuality:1        ; higher gathering accumulator quality]]
[2019.05.04-11.58.02:334][  0]LogConfig: Setting CVar [[r.DOF.Gather.PostfilterMethod:1          ; Median3x3 postfilering method]]
[2019.05.04-11.58.02:334][  0]LogConfig: Setting CVar [[r.DOF.Gather.EnableBokehSettings:0       ; no bokeh simulation when gathering]]
[2019.05.04-11.58.02:334][  0]LogConfig: Setting CVar [[r.DOF.Gather.RingCount:4                 ; medium number of samples when gathering]]
[2019.05.04-11.58.02:335][  0]LogConfig: Setting CVar [[r.DOF.Scatter.ForegroundCompositing:1    ; additive foreground scattering]]
[2019.05.04-11.58.02:335][  0]LogConfig: Setting CVar [[r.DOF.Scatter.BackgroundCompositing:2    ; additive background scattering]]
[2019.05.04-11.58.02:335][  0]LogConfig: Setting CVar [[r.DOF.Scatter.EnableBokehSettings:1      ; bokeh simulation when scattering]]
[2019.05.04-11.58.02:335][  0]LogConfig: Setting CVar [[r.DOF.Scatter.MaxSpriteRatio:0.1         ; only a maximum of 10% of scattered bokeh]]
[2019.05.04-11.58.02:335][  0]LogConfig: Setting CVar [[r.DOF.Recombine.Quality:1                ; cheap slight out of focus]]
[2019.05.04-11.58.02:335][  0]LogConfig: Setting CVar [[r.DOF.Recombine.EnableBokehSettings:0    ; no bokeh simulation on slight out of focus]]
[2019.05.04-11.58.02:335][  0]LogConfig: Setting CVar [[r.DOF.TemporalAAQuality:1                ; more stable temporal accumulation]]
[2019.05.04-11.58.02:335][  0]LogConfig: Setting CVar [[r.DOF.Kernel.MaxForegroundRadius:0.025]]
[2019.05.04-11.58.02:335][  0]LogConfig: Setting CVar [[r.DOF.Kernel.MaxBackgroundRadius:0.025]]
[2019.05.04-11.58.02:335][  0]LogConfig: Applying CVar settings from Section [TextureQuality@3] File [B:/Develope/Sourcetree/LostDark/LostDark/Saved/Config/Windows/Scalability.ini]
[2019.05.04-11.58.02:335][  0]LogConfig: Setting CVar [[r.Streaming.MipBias:0]]
[2019.05.04-11.58.02:335][  0]LogConfig: Setting CVar [[r.Streaming.AmortizeCPUToGPUCopy:0]]
[2019.05.04-11.58.02:335][  0]LogConfig: Setting CVar [[r.Streaming.MaxNumTexturesToStreamPerFrame:0]]
[2019.05.04-11.58.02:335][  0]LogConfig: Setting CVar [[r.Streaming.Boost:1]]
[2019.05.04-11.58.02:335][  0]LogConfig: Setting CVar [[r.MaxAnisotropy:8]]
[2019.05.04-11.58.02:335][  0]LogConfig: Setting CVar [[r.Streaming.LimitPoolSizeToVRAM:0]]
[2019.05.04-11.58.02:335][  0]LogConfig: Setting CVar [[r.Streaming.PoolSize:1000]]
[2019.05.04-11.58.02:335][  0]LogConfig: Setting CVar [[r.Streaming.MaxEffectiveScreenSize:0]]
[2019.05.04-11.58.02:335][  0]LogConfig: Applying CVar settings from Section [EffectsQuality@3] File [B:/Develope/Sourcetree/LostDark/LostDark/Saved/Config/Windows/Scalability.ini]
[2019.05.04-11.58.02:335][  0]LogConfig: Setting CVar [[r.TranslucencyLightingVolumeDim:64]]
[2019.05.04-11.58.02:335][  0]LogConfig: Setting CVar [[r.RefractionQuality:2]]
[2019.05.04-11.58.02:335][  0]LogConfig: Setting CVar [[r.SSR.Quality:3]]
[2019.05.04-11.58.02:335][  0]LogConfig: Setting CVar [[r.SceneColorFormat:4]]
[2019.05.04-11.58.02:335][  0]LogConfig: Setting CVar [[r.DetailMode:2]]
[2019.05.04-11.58.02:335][  0]LogConfig: Setting CVar [[r.TranslucencyVolumeBlur:1]]
[2019.05.04-11.58.02:335][  0]LogConfig: Setting CVar [[r.MaterialQualityLevel:1 ; High quality]]
[2019.05.04-11.58.02:335][  0]LogConfig: Setting CVar [[r.SSS.Scale:1]]
[2019.05.04-11.58.02:335][  0]LogConfig: Setting CVar [[r.SSS.SampleSet:2]]
[2019.05.04-11.58.02:335][  0]LogConfig: Setting CVar [[r.SSS.Quality:1]]
[2019.05.04-11.58.02:335][  0]LogConfig: Setting CVar [[r.SSS.HalfRes:1]]
[2019.05.04-11.58.02:335][  0]LogConfig: Setting CVar [[r.EmitterSpawnRateScale:1.0]]
[2019.05.04-11.58.02:335][  0]LogConfig: Setting CVar [[r.ParticleLightQuality:2]]
[2019.05.04-11.58.02:335][  0]LogConfig: Applying CVar settings from Section [FoliageQuality@3] File [B:/Develope/Sourcetree/LostDark/LostDark/Saved/Config/Windows/Scalability.ini]
[2019.05.04-11.58.02:335][  0]LogConfig: Setting CVar [[foliage.DensityScale:1.0]]
[2019.05.04-11.58.02:335][  0]LogConfig: Setting CVar [[grass.DensityScale:1.0]]
[2019.05.04-11.58.02:335][  0]LogInit: Selected Device Profile: [Windows]
[2019.05.04-11.58.02:335][  0]LogInit: Applying CVar settings loaded from the selected device profile: [Windows]
[2019.05.04-11.58.02:365][  0]LogHAL: Display: Platform has ~ 16 GB [17103896576 / 17179869184 / 16], which maps to Larger [LargestMinGB=32, LargerMinGB=12, DefaultMinGB=8, SmallerMinGB=6, SmallestMinGB=0)
[2019.05.04-11.58.02:365][  0]LogConfig: Setting CVar [[r.Vulkan.UseRealUBs:1]]
[2019.05.04-11.58.02:365][  0]LogInit: Going up to parent DeviceProfile []
[2019.05.04-11.58.02:365][  0]LogConfig: Applying CVar settings from Section [ViewDistanceQuality@3] File [B:/Develope/Sourcetree/LostDark/LostDark/Saved/Config/Windows/Scalability.ini]
[2019.05.04-11.58.02:365][  0]LogConfig: Setting CVar [[r.SkeletalMeshLODBias:0]]
[2019.05.04-11.58.02:365][  0]LogConfig: Setting CVar [[r.ViewDistanceScale:1.0]]
[2019.05.04-11.58.02:365][  0]LogConfig: Applying CVar settings from Section [AntiAliasingQuality@3] File [B:/Develope/Sourcetree/LostDark/LostDark/Saved/Config/Windows/Scalability.ini]
[2019.05.04-11.58.02:365][  0]LogConfig: Setting CVar [[r.PostProcessAAQuality:4]]
[2019.05.04-11.58.02:365][  0]LogConfig: Applying CVar settings from Section [ShadowQuality@3] File [B:/Develope/Sourcetree/LostDark/LostDark/Saved/Config/Windows/Scalability.ini]
[2019.05.04-11.58.02:365][  0]LogConfig: Setting CVar [[r.LightFunctionQuality:1]]
[2019.05.04-11.58.02:365][  0]LogConfig: Setting CVar [[r.ShadowQuality:5]]
[2019.05.04-11.58.02:365][  0]LogConfig: Setting CVar [[r.Shadow.CSM.MaxCascades:10]]
[2019.05.04-11.58.02:365][  0]LogConfig: Setting CVar [[r.Shadow.MaxResolution:2048]]
[2019.05.04-11.58.02:365][  0]LogConfig: Setting CVar [[r.Shadow.MaxCSMResolution:2048]]
[2019.05.04-11.58.02:365][  0]LogConfig: Setting CVar [[r.Shadow.RadiusThreshold:0.01]]
[2019.05.04-11.58.02:365][  0]LogConfig: Setting CVar [[r.Shadow.DistanceScale:1.0]]
[2019.05.04-11.58.02:365][  0]LogConfig: Setting CVar [[r.Shadow.CSM.TransitionScale:1.0]]
[2019.05.04-11.58.02:365][  0]LogConfig: Setting CVar [[r.Shadow.PreShadowResolutionFactor:1.0]]
[2019.05.04-11.58.02:365][  0]LogConfig: Setting CVar [[r.DistanceFieldShadowing:1]]
[2019.05.04-11.58.02:365][  0]LogConfig: Setting CVar [[r.DistanceFieldAO:1]]
[2019.05.04-11.58.02:365][  0]LogConfig: Setting CVar [[r.AOQuality:2]]
[2019.05.04-11.58.02:365][  0]LogConfig: Setting CVar [[r.VolumetricFog:1]]
[2019.05.04-11.58.02:365][  0]LogConfig: Setting CVar [[r.VolumetricFog.GridPixelSize:8]]
[2019.05.04-11.58.02:365][  0]LogConfig: Setting CVar [[r.VolumetricFog.GridSizeZ:128]]
[2019.05.04-11.58.02:365][  0]LogConfig: Setting CVar [[r.VolumetricFog.HistoryMissSupersampleCount:4]]
[2019.05.04-11.58.02:365][  0]LogConfig: Setting CVar [[r.LightMaxDrawDistanceScale:1]]
[2019.05.04-11.58.02:365][  0]LogConfig: Setting CVar [[r.CapsuleShadows:1]]
[2019.05.04-11.58.02:365][  0]LogConfig: Applying CVar settings from Section [PostProcessQuality@3] File [B:/Develope/Sourcetree/LostDark/LostDark/Saved/Config/Windows/Scalability.ini]
[2019.05.04-11.58.02:365][  0]LogConfig: Setting CVar [[r.MotionBlurQuality:4]]
[2019.05.04-11.58.02:365][  0]LogConfig: Setting CVar [[r.AmbientOcclusionMipLevelFactor:0.4]]
[2019.05.04-11.58.02:365][  0]LogConfig: Setting CVar [[r.AmbientOcclusionMaxQuality:100]]
[2019.05.04-11.58.02:365][  0]LogConfig: Setting CVar [[r.AmbientOcclusionLevels:-1]]
[2019.05.04-11.58.02:365][  0]LogConfig: Setting CVar [[r.AmbientOcclusionRadiusScale:1.0]]
[2019.05.04-11.58.02:365][  0]LogConfig: Setting CVar [[r.DepthOfFieldQuality:2]]
[2019.05.04-11.58.02:365][  0]LogConfig: Setting CVar [[r.RenderTargetPoolMin:400]]
[2019.05.04-11.58.02:365][  0]LogConfig: Setting CVar [[r.LensFlareQuality:2]]
[2019.05.04-11.58.02:365][  0]LogConfig: Setting CVar [[r.SceneColorFringeQuality:1]]
[2019.05.04-11.58.02:365][  0]LogConfig: Setting CVar [[r.EyeAdaptationQuality:2]]
[2019.05.04-11.58.02:365][  0]LogConfig: Setting CVar [[r.BloomQuality:5]]
[2019.05.04-11.58.02:365][  0]LogConfig: Setting CVar [[r.FastBlurThreshold:100]]
[2019.05.04-11.58.02:365][  0]LogConfig: Setting CVar [[r.Upscale.Quality:3]]
[2019.05.04-11.58.02:365][  0]LogConfig: Setting CVar [[r.Tonemapper.GrainQuantization:1]]
[2019.05.04-11.58.02:365][  0]LogConfig: Setting CVar [[r.LightShaftQuality:1]]
[2019.05.04-11.58.02:365][  0]LogConfig: Setting CVar [[r.Filter.SizeScale:1]]
[2019.05.04-11.58.02:365][  0]LogConfig: Setting CVar [[r.Tonemapper.Quality:5]]
[2019.05.04-11.58.02:365][  0]LogConfig: Setting CVar [[r.DOF.Gather.AccumulatorQuality:1        ; higher gathering accumulator quality]]
[2019.05.04-11.58.02:365][  0]LogConfig: Setting CVar [[r.DOF.Gather.PostfilterMethod:1          ; Median3x3 postfilering method]]
[2019.05.04-11.58.02:365][  0]LogConfig: Setting CVar [[r.DOF.Gather.EnableBokehSettings:0       ; no bokeh simulation when gathering]]
[2019.05.04-11.58.02:365][  0]LogConfig: Setting CVar [[r.DOF.Gather.RingCount:4                 ; medium number of samples when gathering]]
[2019.05.04-11.58.02:365][  0]LogConfig: Setting CVar [[r.DOF.Scatter.ForegroundCompositing:1    ; additive foreground scattering]]
[2019.05.04-11.58.02:365][  0]LogConfig: Setting CVar [[r.DOF.Scatter.BackgroundCompositing:2    ; additive background scattering]]
[2019.05.04-11.58.02:365][  0]LogConfig: Setting CVar [[r.DOF.Scatter.EnableBokehSettings:1      ; bokeh simulation when scattering]]
[2019.05.04-11.58.02:365][  0]LogConfig: Setting CVar [[r.DOF.Scatter.MaxSpriteRatio:0.1         ; only a maximum of 10% of scattered bokeh]]
[2019.05.04-11.58.02:365][  0]LogConfig: Setting CVar [[r.DOF.Recombine.Quality:1                ; cheap slight out of focus]]
[2019.05.04-11.58.02:365][  0]LogConfig: Setting CVar [[r.DOF.Recombine.EnableBokehSettings:0    ; no bokeh simulation on slight out of focus]]
[2019.05.04-11.58.02:365][  0]LogConfig: Setting CVar [[r.DOF.TemporalAAQuality:1                ; more stable temporal accumulation]]
[2019.05.04-11.58.02:365][  0]LogConfig: Setting CVar [[r.DOF.Kernel.MaxForegroundRadius:0.025]]
[2019.05.04-11.58.02:365][  0]LogConfig: Setting CVar [[r.DOF.Kernel.MaxBackgroundRadius:0.025]]
[2019.05.04-11.58.02:365][  0]LogConfig: Applying CVar settings from Section [TextureQuality@3] File [B:/Develope/Sourcetree/LostDark/LostDark/Saved/Config/Windows/Scalability.ini]
[2019.05.04-11.58.02:365][  0]LogConfig: Setting CVar [[r.Streaming.MipBias:0]]
[2019.05.04-11.58.02:365][  0]LogConfig: Setting CVar [[r.Streaming.AmortizeCPUToGPUCopy:0]]
[2019.05.04-11.58.02:365][  0]LogConfig: Setting CVar [[r.Streaming.MaxNumTexturesToStreamPerFrame:0]]
[2019.05.04-11.58.02:365][  0]LogConfig: Setting CVar [[r.Streaming.Boost:1]]
[2019.05.04-11.58.02:365][  0]LogConfig: Setting CVar [[r.MaxAnisotropy:8]]
[2019.05.04-11.58.02:365][  0]LogConfig: Setting CVar [[r.Streaming.LimitPoolSizeToVRAM:0]]
[2019.05.04-11.58.02:366][  0]LogConfig: Setting CVar [[r.Streaming.PoolSize:1000]]
[2019.05.04-11.58.02:366][  0]LogConfig: Setting CVar [[r.Streaming.MaxEffectiveScreenSize:0]]
[2019.05.04-11.58.02:366][  0]LogConfig: Applying CVar settings from Section [EffectsQuality@3] File [B:/Develope/Sourcetree/LostDark/LostDark/Saved/Config/Windows/Scalability.ini]
[2019.05.04-11.58.02:366][  0]LogConfig: Setting CVar [[r.TranslucencyLightingVolumeDim:64]]
[2019.05.04-11.58.02:366][  0]LogConfig: Setting CVar [[r.RefractionQuality:2]]
[2019.05.04-11.58.02:366][  0]LogConfig: Setting CVar [[r.SSR.Quality:3]]
[2019.05.04-11.58.02:366][  0]LogConfig: Setting CVar [[r.SceneColorFormat:4]]
[2019.05.04-11.58.02:366][  0]LogConfig: Setting CVar [[r.DetailMode:2]]
[2019.05.04-11.58.02:366][  0]LogConfig: Setting CVar [[r.TranslucencyVolumeBlur:1]]
[2019.05.04-11.58.02:366][  0]LogConfig: Setting CVar [[r.MaterialQualityLevel:1 ; High quality]]
[2019.05.04-11.58.02:366][  0]LogConfig: Setting CVar [[r.SSS.Scale:1]]
[2019.05.04-11.58.02:366][  0]LogConfig: Setting CVar [[r.SSS.SampleSet:2]]
[2019.05.04-11.58.02:366][  0]LogConfig: Setting CVar [[r.SSS.Quality:1]]
[2019.05.04-11.58.02:366][  0]LogConfig: Setting CVar [[r.SSS.HalfRes:1]]
[2019.05.04-11.58.02:366][  0]LogConfig: Setting CVar [[r.EmitterSpawnRateScale:1.0]]
[2019.05.04-11.58.02:366][  0]LogConfig: Setting CVar [[r.ParticleLightQuality:2]]
[2019.05.04-11.58.02:366][  0]LogConfig: Applying CVar settings from Section [FoliageQuality@3] File [B:/Develope/Sourcetree/LostDark/LostDark/Saved/Config/Windows/Scalability.ini]
[2019.05.04-11.58.02:366][  0]LogConfig: Setting CVar [[foliage.DensityScale:1.0]]
[2019.05.04-11.58.02:366][  0]LogConfig: Setting CVar [[grass.DensityScale:1.0]]
[2019.05.04-11.58.02:366][  0]LogConfig: Applying CVar settings from Section [Startup] File [../../../Engine/Config/ConsoleVariables.ini]
[2019.05.04-11.58.02:366][  0]LogConfig: Setting CVar [[net.UseAdaptiveNetUpdateFrequency:0]]
[2019.05.04-11.58.02:366][  0]LogConfig: Applying CVar settings from Section [ConsoleVariables] File [B:/Develope/Sourcetree/LostDark/LostDark/Saved/Config/Windows/Engine.ini]
[2019.05.04-11.58.02:366][  0]LogInit: Computer: DESKTOP-7NEMS3A
[2019.05.04-11.58.02:366][  0]LogInit: User: SungHoon
[2019.05.04-11.58.02:366][  0]LogInit: CPU Page size=4096, Cores=6
[2019.05.04-11.58.02:366][  0]LogInit: High frequency timer resolution =10.000000 MHz
[2019.05.04-11.58.02:366][  0]LogMemory: Memory total: Physical=15.9GB (16GB approx)
[2019.05.04-11.58.02:366][  0]LogMemory: Platform Memory Stats for Windows
[2019.05.04-11.58.02:366][  0]LogMemory: Process Physical Memory: 104.24 MB used, 104.24 MB peak
[2019.05.04-11.58.02:366][  0]LogMemory: Process Virtual Memory: 93.11 MB used, 93.11 MB peak
[2019.05.04-11.58.02:366][  0]LogMemory: Physical Memory: 5893.68 MB used,  10417.86 MB free, 16311.55 MB total
[2019.05.04-11.58.02:366][  0]LogMemory: Virtual Memory: 4647.90 MB used,  134213080.00 MB free, 134217728.00 MB total
[2019.05.04-11.58.02:392][  0]LogInit: Overriding language with editor language configuration option (ko).
[2019.05.04-11.58.02:392][  0]LogInit: Overriding locale with editor locale configuration option (ko).
[2019.05.04-11.58.02:892][  0]LogStreaming: Display: Took  0.500s to InitEngineTextLocalization.
[2019.05.04-11.58.02:892][  0]LogInit: Setting process to per monitor DPI aware
[2019.05.04-11.58.02:960][  0]LogSlate: New Slate User Created.  User Index 0, Is Virtual User: 0
[2019.05.04-11.58.02:960][  0]LogSlate: Slate User Registered.  User Index 0, Is Virtual User: 0
[2019.05.04-11.58.04:794][  0]LogHMD: Failed to initialize OpenVR with code 110
[2019.05.04-11.58.04:794][  0]LogD3D11RHI: D3D11 adapters:
[2019.05.04-11.58.04:843][  0]LogD3D11RHI:    0. 'NVIDIA GeForce GTX 1060 6GB' (Feature Level 11_0)
[2019.05.04-11.58.04:843][  0]LogD3D11RHI:       6052/0/8155 MB DedicatedVideo/DedicatedSystem/SharedSystem, Outputs:2, VendorId:0x10de
[2019.05.04-11.58.04:845][  0]LogD3D11RHI:    1. 'Microsoft Basic Render Driver' (Feature Level 11_0)
[2019.05.04-11.58.04:845][  0]LogD3D11RHI:       0/0/8155 MB DedicatedVideo/DedicatedSystem/SharedSystem, Outputs:0, VendorId:0x1414
[2019.05.04-11.58.04:845][  0]LogD3D11RHI: Chosen D3D11 Adapter: 0
[2019.05.04-11.58.04:851][  0]LogD3D11RHI: Creating new Direct3DDevice
[2019.05.04-11.58.04:851][  0]LogD3D11RHI:     GPU DeviceId: 0x1c03 (for the marketing name, search the web for "GPU Device Id")
[2019.05.04-11.58.04:851][  0]LogWindows: EnumDisplayDevices:
[2019.05.04-11.58.04:851][  0]LogWindows:    0. 'NVIDIA GeForce GTX 1060 6GB' (P:1 D:1)
[2019.05.04-11.58.04:852][  0]LogWindows:    1. 'NVIDIA GeForce GTX 1060 6GB' (P:0 D:1)
[2019.05.04-11.58.04:853][  0]LogWindows:    2. 'NVIDIA GeForce GTX 1060 6GB' (P:0 D:0)
[2019.05.04-11.58.04:854][  0]LogWindows:    3. 'NVIDIA GeForce GTX 1060 6GB' (P:0 D:0)
[2019.05.04-11.58.04:854][  0]LogWindows: DebugString: FoundDriverCount:4 
[2019.05.04-11.58.04:854][  0]LogD3D11RHI:     Adapter Name: NVIDIA GeForce GTX 1060 6GB
[2019.05.04-11.58.04:854][  0]LogD3D11RHI:   Driver Version: 391.35 (internal:23.21.13.9135, unified:391.35)
[2019.05.04-11.58.04:854][  0]LogD3D11RHI:      Driver Date: 3-23-2018
[2019.05.04-11.58.04:854][  0]LogRHI: Texture pool is 4236 MB (70% of 6052 MB)
[2019.05.04-11.58.04:893][  0]LogD3D11RHI: Async texture creation enabled
[2019.05.04-11.58.04:909][  0]LogD3D11RHI: GPU Timing Frequency: 1000.000000 (Debug: 2 2)
[2019.05.04-11.58.05:334][  0]LogTemp: Display: Loaded TP AllDesktopTargetPlatform
[2019.05.04-11.58.05:347][  0]LogTemp: Display: Loaded TP MacClientTargetPlatform
[2019.05.04-11.58.05:359][  0]LogTemp: Display: Loaded TP MacNoEditorTargetPlatform
[2019.05.04-11.58.05:372][  0]LogTemp: Display: Loaded TP MacServerTargetPlatform
[2019.05.04-11.58.05:387][  0]LogTemp: Display: Loaded TP MacTargetPlatform
[2019.05.04-11.58.05:399][  0]LogTemp: Display: Loaded TP WindowsClientTargetPlatform
[2019.05.04-11.58.05:412][  0]LogTemp: Display: Loaded TP WindowsNoEditorTargetPlatform
[2019.05.04-11.58.05:425][  0]LogTemp: Display: Loaded TP WindowsServerTargetPlatform
[2019.05.04-11.58.05:431][  0]LogTemp: Display: Loaded TP WindowsTargetPlatform
[2019.05.04-11.58.05:502][  0]LogTemp: Display: Loaded TP AndroidTargetPlatform
[2019.05.04-11.58.05:502][  0]LogTemp: Display: Loaded TP AndroidTargetPlatform
[2019.05.04-11.58.05:502][  0]LogTemp: Display: Loaded TP AndroidTargetPlatform
[2019.05.04-11.58.05:502][  0]LogTemp: Display: Loaded TP AndroidTargetPlatform
[2019.05.04-11.58.05:502][  0]LogTemp: Display: Loaded TP AndroidTargetPlatform
[2019.05.04-11.58.05:502][  0]LogTemp: Display: Loaded TP AndroidTargetPlatform
[2019.05.04-11.58.05:502][  0]LogTemp: Display: Loaded TP AndroidTargetPlatform
[2019.05.04-11.58.05:502][  0]LogTemp: Display: Loaded TP AndroidTargetPlatform
[2019.05.04-11.58.05:502][  0]LogTemp: Display: Loaded TP AndroidTargetPlatform
[2019.05.04-11.58.05:502][  0]LogTemp: Display: Loaded TP AndroidTargetPlatform
[2019.05.04-11.58.05:502][  0]LogTemp: Display: Loaded TP AndroidTargetPlatform
[2019.05.04-11.58.05:502][  0]LogTemp: Display: Loaded TP AndroidTargetPlatform
[2019.05.04-11.58.05:502][  0]LogTemp: Display: Loaded TP AndroidTargetPlatform
[2019.05.04-11.58.05:502][  0]LogTemp: Display: Loaded TP AndroidTargetPlatform
[2019.05.04-11.58.05:502][  0]LogTemp: Display: Loaded TP AndroidTargetPlatform
[2019.05.04-11.58.05:502][  0]LogTemp: Display: Loaded TP AndroidTargetPlatform
[2019.05.04-11.58.05:502][  0]LogTemp: Display: Loaded TP AndroidTargetPlatform
[2019.05.04-11.58.05:502][  0]LogTemp: Display: Loaded TP AndroidTargetPlatform
[2019.05.04-11.58.05:504][  0]LogTemp: Display: Loaded TP HTML5TargetPlatform
[2019.05.04-11.58.05:568][  0]LogTemp: Display: Loaded TP IOSTargetPlatform
[2019.05.04-11.58.05:568][  0]LogTemp: Display: Loaded TP IOSTargetPlatform
[2019.05.04-11.58.05:589][  0]LogTemp: Display: Loaded TP TVOSTargetPlatform
[2019.05.04-11.58.05:589][  0]LogTemp: Display: Loaded TP TVOSTargetPlatform
[2019.05.04-11.58.05:600][  0]LogTemp: Display: Loaded TP LinuxClientTargetPlatform
[2019.05.04-11.58.05:611][  0]LogTemp: Display: Loaded TP LinuxNoEditorTargetPlatform
[2019.05.04-11.58.05:624][  0]LogTemp: Display: Loaded TP LinuxServerTargetPlatform
[2019.05.04-11.58.05:639][  0]LogTemp: Display: Loaded TP LinuxTargetPlatform
[2019.05.04-11.58.05:682][  0]LogTemp: Display: Loaded TP LuminTargetPlatform
[2019.05.04-11.58.05:682][  0]LogTemp: Display: Loaded TP LuminTargetPlatform
[2019.05.04-11.58.05:682][  0]LogTargetPlatformManager: Display: Building Assets For Windows
[2019.05.04-11.58.05:758][  0]LogShaderCompilers: Guid format shader working directory is 8 characters bigger than the processId version (B:/Develope/Sourcetree/LostDark/LostDark/Intermediate/Shaders/WorkingDirectory/15196/).
[2019.05.04-11.58.05:758][  0]LogShaderCompilers: Cleaned the shader compiler working directory 'C:/Users/SungHoon/AppData/Local/Temp/UnrealShaderWorkingDir/A29F14C54F3053CF3AD774B722270303/'.
[2019.05.04-11.58.05:761][  0]LogXGEController: Cleaning working directory: C:/Users/SungHoon/AppData/Local/Temp/UnrealXGEWorkingDir/
[2019.05.04-11.58.05:761][  0]LogXGEController: Cannot use XGE Controller as Incredibuild is not installed on this machine.
[2019.05.04-11.58.05:761][  0]LogShaderCompilers: Cannot use XGE Shader Compiler as Incredibuild is not installed on this machine.
[2019.05.04-11.58.05:761][  0]LogShaderCompilers: Display: Using Local Shader Compiler.
[2019.05.04-11.58.07:143][  0]LogDerivedDataCache: Display: Max Cache Size: 512 MB
[2019.05.04-11.58.07:283][  0]LogDerivedDataCache: Loaded boot cache 0.14s 109MB C:/Users/SungHoon/AppData/Local/UnrealEngine/4.21/DerivedDataCache/Boot.ddc.
[2019.05.04-11.58.07:283][  0]LogDerivedDataCache: Display: Loaded Boot cache: C:/Users/SungHoon/AppData/Local/UnrealEngine/4.21/DerivedDataCache/Boot.ddc
[2019.05.04-11.58.07:283][  0]LogDerivedDataCache: FDerivedDataBackendGraph:  Pak pak cache file B:/Develope/Sourcetree/LostDark/LostDark/DerivedDataCache/DDC.ddp not found, will not use a pak cache.
[2019.05.04-11.58.07:283][  0]LogDerivedDataCache: Unable to find inner node Pak for hierarchical cache Hierarchy.
[2019.05.04-11.58.07:283][  0]LogDerivedDataCache: FDerivedDataBackendGraph:  CompressedPak pak cache file B:/Develope/Sourcetree/LostDark/LostDark/DerivedDataCache/Compressed.ddp not found, will not use a pak cache.
[2019.05.04-11.58.07:283][  0]LogDerivedDataCache: Unable to find inner node CompressedPak for hierarchical cache Hierarchy.
[2019.05.04-11.58.07:298][  0]LogDerivedDataCache: Display: Pak cache opened for reading ../../../Engine/DerivedDataCache/Compressed.ddp.
[2019.05.04-11.58.07:298][  0]LogDerivedDataCache: FDerivedDataBackendGraph:  EnterprisePak pak cache file ../../../Enterprise/DerivedDataCache/Compressed.ddp not found, will not use a pak cache.
[2019.05.04-11.58.07:298][  0]LogDerivedDataCache: Unable to find inner node EnterprisePak for hierarchical cache Hierarchy.
[2019.05.04-11.58.07:309][  0]LogDerivedDataCache: Using Local data cache path C:/Users/SungHoon/AppData/Local/UnrealEngine/Common/DerivedDataCache: Writable
[2019.05.04-11.58.07:309][  0]LogDerivedDataCache: Shared data cache path not found in *engine.ini, will not use an Shared cache.
[2019.05.04-11.58.07:309][  0]LogDerivedDataCache: Unable to find inner node Shared for hierarchical cache Hierarchy.
[2019.05.04-11.58.07:330][  0]LogMaterial: Verifying Global Shaders for PCD3D_SM5
[2019.05.04-11.58.07:331][  0]LogSlate: Using FreeType 2.6.0
[2019.05.04-11.58.07:336][  0]LogSlate: SlateFontServices - WITH_FREETYPE: 1, WITH_HARFBUZZ: 1
[2019.05.04-11.58.07:613][  0]LogAssetRegistry: FAssetRegistry took 0.0327 seconds to start up
[2019.05.04-11.58.07:890][  0]LogInit: Selected Device Profile: [Windows]
[2019.05.04-11.58.08:029][  0]LogSimplygon: Simplygon DLL not present - disabling.
[2019.05.04-11.58.08:034][  0]LogMeshReduction: Using SimplygonSwarm for distributed automatic mesh merging
[2019.05.04-11.58.08:034][  0]LogMeshReduction: Using ProxyLODMeshReduction for automatic mesh merging
[2019.05.04-11.58.08:034][  0]LogMeshReduction: Using QuadricMeshReduction for automatic static mesh reduction
[2019.05.04-11.58.08:034][  0]LogMeshReduction: No automatic skeletal mesh reduction module available
[2019.05.04-11.58.08:051][  0]LogNetVersion: LostDark 1.0.0, NetCL: 4541578, EngineNetVer: 5, GameNetVer: 0 (Checksum: 1003383482)
[2019.05.04-11.58.08:519][  0]LogPackageLocalizationCache: Processed 11 localized package path(s) for 1 prioritized culture(s) in 0.051421 seconds
[2019.05.04-11.58.08:524][  0]LogUObjectArray: 39775 objects as part of root set at end of initial load.
[2019.05.04-11.58.08:524][  0]LogUObjectAllocator: 6914656 out of 0 bytes used by permanent object pool.
[2019.05.04-11.58.08:524][  0]LogUObjectArray: CloseDisregardForGC: 0/0 objects in disregard for GC pool
[2019.05.04-11.58.11:088][  0]LogTcpMessaging: Initializing TcpMessaging bridge
[2019.05.04-11.58.11:101][  0]LogUdpMessaging: Initializing bridge on interface 0.0.0.0:0 to multicast group 230.0.0.1:6666.
[2019.05.04-11.58.13:817][  0]LogTemp: Warning: Enroll Attack Montage
[2019.05.04-11.58.13:825][  0]LogTemp: Warning: Enroll Attack Montage
[2019.05.04-11.58.13:838][  0]LogTemp: Warning: Enroll Attack Montage
[2019.05.04-11.58.13:860][  0]LogTemp: Warning: Enroll Attack Montage
[2019.05.04-11.58.13:958][  0]SourceControl: 소스 컨트롤이 꺼졌습니다.
[2019.05.04-11.58.13:958][  0]SourceControl: 소스 컨트롤이 꺼졌습니다.
[2019.05.04-11.58.13:961][  0]SourceControl: 소스 컨트롤이 꺼졌습니다.
[2019.05.04-11.58.13:963][  0]SourceControl: 소스 컨트롤이 꺼졌습니다.
[2019.05.04-11.58.14:158][  0]LogAndroidPermission: UAndroidPermissionCallbackProxy::GetInstance
[2019.05.04-11.58.14:252][  0]LogOcInput: OculusInput pre-init called
[2019.05.04-11.58.14:390][  0]LogEngine: Initializing Engine...
[2019.05.04-11.58.14:390][  0]LogHMD: Failed to initialize OpenVR with code 110
[2019.05.04-11.58.14:391][  0]LogStats: UGameplayTagsManager::ConstructGameplayTagTree: ImportINI prefixes -  0.000 s
[2019.05.04-11.58.14:391][  0]LogStats: UGameplayTagsManager::ConstructGameplayTagTree: Construct from data asset -  0.000 s
[2019.05.04-11.58.14:392][  0]LogStats: UGameplayTagsManager::ConstructGameplayTagTree: ImportINI -  0.000 s
[2019.05.04-11.58.14:392][  0]LogStats: UGameplayTagsManager::ConstructGameplayTagTree: GameplayTagTreeChangedEvent.Broadcast -  0.000 s
[2019.05.04-11.58.14:612][  0]LogInit: Initializing FReadOnlyCVARCache
[2019.05.04-11.58.14:636][  0]LogAIModule: Creating AISystem for world Untitled
[2019.05.04-11.58.14:682][  0]LogInit: XAudio2 using '스피커(High Definition Audio 장치)' : 2 channels at 48 kHz using 16 bits per sample (channel mask 0x3)
[2019.05.04-11.58.14:714][  0]LogInit: FAudioDevice initialized.
[2019.05.04-11.58.14:714][  0]LogNetVersion: Set ProjectVersion to 1.0.0.0. Version Checksum will be recalculated on next use.
[2019.05.04-11.58.14:787][  0]LogDerivedDataCache: Saved boot cache 0.07s 109MB C:/Users/SungHoon/AppData/Local/UnrealEngine/4.21/DerivedDataCache/Boot.ddc.
[2019.05.04-11.58.14:801][  0]LogInit: Texture streaming: Enabled
[2019.05.04-11.58.14:826][  0]LogEngineSessionManager: EngineSessionManager initialized
[2019.05.04-11.58.14:861][  0]LogInit: Transaction tracking system initialized
[2019.05.04-11.58.14:899][  0]BlueprintLog: New page: 에디터 로드
[2019.05.04-11.58.15:095][  0]LocalizationService: 현지화 서비스가 비활성화되었습니다.
[2019.05.04-11.58.17:014][  0]LogFileCache: Scanning file cache for directory 'B:/Develope/Sourcetree/LostDark/LostDark/Content/' took 0.05s
[2019.05.04-11.58.17:014][  0]LogCook: Display: Max memory allowance for cook 16384mb min free memory 0mb
[2019.05.04-11.58.17:014][  0]LogCook: Display: Mobile HDR setting 1
[2019.05.04-11.58.17:014][  0]LogGameplayTags: Display: UGameplayTagsManager::DoneAddingNativeTags. DelegateIsBound: 0
[2019.05.04-11.58.17:014][  0]LogStats: UGameplayTagsManager::ConstructGameplayTagTree: ImportINI prefixes -  0.000 s
[2019.05.04-11.58.17:014][  0]LogStats: UGameplayTagsManager::ConstructGameplayTagTree: Construct from data asset -  0.000 s
[2019.05.04-11.58.17:014][  0]LogStats: UGameplayTagsManager::ConstructGameplayTagTree: ImportINI -  0.000 s
[2019.05.04-11.58.17:014][  0]LogStats: UGameplayTagsManager::ConstructGameplayTagTree: GameplayTagTreeChangedEvent.Broadcast -  0.000 s
[2019.05.04-11.58.17:226][  0]SourceControl: 소스 컨트롤이 꺼졌습니다.
[2019.05.04-11.58.17:226][  0]Cmd: MAP LOAD FILE="B:/Develope/Sourcetree/LostDark/LostDark/Content/DefaultLevel/DefaultLevel.umap" TEMPLATE=0 SHOWPROGRESS=1 FEATURELEVEL=3
[2019.05.04-11.58.17:251][  0]LightingResults: New page: 라이팅 빌드
[2019.05.04-11.58.17:255][  0]MapCheck: New page: 맵 체크
[2019.05.04-11.58.17:255][  0]LightingResults: New page: 라이팅 빌드
[2019.05.04-11.58.17:326][  0]LogLinker: Warning: '/Game/DefaultLevel/DefaultLevel_BuiltData' 파일을 찾을 수 없습니다.
[2019.05.04-11.58.17:327][  0]LogLinker: Warning: B:/Develope/Sourcetree/LostDark/LostDark/Content/DefaultLevel/DefaultLevel.umap 로드중 '/Game/DefaultLevel/DefaultLevel_BuiltData' 애셋에 대한 파일을 찾을 수 없습니다.
[2019.05.04-11.58.17:327][  0]LoadErrors: Error: /Game/DefaultLevel/DefaultLevel : 애셋에 대한 파일을 찾을 수 없습니다. /Game/DefaultLevel/DefaultLevel_BuiltData
[2019.05.04-11.58.17:328][  0]LogLinker: Warning: '/Game/DefaultLevel/DefaultLevel_BuiltData' 파일을 찾을 수 없습니다.
[2019.05.04-11.58.17:328][  0]LogLinker: Warning: B:/Develope/Sourcetree/LostDark/LostDark/Content/DefaultLevel/DefaultLevel.umap 로드중 '/Game/DefaultLevel/DefaultLevel_BuiltData' 애셋에 대한 파일을 찾을 수 없습니다.
[2019.05.04-11.58.17:328][  0]LoadErrors: Error: /Game/DefaultLevel/DefaultLevel : 애셋에 대한 파일을 찾을 수 없습니다. /Game/DefaultLevel/DefaultLevel_BuiltData
[2019.05.04-11.58.17:351][  0]LogLinker: Warning: '/Game/DefaultLevel/DefaultLevel_BuiltData' 파일을 찾을 수 없습니다.
[2019.05.04-11.58.17:351][  0]LogLinker: Warning: NULL 로드중 '/Game/DefaultLevel/DefaultLevel_BuiltData' 애셋에 대한 파일을 찾을 수 없습니다.
[2019.05.04-11.58.17:351][  0]LogLinker: Warning: '/Game/DefaultLevel/DefaultLevel_BuiltData' 파일을 찾을 수 없습니다.
[2019.05.04-11.58.17:351][  0]LogLinker: Warning: NULL 로드중 '/Game/DefaultLevel/DefaultLevel_BuiltData' 애셋에 대한 파일을 찾을 수 없습니다.
[2019.05.04-11.58.17:357][  0]LogLinker: Warning: '/Game/DefaultLevel/DefaultLevel_BuiltData' 파일을 찾을 수 없습니다.
[2019.05.04-11.58.17:357][  0]LoadErrors: 로드에 실패했습니다. /Game/DefaultLevel/DefaultLevel_BuiltData.DefaultLevel_BuiltData 레퍼런싱한 것: PersistentLevel
[2019.05.04-11.58.17:357][  0]LogLinker: Warning: NULL 로드중 '/Game/DefaultLevel/DefaultLevel_BuiltData' 애셋에 대한 파일을 찾을 수 없습니다.
[2019.05.04-11.58.17:357][  0]LoadErrors: 로드에 실패했습니다. /Game/DefaultLevel/DefaultLevel_BuiltData.DefaultLevel_BuiltData 레퍼런싱한 것: PersistentLevel
[2019.05.04-11.58.17:466][  0]LogAIModule: Creating AISystem for world DefaultLevel
[2019.05.04-11.58.17:471][  0]LogEditorServer: Finished looking for orphan Actors (0.000 secs)
[2019.05.04-11.58.17:496][  0]Cmd: MAP CHECKDEP NOCLEARLOG
[2019.05.04-11.58.17:496][  0]MapCheck: 맵 체크 완료: 오류 0 회, 경고 0 회, 소요 시간 0.069ms.
[2019.05.04-11.58.17:496][  0]LogFileHelpers: Loading map 'DefaultLevel' took 0.271
[2019.05.04-11.58.17:611][  0]LogSlate: Updating window title bar state: overlay mode, drag disabled, window buttons hidden, title bar hidden
[2019.05.04-11.58.17:620][  0]LogSlate: Updating window title bar state: overlay mode, drag disabled, window buttons hidden, title bar hidden
[2019.05.04-11.58.17:627][  0]LogSlate: Updating window title bar state: overlay mode, drag disabled, window buttons hidden, title bar hidden
[2019.05.04-11.58.17:633][  0]LogSlate: Updating window title bar state: overlay mode, drag disabled, window buttons hidden, title bar hidden
[2019.05.04-11.58.17:646][  0]LogCollectionManager: Loaded 0 collections in 0.001870 seconds
[2019.05.04-11.58.17:662][  0]LogFileCache: Scanning file cache for directory 'B:/Develope/Sourcetree/LostDark/LostDark/Saved/Collections/' took 0.01s
[2019.05.04-11.58.17:662][  0]LogFileCache: Scanning file cache for directory 'B:/Develope/Sourcetree/LostDark/LostDark/Content/Developers/SungHoon/Collections/' took 0.00s
[2019.05.04-11.58.17:662][  0]LogFileCache: Scanning file cache for directory 'B:/Develope/Sourcetree/LostDark/LostDark/Content/Collections/' took 0.00s
[2019.05.04-11.58.17:662][  0]LogCollectionManager: Rebuilt the GUID cache for 0 collections in 0.000000 seconds
[2019.05.04-11.58.17:670][  0]LogContentBrowser: Native class hierarchy populated in 0.0079 seconds. Added 2657 classes and 623 folders.
[2019.05.04-11.58.17:678][  0]LogContentBrowser: Native class hierarchy updated for 'WidgetCarousel' in 0.0003 seconds. Added 0 classes and 0 folders.
[2019.05.04-11.58.17:685][  0]LogPakFile: Registered encryption key '00000000000000000000000000000000': 0 pak files mounted, 0 remain pending
[2019.05.04-11.58.17:690][  0]LogPakFile: Registered encryption key '00000000000000000000000000000000': 0 pak files mounted, 0 remain pending
[2019.05.04-11.58.17:703][  0]LogPakFile: Registered encryption key '00000000000000000000000000000000': 0 pak files mounted, 0 remain pending
[2019.05.04-11.58.17:707][  0]LogPakFile: Registered encryption key '00000000000000000000000000000000': 0 pak files mounted, 0 remain pending
[2019.05.04-11.58.17:711][  0]LogPakFile: Registered encryption key '00000000000000000000000000000000': 0 pak files mounted, 0 remain pending
[2019.05.04-11.58.17:715][  0]LogPakFile: Registered encryption key '00000000000000000000000000000000': 0 pak files mounted, 0 remain pending
[2019.05.04-11.58.17:720][  0]LogPakFile: Registered encryption key '00000000000000000000000000000000': 0 pak files mounted, 0 remain pending
[2019.05.04-11.58.17:724][  0]LogPakFile: Registered encryption key '00000000000000000000000000000000': 0 pak files mounted, 0 remain pending
[2019.05.04-11.58.17:729][  0]LogPakFile: Registered encryption key '00000000000000000000000000000000': 0 pak files mounted, 0 remain pending
[2019.05.04-11.58.17:735][  0]LogPakFile: Registered encryption key '00000000000000000000000000000000': 0 pak files mounted, 0 remain pending
[2019.05.04-11.58.17:739][  0]LogPakFile: Registered encryption key '00000000000000000000000000000000': 0 pak files mounted, 0 remain pending
[2019.05.04-11.58.17:743][  0]LogPakFile: Registered encryption key '00000000000000000000000000000000': 0 pak files mounted, 0 remain pending
[2019.05.04-11.58.17:747][  0]LogPakFile: Registered encryption key '00000000000000000000000000000000': 0 pak files mounted, 0 remain pending
[2019.05.04-11.58.17:752][  0]LogPakFile: Registered encryption key '00000000000000000000000000000000': 0 pak files mounted, 0 remain pending
[2019.05.04-11.58.17:756][  0]LogPakFile: Registered encryption key '00000000000000000000000000000000': 0 pak files mounted, 0 remain pending
[2019.05.04-11.58.17:760][  0]LogPakFile: Registered encryption key '00000000000000000000000000000000': 0 pak files mounted, 0 remain pending
[2019.05.04-11.58.17:776][  0]LogPakFile: Registered encryption key '00000000000000000000000000000000': 0 pak files mounted, 0 remain pending
[2019.05.04-11.58.17:781][  0]LogPakFile: Registered encryption key '00000000000000000000000000000000': 0 pak files mounted, 0 remain pending
[2019.05.04-11.58.17:785][  0]LogPakFile: Registered encryption key '00000000000000000000000000000000': 0 pak files mounted, 0 remain pending
[2019.05.04-11.58.17:789][  0]LogPakFile: Registered encryption key '00000000000000000000000000000000': 0 pak files mounted, 0 remain pending
[2019.05.04-11.58.17:809][  0]LogPakFile: Registered encryption key '00000000000000000000000000000000': 0 pak files mounted, 0 remain pending
[2019.05.04-11.58.17:814][  0]LogPakFile: Registered encryption key '00000000000000000000000000000000': 0 pak files mounted, 0 remain pending
[2019.05.04-11.58.17:818][  0]LogPakFile: Registered encryption key '00000000000000000000000000000000': 0 pak files mounted, 0 remain pending
[2019.05.04-11.58.17:823][  0]LogPakFile: Registered encryption key '00000000000000000000000000000000': 0 pak files mounted, 0 remain pending
[2019.05.04-11.58.17:827][  0]LogPakFile: Registered encryption key '00000000000000000000000000000000': 0 pak files mounted, 0 remain pending
[2019.05.04-11.58.17:831][  0]LogPakFile: Registered encryption key '00000000000000000000000000000000': 0 pak files mounted, 0 remain pending
[2019.05.04-11.58.17:970][  0]LogContentBrowser: Native class hierarchy updated for 'AddContentDialog' in 0.0004 seconds. Added 0 classes and 0 folders.
[2019.05.04-11.58.17:977][  0]LogContentBrowser: Native class hierarchy updated for 'SceneOutliner' in 0.0004 seconds. Added 1 classes and 2 folders.
[2019.05.04-11.58.18:036][  0]LogSlate: Took 0.004901 seconds to synchronously load lazily loaded font '../../../Engine/Content/Slate/Fonts/Roboto-Regular.ttf' (155K)
[2019.05.04-11.58.18:045][  0]LogSlate: Took 0.008420 seconds to synchronously load lazily loaded font '../../../Engine/Content/Editor/Slate/Fonts/NanumGothic.ttf' (4243K)
[2019.05.04-11.58.18:055][  0]LogSlate: Took 0.007724 seconds to synchronously load lazily loaded font '../../../Engine/Content/Editor/Slate/Fonts/NanumGothicBold.ttf' (4188K)
[2019.05.04-11.58.18:058][  0]LogSlate: Took 0.003448 seconds to synchronously load lazily loaded font '../../../Engine/Content/Slate/Fonts/Roboto-Bold.ttf' (160K)
[2019.05.04-11.58.18:064][  0]LogSlate: Took 0.003613 seconds to synchronously load lazily loaded font '../../../Engine/Content/Editor/Slate/Fonts/FontAwesome.ttf' (139K)
[2019.05.04-11.58.18:069][  0]LogSlate: Took 0.004604 seconds to synchronously load lazily loaded font '../../../Engine/Content/Slate/Fonts/DroidSansMono.ttf' (77K)
[2019.05.04-11.58.18:111][  0]LogSlate: Took 0.007666 seconds to synchronously load lazily loaded font '../../../Engine/Content/Editor/Slate/Fonts/NanumGothicExtraBold.ttf' (4074K)
[2019.05.04-11.58.18:266][  0]LogRenderer: Reallocating scene render targets to support 1228x624 Format 10 NumSamples 1 (Frame:1).
[2019.05.04-11.58.18:400][  0]LogContentBrowser: Native class hierarchy updated for 'HierarchicalLODOutliner' in 0.0003 seconds. Added 0 classes and 0 folders.
[2019.05.04-11.58.18:400][  0]LogLoad: (Engine Initialization) Total time: 18.63 seconds
[2019.05.04-11.58.18:400][  0]LogLoad: (Engine Initialization) Total Blueprint compile time: 0.00 seconds
[2019.05.04-11.58.18:494][  0]LogContentStreaming: Texture pool size now 1000 MB
[2019.05.04-11.58.18:778][  3]LogAssetRegistry: Asset discovery search completed in 11.1868 seconds
[2019.05.04-11.58.18:780][  3]LogCollectionManager: Rebuilt the object cache for 0 collections in 0.000000 seconds (found 0 objects)
[2019.05.04-11.58.18:780][  3]LogCollectionManager: Fixed up redirectors for 0 collections in 0.000207 seconds (updated 0 objects)
[2019.05.04-11.58.20:451][  8]LogSlate: FSceneViewport::OnFocusLost() reason 0
[2019.05.04-11.58.20:537][ 17]LogTemp: Repeating last play command: 선택된 뷰포트
[2019.05.04-11.58.20:554][ 17]LogBlueprintUserMessages: Early PlayInEditor Detection: Level '/Game/DefaultLevel/DefaultLevel.DefaultLevel:PersistentLevel' has LevelScriptBlueprint '/Game/DefaultLevel/DefaultLevel.DefaultLevel:PersistentLevel.DefaultLevel' with GeneratedClass '/Game/DefaultLevel/DefaultLevel.DefaultLevel_C' with ClassGeneratedBy '/Game/DefaultLevel/DefaultLevel.DefaultLevel:PersistentLevel.DefaultLevel'
[2019.05.04-11.58.20:554][ 17]LogPlayLevel: PlayLevel: No blueprints needed recompiling
[2019.05.04-11.58.20:555][ 17]PIE: New page: PIE 세션: DefaultLevel (2019. 5. 5. 오전 5:58:20)
[2019.05.04-11.58.20:567][ 17]LogLinker: Warning: '/Game/YJ/Blueprints/GameInstance' 파일을 찾을 수 없습니다.
[2019.05.04-11.58.20:568][ 17]LogLinker: Warning: '/Game/YJ/Blueprints/GameInstance' 파일을 찾을 수 없습니다.
[2019.05.04-11.58.20:568][ 17]LogUObjectGlobals: Warning: 'Class /Game/YJ/Blueprints/GameInstance.GameInstance_C' 오브젝트를 찾는 데 실패했습니다.
[2019.05.04-11.58.20:568][ 17]LogPlayLevel: Creating play world package: /Game/DefaultLevel/UEDPIE_0_DefaultLevel
[2019.05.04-11.58.20:571][ 17]LogPlayLevel: PIE: StaticDuplicateObject took: (0.002341s)
[2019.05.04-11.58.20:572][ 17]LogAIModule: Creating AISystem for world DefaultLevel
[2019.05.04-11.58.20:572][ 17]LogPlayLevel: PIE: World Init took: (0.000805s)
[2019.05.04-11.58.20:572][ 17]LogPlayLevel: PIE: Created PIE world by copying editor world from /Game/DefaultLevel/DefaultLevel.DefaultLevel to /Game/DefaultLevel/UEDPIE_0_DefaultLevel.DefaultLevel (0.003706s)
[2019.05.04-11.58.20:615][ 17]LogInit: XAudio2 using '스피커(High Definition Audio 장치)' : 2 channels at 48 kHz using 16 bits per sample (channel mask 0x3)
[2019.05.04-11.58.20:636][ 17]LogInit: FAudioDevice initialized.
[2019.05.04-11.58.20:862][ 17]LogLoad: Game class is 'ThirdPersonGameMode_C'
[2019.05.04-11.58.20:864][ 17]LogWorld: Bringing World /Game/DefaultLevel/UEDPIE_0_DefaultLevel.DefaultLevel up for play (max tick rate 0) at 2019.05.04-20.58.20
[2019.05.04-11.58.20:865][ 17]LogWorld: Bringing up level for play took: 0.000677
[2019.05.04-11.58.20:882][ 17]LogContentBrowser: Native class hierarchy updated for 'MovieSceneCapture' in 0.0004 seconds. Added 20 classes and 0 folders.
[2019.05.04-11.58.20:884][ 17]LostDark: Error: ALostDarkCharacter::PostInitializeComponents(120) ASSERTION : 'nullptr != GSAnim'
[2019.05.04-11.58.20:885][ 17]PIE: /Game/DefaultLevel/UEDPIE_0_DefaultLevel 에 대한 에디터에서 플레이 시작 시간: -0.108
[2019.05.04-11.58.20:885][ 17]LogBlueprintUserMessages: Late PlayInEditor Detection: Level '/Game/DefaultLevel/DefaultLevel.DefaultLevel:PersistentLevel' has LevelScriptBlueprint '/Game/DefaultLevel/DefaultLevel.DefaultLevel:PersistentLevel.DefaultLevel' with GeneratedClass '/Game/DefaultLevel/DefaultLevel.DefaultLevel_C' with ClassGeneratedBy '/Game/DefaultLevel/DefaultLevel.DefaultLevel:PersistentLevel.DefaultLevel'
[2019.05.04-11.58.20:890][ 17]LogSlate: Took 0.002162 seconds to synchronously load lazily loaded font '../../../Engine/Content/Slate/Fonts/../../Editor/Slate/Fonts/NanumGothic.ttf' (4243K)
[2019.05.04-11.58.23:516][329]LogFileCache: Retrieving MD5 hashes for directory 'B:/Develope/Sourcetree/LostDark/LostDark/Content/' took 5.08s
[2019.05.04-11.58.40:483][830]LogWindows: Error: === Critical error: ===
[2019.05.04-11.58.40:483][830]LogWindows: Error: 
[2019.05.04-11.58.40:483][830]LogWindows: Error: Fatal error!
[2019.05.04-11.58.40:483][830]LogWindows: Error: 
[2019.05.04-11.58.40:483][830]LogWindows: Error: Unhandled Exception: EXCEPTION_ACCESS_VIOLATION reading address 0x000003e0
[2019.05.04-11.58.40:483][830]LogWindows: Error: 
[2019.05.04-11.58.40:483][830]LogWindows: Error: [Callstack] 0x00007fff55ac70ff UE4Editor-LostDark-4990.dll!UnknownFunction []
[2019.05.04-11.58.40:483][830]LogWindows: Error: [Callstack] 0x00007fff55ac9cfc UE4Editor-LostDark-4990.dll!UnknownFunction []
[2019.05.04-11.58.40:483][830]LogWindows: Error: [Callstack] 0x00007fff6442a699 UE4Editor-Engine.dll!FInputActionUnifiedDelegate::Execute() [d:\build\++ue4\sync\engine\source\runtime\engine\classes\components\inputcomponent.h:232]
[2019.05.04-11.58.40:483][830]LogWindows: Error: [Callstack] 0x00007fff6445c642 UE4Editor-Engine.dll!UPlayerInput::ProcessInputStack() [d:\build\++ue4\sync\engine\source\runtime\engine\private\userinterface\playerinput.cpp:1295]
[2019.05.04-11.58.40:483][830]LogWindows: Error: [Callstack] 0x00007fff63f11bdc UE4Editor-Engine.dll!APlayerController::ProcessPlayerInput() [d:\build\++ue4\sync\engine\source\runtime\engine\private\playercontroller.cpp:2476]
[2019.05.04-11.58.40:483][830]LogWindows: Error: [Callstack] 0x00007fff63f26b28 UE4Editor-Engine.dll!APlayerController::TickPlayerInput() [d:\build\++ue4\sync\engine\source\runtime\engine\private\playercontroller.cpp:4404]
[2019.05.04-11.58.40:483][830]LogWindows: Error: [Callstack] 0x00007fff63f0f63b UE4Editor-Engine.dll!APlayerController::PlayerTick() [d:\build\++ue4\sync\engine\source\runtime\engine\private\playercontroller.cpp:2137]
[2019.05.04-11.58.40:483][830]LogWindows: Error: [Callstack] 0x00007fff63f25908 UE4Editor-Engine.dll!APlayerController::TickActor() [d:\build\++ue4\sync\engine\source\runtime\engine\private\playercontroller.cpp:4543]
[2019.05.04-11.58.40:483][830]LogWindows: Error: [Callstack] 0x00007fff630af123 UE4Editor-Engine.dll!FActorTickFunction::ExecuteTick() [d:\build\++ue4\sync\engine\source\runtime\engine\private\actor.cpp:137]
[2019.05.04-11.58.40:483][830]LogWindows: Error: [Callstack] 0x00007fff64354a2d UE4Editor-Engine.dll!TGraphTask<FTickFunctionTask>::ExecuteTask() [d:\build\++ue4\sync\engine\source\runtime\core\public\async\taskgraphinterfaces.h:829]
[2019.05.04-11.58.40:483][830]LogWindows: Error: [Callstack] 0x00007fff6e4d1798 UE4Editor-Core.dll!FNamedTaskThread::ProcessTasksNamedThread() [d:\build\++ue4\sync\engine\source\runtime\core\private\async\taskgraph.cpp:679]
[2019.05.04-11.58.40:483][830]LogWindows: Error: [Callstack] 0x00007fff6e4d1c56 UE4Editor-Core.dll!FNamedTaskThread::ProcessTasksUntilQuit() [d:\build\++ue4\sync\engine\source\runtime\core\private\async\taskgraph.cpp:575]
[2019.05.04-11.58.40:483][830]LogWindows: Error: [Callstack] 0x00007fff6e4e5085 UE4Editor-Core.dll!FTaskGraphImplementation::WaitUntilTasksComplete() [d:\build\++ue4\sync\engine\source\runtime\core\private\async\taskgraph.cpp:1444]
[2019.05.04-11.58.40:483][830]LogWindows: Error: [Callstack] 0x00007fff643abb64 UE4Editor-Engine.dll!FTickTaskSequencer::ReleaseTickGroup() [d:\build\++ue4\sync\engine\source\runtime\engine\private\ticktaskmanager.cpp:556]
[2019.05.04-11.58.40:483][830]LogWindows: Error: [Callstack] 0x00007fff643bb9a2 UE4Editor-Engine.dll!FTickTaskManager::RunTickGroup() [d:\build\++ue4\sync\engine\source\runtime\engine\private\ticktaskmanager.cpp:1474]
[2019.05.04-11.58.40:483][830]LogWindows: Error: [Callstack] 0x00007fff63a8b6e4 UE4Editor-Engine.dll!UWorld::RunTickGroup() [d:\build\++ue4\sync\engine\source\runtime\engine\private\leveltick.cpp:783]
[2019.05.04-11.58.40:483][830]LogWindows: Error: [Callstack] 0x00007fff63a974e2 UE4Editor-Engine.dll!UWorld::Tick() [d:\build\++ue4\sync\engine\source\runtime\engine\private\leveltick.cpp:1460]
[2019.05.04-11.58.40:483][830]LogWindows: Error: [Callstack] 0x00007fff6d0e2085 UE4Editor-UnrealEd.dll!UEditorEngine::Tick() [d:\build\++ue4\sync\engine\source\editor\unrealed\private\editorengine.cpp:1726]
[2019.05.04-11.58.40:483][830]LogWindows: Error: [Callstack] 0x00007fff6da02346 UE4Editor-UnrealEd.dll!UUnrealEdEngine::Tick() [d:\build\++ue4\sync\engine\source\editor\unrealed\private\unrealedengine.cpp:403]
[2019.05.04-11.58.40:483][830]LogWindows: Error: [Callstack] 0x00007ff7edc26225 UE4Editor.exe!FEngineLoop::Tick() [d:\build\++ue4\sync\engine\source\runtime\launch\private\launchengineloop.cpp:3699]
[2019.05.04-11.58.40:483][830]LogWindows: Error: [Callstack] 0x00007ff7edc3596c UE4Editor.exe!GuardedMain() [d:\build\++ue4\sync\engine\source\runtime\launch\private\launch.cpp:174]
[2019.05.04-11.58.40:483][830]LogWindows: Error: [Callstack] 0x00007ff7edc359ea UE4Editor.exe!GuardedMainWrapper() [d:\build\++ue4\sync\engine\source\runtime\launch\private\windows\launchwindows.cpp:145]
[2019.05.04-11.58.40:483][830]LogWindows: Error: [Callstack] 0x00007ff7edc448da UE4Editor.exe!WinMain() [d:\build\++ue4\sync\engine\source\runtime\launch\private\windows\launchwindows.cpp:276]
[2019.05.04-11.58.40:483][830]LogWindows: Error: [Callstack] 0x00007ff7edc4659a UE4Editor.exe!__scrt_common_main_seh() [f:\dd\vctools\crt\vcstartup\src\startup\exe_common.inl:283]
[2019.05.04-11.58.40:483][830]LogWindows: Error: [Callstack] 0x00007fffa8217974 KERNEL32.DLL!UnknownFunction []
[2019.05.04-11.58.40:483][830]LogWindows: Error: [Callstack] 0x00007fffa992a271 ntdll.dll!UnknownFunction []
[2019.05.04-11.58.40:483][830]LogWindows: Error: 
[2019.05.04-11.58.40:497][830]LogExit: Executing StaticShutdownAfterError
[2019.05.04-11.58.40:500][830]LogWindows: FPlatformMisc::RequestExit(1)
[2019.05.04-11.58.40:510][830]Log file closed, 05/04/19 20:58:40
