Log file open, 05/30/19 21:06:41
LogWindows: Failed to load 'aqProf.dll' (GetLastError=126)
LogWindows: File 'aqProf.dll' does not exist
LogWindows: Failed to load 'VtuneApi.dll' (GetLastError=126)
LogWindows: File 'VtuneApi.dll' does not exist
LogWindows: Failed to load 'VtuneApi32e.dll' (GetLastError=126)
LogWindows: File 'VtuneApi32e.dll' does not exist
LogConsoleResponse: Display: Failed to find resolution value strings in scalability ini. Falling back to default.
LogInit: Display: Running engine for game: LostDark
LogPakFile: Registered encryption key '00000000000000000000000000000000': 0 pak files mounted, 0 remain pending
LogPlatformFile: Not using cached read wrapper
LogTaskGraph: Started task graph with 5 named threads and 23 total threads with 3 sets of task threads.
LogStats: Stats thread started at 0.304448
LogD3D11RHI: Loaded GFSDK_Aftermath_Lib.x64.dll
LogICUInternationalization: ICU TimeZone Detection - Raw Offset: +9:00, Platform Override: ''
LogPluginManager: Mounting plugin Paper2D
LogPluginManager: Mounting plugin AISupport
LogPluginManager: Mounting plugin LightPropagationVolume
LogPluginManager: Mounting plugin ActorLayerUtilities
LogPluginManager: Mounting plugin CLionSourceCodeAccess
LogPluginManager: Mounting plugin CodeLiteSourceCodeAccess
LogPluginManager: Mounting plugin GitSourceControl
LogPluginManager: Mounting plugin KDevelopSourceCodeAccess
LogPluginManager: Mounting plugin NullSourceCodeAccess
LogPluginManager: Mounting plugin PerforceSourceControl
LogPluginManager: Mounting plugin SubversionSourceControl
LogPluginManager: Mounting plugin UObjectPlugin
LogPluginManager: Mounting plugin VisualStudioCodeSourceCodeAccess
LogPluginManager: Mounting plugin VisualStudioSourceCodeAccess
LogPluginManager: Mounting plugin XCodeSourceCodeAccess
LogPluginManager: Mounting plugin AssetManagerEditor
LogPluginManager: Mounting plugin CryptoKeys
LogPluginManager: Mounting plugin DataValidation
LogPluginManager: Mounting plugin FacialAnimation
LogPluginManager: Mounting plugin GameplayTagsEditor
LogPluginManager: Mounting plugin MacGraphicsSwitching
LogPluginManager: Mounting plugin MeshEditor
LogPluginManager: Mounting plugin MobileLauncherProfileWizard
LogPluginManager: Mounting plugin PluginBrowser
LogPluginManager: Mounting plugin SpeedTreeImporter
LogPluginManager: Mounting plugin DatasmithContent
LogPluginManager: Mounting plugin VariantManagerContent
LogPluginManager: Mounting plugin AlembicImporter
LogPluginManager: Mounting plugin AppleImageUtils
LogPluginManager: Mounting plugin AppleVision
LogPluginManager: Mounting plugin BackChannel
LogPluginManager: Mounting plugin CharacterAI
LogPluginManager: Mounting plugin GeometryCache
LogPluginManager: Mounting plugin HTML5Networking
LogPluginManager: Mounting plugin ProxyLODPlugin
LogPluginManager: Mounting plugin MagicLeap
LogPluginManager: Mounting plugin MagicLeapMedia
LogPluginManager: Mounting plugin AndroidMedia
LogPluginManager: Mounting plugin AvfMedia
LogPluginManager: Mounting plugin ImgMedia
LogPluginManager: Mounting plugin LinearTimecode
LogPluginManager: Mounting plugin MediaCompositing
LogPluginManager: Mounting plugin MediaPlayerEditor
LogPluginManager: Mounting plugin WebMMedia
LogPluginManager: Mounting plugin WmfMedia
LogPluginManager: Mounting plugin TcpMessaging
LogPluginManager: Mounting plugin UdpMessaging
LogPluginManager: Mounting plugin ActorSequence
LogPluginManager: Mounting plugin LevelSequenceEditor
LogPluginManager: Mounting plugin MatineeToLevelSequence
LogPluginManager: Mounting plugin NetcodeUnitTest
LogPluginManager: Mounting plugin NUTUnrealEngine4
LogPluginManager: Mounting plugin OnlineSubsystemGooglePlay
LogPluginManager: Mounting plugin OnlineSubsystemIOS
LogPluginManager: Mounting plugin OnlineSubsystem
LogPluginManager: Mounting plugin OnlineSubsystemNull
LogPluginManager: Mounting plugin OnlineSubsystemUtils
LogPluginManager: Mounting plugin LauncherChunkInstaller
LogPluginManager: Mounting plugin AndroidDeviceProfileSelector
LogPluginManager: Mounting plugin AndroidMoviePlayer
LogPluginManager: Mounting plugin AndroidPermission
LogPluginManager: Mounting plugin AppleMoviePlayer
LogPluginManager: Mounting plugin ArchVisCharacter
LogPluginManager: Mounting plugin AudioCapture
LogPluginManager: Mounting plugin CableComponent
LogPluginManager: Mounting plugin CustomMeshComponent
LogPluginManager: Mounting plugin EditableMesh
LogPluginManager: Mounting plugin ExampleDeviceProfileSelector
LogPluginManager: Mounting plugin Firebase
LogPluginManager: Mounting plugin GoogleCloudMessaging
LogPluginManager: Mounting plugin IOSDeviceProfileSelector
LogPluginManager: Mounting plugin LinuxDeviceProfileSelector
LogPluginManager: Mounting plugin LocationServicesBPLibrary
LogPluginManager: Mounting plugin MobilePatchingUtils
LogPluginManager: Mounting plugin OculusVR
LogPluginManager: Mounting plugin PhysXVehicles
LogPluginManager: Mounting plugin ProceduralMeshComponent
LogPluginManager: Mounting plugin RuntimePhysXCooking
LogPluginManager: Mounting plugin SteamVR
LogPluginManager: Mounting plugin WebMMoviePlayer
LogPluginManager: Mounting plugin WindowsMoviePlayer
LogStreaming: Display: Took  0.084s to configure plugins.
LogInit: Using libcurl 7.55.1-DEV
LogInit:  - built for x86_64-pc-win32
LogInit:  - supports SSL with OpenSSL/1.0.2h
LogInit:  - supports HTTP deflate (compression) using libz 1.2.8
LogInit:  - other features:
LogInit:      CURL_VERSION_SSL
LogInit:      CURL_VERSION_LIBZ
LogInit:      CURL_VERSION_IPV6
LogInit:      CURL_VERSION_ASYNCHDNS
LogInit:      CURL_VERSION_LARGEFILE
LogInit:      CURL_VERSION_IDN
LogInit:  CurlRequestOptions (configurable via config and command line):
LogInit:  - bVerifyPeer = true  - Libcurl will verify peer certificate
LogInit:  - bUseHttpProxy = false  - Libcurl will NOT use HTTP proxy
LogInit:  - bDontReuseConnections = false  - Libcurl will reuse connections
LogInit:  - MaxHostConnections = 16  - Libcurl will limit the number of connections to a host
LogInit:  - LocalHostAddr = Default
LogInit:  - BufferSize = 65536
LogInit: WinSock: version 1.1 (2.2), MaxSocks=32767, MaxUdp=65467
LogInit: Build: ++UE4+Release-4.21-CL-4613538
LogInit: Engine Version: 4.21.1-4613538+++UE4+Release-4.21
LogInit: Compatible Engine Version: 4.21.0-4541578+++UE4+Release-4.21
LogInit: Net CL: 4541578
LogInit: OS: Windows 10 (), CPU: Intel(R) Core(TM) i5-8250U CPU @ 1.60GHz, GPU: Intel(R) UHD Graphics 620
LogInit: Compiled (64-bit): Nov 30 2018 04:13:25
LogInit: Compiled with Visual C++: 19.13.26129.00
LogInit: Build Configuration: Development
LogInit: Branch Name: ++UE4+Release-4.21
LogInit: Command Line: 
LogInit: Base Directory: E:/Program Files/Epic Games/UE_4.21/Engine/Binaries/Win64/
LogInit: Installed Engine Build: 1
LogDevObjectVersion: Number of dev versions registered: 22
LogDevObjectVersion:   Dev-Blueprints (B0D832E4-1F89-4F0D-ACCF-7EB736FD4AA2): 10
LogDevObjectVersion:   Dev-Build (E1C64328-A22C-4D53-A36C-8E866417BD8C): 0
LogDevObjectVersion:   Dev-Core (375EC13C-06E4-48FB-B500-84F0262A717E): 2
LogDevObjectVersion:   Dev-Editor (E4B068ED-F494-42E9-A231-DA0B2E46BB41): 26
LogDevObjectVersion:   Dev-Framework (CFFC743F-43B0-4480-9391-14DF171D2073): 34
LogDevObjectVersion:   Dev-Mobile (B02B49B5-BB20-44E9-A304-32B752E40360): 2
LogDevObjectVersion:   Dev-Networking (A4E4105C-59A1-49B5-A7C5-40C4547EDFEE): 0
LogDevObjectVersion:   Dev-Online (39C831C9-5AE6-47DC-9A44-9C173E1C8E7C): 0
LogDevObjectVersion:   Dev-Physics (78F01B33-EBEA-4F98-B9B4-84EACCB95AA2): 0
LogDevObjectVersion:   Dev-Platform (6631380F-2D4D-43E0-8009-CF276956A95A): 0
LogDevObjectVersion:   Dev-Rendering (12F88B9F-8875-4AFC-A67C-D90C383ABD29): 27
LogDevObjectVersion:   Dev-Sequencer (7B5AE74C-D270-4C10-A958-57980B212A5A): 9
LogDevObjectVersion:   Dev-VR (D7296918-1DD6-4BDD-9DE2-64A83CC13884): 2
LogDevObjectVersion:   Dev-LoadTimes (C2A15278-BFE7-4AFE-6C17-90FF531DF755): 1
LogDevObjectVersion:   Private-Geometry (6EACA3D4-40EC-4CC1-B786-8BED09428FC5): 3
LogDevObjectVersion:   Dev-AnimPhys (29E575DD-E0A3-4627-9D10-D276232CDCEA): 17
LogDevObjectVersion:   Dev-Anim (AF43A65D-7FD3-4947-9873-3E8ED9C1BB05): 2
LogDevObjectVersion:   Dev-ReflectionCapture (6B266CEC-1EC7-4B8F-A30B-E4D90942FC07): 1
LogDevObjectVersion:   Dev-Automation (0DF73D61-A23F-47EA-B727-89E90C41499A): 1
LogDevObjectVersion:   FortniteMain (601D1886-AC64-4F84-AA16-D3DE0DEAC7D6): 17
LogDevObjectVersion:   Dev-Enterprise (9DFFBCD6-494F-0158-E221-12823C92A888): 4
LogDevObjectVersion:   Dev-Niagara (F2AED0AC-9AFE-416F-8664-AA7FFA26D6FC): 1
LogStreaming: Display: Took  0.002s to delete old logs.
LogInit: Presizing for max 8388607 objects, including 0 objects not considered by GC, pre-allocating 0 bytes for permanent pool.
LogInit: Object subsystem initialized
LogConfig: Setting CVar [[con.DebugEarlyDefault:1]]
LogConfig: Setting CVar [[r.setres:1280x720]]
[2019.05.30-12.06.41:348][  0]LogConfig: Setting CVar [[r.VSync:0]]
[2019.05.30-12.06.41:348][  0]LogConfig: Setting CVar [[r.RHICmdBypass:0]]
[2019.05.30-12.06.41:348][  0]LogConfig: Applying CVar settings from Section [/Script/Engine.RendererSettings] File [E:/Workspace/SourceTree/Capstone/LostDark/Saved/Config/Windows/Engine.ini]
[2019.05.30-12.06.41:348][  0]LogConfig: Setting CVar [[r.GPUCrashDebugging:0]]
[2019.05.30-12.06.41:348][  0]LogConfig: Applying CVar settings from Section [/Script/Engine.RendererOverrideSettings] File [E:/Workspace/SourceTree/Capstone/LostDark/Saved/Config/Windows/Engine.ini]
[2019.05.30-12.06.41:348][  0]LogConfig: Applying CVar settings from Section [/Script/Engine.StreamingSettings] File [E:/Workspace/SourceTree/Capstone/LostDark/Saved/Config/Windows/Engine.ini]
[2019.05.30-12.06.41:348][  0]LogConfig: Setting CVar [[s.MinBulkDataSizeForAsyncLoading:131072]]
[2019.05.30-12.06.41:348][  0]LogConfig: Setting CVar [[s.AsyncLoadingThreadEnabled:0]]
[2019.05.30-12.06.41:348][  0]LogConfig: Setting CVar [[s.EventDrivenLoaderEnabled:1]]
[2019.05.30-12.06.41:348][  0]LogConfig: Setting CVar [[s.WarnIfTimeLimitExceeded:0]]
[2019.05.30-12.06.41:348][  0]LogConfig: Setting CVar [[s.TimeLimitExceededMultiplier:1.5]]
[2019.05.30-12.06.41:348][  0]LogConfig: Setting CVar [[s.TimeLimitExceededMinTime:0.005]]
[2019.05.30-12.06.41:348][  0]LogConfig: Setting CVar [[s.UseBackgroundLevelStreaming:1]]
[2019.05.30-12.06.41:348][  0]LogConfig: Setting CVar [[s.PriorityAsyncLoadingExtraTime:15.0]]
[2019.05.30-12.06.41:348][  0]LogConfig: Setting CVar [[s.LevelStreamingActorsUpdateTimeLimit:5.0]]
[2019.05.30-12.06.41:348][  0]LogConfig: Setting CVar [[s.PriorityLevelStreamingActorsUpdateExtraTime:5.0]]
[2019.05.30-12.06.41:348][  0]LogConfig: Setting CVar [[s.LevelStreamingComponentsRegistrationGranularity:10]]
[2019.05.30-12.06.41:348][  0]LogConfig: Setting CVar [[s.UnregisterComponentsTimeLimit:1.0]]
[2019.05.30-12.06.41:348][  0]LogConfig: Setting CVar [[s.LevelStreamingComponentsUnregistrationGranularity:5]]
[2019.05.30-12.06.41:349][  0]LogConfig: Applying CVar settings from Section [/Script/Engine.GarbageCollectionSettings] File [E:/Workspace/SourceTree/Capstone/LostDark/Saved/Config/Windows/Engine.ini]
[2019.05.30-12.06.41:349][  0]LogConfig: Setting CVar [[gc.MaxObjectsNotConsideredByGC:1]]
[2019.05.30-12.06.41:349][  0]LogConfig: Setting CVar [[gc.SizeOfPermanentObjectPool:0]]
[2019.05.30-12.06.41:349][  0]LogConfig: Setting CVar [[gc.FlushStreamingOnGC:0]]
[2019.05.30-12.06.41:349][  0]LogConfig: Setting CVar [[gc.NumRetriesBeforeForcingGC:10]]
[2019.05.30-12.06.41:349][  0]LogConfig: Setting CVar [[gc.AllowParallelGC:1]]
[2019.05.30-12.06.41:349][  0]LogConfig: Setting CVar [[gc.TimeBetweenPurgingPendingKillObjects:61.1]]
[2019.05.30-12.06.41:349][  0]LogConfig: Setting CVar [[gc.MaxObjectsInEditor:8388607]]
[2019.05.30-12.06.41:349][  0]LogConfig: Setting CVar [[gc.IncrementalBeginDestroyEnabled:1]]
[2019.05.30-12.06.41:349][  0]LogConfig: Setting CVar [[gc.CreateGCClusters:1]]
[2019.05.30-12.06.41:349][  0]LogConfig: Setting CVar [[gc.MergeGCClusters:0]]
[2019.05.30-12.06.41:349][  0]LogConfig: Setting CVar [[gc.MinGCClusterSize:5]]
[2019.05.30-12.06.41:349][  0]LogConfig: Setting CVar [[gc.ActorClusteringEnabled:0]]
[2019.05.30-12.06.41:349][  0]LogConfig: Setting CVar [[gc.BlueprintClusteringEnabled:0]]
[2019.05.30-12.06.41:349][  0]LogConfig: Setting CVar [[gc.UseDisregardForGCOnDedicatedServers:0]]
[2019.05.30-12.06.41:349][  0]LogConfig: Applying CVar settings from Section [/Script/Engine.NetworkSettings] File [E:/Workspace/SourceTree/Capstone/LostDark/Saved/Config/Windows/Engine.ini]
[2019.05.30-12.06.41:349][  0]LogConfig: Applying CVar settings from Section [/Script/UnrealEd.CookerSettings] File [E:/Workspace/SourceTree/Capstone/LostDark/Saved/Config/Windows/Engine.ini]
[2019.05.30-12.06.41:353][  0]LogConfig: Applying CVar settings from Section [ViewDistanceQuality@3] File [E:/Workspace/SourceTree/Capstone/LostDark/Saved/Config/Windows/Scalability.ini]
[2019.05.30-12.06.41:353][  0]LogConfig: Setting CVar [[r.SkeletalMeshLODBias:0]]
[2019.05.30-12.06.41:353][  0]LogConfig: Setting CVar [[r.ViewDistanceScale:1.0]]
[2019.05.30-12.06.41:353][  0]LogConfig: Applying CVar settings from Section [AntiAliasingQuality@3] File [E:/Workspace/SourceTree/Capstone/LostDark/Saved/Config/Windows/Scalability.ini]
[2019.05.30-12.06.41:353][  0]LogConfig: Setting CVar [[r.PostProcessAAQuality:4]]
[2019.05.30-12.06.41:353][  0]LogConfig: Applying CVar settings from Section [ShadowQuality@3] File [E:/Workspace/SourceTree/Capstone/LostDark/Saved/Config/Windows/Scalability.ini]
[2019.05.30-12.06.41:353][  0]LogConfig: Setting CVar [[r.LightFunctionQuality:1]]
[2019.05.30-12.06.41:353][  0]LogConfig: Setting CVar [[r.ShadowQuality:5]]
[2019.05.30-12.06.41:353][  0]LogConfig: Setting CVar [[r.Shadow.CSM.MaxCascades:10]]
[2019.05.30-12.06.41:353][  0]LogConfig: Setting CVar [[r.Shadow.MaxResolution:2048]]
[2019.05.30-12.06.41:353][  0]LogConfig: Setting CVar [[r.Shadow.MaxCSMResolution:2048]]
[2019.05.30-12.06.41:353][  0]LogConfig: Setting CVar [[r.Shadow.RadiusThreshold:0.01]]
[2019.05.30-12.06.41:353][  0]LogConfig: Setting CVar [[r.Shadow.DistanceScale:1.0]]
[2019.05.30-12.06.41:353][  0]LogConfig: Setting CVar [[r.Shadow.CSM.TransitionScale:1.0]]
[2019.05.30-12.06.41:353][  0]LogConfig: Setting CVar [[r.Shadow.PreShadowResolutionFactor:1.0]]
[2019.05.30-12.06.41:353][  0]LogConfig: Setting CVar [[r.DistanceFieldShadowing:1]]
[2019.05.30-12.06.41:353][  0]LogConfig: Setting CVar [[r.DistanceFieldAO:1]]
[2019.05.30-12.06.41:353][  0]LogConfig: Setting CVar [[r.AOQuality:2]]
[2019.05.30-12.06.41:353][  0]LogConfig: Setting CVar [[r.VolumetricFog:1]]
[2019.05.30-12.06.41:353][  0]LogConfig: Setting CVar [[r.VolumetricFog.GridPixelSize:8]]
[2019.05.30-12.06.41:353][  0]LogConfig: Setting CVar [[r.VolumetricFog.GridSizeZ:128]]
[2019.05.30-12.06.41:353][  0]LogConfig: Setting CVar [[r.VolumetricFog.HistoryMissSupersampleCount:4]]
[2019.05.30-12.06.41:353][  0]LogConfig: Setting CVar [[r.LightMaxDrawDistanceScale:1]]
[2019.05.30-12.06.41:353][  0]LogConfig: Setting CVar [[r.CapsuleShadows:1]]
[2019.05.30-12.06.41:353][  0]LogConfig: Applying CVar settings from Section [PostProcessQuality@3] File [E:/Workspace/SourceTree/Capstone/LostDark/Saved/Config/Windows/Scalability.ini]
[2019.05.30-12.06.41:353][  0]LogConfig: Setting CVar [[r.MotionBlurQuality:4]]
[2019.05.30-12.06.41:353][  0]LogConfig: Setting CVar [[r.AmbientOcclusionMipLevelFactor:0.4]]
[2019.05.30-12.06.41:353][  0]LogConfig: Setting CVar [[r.AmbientOcclusionMaxQuality:100]]
[2019.05.30-12.06.41:353][  0]LogConfig: Setting CVar [[r.AmbientOcclusionLevels:-1]]
[2019.05.30-12.06.41:353][  0]LogConfig: Setting CVar [[r.AmbientOcclusionRadiusScale:1.0]]
[2019.05.30-12.06.41:353][  0]LogConfig: Setting CVar [[r.DepthOfFieldQuality:2]]
[2019.05.30-12.06.41:353][  0]LogConfig: Setting CVar [[r.RenderTargetPoolMin:400]]
[2019.05.30-12.06.41:353][  0]LogConfig: Setting CVar [[r.LensFlareQuality:2]]
[2019.05.30-12.06.41:353][  0]LogConfig: Setting CVar [[r.SceneColorFringeQuality:1]]
[2019.05.30-12.06.41:353][  0]LogConfig: Setting CVar [[r.EyeAdaptationQuality:2]]
[2019.05.30-12.06.41:353][  0]LogConfig: Setting CVar [[r.BloomQuality:5]]
[2019.05.30-12.06.41:353][  0]LogConfig: Setting CVar [[r.FastBlurThreshold:100]]
[2019.05.30-12.06.41:353][  0]LogConfig: Setting CVar [[r.Upscale.Quality:3]]
[2019.05.30-12.06.41:353][  0]LogConfig: Setting CVar [[r.Tonemapper.GrainQuantization:1]]
[2019.05.30-12.06.41:353][  0]LogConfig: Setting CVar [[r.LightShaftQuality:1]]
[2019.05.30-12.06.41:353][  0]LogConfig: Setting CVar [[r.Filter.SizeScale:1]]
[2019.05.30-12.06.41:353][  0]LogConfig: Setting CVar [[r.Tonemapper.Quality:5]]
[2019.05.30-12.06.41:353][  0]LogConfig: Setting CVar [[r.DOF.Gather.AccumulatorQuality:1        ; higher gathering accumulator quality]]
[2019.05.30-12.06.41:353][  0]LogConfig: Setting CVar [[r.DOF.Gather.PostfilterMethod:1          ; Median3x3 postfilering method]]
[2019.05.30-12.06.41:353][  0]LogConfig: Setting CVar [[r.DOF.Gather.EnableBokehSettings:0       ; no bokeh simulation when gathering]]
[2019.05.30-12.06.41:353][  0]LogConfig: Setting CVar [[r.DOF.Gather.RingCount:4                 ; medium number of samples when gathering]]
[2019.05.30-12.06.41:353][  0]LogConfig: Setting CVar [[r.DOF.Scatter.ForegroundCompositing:1    ; additive foreground scattering]]
[2019.05.30-12.06.41:353][  0]LogConfig: Setting CVar [[r.DOF.Scatter.BackgroundCompositing:2    ; additive background scattering]]
[2019.05.30-12.06.41:353][  0]LogConfig: Setting CVar [[r.DOF.Scatter.EnableBokehSettings:1      ; bokeh simulation when scattering]]
[2019.05.30-12.06.41:353][  0]LogConfig: Setting CVar [[r.DOF.Scatter.MaxSpriteRatio:0.1         ; only a maximum of 10% of scattered bokeh]]
[2019.05.30-12.06.41:353][  0]LogConfig: Setting CVar [[r.DOF.Recombine.Quality:1                ; cheap slight out of focus]]
[2019.05.30-12.06.41:353][  0]LogConfig: Setting CVar [[r.DOF.Recombine.EnableBokehSettings:0    ; no bokeh simulation on slight out of focus]]
[2019.05.30-12.06.41:353][  0]LogConfig: Setting CVar [[r.DOF.TemporalAAQuality:1                ; more stable temporal accumulation]]
[2019.05.30-12.06.41:353][  0]LogConfig: Setting CVar [[r.DOF.Kernel.MaxForegroundRadius:0.025]]
[2019.05.30-12.06.41:353][  0]LogConfig: Setting CVar [[r.DOF.Kernel.MaxBackgroundRadius:0.025]]
[2019.05.30-12.06.41:353][  0]LogConfig: Applying CVar settings from Section [TextureQuality@3] File [E:/Workspace/SourceTree/Capstone/LostDark/Saved/Config/Windows/Scalability.ini]
[2019.05.30-12.06.41:353][  0]LogConfig: Setting CVar [[r.Streaming.MipBias:0]]
[2019.05.30-12.06.41:353][  0]LogConfig: Setting CVar [[r.Streaming.AmortizeCPUToGPUCopy:0]]
[2019.05.30-12.06.41:353][  0]LogConfig: Setting CVar [[r.Streaming.MaxNumTexturesToStreamPerFrame:0]]
[2019.05.30-12.06.41:353][  0]LogConfig: Setting CVar [[r.Streaming.Boost:1]]
[2019.05.30-12.06.41:353][  0]LogConfig: Setting CVar [[r.MaxAnisotropy:8]]
[2019.05.30-12.06.41:353][  0]LogConfig: Setting CVar [[r.Streaming.LimitPoolSizeToVRAM:0]]
[2019.05.30-12.06.41:353][  0]LogConfig: Setting CVar [[r.Streaming.PoolSize:1000]]
[2019.05.30-12.06.41:353][  0]LogConfig: Setting CVar [[r.Streaming.MaxEffectiveScreenSize:0]]
[2019.05.30-12.06.41:353][  0]LogConfig: Applying CVar settings from Section [EffectsQuality@3] File [E:/Workspace/SourceTree/Capstone/LostDark/Saved/Config/Windows/Scalability.ini]
[2019.05.30-12.06.41:353][  0]LogConfig: Setting CVar [[r.TranslucencyLightingVolumeDim:64]]
[2019.05.30-12.06.41:353][  0]LogConfig: Setting CVar [[r.RefractionQuality:2]]
[2019.05.30-12.06.41:353][  0]LogConfig: Setting CVar [[r.SSR.Quality:3]]
[2019.05.30-12.06.41:353][  0]LogConfig: Setting CVar [[r.SceneColorFormat:4]]
[2019.05.30-12.06.41:353][  0]LogConfig: Setting CVar [[r.DetailMode:2]]
[2019.05.30-12.06.41:353][  0]LogConfig: Setting CVar [[r.TranslucencyVolumeBlur:1]]
[2019.05.30-12.06.41:354][  0]LogConfig: Setting CVar [[r.MaterialQualityLevel:1 ; High quality]]
[2019.05.30-12.06.41:354][  0]LogConfig: Setting CVar [[r.SSS.Scale:1]]
[2019.05.30-12.06.41:354][  0]LogConfig: Setting CVar [[r.SSS.SampleSet:2]]
[2019.05.30-12.06.41:354][  0]LogConfig: Setting CVar [[r.SSS.Quality:1]]
[2019.05.30-12.06.41:354][  0]LogConfig: Setting CVar [[r.SSS.HalfRes:1]]
[2019.05.30-12.06.41:354][  0]LogConfig: Setting CVar [[r.EmitterSpawnRateScale:1.0]]
[2019.05.30-12.06.41:354][  0]LogConfig: Setting CVar [[r.ParticleLightQuality:2]]
[2019.05.30-12.06.41:354][  0]LogConfig: Applying CVar settings from Section [FoliageQuality@3] File [E:/Workspace/SourceTree/Capstone/LostDark/Saved/Config/Windows/Scalability.ini]
[2019.05.30-12.06.41:354][  0]LogConfig: Setting CVar [[foliage.DensityScale:1.0]]
[2019.05.30-12.06.41:354][  0]LogConfig: Setting CVar [[grass.DensityScale:1.0]]
[2019.05.30-12.06.41:354][  0]LogInit: Selected Device Profile: [Windows]
[2019.05.30-12.06.41:354][  0]LogInit: Applying CVar settings loaded from the selected device profile: [Windows]
[2019.05.30-12.06.41:361][  0]LogHAL: Display: Platform has ~ 8 GB [8494747648 / 8589934592 / 8], which maps to Default [LargestMinGB=32, LargerMinGB=12, DefaultMinGB=8, SmallerMinGB=6, SmallestMinGB=0)
[2019.05.30-12.06.41:361][  0]LogConfig: Setting CVar [[r.Vulkan.UseRealUBs:1]]
[2019.05.30-12.06.41:361][  0]LogInit: Going up to parent DeviceProfile []
[2019.05.30-12.06.41:361][  0]LogConfig: Applying CVar settings from Section [ViewDistanceQuality@1] File [E:/Workspace/SourceTree/Capstone/LostDark/Saved/Config/Windows/Scalability.ini]
[2019.05.30-12.06.41:361][  0]LogConfig: Setting CVar [[r.SkeletalMeshLODBias:1]]
[2019.05.30-12.06.41:361][  0]LogConfig: Setting CVar [[r.ViewDistanceScale:0.6]]
[2019.05.30-12.06.41:361][  0]LogConfig: Applying CVar settings from Section [AntiAliasingQuality@1] File [E:/Workspace/SourceTree/Capstone/LostDark/Saved/Config/Windows/Scalability.ini]
[2019.05.30-12.06.41:361][  0]LogConfig: Setting CVar [[r.PostProcessAAQuality:2]]
[2019.05.30-12.06.41:361][  0]LogConfig: Applying CVar settings from Section [ShadowQuality@1] File [E:/Workspace/SourceTree/Capstone/LostDark/Saved/Config/Windows/Scalability.ini]
[2019.05.30-12.06.41:361][  0]LogConfig: Setting CVar [[r.LightFunctionQuality:1]]
[2019.05.30-12.06.41:361][  0]LogConfig: Setting CVar [[r.ShadowQuality:3]]
[2019.05.30-12.06.41:361][  0]LogConfig: Setting CVar [[r.Shadow.CSM.MaxCascades:1]]
[2019.05.30-12.06.41:361][  0]LogConfig: Setting CVar [[r.Shadow.MaxResolution:1024]]
[2019.05.30-12.06.41:361][  0]LogConfig: Setting CVar [[r.Shadow.MaxCSMResolution:1024]]
[2019.05.30-12.06.41:361][  0]LogConfig: Setting CVar [[r.Shadow.RadiusThreshold:0.05]]
[2019.05.30-12.06.41:361][  0]LogConfig: Setting CVar [[r.Shadow.DistanceScale:0.7]]
[2019.05.30-12.06.41:361][  0]LogConfig: Setting CVar [[r.Shadow.CSM.TransitionScale:0.25]]
[2019.05.30-12.06.41:361][  0]LogConfig: Setting CVar [[r.Shadow.PreShadowResolutionFactor:0.5]]
[2019.05.30-12.06.41:361][  0]LogConfig: Setting CVar [[r.DistanceFieldShadowing:0]]
[2019.05.30-12.06.41:361][  0]LogConfig: Setting CVar [[r.DistanceFieldAO:0]]
[2019.05.30-12.06.41:361][  0]LogConfig: Setting CVar [[r.VolumetricFog:0]]
[2019.05.30-12.06.41:361][  0]LogConfig: Setting CVar [[r.LightMaxDrawDistanceScale:.5]]
[2019.05.30-12.06.41:361][  0]LogConfig: Setting CVar [[r.CapsuleShadows:1]]
[2019.05.30-12.06.41:361][  0]LogConfig: Applying CVar settings from Section [PostProcessQuality@1] File [E:/Workspace/SourceTree/Capstone/LostDark/Saved/Config/Windows/Scalability.ini]
[2019.05.30-12.06.41:361][  0]LogConfig: Setting CVar [[r.MotionBlurQuality:3]]
[2019.05.30-12.06.41:361][  0]LogConfig: Setting CVar [[r.AmbientOcclusionMipLevelFactor:1.0]]
[2019.05.30-12.06.41:361][  0]LogConfig: Setting CVar [[r.AmbientOcclusionMaxQuality:60]]
[2019.05.30-12.06.41:361][  0]LogConfig: Setting CVar [[r.AmbientOcclusionLevels:-1]]
[2019.05.30-12.06.41:361][  0]LogConfig: Setting CVar [[r.AmbientOcclusionRadiusScale:1.5]]
[2019.05.30-12.06.41:361][  0]LogConfig: Setting CVar [[r.DepthOfFieldQuality:1]]
[2019.05.30-12.06.41:361][  0]LogConfig: Setting CVar [[r.RenderTargetPoolMin:350]]
[2019.05.30-12.06.41:361][  0]LogConfig: Setting CVar [[r.LensFlareQuality:0]]
[2019.05.30-12.06.41:361][  0]LogConfig: Setting CVar [[r.SceneColorFringeQuality:0]]
[2019.05.30-12.06.41:361][  0]LogConfig: Setting CVar [[r.EyeAdaptationQuality:0]]
[2019.05.30-12.06.41:361][  0]LogConfig: Setting CVar [[r.BloomQuality:4]]
[2019.05.30-12.06.41:362][  0]LogConfig: Setting CVar [[r.FastBlurThreshold:2]]
[2019.05.30-12.06.41:362][  0]LogConfig: Setting CVar [[r.Upscale.Quality:2]]
[2019.05.30-12.06.41:362][  0]LogConfig: Setting CVar [[r.Tonemapper.GrainQuantization:0]]
[2019.05.30-12.06.41:362][  0]LogConfig: Setting CVar [[r.LightShaftQuality:0]]
[2019.05.30-12.06.41:362][  0]LogConfig: Setting CVar [[r.Filter.SizeScale:0.7]]
[2019.05.30-12.06.41:362][  0]LogConfig: Setting CVar [[r.Tonemapper.Quality:2]]
[2019.05.30-12.06.41:362][  0]LogConfig: Setting CVar [[r.DOF.Gather.AccumulatorQuality:0        ; lower gathering accumulator quality]]
[2019.05.30-12.06.41:362][  0]LogConfig: Setting CVar [[r.DOF.Gather.PostfilterMethod:2          ; Max3x3 postfilering method]]
[2019.05.30-12.06.41:362][  0]LogConfig: Setting CVar [[r.DOF.Gather.EnableBokehSettings:0       ; no bokeh simulation when gathering]]
[2019.05.30-12.06.41:362][  0]LogConfig: Setting CVar [[r.DOF.Gather.RingCount:3                 ; low number of samples when gathering]]
[2019.05.30-12.06.41:362][  0]LogConfig: Setting CVar [[r.DOF.Scatter.ForegroundCompositing:0    ; no foreground scattering]]
[2019.05.30-12.06.41:362][  0]LogConfig: Setting CVar [[r.DOF.Scatter.BackgroundCompositing:0    ; no foreground scattering]]
[2019.05.30-12.06.41:362][  0]LogConfig: Setting CVar [[r.DOF.Recombine.Quality:0                ; no slight out of focus]]
[2019.05.30-12.06.41:362][  0]LogConfig: Setting CVar [[r.DOF.TemporalAAQuality:0                ; faster temporal accumulation]]
[2019.05.30-12.06.41:362][  0]LogConfig: Setting CVar [[r.DOF.Kernel.MaxForegroundRadius:0.006   ; required because low gathering and no scattering and not looking great at 1080p]]
[2019.05.30-12.06.41:362][  0]LogConfig: Setting CVar [[r.DOF.Kernel.MaxBackgroundRadius:0.006   ; required because low gathering and no scattering and not looking great at 1080p]]
[2019.05.30-12.06.41:362][  0]LogConfig: Applying CVar settings from Section [TextureQuality@1] File [E:/Workspace/SourceTree/Capstone/LostDark/Saved/Config/Windows/Scalability.ini]
[2019.05.30-12.06.41:362][  0]LogConfig: Setting CVar [[r.Streaming.MipBias:1]]
[2019.05.30-12.06.41:362][  0]LogConfig: Setting CVar [[r.Streaming.AmortizeCPUToGPUCopy:0]]
[2019.05.30-12.06.41:362][  0]LogConfig: Setting CVar [[r.Streaming.MaxNumTexturesToStreamPerFrame:0]]
[2019.05.30-12.06.41:362][  0]LogConfig: Setting CVar [[r.Streaming.Boost:1]]
[2019.05.30-12.06.41:362][  0]LogConfig: Setting CVar [[r.MaxAnisotropy:2]]
[2019.05.30-12.06.41:362][  0]LogConfig: Setting CVar [[r.Streaming.LimitPoolSizeToVRAM:1]]
[2019.05.30-12.06.41:362][  0]LogConfig: Setting CVar [[r.Streaming.PoolSize:600]]
[2019.05.30-12.06.41:362][  0]LogConfig: Setting CVar [[r.Streaming.MaxEffectiveScreenSize:0]]
[2019.05.30-12.06.41:362][  0]LogConfig: Applying CVar settings from Section [EffectsQuality@1] File [E:/Workspace/SourceTree/Capstone/LostDark/Saved/Config/Windows/Scalability.ini]
[2019.05.30-12.06.41:362][  0]LogConfig: Setting CVar [[r.TranslucencyLightingVolumeDim:32]]
[2019.05.30-12.06.41:362][  0]LogConfig: Setting CVar [[r.RefractionQuality:0]]
[2019.05.30-12.06.41:362][  0]LogConfig: Setting CVar [[r.SSR.Quality:0]]
[2019.05.30-12.06.41:362][  0]LogConfig: Setting CVar [[r.SceneColorFormat:3]]
[2019.05.30-12.06.41:362][  0]LogConfig: Setting CVar [[r.DetailMode:1]]
[2019.05.30-12.06.41:362][  0]LogConfig: Setting CVar [[r.TranslucencyVolumeBlur:0]]
[2019.05.30-12.06.41:362][  0]LogConfig: Setting CVar [[r.MaterialQualityLevel:2 ; Medium quality]]
[2019.05.30-12.06.41:362][  0]LogConfig: Setting CVar [[r.SSS.Scale:0.75]]
[2019.05.30-12.06.41:362][  0]LogConfig: Setting CVar [[r.SSS.SampleSet:0]]
[2019.05.30-12.06.41:362][  0]LogConfig: Setting CVar [[r.SSS.Quality:0]]
[2019.05.30-12.06.41:362][  0]LogConfig: Setting CVar [[r.SSS.HalfRes:1]]
[2019.05.30-12.06.41:362][  0]LogConfig: Setting CVar [[r.EmitterSpawnRateScale:0.25]]
[2019.05.30-12.06.41:362][  0]LogConfig: Setting CVar [[r.ParticleLightQuality:0]]
[2019.05.30-12.06.41:362][  0]LogConfig: Applying CVar settings from Section [FoliageQuality@1] File [E:/Workspace/SourceTree/Capstone/LostDark/Saved/Config/Windows/Scalability.ini]
[2019.05.30-12.06.41:362][  0]LogConfig: Setting CVar [[foliage.DensityScale:0.4]]
[2019.05.30-12.06.41:362][  0]LogConfig: Setting CVar [[grass.DensityScale:0.4]]
[2019.05.30-12.06.41:362][  0]LogConfig: Applying CVar settings from Section [Startup] File [../../../Engine/Config/ConsoleVariables.ini]
[2019.05.30-12.06.41:362][  0]LogConfig: Setting CVar [[net.UseAdaptiveNetUpdateFrequency:0]]
[2019.05.30-12.06.41:362][  0]LogConfig: Applying CVar settings from Section [ConsoleVariables] File [E:/Workspace/SourceTree/Capstone/LostDark/Saved/Config/Windows/Engine.ini]
[2019.05.30-12.06.41:362][  0]LogInit: Computer: DESKTOP-J66FD8G
[2019.05.30-12.06.41:362][  0]LogInit: User: programmer1
[2019.05.30-12.06.41:362][  0]LogInit: CPU Page size=4096, Cores=4
[2019.05.30-12.06.41:362][  0]LogInit: High frequency timer resolution =1.757814 MHz
[2019.05.30-12.06.41:363][  0]LogMemory: Memory total: Physical=7.9GB (8GB approx)
[2019.05.30-12.06.41:363][  0]LogMemory: Platform Memory Stats for Windows
[2019.05.30-12.06.41:363][  0]LogMemory: Process Physical Memory: 103.87 MB used, 103.87 MB peak
[2019.05.30-12.06.41:363][  0]LogMemory: Process Virtual Memory: 89.95 MB used, 89.95 MB peak
[2019.05.30-12.06.41:363][  0]LogMemory: Physical Memory: 3613.07 MB used,  4488.15 MB free, 8101.22 MB total
[2019.05.30-12.06.41:363][  0]LogMemory: Virtual Memory: 4646.43 MB used,  134213080.00 MB free, 134217728.00 MB total
[2019.05.30-12.06.41:386][  0]LogInit: Using OS detected language (ko-KR).
[2019.05.30-12.06.41:386][  0]LogInit: Using OS detected locale (ko-KR).
[2019.05.30-12.06.41:387][  0]LogTextLocalizationManager: No specific localization for 'ko-KR' exists, so the 'ko' localization will be used.
[2019.05.30-12.06.41:766][  0]LogStreaming: Display: Took  0.380s to InitEngineTextLocalization.
[2019.05.30-12.06.41:766][  0]LogInit: Setting process to per monitor DPI aware
[2019.05.30-12.06.41:803][  0]LogSlate: New Slate User Created.  User Index 0, Is Virtual User: 0
[2019.05.30-12.06.41:803][  0]LogSlate: Slate User Registered.  User Index 0, Is Virtual User: 0
[2019.05.30-12.06.42:163][  0]LogHMD: Failed to initialize OpenVR with code 110
[2019.05.30-12.06.42:163][  0]LogD3D11RHI: D3D11 adapters:
[2019.05.30-12.06.42:287][  0]LogD3D11RHI:    0. 'Intel(R) UHD Graphics 620' (Feature Level 11_0)
[2019.05.30-12.06.42:287][  0]LogD3D11RHI:       128/0/4050 MB DedicatedVideo/DedicatedSystem/SharedSystem, Outputs:1, VendorId:0x8086
[2019.05.30-12.06.42:290][  0]LogD3D11RHI:    1. 'Microsoft Basic Render Driver' (Feature Level 11_0)
[2019.05.30-12.06.42:290][  0]LogD3D11RHI:       0/0/4050 MB DedicatedVideo/DedicatedSystem/SharedSystem, Outputs:0, VendorId:0x1414
[2019.05.30-12.06.42:290][  0]LogD3D11RHI: Chosen D3D11 Adapter: 0
[2019.05.30-12.06.42:294][  0]LogD3D11RHI: Creating new Direct3DDevice
[2019.05.30-12.06.42:294][  0]LogD3D11RHI:     GPU DeviceId: 0x5917 (for the marketing name, search the web for "GPU Device Id")
[2019.05.30-12.06.42:294][  0]LogWindows: EnumDisplayDevices:
[2019.05.30-12.06.42:295][  0]LogWindows:    0. 'Intel(R) UHD Graphics 620' (P:1 D:1)
[2019.05.30-12.06.42:296][  0]LogWindows:    1. 'Intel(R) UHD Graphics 620' (P:0 D:0)
[2019.05.30-12.06.42:296][  0]LogWindows:    2. 'Intel(R) UHD Graphics 620' (P:0 D:0)
[2019.05.30-12.06.42:297][  0]LogWindows: DebugString: FoundDriverCount:3 
[2019.05.30-12.06.42:297][  0]LogD3D11RHI:     Adapter Name: Intel(R) UHD Graphics 620
[2019.05.30-12.06.42:297][  0]LogD3D11RHI:   Driver Version: 24.20.100.6286 (internal:24.20.100.6286, unified:24.20.100.6286)
[2019.05.30-12.06.42:297][  0]LogD3D11RHI:      Driver Date: 8-15-2018
[2019.05.30-12.06.42:297][  0]LogRHI: Texture pool is 1507 MB (70% of 2153 MB)
[2019.05.30-12.06.42:421][  0]LogD3D11RHI: [IntelMetricsDiscovery] Started
[2019.05.30-12.06.42:421][  0]LogD3D11RHI: Async texture creation enabled
[2019.05.30-12.06.42:427][  0]LogD3D11RHI: GPU Timing Frequency: 12.000048 (Debug: 2 0)
[2019.05.30-12.06.42:860][  0]LogTemp: Display: Loaded TP AllDesktopTargetPlatform
[2019.05.30-12.06.42:872][  0]LogTemp: Display: Loaded TP MacClientTargetPlatform
[2019.05.30-12.06.42:886][  0]LogTemp: Display: Loaded TP MacNoEditorTargetPlatform
[2019.05.30-12.06.42:898][  0]LogTemp: Display: Loaded TP MacServerTargetPlatform
[2019.05.30-12.06.42:911][  0]LogTemp: Display: Loaded TP MacTargetPlatform
[2019.05.30-12.06.42:923][  0]LogTemp: Display: Loaded TP WindowsClientTargetPlatform
[2019.05.30-12.06.42:936][  0]LogTemp: Display: Loaded TP WindowsNoEditorTargetPlatform
[2019.05.30-12.06.42:951][  0]LogTemp: Display: Loaded TP WindowsServerTargetPlatform
[2019.05.30-12.06.42:956][  0]LogTemp: Display: Loaded TP WindowsTargetPlatform
[2019.05.30-12.06.43:027][  0]LogTemp: Display: Loaded TP AndroidTargetPlatform
[2019.05.30-12.06.43:028][  0]LogTemp: Display: Loaded TP AndroidTargetPlatform
[2019.05.30-12.06.43:028][  0]LogTemp: Display: Loaded TP AndroidTargetPlatform
[2019.05.30-12.06.43:028][  0]LogTemp: Display: Loaded TP AndroidTargetPlatform
[2019.05.30-12.06.43:028][  0]LogTemp: Display: Loaded TP AndroidTargetPlatform
[2019.05.30-12.06.43:028][  0]LogTemp: Display: Loaded TP AndroidTargetPlatform
[2019.05.30-12.06.43:028][  0]LogTemp: Display: Loaded TP AndroidTargetPlatform
[2019.05.30-12.06.43:028][  0]LogTemp: Display: Loaded TP AndroidTargetPlatform
[2019.05.30-12.06.43:028][  0]LogTemp: Display: Loaded TP AndroidTargetPlatform
[2019.05.30-12.06.43:028][  0]LogTemp: Display: Loaded TP AndroidTargetPlatform
[2019.05.30-12.06.43:028][  0]LogTemp: Display: Loaded TP AndroidTargetPlatform
[2019.05.30-12.06.43:028][  0]LogTemp: Display: Loaded TP AndroidTargetPlatform
[2019.05.30-12.06.43:028][  0]LogTemp: Display: Loaded TP AndroidTargetPlatform
[2019.05.30-12.06.43:028][  0]LogTemp: Display: Loaded TP AndroidTargetPlatform
[2019.05.30-12.06.43:028][  0]LogTemp: Display: Loaded TP AndroidTargetPlatform
[2019.05.30-12.06.43:028][  0]LogTemp: Display: Loaded TP AndroidTargetPlatform
[2019.05.30-12.06.43:028][  0]LogTemp: Display: Loaded TP AndroidTargetPlatform
[2019.05.30-12.06.43:028][  0]LogTemp: Display: Loaded TP AndroidTargetPlatform
[2019.05.30-12.06.43:029][  0]LogTemp: Display: Loaded TP HTML5TargetPlatform
[2019.05.30-12.06.43:091][  0]LogTemp: Display: Loaded TP IOSTargetPlatform
[2019.05.30-12.06.43:091][  0]LogTemp: Display: Loaded TP IOSTargetPlatform
[2019.05.30-12.06.43:117][  0]LogTemp: Display: Loaded TP TVOSTargetPlatform
[2019.05.30-12.06.43:117][  0]LogTemp: Display: Loaded TP TVOSTargetPlatform
[2019.05.30-12.06.43:147][  0]LogTemp: Display: Loaded TP LinuxClientTargetPlatform
[2019.05.30-12.06.43:177][  0]LogTemp: Display: Loaded TP LinuxNoEditorTargetPlatform
[2019.05.30-12.06.43:207][  0]LogTemp: Display: Loaded TP LinuxServerTargetPlatform
[2019.05.30-12.06.43:238][  0]LogTemp: Display: Loaded TP LinuxTargetPlatform
[2019.05.30-12.06.43:347][  0]LogTemp: Display: Loaded TP LuminTargetPlatform
[2019.05.30-12.06.43:347][  0]LogTemp: Display: Loaded TP LuminTargetPlatform
[2019.05.30-12.06.43:347][  0]LogTargetPlatformManager: Display: Building Assets For Windows
[2019.05.30-12.06.43:457][  0]LogShaderCompilers: Guid format shader working directory is -5 characters bigger than the processId version (../../../../../../Workspace/SourceTree/Capstone/LostDark/Intermediate/Shaders/WorkingDirectory/12356/).
[2019.05.30-12.06.43:457][  0]LogShaderCompilers: Cleaned the shader compiler working directory 'C:/Users/programmer1/AppData/Local/Temp/UnrealShaderWorkingDir/B19584F04FD62756619D1195D5F2002C/'.
[2019.05.30-12.06.43:461][  0]LogXGEController: Cannot use XGE Controller as Incredibuild is not installed on this machine.
[2019.05.30-12.06.43:461][  0]LogShaderCompilers: Cannot use XGE Shader Compiler as Incredibuild is not installed on this machine.
[2019.05.30-12.06.43:461][  0]LogShaderCompilers: Display: Using Local Shader Compiler.
[2019.05.30-12.06.44:801][  0]LogDerivedDataCache: Display: Max Cache Size: 512 MB
[2019.05.30-12.06.44:924][  0]LogDerivedDataCache: Loaded boot cache 0.12s 121MB C:/Users/programmer1/AppData/Local/UnrealEngine/4.21/DerivedDataCache/Boot.ddc.
[2019.05.30-12.06.44:924][  0]LogDerivedDataCache: Display: Loaded Boot cache: C:/Users/programmer1/AppData/Local/UnrealEngine/4.21/DerivedDataCache/Boot.ddc
[2019.05.30-12.06.44:925][  0]LogDerivedDataCache: FDerivedDataBackendGraph:  Pak pak cache file ../../../../../../Workspace/SourceTree/Capstone/LostDark/DerivedDataCache/DDC.ddp not found, will not use a pak cache.
[2019.05.30-12.06.44:925][  0]LogDerivedDataCache: Unable to find inner node Pak for hierarchical cache Hierarchy.
[2019.05.30-12.06.44:925][  0]LogDerivedDataCache: FDerivedDataBackendGraph:  CompressedPak pak cache file ../../../../../../Workspace/SourceTree/Capstone/LostDark/DerivedDataCache/Compressed.ddp not found, will not use a pak cache.
[2019.05.30-12.06.44:925][  0]LogDerivedDataCache: Unable to find inner node CompressedPak for hierarchical cache Hierarchy.
[2019.05.30-12.06.44:963][  0]LogDerivedDataCache: Display: Pak cache opened for reading ../../../Engine/DerivedDataCache/Compressed.ddp.
[2019.05.30-12.06.44:963][  0]LogDerivedDataCache: FDerivedDataBackendGraph:  EnterprisePak pak cache file ../../../Enterprise/DerivedDataCache/Compressed.ddp not found, will not use a pak cache.
[2019.05.30-12.06.44:963][  0]LogDerivedDataCache: Unable to find inner node EnterprisePak for hierarchical cache Hierarchy.
[2019.05.30-12.06.44:977][  0]LogDerivedDataCache: Using Local data cache path C:/Users/programmer1/AppData/Local/UnrealEngine/Common/DerivedDataCache: Writable
[2019.05.30-12.06.44:977][  0]LogDerivedDataCache: Shared data cache path not found in *engine.ini, will not use an Shared cache.
[2019.05.30-12.06.44:977][  0]LogDerivedDataCache: Unable to find inner node Shared for hierarchical cache Hierarchy.
[2019.05.30-12.06.45:031][  0]LogMaterial: Verifying Global Shaders for PCD3D_SM5
[2019.05.30-12.06.45:034][  0]LogSlate: Using FreeType 2.6.0
[2019.05.30-12.06.45:036][  0]LogSlate: SlateFontServices - WITH_FREETYPE: 1, WITH_HARFBUZZ: 1
[2019.05.30-12.06.45:231][  0]LogAssetRegistry: FAssetRegistry took 0.0489 seconds to start up
[2019.05.30-12.06.46:027][  0]LogAssetRegistry: Error: Failed to open file for write ../../../../../../Workspace/SourceTree/Capstone/LostDark/Intermediate/CachedAssetRegistry.bin
[2019.05.30-12.06.46:027][  0]LogInit: Selected Device Profile: [Windows]
[2019.05.30-12.06.46:267][  0]LogSimplygon: Simplygon DLL not present - disabling.
[2019.05.30-12.06.46:271][  0]LogMeshReduction: Using SimplygonSwarm for distributed automatic mesh merging
[2019.05.30-12.06.46:271][  0]LogMeshReduction: Using ProxyLODMeshReduction for automatic mesh merging
[2019.05.30-12.06.46:271][  0]LogMeshReduction: Using QuadricMeshReduction for automatic static mesh reduction
[2019.05.30-12.06.46:271][  0]LogMeshReduction: No automatic skeletal mesh reduction module available
[2019.05.30-12.06.46:285][  0]LogNetVersion: LostDark 1.0.0, NetCL: 4541578, EngineNetVer: 5, GameNetVer: 0 (Checksum: 1003383482)
[2019.05.30-12.06.46:803][  0]LogPackageLocalizationCache: Processed 11 localized package path(s) for 2 prioritized culture(s) in 0.080608 seconds
[2019.05.30-12.06.46:808][  0]LogUObjectArray: 39775 objects as part of root set at end of initial load.
[2019.05.30-12.06.46:808][  0]LogUObjectAllocator: 6914664 out of 0 bytes used by permanent object pool.
[2019.05.30-12.06.46:808][  0]LogUObjectArray: CloseDisregardForGC: 0/0 objects in disregard for GC pool
[2019.05.30-12.06.47:836][  0]LogTcpMessaging: Initializing TcpMessaging bridge
[2019.05.30-12.06.47:849][  0]LogUdpMessaging: Initializing bridge on interface 0.0.0.0:0 to multicast group 230.0.0.1:6666.
[2019.05.30-12.06.48:995][  0]LogTemp: Warning: Enroll Attack Montage
[2019.05.30-12.06.50:260][  0]LogTemp: Warning: Enroll Attack Montage
[2019.05.30-12.06.50:273][  0]LogTemp: Warning: Enroll Attack Montage
[2019.05.30-12.06.50:315][  0]LogTemp: Warning: Enroll Attack Montage
[2019.05.30-12.06.50:515][  0]LostDark: Error: ASectionTest::ASectionTest(58) Success GateMeshs :+XGate
[2019.05.30-12.06.50:515][  0]LostDark: Error: ASectionTest::ASectionTest(58) Success GateMeshs :-XGate
[2019.05.30-12.06.50:515][  0]LostDark: Error: ASectionTest::ASectionTest(58) Success GateMeshs :+YGate
[2019.05.30-12.06.50:515][  0]LostDark: Error: ASectionTest::ASectionTest(58) Success GateMeshs :-YGate
[2019.05.30-12.06.50:638][  0]SourceControl: 소스 컨트롤이 꺼졌습니다.
[2019.05.30-12.06.50:638][  0]SourceControl: 소스 컨트롤이 꺼졌습니다.
[2019.05.30-12.06.50:639][  0]SourceControl: 소스 컨트롤이 꺼졌습니다.
[2019.05.30-12.06.50:641][  0]SourceControl: 소스 컨트롤이 꺼졌습니다.
[2019.05.30-12.06.50:814][  0]LogAndroidPermission: UAndroidPermissionCallbackProxy::GetInstance
[2019.05.30-12.06.50:915][  0]LogOcInput: OculusInput pre-init called
[2019.05.30-12.06.51:050][  0]LogEngine: Initializing Engine...
[2019.05.30-12.06.51:051][  0]LogHMD: Failed to initialize OpenVR with code 110
[2019.05.30-12.06.51:052][  0]LogStats: UGameplayTagsManager::ConstructGameplayTagTree: ImportINI prefixes -  0.000 s
[2019.05.30-12.06.51:052][  0]LogStats: UGameplayTagsManager::ConstructGameplayTagTree: Construct from data asset -  0.000 s
[2019.05.30-12.06.51:053][  0]LogStats: UGameplayTagsManager::ConstructGameplayTagTree: ImportINI -  0.000 s
[2019.05.30-12.06.51:053][  0]LogStats: UGameplayTagsManager::ConstructGameplayTagTree: GameplayTagTreeChangedEvent.Broadcast -  0.000 s
[2019.05.30-12.06.51:300][  0]LogInit: Initializing FReadOnlyCVARCache
[2019.05.30-12.06.51:312][  0]LogAIModule: Creating AISystem for world Untitled
[2019.05.30-12.06.51:338][  0]LogInit: XAudio2 using '스피커(Conexant SmartAudio HD)' : 2 channels at 44.1 kHz using 32 bits per sample (channel mask 0x3)
[2019.05.30-12.06.51:453][  0]LogInit: FAudioDevice initialized.
[2019.05.30-12.06.51:453][  0]LogNetVersion: Set ProjectVersion to 2.0.0.0. Version Checksum will be recalculated on next use.
[2019.05.30-12.06.51:535][  0]LogDerivedDataCache: Saved boot cache 0.08s 121MB C:/Users/programmer1/AppData/Local/UnrealEngine/4.21/DerivedDataCache/Boot.ddc.
[2019.05.30-12.06.51:547][  0]LogInit: Texture streaming: Enabled
[2019.05.30-12.06.51:562][  0]LogEngineSessionManager: EngineSessionManager initialized
[2019.05.30-12.06.51:573][  0]LogInit: Transaction tracking system initialized
[2019.05.30-12.06.51:592][  0]BlueprintLog: New page: 에디터 로드
[2019.05.30-12.06.51:790][  0]LocalizationService: 현지화 서비스가 비활성화되었습니다.
[2019.05.30-12.06.52:054][  0]LogLinker: Warning: '/Game/ThirdPersonBP/ThirdPersonOverview' 파일을 찾을 수 없습니다.
[2019.05.30-12.06.52:054][  0]LogLinker: Warning: '/Game/ThirdPersonBP/ThirdPersonOverview' 파일을 찾을 수 없습니다.
[2019.05.30-12.06.52:054][  0]LogUObjectGlobals: Warning: 'Class /Game/ThirdPersonBP/ThirdPersonOverview.ThirdPersonOverview_C' 오브젝트를 찾는 데 실패했습니다.
[2019.05.30-12.06.53:838][  0]LogCook: Display: Max memory allowance for cook 16384mb min free memory 0mb
[2019.05.30-12.06.53:838][  0]LogCook: Display: Mobile HDR setting 1
[2019.05.30-12.06.53:838][  0]LogGameplayTags: Display: UGameplayTagsManager::DoneAddingNativeTags. DelegateIsBound: 0
[2019.05.30-12.06.53:838][  0]LogStats: UGameplayTagsManager::ConstructGameplayTagTree: ImportINI prefixes -  0.000 s
[2019.05.30-12.06.53:838][  0]LogStats: UGameplayTagsManager::ConstructGameplayTagTree: Construct from data asset -  0.000 s
[2019.05.30-12.06.53:839][  0]LogStats: UGameplayTagsManager::ConstructGameplayTagTree: ImportINI -  0.000 s
[2019.05.30-12.06.53:839][  0]LogStats: UGameplayTagsManager::ConstructGameplayTagTree: GameplayTagTreeChangedEvent.Broadcast -  0.000 s
[2019.05.30-12.06.54:154][  0]LogFileCache: Scanning file cache for directory 'E:/Workspace/SourceTree/Capstone/LostDark/Content/' took 0.19s
[2019.05.30-12.06.54:154][  0]SourceControl: 소스 컨트롤이 꺼졌습니다.
[2019.05.30-12.06.54:155][  0]Cmd: MAP LOAD FILE="../../../../../../Workspace/SourceTree/Capstone/LostDark/Content/DefaultLevel/DefaultLevel.umap" TEMPLATE=0 SHOWPROGRESS=1 FEATURELEVEL=3
[2019.05.30-12.06.54:158][  0]LightingResults: New page: 라이팅 빌드
[2019.05.30-12.06.54:163][  0]MapCheck: New page: 맵 체크
[2019.05.30-12.06.54:163][  0]LightingResults: New page: 라이팅 빌드
[2019.05.30-12.06.54:423][  0]LogAIModule: Creating AISystem for world DefaultLevel
[2019.05.30-12.06.54:432][  0]LogEditorServer: Finished looking for orphan Actors (0.000 secs)
[2019.05.30-12.06.54:484][  0]Cmd: MAP CHECKDEP NOCLEARLOG
[2019.05.30-12.06.54:485][  0]MapCheck: 맵 체크 완료: 오류 0 회, 경고 0 회, 소요 시간 0.316ms.
[2019.05.30-12.06.54:485][  0]LogFileHelpers: Loading map 'DefaultLevel' took 0.331
[2019.05.30-12.06.54:678][  0]LogSlate: Updating window title bar state: overlay mode, drag disabled, window buttons hidden, title bar hidden
[2019.05.30-12.06.54:694][  0]LogSlate: Updating window title bar state: overlay mode, drag disabled, window buttons hidden, title bar hidden
[2019.05.30-12.06.54:708][  0]LogSlate: Updating window title bar state: overlay mode, drag disabled, window buttons hidden, title bar hidden
[2019.05.30-12.06.54:725][  0]LogSlate: Updating window title bar state: overlay mode, drag disabled, window buttons hidden, title bar hidden
[2019.05.30-12.06.54:738][  0]LogCollectionManager: Loaded 0 collections in 0.003289 seconds
[2019.05.30-12.06.54:761][  0]LogFileCache: Scanning file cache for directory 'E:/Workspace/SourceTree/Capstone/LostDark/Saved/Collections/' took 0.01s
[2019.05.30-12.06.54:761][  0]LogFileCache: Scanning file cache for directory 'E:/Workspace/SourceTree/Capstone/LostDark/Content/Developers/programmer1/Collections/' took 0.00s
[2019.05.30-12.06.54:761][  0]LogFileCache: Scanning file cache for directory 'E:/Workspace/SourceTree/Capstone/LostDark/Content/Collections/' took 0.00s
[2019.05.30-12.06.54:761][  0]LogCollectionManager: Rebuilt the GUID cache for 0 collections in 0.000001 seconds
[2019.05.30-12.06.54:782][  0]LogContentBrowser: Native class hierarchy populated in 0.0207 seconds. Added 2678 classes and 625 folders.
[2019.05.30-12.06.54:799][  0]LogContentBrowser: Native class hierarchy updated for 'WidgetCarousel' in 0.0008 seconds. Added 0 classes and 0 folders.
[2019.05.30-12.06.54:806][  0]LogPakFile: Registered encryption key '00000000000000000000000000000000': 0 pak files mounted, 0 remain pending
[2019.05.30-12.06.54:810][  0]LogPakFile: Registered encryption key '00000000000000000000000000000000': 0 pak files mounted, 0 remain pending
[2019.05.30-12.06.54:813][  0]LogPakFile: Registered encryption key '00000000000000000000000000000000': 0 pak files mounted, 0 remain pending
[2019.05.30-12.06.54:816][  0]LogPakFile: Registered encryption key '00000000000000000000000000000000': 0 pak files mounted, 0 remain pending
[2019.05.30-12.06.54:817][  0]LogPakFile: Registered encryption key '00000000000000000000000000000000': 0 pak files mounted, 0 remain pending
[2019.05.30-12.06.54:819][  0]LogPakFile: Registered encryption key '00000000000000000000000000000000': 0 pak files mounted, 0 remain pending
[2019.05.30-12.06.54:822][  0]LogPakFile: Registered encryption key '00000000000000000000000000000000': 0 pak files mounted, 0 remain pending
[2019.05.30-12.06.54:824][  0]LogPakFile: Registered encryption key '00000000000000000000000000000000': 0 pak files mounted, 0 remain pending
[2019.05.30-12.06.54:826][  0]LogPakFile: Registered encryption key '00000000000000000000000000000000': 0 pak files mounted, 0 remain pending
[2019.05.30-12.06.54:829][  0]LogPakFile: Registered encryption key '00000000000000000000000000000000': 0 pak files mounted, 0 remain pending
[2019.05.30-12.06.54:831][  0]LogPakFile: Registered encryption key '00000000000000000000000000000000': 0 pak files mounted, 0 remain pending
[2019.05.30-12.06.54:833][  0]LogPakFile: Registered encryption key '00000000000000000000000000000000': 0 pak files mounted, 0 remain pending
[2019.05.30-12.06.54:835][  0]LogPakFile: Registered encryption key '00000000000000000000000000000000': 0 pak files mounted, 0 remain pending
[2019.05.30-12.06.54:838][  0]LogPakFile: Registered encryption key '00000000000000000000000000000000': 0 pak files mounted, 0 remain pending
[2019.05.30-12.06.54:840][  0]LogPakFile: Registered encryption key '00000000000000000000000000000000': 0 pak files mounted, 0 remain pending
[2019.05.30-12.06.54:842][  0]LogPakFile: Registered encryption key '00000000000000000000000000000000': 0 pak files mounted, 0 remain pending
[2019.05.30-12.06.54:844][  0]LogPakFile: Registered encryption key '00000000000000000000000000000000': 0 pak files mounted, 0 remain pending
[2019.05.30-12.06.54:847][  0]LogPakFile: Registered encryption key '00000000000000000000000000000000': 0 pak files mounted, 0 remain pending
[2019.05.30-12.06.54:849][  0]LogPakFile: Registered encryption key '00000000000000000000000000000000': 0 pak files mounted, 0 remain pending
[2019.05.30-12.06.54:851][  0]LogPakFile: Registered encryption key '00000000000000000000000000000000': 0 pak files mounted, 0 remain pending
[2019.05.30-12.06.54:853][  0]LogPakFile: Registered encryption key '00000000000000000000000000000000': 0 pak files mounted, 0 remain pending
[2019.05.30-12.06.54:856][  0]LogPakFile: Registered encryption key '00000000000000000000000000000000': 0 pak files mounted, 0 remain pending
[2019.05.30-12.06.54:858][  0]LogPakFile: Registered encryption key '00000000000000000000000000000000': 0 pak files mounted, 0 remain pending
[2019.05.30-12.06.54:860][  0]LogPakFile: Registered encryption key '00000000000000000000000000000000': 0 pak files mounted, 0 remain pending
[2019.05.30-12.06.54:863][  0]LogPakFile: Registered encryption key '00000000000000000000000000000000': 0 pak files mounted, 0 remain pending
[2019.05.30-12.06.54:865][  0]LogPakFile: Registered encryption key '00000000000000000000000000000000': 0 pak files mounted, 0 remain pending
[2019.05.30-12.06.54:993][  0]LogContentBrowser: Native class hierarchy updated for 'AddContentDialog' in 0.0008 seconds. Added 0 classes and 0 folders.
[2019.05.30-12.06.55:006][  0]LogContentBrowser: Native class hierarchy updated for 'SceneOutliner' in 0.0009 seconds. Added 1 classes and 2 folders.
[2019.05.30-12.06.55:152][  0]LogSlate: Took 0.000556 seconds to synchronously load lazily loaded font '../../../Engine/Content/Slate/Fonts/Roboto-Regular.ttf' (155K)
[2019.05.30-12.06.55:162][  0]LogSlate: Took 0.005475 seconds to synchronously load lazily loaded font '../../../Engine/Content/Editor/Slate/Fonts/NanumGothic.ttf' (4243K)
[2019.05.30-12.06.55:167][  0]LogSlate: Took 0.003518 seconds to synchronously load lazily loaded font '../../../Engine/Content/Editor/Slate/Fonts/NanumGothicBold.ttf' (4188K)
[2019.05.30-12.06.55:168][  0]LogSlate: Took 0.000506 seconds to synchronously load lazily loaded font '../../../Engine/Content/Slate/Fonts/Roboto-Bold.ttf' (160K)
[2019.05.30-12.06.55:180][  0]LogSlate: Took 0.001461 seconds to synchronously load lazily loaded font '../../../Engine/Content/Editor/Slate/Fonts/FontAwesome.ttf' (139K)
[2019.05.30-12.06.55:353][  0]LogRenderer: Reallocating scene render targets to support 860x312 Format 9 NumSamples 1 (Frame:1).
[2019.05.30-12.06.55:409][  0]LogSlate: Took 0.002011 seconds to synchronously load lazily loaded font '../../../Engine/Content/Slate/Fonts/../../Editor/Slate/Fonts/NanumGothic.ttf' (4243K)
[2019.05.30-12.06.55:499][  0]LogContentBrowser: Native class hierarchy updated for 'HierarchicalLODOutliner' in 0.0004 seconds. Added 0 classes and 0 folders.
[2019.05.30-12.06.55:499][  0]LogLoad: (Engine Initialization) Total time: 16.06 seconds
[2019.05.30-12.06.55:499][  0]LogLoad: (Engine Initialization) Total Blueprint compile time: 0.00 seconds
[2019.05.30-12.06.55:523][  0]LogWindowsTextInputMethodSystem: Display: IME system now activated using TSF (Microsoft 입력기).
[2019.05.30-12.06.55:578][  0]LogContentStreaming: Texture pool size now 600 MB
[2019.05.30-12.06.55:591][  0]LogSlate: Took 0.001209 seconds to synchronously load lazily loaded font '../../../Engine/Content/Slate/Fonts/Roboto-Light.ttf' (167K)
[2019.05.30-12.06.56:230][  5]LogAssetRegistry: Asset discovery search completed in 11.0222 seconds
[2019.05.30-12.06.56:233][  5]LogCollectionManager: Rebuilt the object cache for 0 collections in 0.000000 seconds (found 0 objects)
[2019.05.30-12.06.56:233][  5]LogCollectionManager: Fixed up redirectors for 0 collections in 0.000059 seconds (updated 0 objects)
[2019.05.30-12.07.11:414][897]LogSlate: FSceneViewport::OnFocusLost() reason 0
[2019.05.30-12.07.11:622][903]LogSlate: Window 'LostDark - 언리얼 에디터' being destroyed
[2019.05.30-12.07.11:630][903]LogWindowsTextInputMethodSystem: Display: IME system now activated using TSF (Microsoft 입력기).
[2019.05.30-12.07.11:641][903]LogWindowsTextInputMethodSystem: Display: IME system now activated using TSF (Microsoft 입력기).
[2019.05.30-12.07.11:818][904]Cmd: QUIT_EDITOR
[2019.05.30-12.07.11:901][904]LogExit: Preparing to exit.
[2019.05.30-12.07.13:175][904]LogExit: Editor shut down
[2019.05.30-12.07.13:176][904]LogExit: Transaction tracking system shut down
[2019.05.30-12.07.13:456][904]LogAssetRegistry: Error: Failed to open file for write ../../../../../../Workspace/SourceTree/Capstone/LostDark/Intermediate/CachedAssetRegistry.bin
[2019.05.30-12.07.13:456][904]LogExit: Object subsystem successfully closed.
[2019.05.30-12.07.13:480][904]LogShaderCompilers: Display: Shaders left to compile 0
[2019.05.30-12.07.13:498][904]LogD3D11RHI: Shutdown
[2019.05.30-12.07.13:498][904]LogD3D11RHI: CleanupD3DDevice
[2019.05.30-12.07.13:542][904]LogD3D11RHI: [IntelMetricsDiscovery] Stopped
[2019.05.30-12.07.13:543][904]LogD3D11RHI: ~FD3D11DynamicRHI
[2019.05.30-12.07.13:571][904]LogModuleManager: Shutting down and abandoning module HierarchicalLODOutliner (626)
[2019.05.30-12.07.13:571][904]LogModuleManager: Shutting down and abandoning module SceneOutliner (624)
[2019.05.30-12.07.13:572][904]LogModuleManager: Shutting down and abandoning module AddContentDialog (622)
[2019.05.30-12.07.13:573][904]LogModuleManager: Shutting down and abandoning module WidgetCarousel (621)
[2019.05.30-12.07.13:573][904]LogModuleManager: Shutting down and abandoning module EditorWidgets (618)
[2019.05.30-12.07.13:573][904]LogModuleManager: Shutting down and abandoning module CollectionManager (616)
[2019.05.30-12.07.13:573][904]LogModuleManager: Shutting down and abandoning module StatsViewer (614)
[2019.05.30-12.07.13:573][904]LogModuleManager: Shutting down and abandoning module FoliageEdit (612)
[2019.05.30-12.07.13:573][904]LogModuleManager: Shutting down and abandoning module LandscapeEditor (610)
[2019.05.30-12.07.13:573][904]LogModuleManager: Shutting down and abandoning module MeshPaintMode (608)
[2019.05.30-12.07.13:574][904]LogModuleManager: Shutting down and abandoning module SceneDepthPickerMode (606)
[2019.05.30-12.07.13:574][904]LogModuleManager: Shutting down and abandoning module ActorPickerMode (604)
[2019.05.30-12.07.13:574][904]LogModuleManager: Shutting down and abandoning module GeometryMode (602)
[2019.05.30-12.07.13:574][904]LogModuleManager: Shutting down and abandoning module TextureAlignMode (600)
[2019.05.30-12.07.13:574][904]LogModuleManager: Shutting down and abandoning module BspMode (598)
[2019.05.30-12.07.13:574][904]LogModuleManager: Shutting down and abandoning module PIEPreviewDeviceProfileSelector (596)
[2019.05.30-12.07.13:574][904]LogModuleManager: Shutting down and abandoning module SequenceRecorderSections (594)
[2019.05.30-12.07.13:574][904]LogModuleManager: Shutting down and abandoning module AutomationWorker (592)
[2019.05.30-12.07.13:574][904]LogModuleManager: Shutting down and abandoning module AudioCaptureEditor (590)
[2019.05.30-12.07.13:574][904]LogModuleManager: Shutting down and abandoning module MatineeToLevelSequence (588)
[2019.05.30-12.07.13:574][904]LogModuleManager: Shutting down and abandoning module LevelSequenceEditor (586)
[2019.05.30-12.07.13:574][904]LogModuleManager: Shutting down and abandoning module PlacementMode (585)
[2019.05.30-12.07.13:574][904]LogModuleManager: Shutting down and abandoning module MaterialEditor (584)
[2019.05.30-12.07.13:574][904]LogModuleManager: Shutting down and abandoning module WmfMediaFactory (580)
[2019.05.30-12.07.13:574][904]LogModuleManager: Shutting down and abandoning module WmfMediaEditor (578)
[2019.05.30-12.07.13:574][904]LogModuleManager: Shutting down and abandoning module WebMMediaFactory (576)
[2019.05.30-12.07.13:574][904]LogModuleManager: Shutting down and abandoning module WebMMediaEditor (574)
[2019.05.30-12.07.13:574][904]LogModuleManager: Shutting down and abandoning module WebMMedia (572)
[2019.05.30-12.07.13:574][904]LogModuleManager: Shutting down and abandoning module MediaPlayerEditor (570)
[2019.05.30-12.07.13:574][904]LogModuleManager: Shutting down and abandoning module MediaCompositingEditor (568)
[2019.05.30-12.07.13:575][904]LogModuleManager: Shutting down and abandoning module SequenceRecorder (567)
[2019.05.30-12.07.13:575][904]LogModuleManager: Shutting down and abandoning module OpenExrWrapper (564)
[2019.05.30-12.07.13:575][904]LogModuleManager: Shutting down and abandoning module ImgMediaFactory (562)
[2019.05.30-12.07.13:575][904]LogModuleManager: Shutting down and abandoning module ImgMediaEditor (560)
[2019.05.30-12.07.13:575][904]LogModuleManager: Shutting down and abandoning module AvfMediaFactory (558)
[2019.05.30-12.07.13:575][904]LogModuleManager: Shutting down and abandoning module AvfMediaEditor (556)
[2019.05.30-12.07.13:575][904]LogModuleManager: Shutting down and abandoning module AndroidMediaFactory (554)
[2019.05.30-12.07.13:575][904]LogModuleManager: Shutting down and abandoning module AndroidMediaEditor (552)
[2019.05.30-12.07.13:575][904]LogModuleManager: Shutting down and abandoning module MagicLeapCameraPreviewFactory (550)
[2019.05.30-12.07.13:575][904]LogModuleManager: Shutting down and abandoning module MagicLeapMediaFactory (548)
[2019.05.30-12.07.13:575][904]LogModuleManager: Shutting down and abandoning module MagicLeapMediaEditor (546)
[2019.05.30-12.07.13:575][904]LogModuleManager: Shutting down and abandoning module CharacterAI (544)
[2019.05.30-12.07.13:575][904]LogModuleManager: Shutting down and abandoning module SmartSnapping (542)
[2019.05.30-12.07.13:575][904]LogModuleManager: Shutting down and abandoning module SessionServices (540)
[2019.05.30-12.07.13:575][904]LogModuleManager: Shutting down and abandoning module ViewportSnapping (538)
[2019.05.30-12.07.13:575][904]LogModuleManager: Shutting down and abandoning module ViewportInteraction (536)
[2019.05.30-12.07.13:575][904]LogModuleManager: Shutting down and abandoning module ClothPainter (534)
[2019.05.30-12.07.13:575][904]LogModuleManager: Shutting down and abandoning module SkeletalMeshEditor (533)
[2019.05.30-12.07.13:575][904]LogModuleManager: Shutting down and abandoning module LogVisualizer (530)
[2019.05.30-12.07.13:575][904]LogModuleManager: Shutting down and abandoning module IntroTutorials (528)
[2019.05.30-12.07.13:576][904]LogModuleManager: Shutting down and abandoning module GameProjectGeneration (527)
[2019.05.30-12.07.13:576][904]LogModuleManager: Shutting down and abandoning module LuminPlatformEditor (524)
[2019.05.30-12.07.13:576][904]LogModuleManager: Shutting down and abandoning module IOSPlatformEditor (522)
[2019.05.30-12.07.13:576][904]LogModuleManager: Shutting down and abandoning module HTML5PlatformEditor (520)
[2019.05.30-12.07.13:576][904]LogModuleManager: Shutting down and abandoning module AndroidPlatformEditor (518)
[2019.05.30-12.07.13:576][904]LogModuleManager: Shutting down and abandoning module AndroidDeviceDetection (517)
[2019.05.30-12.07.14:041][904]LogModuleManager: Shutting down and abandoning module WindowsPlatformEditor (514)
[2019.05.30-12.07.14:041][904]LogModuleManager: Shutting down and abandoning module LuminRuntimeSettings (512)
[2019.05.30-12.07.14:041][904]LogModuleManager: Shutting down and abandoning module IOSRuntimeSettings (510)
[2019.05.30-12.07.14:041][904]LogModuleManager: Shutting down and abandoning module AndroidRuntimeSettings (508)
[2019.05.30-12.07.14:041][904]LogModuleManager: Shutting down and abandoning module TimeManagementEditor (506)
[2019.05.30-12.07.14:041][904]LogModuleManager: Shutting down and abandoning module InputBindingEditor (504)
[2019.05.30-12.07.14:042][904]LogModuleManager: Shutting down and abandoning module MergeActors (502)
[2019.05.30-12.07.14:042][904]LogModuleManager: Shutting down and abandoning module LocalizationDashboard (500)
[2019.05.30-12.07.14:042][904]LogModuleManager: Shutting down and abandoning module LocalizationService (499)
[2019.05.30-12.07.14:042][904]LogModuleManager: Shutting down and abandoning module HardwareTargeting (496)
[2019.05.30-12.07.14:042][904]LogModuleManager: Shutting down and abandoning module DeviceProfileEditor (494)
[2019.05.30-12.07.14:042][904]LogModuleManager: Shutting down and abandoning module UndoHistory (492)
[2019.05.30-12.07.14:042][904]LogModuleManager: Shutting down and abandoning module XmlParser (490)
[2019.05.30-12.07.14:042][904]LogModuleManager: Shutting down and abandoning module Blutility (488)
[2019.05.30-12.07.14:042][904]LogModuleManager: Shutting down and abandoning module ProjectSettingsViewer (486)
[2019.05.30-12.07.14:042][904]LogModuleManager: Shutting down and abandoning module ProjectTargetPlatformEditor (485)
[2019.05.30-12.07.14:042][904]LogModuleManager: Shutting down and abandoning module EditorSettingsViewer (482)
[2019.05.30-12.07.14:042][904]LogModuleManager: Shutting down and abandoning module SettingsEditor (480)
[2019.05.30-12.07.14:042][904]LogModuleManager: Shutting down and abandoning module ProjectLauncher (478)
[2019.05.30-12.07.14:042][904]LogModuleManager: Shutting down and abandoning module SessionFrontend (476)
[2019.05.30-12.07.14:042][904]LogModuleManager: Shutting down and abandoning module ProfilerClient (474)
[2019.05.30-12.07.14:042][904]LogModuleManager: Shutting down and abandoning module DeviceManager (472)
[2019.05.30-12.07.14:043][904]LogModuleManager: Shutting down and abandoning module TargetDeviceServices (471)
[2019.05.30-12.07.14:098][904]LogModuleManager: Shutting down and abandoning module AutomationController (468)
[2019.05.30-12.07.14:098][904]LogModuleManager: Shutting down and abandoning module AutomationWindow (466)
[2019.05.30-12.07.14:098][904]LogModuleManager: Shutting down and abandoning module Layers (464)
[2019.05.30-12.07.14:098][904]LogModuleManager: Shutting down and abandoning module ComponentVisualizers (462)
[2019.05.30-12.07.14:098][904]LogModuleManager: Shutting down and abandoning module DetailCustomizations (460)
[2019.05.30-12.07.14:098][904]LogModuleManager: Shutting down and abandoning module PackagesDialog (458)
[2019.05.30-12.07.14:098][904]LogModuleManager: Shutting down and abandoning module Persona (456)
[2019.05.30-12.07.14:098][904]LogModuleManager: Shutting down and abandoning module AdvancedPreviewScene (455)
[2019.05.30-12.07.14:098][904]LogModuleManager: Shutting down and abandoning module AnimGraph (453)
[2019.05.30-12.07.14:098][904]LogModuleManager: Shutting down and abandoning module Kismet (450)
[2019.05.30-12.07.14:099][904]LogModuleManager: Shutting down and abandoning module GraphEditor (448)
[2019.05.30-12.07.14:099][904]LogModuleManager: Shutting down and abandoning module ClassViewer (446)
[2019.05.30-12.07.14:099][904]LogModuleManager: Shutting down and abandoning module Toolbox (444)
[2019.05.30-12.07.14:099][904]LogModuleManager: Shutting down and abandoning module DesktopPlatform (443)
[2019.05.30-12.07.14:099][904]LogModuleManager: Shutting down and abandoning module ModuleUI (440)
[2019.05.30-12.07.14:099][904]LogModuleManager: Shutting down and abandoning module MovieSceneTools (438)
[2019.05.30-12.07.14:100][904]LogModuleManager: Shutting down and abandoning module OutputLog (436)
[2019.05.30-12.07.14:100][904]LogModuleManager: Shutting down and abandoning module GammaUI (434)
[2019.05.30-12.07.14:100][904]LogModuleManager: Shutting down and abandoning module Documentation (432)
[2019.05.30-12.07.14:100][904]LogModuleManager: Shutting down and abandoning module MovieSceneTracks (430)
[2019.05.30-12.07.14:100][904]LogModuleManager: Shutting down and abandoning module MovieScene (428)
[2019.05.30-12.07.14:100][904]LogModuleManager: Shutting down and abandoning module StreamingPauseRendering (426)
[2019.05.30-12.07.14:100][904]LogModuleManager: Shutting down and abandoning module LauncherPlatform (424)
[2019.05.30-12.07.14:100][904]LogModuleManager: Shutting down and abandoning module AnalyticsET (422)
[2019.05.30-12.07.14:100][904]LogModuleManager: Shutting down and abandoning module PortalServices (420)
[2019.05.30-12.07.14:100][904]LogModuleManager: Shutting down and abandoning module PortalRpc (418)
[2019.05.30-12.07.14:100][904]LogModuleManager: Shutting down and abandoning module MessagingRpc (416)
[2019.05.30-12.07.14:100][904]LogModuleManager: Shutting down and abandoning module AIModule (414)
[2019.05.30-12.07.14:100][904]LogModuleManager: Shutting down and abandoning module GameplayDebugger (413)
[2019.05.30-12.07.14:100][904]LogModuleManager: Shutting down and abandoning module AITestSuite (411)
[2019.05.30-12.07.14:100][904]LogModuleManager: Shutting down and abandoning module NavigationSystem (409)
[2019.05.30-12.07.14:100][904]LogModuleManager: Shutting down and abandoning module ImageWriteQueue (406)
[2019.05.30-12.07.14:105][904]LogModuleManager: Shutting down and abandoning module ProfilerService (404)
[2019.05.30-12.07.14:220][904]LogModuleManager: Shutting down and abandoning module TaskGraph (402)
[2019.05.30-12.07.14:220][904]LogModuleManager: Shutting down and abandoning module SteamVRController (400)
[2019.05.30-12.07.14:220][904]LogModuleManager: Shutting down and abandoning module ProceduralMeshComponentEditor (398)
[2019.05.30-12.07.14:220][904]LogModuleManager: Shutting down and abandoning module ProceduralMeshComponent (396)
[2019.05.30-12.07.14:220][904]LogModuleManager: Shutting down and abandoning module OculusInput (394)
[2019.05.30-12.07.14:220][904]LogModuleManager: Shutting down and abandoning module MobilePatchingUtils (392)
[2019.05.30-12.07.14:220][904]LogModuleManager: Shutting down and abandoning module EditableMesh (390)
[2019.05.30-12.07.14:220][904]LogModuleManager: Shutting down and abandoning module CustomMeshComponent (388)
[2019.05.30-12.07.14:220][904]LogModuleManager: Shutting down and abandoning module CableComponent (386)
[2019.05.30-12.07.14:220][904]LogModuleManager: Shutting down and abandoning module AudioCapture (384)
[2019.05.30-12.07.14:221][904]LogModuleManager: Shutting down and abandoning module ArchVisCharacter (382)
[2019.05.30-12.07.14:221][904]LogModuleManager: Shutting down and abandoning module AndroidPermission (380)
[2019.05.30-12.07.14:221][904]LogModuleManager: Shutting down and abandoning module NUTUnrealEngine4 (378)
[2019.05.30-12.07.14:221][904]LogModuleManager: Shutting down and abandoning module NetcodeUnitTest (376)
[2019.05.30-12.07.14:221][904]LogModuleManager: Shutting down and abandoning module MediaCompositing (374)
[2019.05.30-12.07.14:221][904]LogModuleManager: Shutting down and abandoning module LinearTimecode (372)
[2019.05.30-12.07.14:221][904]LogModuleManager: Shutting down and abandoning module ImgMedia (370)
[2019.05.30-12.07.14:230][904]LogModuleManager: Shutting down and abandoning module HTML5Networking (368)
[2019.05.30-12.07.14:230][904]LogModuleManager: Shutting down and abandoning module GeometryCacheTracks (366)
[2019.05.30-12.07.14:230][904]LogModuleManager: Shutting down and abandoning module GeometryCacheSequencer (364)
[2019.05.30-12.07.14:230][904]LogModuleManager: Shutting down and abandoning module BackChannel (362)
[2019.05.30-12.07.14:230][904]LogModuleManager: Shutting down and abandoning module AppleVision (360)
[2019.05.30-12.07.14:230][904]LogModuleManager: Shutting down and abandoning module AppleImageUtilsBlueprintSupport (358)
[2019.05.30-12.07.14:230][904]LogModuleManager: Shutting down and abandoning module AppleImageUtils (356)
[2019.05.30-12.07.14:230][904]LogModuleManager: Shutting down and abandoning module AlembicImporter (354)
[2019.05.30-12.07.14:230][904]LogModuleManager: Shutting down and abandoning module AlembicLibrary (353)
[2019.05.30-12.07.14:231][904]LogModuleManager: Shutting down and abandoning module GeometryCache (352)
[2019.05.30-12.07.14:231][904]LogModuleManager: Shutting down and abandoning module GeometryCacheEd (351)
[2019.05.30-12.07.14:231][904]LogModuleManager: Shutting down and abandoning module VariantManagerContent (346)
[2019.05.30-12.07.14:231][904]LogModuleManager: Shutting down and abandoning module DatasmithContentEditor (344)
[2019.05.30-12.07.14:231][904]LogModuleManager: Shutting down and abandoning module SpeedTreeImporter (342)
[2019.05.30-12.07.14:231][904]LogModuleManager: Shutting down and abandoning module PluginBrowser (340)
[2019.05.30-12.07.14:231][904]LogModuleManager: Shutting down and abandoning module MobileLauncherProfileWizard (338)
[2019.05.30-12.07.14:231][904]LogModuleManager: Shutting down and abandoning module PolygonModeling (336)
[2019.05.30-12.07.14:231][904]LogModuleManager: Shutting down and abandoning module MeshEditor (334)
[2019.05.30-12.07.14:231][904]LogModuleManager: Shutting down and abandoning module CryptoKeysOpenSSL (332)
[2019.05.30-12.07.14:231][904]LogModuleManager: Shutting down and abandoning module CryptoKeys (330)
[2019.05.30-12.07.14:231][904]LogModuleManager: Shutting down and abandoning module VisualStudioSourceCodeAccess (328)
[2019.05.30-12.07.14:231][904]LogModuleManager: Shutting down and abandoning module VisualStudioCodeSourceCodeAccess (326)
[2019.05.30-12.07.14:231][904]LogModuleManager: Shutting down and abandoning module UObjectPlugin (324)
[2019.05.30-12.07.14:231][904]LogModuleManager: Shutting down and abandoning module SubversionSourceControl (322)
[2019.05.30-12.07.14:231][904]LogModuleManager: Shutting down and abandoning module PerforceSourceControl (320)
[2019.05.30-12.07.14:231][904]LogModuleManager: Shutting down and abandoning module GitSourceControl (318)
[2019.05.30-12.07.14:231][904]LogModuleManager: Shutting down and abandoning module SourceControl (317)
[2019.05.30-12.07.14:231][904]LogModuleManager: Shutting down and abandoning module CLionSourceCodeAccess (314)
[2019.05.30-12.07.14:232][904]LogModuleManager: Shutting down and abandoning module ActorLayerUtilitiesEditor (312)
[2019.05.30-12.07.14:232][904]LogModuleManager: Shutting down and abandoning module ActorLayerUtilities (310)
[2019.05.30-12.07.14:232][904]LogModuleManager: Shutting down and abandoning module LightPropagationVolumeEditor (308)
[2019.05.30-12.07.14:232][904]LogModuleManager: Shutting down and abandoning module PaperTiledImporter (306)
[2019.05.30-12.07.14:232][904]LogModuleManager: Shutting down and abandoning module PaperSpriteSheetImporter (304)
[2019.05.30-12.07.14:232][904]LogModuleManager: Shutting down and abandoning module Paper2DEditor (302)
[2019.05.30-12.07.14:232][904]LogModuleManager: Shutting down and abandoning module MeshPaint (301)
[2019.05.30-12.07.14:232][904]LogModuleManager: Shutting down and abandoning module LostDark (298)
[2019.05.30-12.07.14:232][904]LogModuleManager: Shutting down and abandoning module RuntimePhysXCooking (296)
[2019.05.30-12.07.14:232][904]LogModuleManager: Shutting down and abandoning module PhysXVehiclesEditor (294)
[2019.05.30-12.07.14:232][904]LogModuleManager: Shutting down and abandoning module PhysXVehicles (292)
[2019.05.30-12.07.14:232][904]LogModuleManager: Shutting down and abandoning module OculusEditor (290)
[2019.05.30-12.07.14:232][904]LogModuleManager: Shutting down and abandoning module LocationServicesBPLibrary (288)
[2019.05.30-12.07.14:232][904]LogModuleManager: Shutting down and abandoning module ActorSequence (286)
[2019.05.30-12.07.14:232][904]LogModuleManager: Shutting down and abandoning module UdpMessaging (284)
[2019.05.30-12.07.14:334][904]LogModuleManager: Shutting down and abandoning module TcpMessaging (282)
[2019.05.30-12.07.14:434][904]LogModuleManager: Shutting down and abandoning module MagicLeapAudio (280)
[2019.05.30-12.07.14:434][904]LogModuleManager: Shutting down and abandoning module GameplayTagsEditor (278)
[2019.05.30-12.07.14:434][904]LogModuleManager: Shutting down and abandoning module FacialAnimationEditor (276)
[2019.05.30-12.07.14:434][904]LogModuleManager: Shutting down and abandoning module FacialAnimation (274)
[2019.05.30-12.07.14:434][904]LogModuleManager: Shutting down and abandoning module DataValidation (272)
[2019.05.30-12.07.14:434][904]LogModuleManager: Shutting down and abandoning module AssetManagerEditor (270)
[2019.05.30-12.07.14:434][904]LogModuleManager: Shutting down and abandoning module LevelEditor (269)
[2019.05.30-12.07.14:436][904]LogModuleManager: Shutting down and abandoning module PixelInspectorModule (268)
[2019.05.30-12.07.14:436][904]LogModuleManager: Shutting down and abandoning module CommonMenuExtensions (266)
[2019.05.30-12.07.14:436][904]LogModuleManager: Shutting down and abandoning module MainFrame (264)
[2019.05.30-12.07.14:436][904]LogModuleManager: Shutting down and abandoning module HotReload (263)
[2019.05.30-12.07.14:437][904]LogModuleManager: Shutting down and abandoning module ContentBrowser (259)
[2019.05.30-12.07.14:439][904]LogModuleManager: Shutting down and abandoning module TreeMap (257)
[2019.05.30-12.07.14:439][904]LogModuleManager: Shutting down and abandoning module LightPropagationVolumeRuntime (254)
[2019.05.30-12.07.14:439][904]LogModuleManager: Shutting down and abandoning module AISupportModule (252)
[2019.05.30-12.07.14:440][904]LogModuleManager: Shutting down and abandoning module Paper2D (250)
[2019.05.30-12.07.14:440][904]LogModuleManager: Shutting down and abandoning module LostDarkSetting (248)
[2019.05.30-12.07.14:440][904]LogModuleManager: Shutting down and abandoning module WindowsMoviePlayer (246)
[2019.05.30-12.07.14:440][904]LogModuleManager: Shutting down and abandoning module WebMMoviePlayer (244)
[2019.05.30-12.07.14:440][904]LogModuleManager: Shutting down and abandoning module WmfMedia (242)
[2019.05.30-12.07.14:442][904]LogModuleManager: Shutting down and abandoning module Media (241)
[2019.05.30-12.07.14:449][904]LogModuleManager: Shutting down and abandoning module PacketHandler (238)
[2019.05.30-12.07.14:449][904]LogModuleManager: Shutting down and abandoning module ClothingSystemEditor (236)
[2019.05.30-12.07.14:449][904]LogModuleManager: Shutting down and abandoning module ClothingSystemRuntime (234)
[2019.05.30-12.07.14:449][904]LogModuleManager: Shutting down and abandoning module MediaAssets (232)
[2019.05.30-12.07.14:449][904]LogModuleManager: Shutting down and abandoning module Overlay (230)
[2019.05.30-12.07.14:449][904]LogModuleManager: Shutting down and abandoning module OverlayEditor (229)
[2019.05.30-12.07.14:449][904]LogModuleManager: Shutting down and abandoning module VREditor (226)
[2019.05.30-12.07.14:449][904]LogModuleManager: Shutting down and abandoning module StringTableEditor (224)
[2019.05.30-12.07.14:449][904]LogModuleManager: Shutting down and abandoning module GameplayTasksEditor (222)
[2019.05.30-12.07.14:449][904]LogModuleManager: Shutting down and abandoning module BehaviorTreeEditor (220)
[2019.05.30-12.07.14:449][904]LogModuleManager: Shutting down and abandoning module FunctionalTesting (218)
[2019.05.30-12.07.14:449][904]LogModuleManager: Shutting down and abandoning module CollisionAnalyzer (216)
[2019.05.30-12.07.14:449][904]LogModuleManager: Shutting down and abandoning module WorkspaceMenuStructure (215)
[2019.05.30-12.07.14:449][904]LogModuleManager: Shutting down and abandoning module UMG (212)
[2019.05.30-12.07.14:449][904]LogModuleManager: Shutting down and abandoning module UMGEditor (211)
[2019.05.30-12.07.14:449][904]LogModuleManager: Shutting down and abandoning module Sequencer (210)
[2019.05.30-12.07.14:449][904]LogModuleManager: Shutting down and abandoning module MessageLog (207)
[2019.05.30-12.07.14:450][904]LogModuleManager: Shutting down and abandoning module SlateReflector (202)
[2019.05.30-12.07.14:450][904]LogModuleManager: Shutting down and abandoning module Slate (200)
[2019.05.30-12.07.14:450][904]LogModuleManager: Shutting down and abandoning module EditorStyle (198)
[2019.05.30-12.07.14:452][904]LogModuleManager: Shutting down and abandoning module MRMesh (196)
[2019.05.30-12.07.14:452][904]LogModuleManager: Shutting down and abandoning module SourceCodeAccess (194)
[2019.05.30-12.07.14:452][904]LogModuleManager: Shutting down and abandoning module HeadMountedDisplay (192)
[2019.05.30-12.07.14:452][904]LogModuleManager: Shutting down and abandoning module XAudio2 (190)
[2019.05.30-12.07.14:453][904]LogModuleManager: Shutting down and abandoning module Networking (188)
[2019.05.30-12.07.14:453][904]LogModuleManager: Shutting down and abandoning module Core (186)
[2019.05.30-12.07.14:453][904]LogModuleManager: Shutting down and abandoning module LevelSequence (184)
[2019.05.30-12.07.14:453][904]LogModuleManager: Shutting down and abandoning module KismetCompiler (182)
[2019.05.30-12.07.14:453][904]LogModuleManager: Shutting down and abandoning module MeshUtilities (180)
[2019.05.30-12.07.14:453][904]LogModuleManager: Shutting down and abandoning module MeshMergeUtilities (179)
[2019.05.30-12.07.14:453][904]LogModuleManager: Shutting down and abandoning module MeshReductionInterface (178)
[2019.05.30-12.07.14:453][904]LogModuleManager: Shutting down and abandoning module SimplygonSwarm (177)
[2019.05.30-12.07.14:453][904]LogModuleManager: Shutting down and abandoning module ProxyLODMeshReduction (175)
[2019.05.30-12.07.14:453][904]LogModuleManager: Shutting down and abandoning module SimplygonMeshReduction (173)
[2019.05.30-12.07.14:453][904]LogModuleManager: Shutting down and abandoning module QuadricMeshReduction (171)
[2019.05.30-12.07.14:453][904]LogModuleManager: Shutting down and abandoning module MaterialBaking (167)
[2019.05.30-12.07.14:453][904]LogModuleManager: Shutting down and abandoning module DirectoryWatcher (163)
[2019.05.30-12.07.14:453][904]LogModuleManager: Shutting down and abandoning module DerivedDataCache (160)
[2019.05.30-12.07.14:510][904]LogDerivedDataCache: Shutdown
[2019.05.30-12.07.14:510][904]LogModuleManager: Shutting down and abandoning module XGEController (158)
[2019.05.30-12.07.14:510][904]LogModuleManager: Shutting down and abandoning module TargetPlatform (156)
[2019.05.30-12.07.14:510][904]LogModuleManager: Shutting down and abandoning module VulkanShaderFormat (155)
[2019.05.30-12.07.14:510][904]LogModuleManager: Shutting down and abandoning module ShaderFormatVectorVM (153)
[2019.05.30-12.07.14:510][904]LogModuleManager: Shutting down and abandoning module ShaderFormatOpenGL (151)
[2019.05.30-12.07.14:510][904]LogModuleManager: Shutting down and abandoning module ShaderFormatD3D (149)
[2019.05.30-12.07.14:510][904]LogModuleManager: Shutting down and abandoning module MetalShaderFormat (147)
[2019.05.30-12.07.14:510][904]LogModuleManager: Shutting down and abandoning module TextureFormatUncompressed (145)
[2019.05.30-12.07.14:510][904]LogModuleManager: Shutting down and abandoning module TextureFormatPVR (143)
[2019.05.30-12.07.14:510][904]LogModuleManager: Shutting down and abandoning module TextureFormatDXT (141)
[2019.05.30-12.07.14:510][904]LogModuleManager: Shutting down and abandoning module TextureFormatIntelISPCTexComp (139)
[2019.05.30-12.07.14:510][904]LogModuleManager: Shutting down and abandoning module TextureFormatASTC (137)
[2019.05.30-12.07.14:510][904]LogModuleManager: Shutting down and abandoning module ImageWrapper (136)
[2019.05.30-12.07.14:510][904]LogModuleManager: Shutting down and abandoning module TextureFormatAndroid (133)
[2019.05.30-12.07.14:510][904]LogModuleManager: Shutting down and abandoning module AudioFormatOpus (131)
[2019.05.30-12.07.14:510][904]LogModuleManager: Shutting down and abandoning module AudioFormatOgg (129)
[2019.05.30-12.07.14:510][904]LogModuleManager: Shutting down and abandoning module AudioFormatADPCM (127)
[2019.05.30-12[2019.05.30-12.07.14:598][904]LogFileManager: Error: Error flushing file: ../../../../../../Workspace/SourceTree/Capstone/LostDark/Saved/Logs/LostDark_2.log (디스크 공간이 부족합니다.)
[2019.05.30-12.07.14:598][904]LogModuleManager: Shutting down and abandoning module SSL (58)
[2019.05.30-12.07.14:601][904]LogModuleManager: Shutting down and abandoning module MagicLeapIdentity (54)
[2019.05.30-12.07.14:601][904]LogModuleManager: Shutting down and abandoning module MagicLeapHelperVulkan (52)
[2019.05.30-12.07.14:601][904]LogModuleManager: Shutting down and abandoning module MagicLeapHelperOpenGL (50)
[2019.05.30-12.07.14:602][904]LogModuleManager: Shutting down and abandoning module MagicLeapSecureStorage (48)
[2019.05.30-12.07.14:602][904]LogModuleManager: Shutting down and abandoning module MagicLeapHandTracking (46)
[2019.05.30-12.07.14:602][904]LogModuleManager: Shutting down and abandoning module MagicLeapEyeTracker (44)
[2019.05.30-12.07.14:602][904]LogModuleManager: Shutting down and abandoning module MagicLeapController (42)
[2019.05.30-12.07.14:602][904]LogSlate: Slate User Destroyed.  User Index 0, Is Virtual User: 0
[2019.05.30-12.07.14:602][904]LogModuleManager: Shutting down and abandoning module MagicLeap (40)
[2019.05.30-12.07.14:603][904]LogModuleManager: Shutting down and abandoning module DatasmithContent (38)
[2019.05.30-12.07.14:603][904]LogModuleManager: Shutting down and abandoning module AnimationModifiers (36)
[2019.05.30-12.07.14:603][904]LogModuleManager: Shutting down and abandoning module PropertyEditor (35)
[2019.05.30-12.07.14:603][904]LogModuleManager: Shutting down and abandoning module AudioEditor (32)
[2019.05.30-12.07.14:604][904]LogModuleManager: Shutting down and abandoning module TextureCompressor (30)
[2019.05.30-12.07.14:604][904]LogModuleManager: Shutting down and abandoning module ShaderCore (28)
[2019.05.30-12.07.14:604][904]LogModuleManager: Shutting down and abandoning module Landscape (26)
[2019.05.30-12.07.14:604][904]LogModuleManager: Shutting down and abandoning module SlateRHIRenderer (24)
[2019.05.30-12.07.14:606][904]LogModuleManager: Shutting down and abandoning module OpenGLDrv (22)
[2019.05.30-12.07.14:606][904]LogModuleManager: Shutting down and abandoning module D3D11RHI (20)
[2019.05.30-12.07.14:606][904]LogModuleManager: Shutting down and abandoning module AnimGraphRuntime (18)
[2019.05.30-12.07.14:606][904]LogModuleManager: Shutting down and abandoning module Renderer (16)
[2019.05.30-12.07.14:606][904]LogModuleManager: Shutting down and abandoning module Engine (14)
[2019.05.30-12.07.14:606][904]LogModuleManager: Shutting down and abandoning module CoreUObject (12)
[2019.05.30-12.07.14:606][904]LogModuleManager: Shutting down and abandoning module NetworkFile (10)
[2019.05.30-12.07.14:606][904]LogModuleManager: Shutting down and abandoning module CookedIterativeFile (8)
[2019.05.30-12.07.14:606][904]LogModuleManager: Shutting down and abandoning module StreamingFile (6)
[2019.05.30-12.07.14:606][904]LogModuleManager: Shutting down and abandoning module SandboxFile (4)
[2019.05.30-12.07.14:606][904]LogModuleManager: Shutting down and abandoning module PakFile (2)
[2019.05.30-12.07.14:621][904]LogExit: Exiting.
[2019.05.30-12.07.14:633][904]LogFileManager: Error: Error writing to file: E:/Workspace/SourceTree/Capstone/LostDark/Saved/Config/Windows/EditorPerProjectUserSettings.ini (디스크 공간이 부족합니다.)
[2019.05.30-12.07.14:642][904]Log file closed, 05/30/19 21:07:14
