Log file open, 05/27/19 19:14:55
LogWindows: Failed to load 'aqProf.dll' (GetLastError=126)
LogWindows: File 'aqProf.dll' does not exist
LogWindows: Failed to load 'VtuneApi.dll' (GetLastError=126)
LogWindows: File 'VtuneApi.dll' does not exist
LogWindows: Failed to load 'VtuneApi32e.dll' (GetLastError=126)
LogWindows: File 'VtuneApi32e.dll' does not exist
LogConsoleResponse: Display: Failed to find resolution value strings in scalability ini. Falling back to default.
LogInit: Display: Running engine for game: LostDark
LogPakFile: Registered encryption key '00000000000000000000000000000000': 0 pak files mounted, 0 remain pending
LogPlatformFile: Not using cached read wrapper
LogTaskGraph: Started task graph with 5 named threads and 20 total threads with 3 sets of task threads.
LogStats: Stats thread started at 0.238482
LogD3D11RHI: Loaded GFSDK_Aftermath_Lib.x64.dll
LogICUInternationalization: ICU TimeZone Detection - Raw Offset: +9:00, Platform Override: ''
LogPluginManager: Mounting plugin Paper2D
LogPluginManager: Mounting plugin AISupport
LogPluginManager: Mounting plugin LightPropagationVolume
LogPluginManager: Mounting plugin ActorLayerUtilities
LogPluginManager: Mounting plugin CLionSourceCodeAccess
LogPluginManager: Mounting plugin CodeLiteSourceCodeAccess
LogPluginManager: Mounting plugin GitSourceControl
LogPluginManager: Mounting plugin KDevelopSourceCodeAccess
LogPluginManager: Mounting plugin NullSourceCodeAccess
LogPluginManager: Mounting plugin PerforceSourceControl
LogPluginManager: Mounting plugin SubversionSourceControl
LogPluginManager: Mounting plugin UObjectPlugin
LogPluginManager: Mounting plugin VisualStudioCodeSourceCodeAccess
LogPluginManager: Mounting plugin VisualStudioSourceCodeAccess
LogPluginManager: Mounting plugin XCodeSourceCodeAccess
LogPluginManager: Mounting plugin AssetManagerEditor
LogPluginManager: Mounting plugin CryptoKeys
LogPluginManager: Mounting plugin DataValidation
LogPluginManager: Mounting plugin FacialAnimation
LogPluginManager: Mounting plugin GameplayTagsEditor
LogPluginManager: Mounting plugin MacGraphicsSwitching
LogPluginManager: Mounting plugin MeshEditor
LogPluginManager: Mounting plugin MobileLauncherProfileWizard
LogPluginManager: Mounting plugin PluginBrowser
LogPluginManager: Mounting plugin SpeedTreeImporter
LogPluginManager: Mounting plugin DatasmithContent
LogPluginManager: Mounting plugin VariantManagerContent
LogPluginManager: Mounting plugin AlembicImporter
LogPluginManager: Mounting plugin AppleImageUtils
LogPluginManager: Mounting plugin AppleVision
LogPluginManager: Mounting plugin BackChannel
LogPluginManager: Mounting plugin CharacterAI
LogPluginManager: Mounting plugin GeometryCache
LogPluginManager: Mounting plugin HTML5Networking
LogPluginManager: Mounting plugin ProxyLODPlugin
LogPluginManager: Mounting plugin MagicLeap
LogPluginManager: Mounting plugin MagicLeapMedia
LogPluginManager: Mounting plugin ParticleText
LogPluginManager: Mounting plugin AndroidMedia
LogPluginManager: Mounting plugin AvfMedia
LogPluginManager: Mounting plugin ImgMedia
LogPluginManager: Mounting plugin LinearTimecode
LogPluginManager: Mounting plugin MediaCompositing
LogPluginManager: Mounting plugin MediaPlayerEditor
LogPluginManager: Mounting plugin WebMMedia
LogPluginManager: Mounting plugin WmfMedia
LogPluginManager: Mounting plugin TcpMessaging
LogPluginManager: Mounting plugin UdpMessaging
LogPluginManager: Mounting plugin ActorSequence
LogPluginManager: Mounting plugin LevelSequenceEditor
LogPluginManager: Mounting plugin MatineeToLevelSequence
LogPluginManager: Mounting plugin NetcodeUnitTest
LogPluginManager: Mounting plugin NUTUnrealEngine4
LogPluginManager: Mounting plugin OnlineSubsystemGooglePlay
LogPluginManager: Mounting plugin OnlineSubsystemIOS
LogPluginManager: Mounting plugin OnlineSubsystem
LogPluginManager: Mounting plugin OnlineSubsystemNull
LogPluginManager: Mounting plugin OnlineSubsystemUtils
LogPluginManager: Mounting plugin LauncherChunkInstaller
LogPluginManager: Mounting plugin AndroidDeviceProfileSelector
LogPluginManager: Mounting plugin AndroidMoviePlayer
LogPluginManager: Mounting plugin AndroidPermission
LogPluginManager: Mounting plugin AppleMoviePlayer
LogPluginManager: Mounting plugin ArchVisCharacter
LogPluginManager: Mounting plugin AudioCapture
LogPluginManager: Mounting plugin CableComponent
LogPluginManager: Mounting plugin CustomMeshComponent
LogPluginManager: Mounting plugin EditableMesh
LogPluginManager: Mounting plugin ExampleDeviceProfileSelector
LogPluginManager: Mounting plugin Firebase
LogPluginManager: Mounting plugin GoogleCloudMessaging
LogPluginManager: Mounting plugin IOSDeviceProfileSelector
LogPluginManager: Mounting plugin LinuxDeviceProfileSelector
LogPluginManager: Mounting plugin LocationServicesBPLibrary
LogPluginManager: Mounting plugin MobilePatchingUtils
LogPluginManager: Mounting plugin OculusVR
LogPluginManager: Mounting plugin PhysXVehicles
LogPluginManager: Mounting plugin ProceduralMeshComponent
LogPluginManager: Mounting plugin RuntimePhysXCooking
LogPluginManager: Mounting plugin SteamVR
LogPluginManager: Mounting plugin WebMMoviePlayer
LogPluginManager: Mounting plugin WindowsMoviePlayer
LogStreaming: Display: Took  0.060s to configure plugins.
LogInit: Using libcurl 7.55.1-DEV
LogInit:  - built for x86_64-pc-win32
LogInit:  - supports SSL with OpenSSL/1.0.2h
LogInit:  - supports HTTP deflate (compression) using libz 1.2.8
LogInit:  - other features:
LogInit:      CURL_VERSION_SSL
LogInit:      CURL_VERSION_LIBZ
LogInit:      CURL_VERSION_IPV6
LogInit:      CURL_VERSION_ASYNCHDNS
LogInit:      CURL_VERSION_LARGEFILE
LogInit:      CURL_VERSION_IDN
LogInit:  CurlRequestOptions (configurable via config and command line):
LogInit:  - bVerifyPeer = true  - Libcurl will verify peer certificate
LogInit:  - bUseHttpProxy = false  - Libcurl will NOT use HTTP proxy
LogInit:  - bDontReuseConnections = false  - Libcurl will reuse connections
LogInit:  - MaxHostConnections = 16  - Libcurl will limit the number of connections to a host
LogInit:  - LocalHostAddr = Default
LogInit:  - BufferSize = 65536
LogInit: WinSock: version 1.1 (2.2), MaxSocks=32767, MaxUdp=65467
LogInit: Build: ++UE4+Release-4.21-CL-4753647
LogInit: Engine Version: 4.21.2-4753647+++UE4+Release-4.21
LogInit: Compatible Engine Version: 4.21.0-4541578+++UE4+Release-4.21
LogInit: Net CL: 4541578
LogInit: OS: Windows 10 (), CPU: Intel(R) Core(TM) i5-8400 CPU @ 2.80GHz, GPU: NVIDIA GeForce GTX 1060 6GB
LogInit: Compiled (64-bit): Jan 19 2019 02:07:31
LogInit: Compiled with Visual C++: 19.13.26129.00
LogInit: Build Configuration: Development
LogInit: Branch Name: ++UE4+Release-4.21
LogInit: Command Line: 
LogInit: Base Directory: C:/Program Files/Epic Games/UE_4.21/Engine/Binaries/Win64/
LogInit: Installed Engine Build: 1
LogDevObjectVersion: Number of dev versions registered: 22
LogDevObjectVersion:   Dev-Blueprints (B0D832E4-1F89-4F0D-ACCF-7EB736FD4AA2): 10
LogDevObjectVersion:   Dev-Build (E1C64328-A22C-4D53-A36C-8E866417BD8C): 0
LogDevObjectVersion:   Dev-Core (375EC13C-06E4-48FB-B500-84F0262A717E): 2
LogDevObjectVersion:   Dev-Editor (E4B068ED-F494-42E9-A231-DA0B2E46BB41): 26
LogDevObjectVersion:   Dev-Framework (CFFC743F-43B0-4480-9391-14DF171D2073): 34
LogDevObjectVersion:   Dev-Mobile (B02B49B5-BB20-44E9-A304-32B752E40360): 2
LogDevObjectVersion:   Dev-Networking (A4E4105C-59A1-49B5-A7C5-40C4547EDFEE): 0
LogDevObjectVersion:   Dev-Online (39C831C9-5AE6-47DC-9A44-9C173E1C8E7C): 0
LogDevObjectVersion:   Dev-Physics (78F01B33-EBEA-4F98-B9B4-84EACCB95AA2): 0
LogDevObjectVersion:   Dev-Platform (6631380F-2D4D-43E0-8009-CF276956A95A): 0
LogDevObjectVersion:   Dev-Rendering (12F88B9F-8875-4AFC-A67C-D90C383ABD29): 27
LogDevObjectVersion:   Dev-Sequencer (7B5AE74C-D270-4C10-A958-57980B212A5A): 9
LogDevObjectVersion:   Dev-VR (D7296918-1DD6-4BDD-9DE2-64A83CC13884): 2
LogDevObjectVersion:   Dev-LoadTimes (C2A15278-BFE7-4AFE-6C17-90FF531DF755): 1
LogDevObjectVersion:   Private-Geometry (6EACA3D4-40EC-4CC1-B786-8BED09428FC5): 3
LogDevObjectVersion:   Dev-AnimPhys (29E575DD-E0A3-4627-9D10-D276232CDCEA): 17
LogDevObjectVersion:   Dev-Anim (AF43A65D-7FD3-4947-9873-3E8ED9C1BB05): 2
LogDevObjectVersion:   Dev-ReflectionCapture (6B266CEC-1EC7-4B8F-A30B-E4D90942FC07): 1
LogDevObjectVersion:   Dev-Automation (0DF73D61-A23F-47EA-B727-89E90C41499A): 1
LogDevObjectVersion:   FortniteMain (601D1886-AC64-4F84-AA16-D3DE0DEAC7D6): 17
LogDevObjectVersion:   Dev-Enterprise (9DFFBCD6-494F-0158-E221-12823C92A888): 4
LogDevObjectVersion:   Dev-Niagara (F2AED0AC-9AFE-416F-8664-AA7FFA26D6FC): 1
LogStreaming: Display: Took  0.000s to delete old logs.
LogInit: Presizing for max 8388607 objects, including 0 objects not considered by GC, pre-allocating 0 bytes for permanent pool.
LogInit: Object subsystem initialized
LogConfig: Setting CVar [[con.DebugEarlyDefault:1]]
LogConfig: Setting CVar [[r.setres:1280x720]]
[2019.05.27-10.14.56:055][  0]LogConfig: Setting CVar [[r.VSync:0]]
[2019.05.27-10.14.56:055][  0]LogConfig: Setting CVar [[r.RHICmdBypass:0]]
[2019.05.27-10.14.56:055][  0]LogConfig: Applying CVar settings from Section [/Script/Engine.RendererSettings] File [B:/Develope/Sourcetree/LostDark/LostDark/Saved/Config/Windows/Engine.ini]
[2019.05.27-10.14.56:055][  0]LogConfig: Setting CVar [[r.GPUCrashDebugging:0]]
[2019.05.27-10.14.56:055][  0]LogConfig: Applying CVar settings from Section [/Script/Engine.RendererOverrideSettings] File [B:/Develope/Sourcetree/LostDark/LostDark/Saved/Config/Windows/Engine.ini]
[2019.05.27-10.14.56:055][  0]LogConfig: Applying CVar settings from Section [/Script/Engine.StreamingSettings] File [B:/Develope/Sourcetree/LostDark/LostDark/Saved/Config/Windows/Engine.ini]
[2019.05.27-10.14.56:055][  0]LogConfig: Setting CVar [[s.MinBulkDataSizeForAsyncLoading:131072]]
[2019.05.27-10.14.56:055][  0]LogConfig: Setting CVar [[s.AsyncLoadingThreadEnabled:0]]
[2019.05.27-10.14.56:055][  0]LogConfig: Setting CVar [[s.EventDrivenLoaderEnabled:1]]
[2019.05.27-10.14.56:055][  0]LogConfig: Setting CVar [[s.WarnIfTimeLimitExceeded:0]]
[2019.05.27-10.14.56:055][  0]LogConfig: Setting CVar [[s.TimeLimitExceededMultiplier:1.5]]
[2019.05.27-10.14.56:055][  0]LogConfig: Setting CVar [[s.TimeLimitExceededMinTime:0.005]]
[2019.05.27-10.14.56:055][  0]LogConfig: Setting CVar [[s.UseBackgroundLevelStreaming:1]]
[2019.05.27-10.14.56:055][  0]LogConfig: Setting CVar [[s.PriorityAsyncLoadingExtraTime:15.0]]
[2019.05.27-10.14.56:055][  0]LogConfig: Setting CVar [[s.LevelStreamingActorsUpdateTimeLimit:5.0]]
[2019.05.27-10.14.56:055][  0]LogConfig: Setting CVar [[s.PriorityLevelStreamingActorsUpdateExtraTime:5.0]]
[2019.05.27-10.14.56:055][  0]LogConfig: Setting CVar [[s.LevelStreamingComponentsRegistrationGranularity:10]]
[2019.05.27-10.14.56:055][  0]LogConfig: Setting CVar [[s.UnregisterComponentsTimeLimit:1.0]]
[2019.05.27-10.14.56:055][  0]LogConfig: Setting CVar [[s.LevelStreamingComponentsUnregistrationGranularity:5]]
[2019.05.27-10.14.56:055][  0]LogConfig: Applying CVar settings from Section [/Script/Engine.GarbageCollectionSettings] File [B:/Develope/Sourcetree/LostDark/LostDark/Saved/Config/Windows/Engine.ini]
[2019.05.27-10.14.56:055][  0]LogConfig: Setting CVar [[gc.MaxObjectsNotConsideredByGC:1]]
[2019.05.27-10.14.56:055][  0]LogConfig: Setting CVar [[gc.SizeOfPermanentObjectPool:0]]
[2019.05.27-10.14.56:055][  0]LogConfig: Setting CVar [[gc.FlushStreamingOnGC:0]]
[2019.05.27-10.14.56:055][  0]LogConfig: Setting CVar [[gc.NumRetriesBeforeForcingGC:10]]
[2019.05.27-10.14.56:056][  0]LogConfig: Setting CVar [[gc.AllowParallelGC:1]]
[2019.05.27-10.14.56:056][  0]LogConfig: Setting CVar [[gc.TimeBetweenPurgingPendingKillObjects:61.1]]
[2019.05.27-10.14.56:056][  0]LogConfig: Setting CVar [[gc.MaxObjectsInEditor:8388607]]
[2019.05.27-10.14.56:056][  0]LogConfig: Setting CVar [[gc.IncrementalBeginDestroyEnabled:1]]
[2019.05.27-10.14.56:056][  0]LogConfig: Setting CVar [[gc.CreateGCClusters:1]]
[2019.05.27-10.14.56:056][  0]LogConfig: Setting CVar [[gc.MergeGCClusters:0]]
[2019.05.27-10.14.56:056][  0]LogConfig: Setting CVar [[gc.MinGCClusterSize:5]]
[2019.05.27-10.14.56:056][  0]LogConfig: Setting CVar [[gc.ActorClusteringEnabled:0]]
[2019.05.27-10.14.56:056][  0]LogConfig: Setting CVar [[gc.BlueprintClusteringEnabled:0]]
[2019.05.27-10.14.56:056][  0]LogConfig: Setting CVar [[gc.UseDisregardForGCOnDedicatedServers:0]]
[2019.05.27-10.14.56:056][  0]LogConfig: Applying CVar settings from Section [/Script/Engine.NetworkSettings] File [B:/Develope/Sourcetree/LostDark/LostDark/Saved/Config/Windows/Engine.ini]
[2019.05.27-10.14.56:056][  0]LogConfig: Applying CVar settings from Section [/Script/UnrealEd.CookerSettings] File [B:/Develope/Sourcetree/LostDark/LostDark/Saved/Config/Windows/Engine.ini]
[2019.05.27-10.14.56:061][  0]LogConfig: Applying CVar settings from Section [ViewDistanceQuality@3] File [B:/Develope/Sourcetree/LostDark/LostDark/Saved/Config/Windows/Scalability.ini]
[2019.05.27-10.14.56:061][  0]LogConfig: Setting CVar [[r.SkeletalMeshLODBias:0]]
[2019.05.27-10.14.56:061][  0]LogConfig: Setting CVar [[r.ViewDistanceScale:1.0]]
[2019.05.27-10.14.56:061][  0]LogConfig: Applying CVar settings from Section [AntiAliasingQuality@3] File [B:/Develope/Sourcetree/LostDark/LostDark/Saved/Config/Windows/Scalability.ini]
[2019.05.27-10.14.56:061][  0]LogConfig: Setting CVar [[r.PostProcessAAQuality:4]]
[2019.05.27-10.14.56:061][  0]LogConfig: Applying CVar settings from Section [ShadowQuality@3] File [B:/Develope/Sourcetree/LostDark/LostDark/Saved/Config/Windows/Scalability.ini]
[2019.05.27-10.14.56:061][  0]LogConfig: Setting CVar [[r.LightFunctionQuality:1]]
[2019.05.27-10.14.56:061][  0]LogConfig: Setting CVar [[r.ShadowQuality:5]]
[2019.05.27-10.14.56:061][  0]LogConfig: Setting CVar [[r.Shadow.CSM.MaxCascades:10]]
[2019.05.27-10.14.56:061][  0]LogConfig: Setting CVar [[r.Shadow.MaxResolution:2048]]
[2019.05.27-10.14.56:061][  0]LogConfig: Setting CVar [[r.Shadow.MaxCSMResolution:2048]]
[2019.05.27-10.14.56:061][  0]LogConfig: Setting CVar [[r.Shadow.RadiusThreshold:0.01]]
[2019.05.27-10.14.56:061][  0]LogConfig: Setting CVar [[r.Shadow.DistanceScale:1.0]]
[2019.05.27-10.14.56:061][  0]LogConfig: Setting CVar [[r.Shadow.CSM.TransitionScale:1.0]]
[2019.05.27-10.14.56:061][  0]LogConfig: Setting CVar [[r.Shadow.PreShadowResolutionFactor:1.0]]
[2019.05.27-10.14.56:061][  0]LogConfig: Setting CVar [[r.DistanceFieldShadowing:1]]
[2019.05.27-10.14.56:061][  0]LogConfig: Setting CVar [[r.DistanceFieldAO:1]]
[2019.05.27-10.14.56:062][  0]LogConfig: Setting CVar [[r.AOQuality:2]]
[2019.05.27-10.14.56:062][  0]LogConfig: Setting CVar [[r.VolumetricFog:1]]
[2019.05.27-10.14.56:062][  0]LogConfig: Setting CVar [[r.VolumetricFog.GridPixelSize:8]]
[2019.05.27-10.14.56:062][  0]LogConfig: Setting CVar [[r.VolumetricFog.GridSizeZ:128]]
[2019.05.27-10.14.56:062][  0]LogConfig: Setting CVar [[r.VolumetricFog.HistoryMissSupersampleCount:4]]
[2019.05.27-10.14.56:062][  0]LogConfig: Setting CVar [[r.LightMaxDrawDistanceScale:1]]
[2019.05.27-10.14.56:062][  0]LogConfig: Setting CVar [[r.CapsuleShadows:1]]
[2019.05.27-10.14.56:062][  0]LogConfig: Applying CVar settings from Section [PostProcessQuality@3] File [B:/Develope/Sourcetree/LostDark/LostDark/Saved/Config/Windows/Scalability.ini]
[2019.05.27-10.14.56:062][  0]LogConfig: Setting CVar [[r.MotionBlurQuality:4]]
[2019.05.27-10.14.56:062][  0]LogConfig: Setting CVar [[r.AmbientOcclusionMipLevelFactor:0.4]]
[2019.05.27-10.14.56:062][  0]LogConfig: Setting CVar [[r.AmbientOcclusionMaxQuality:100]]
[2019.05.27-10.14.56:062][  0]LogConfig: Setting CVar [[r.AmbientOcclusionLevels:-1]]
[2019.05.27-10.14.56:062][  0]LogConfig: Setting CVar [[r.AmbientOcclusionRadiusScale:1.0]]
[2019.05.27-10.14.56:062][  0]LogConfig: Setting CVar [[r.DepthOfFieldQuality:2]]
[2019.05.27-10.14.56:062][  0]LogConfig: Setting CVar [[r.RenderTargetPoolMin:400]]
[2019.05.27-10.14.56:062][  0]LogConfig: Setting CVar [[r.LensFlareQuality:2]]
[2019.05.27-10.14.56:062][  0]LogConfig: Setting CVar [[r.SceneColorFringeQuality:1]]
[2019.05.27-10.14.56:062][  0]LogConfig: Setting CVar [[r.EyeAdaptationQuality:2]]
[2019.05.27-10.14.56:062][  0]LogConfig: Setting CVar [[r.BloomQuality:5]]
[2019.05.27-10.14.56:062][  0]LogConfig: Setting CVar [[r.FastBlurThreshold:100]]
[2019.05.27-10.14.56:062][  0]LogConfig: Setting CVar [[r.Upscale.Quality:3]]
[2019.05.27-10.14.56:062][  0]LogConfig: Setting CVar [[r.Tonemapper.GrainQuantization:1]]
[2019.05.27-10.14.56:062][  0]LogConfig: Setting CVar [[r.LightShaftQuality:1]]
[2019.05.27-10.14.56:062][  0]LogConfig: Setting CVar [[r.Filter.SizeScale:1]]
[2019.05.27-10.14.56:062][  0]LogConfig: Setting CVar [[r.Tonemapper.Quality:5]]
[2019.05.27-10.14.56:062][  0]LogConfig: Setting CVar [[r.DOF.Gather.AccumulatorQuality:1        ; higher gathering accumulator quality]]
[2019.05.27-10.14.56:062][  0]LogConfig: Setting CVar [[r.DOF.Gather.PostfilterMethod:1          ; Median3x3 postfilering method]]
[2019.05.27-10.14.56:062][  0]LogConfig: Setting CVar [[r.DOF.Gather.EnableBokehSettings:0       ; no bokeh simulation when gathering]]
[2019.05.27-10.14.56:062][  0]LogConfig: Setting CVar [[r.DOF.Gather.RingCount:4                 ; medium number of samples when gathering]]
[2019.05.27-10.14.56:062][  0]LogConfig: Setting CVar [[r.DOF.Scatter.ForegroundCompositing:1    ; additive foreground scattering]]
[2019.05.27-10.14.56:062][  0]LogConfig: Setting CVar [[r.DOF.Scatter.BackgroundCompositing:2    ; additive background scattering]]
[2019.05.27-10.14.56:062][  0]LogConfig: Setting CVar [[r.DOF.Scatter.EnableBokehSettings:1      ; bokeh simulation when scattering]]
[2019.05.27-10.14.56:062][  0]LogConfig: Setting CVar [[r.DOF.Scatter.MaxSpriteRatio:0.1         ; only a maximum of 10% of scattered bokeh]]
[2019.05.27-10.14.56:062][  0]LogConfig: Setting CVar [[r.DOF.Recombine.Quality:1                ; cheap slight out of focus]]
[2019.05.27-10.14.56:062][  0]LogConfig: Setting CVar [[r.DOF.Recombine.EnableBokehSettings:0    ; no bokeh simulation on slight out of focus]]
[2019.05.27-10.14.56:062][  0]LogConfig: Setting CVar [[r.DOF.TemporalAAQuality:1                ; more stable temporal accumulation]]
[2019.05.27-10.14.56:062][  0]LogConfig: Setting CVar [[r.DOF.Kernel.MaxForegroundRadius:0.025]]
[2019.05.27-10.14.56:062][  0]LogConfig: Setting CVar [[r.DOF.Kernel.MaxBackgroundRadius:0.025]]
[2019.05.27-10.14.56:062][  0]LogConfig: Applying CVar settings from Section [TextureQuality@3] File [B:/Develope/Sourcetree/LostDark/LostDark/Saved/Config/Windows/Scalability.ini]
[2019.05.27-10.14.56:062][  0]LogConfig: Setting CVar [[r.Streaming.MipBias:0]]
[2019.05.27-10.14.56:062][  0]LogConfig: Setting CVar [[r.Streaming.AmortizeCPUToGPUCopy:0]]
[2019.05.27-10.14.56:062][  0]LogConfig: Setting CVar [[r.Streaming.MaxNumTexturesToStreamPerFrame:0]]
[2019.05.27-10.14.56:062][  0]LogConfig: Setting CVar [[r.Streaming.Boost:1]]
[2019.05.27-10.14.56:062][  0]LogConfig: Setting CVar [[r.MaxAnisotropy:8]]
[2019.05.27-10.14.56:062][  0]LogConfig: Setting CVar [[r.Streaming.LimitPoolSizeToVRAM:0]]
[2019.05.27-10.14.56:062][  0]LogConfig: Setting CVar [[r.Streaming.PoolSize:1000]]
[2019.05.27-10.14.56:062][  0]LogConfig: Setting CVar [[r.Streaming.MaxEffectiveScreenSize:0]]
[2019.05.27-10.14.56:062][  0]LogConfig: Applying CVar settings from Section [EffectsQuality@3] File [B:/Develope/Sourcetree/LostDark/LostDark/Saved/Config/Windows/Scalability.ini]
[2019.05.27-10.14.56:062][  0]LogConfig: Setting CVar [[r.TranslucencyLightingVolumeDim:64]]
[2019.05.27-10.14.56:062][  0]LogConfig: Setting CVar [[r.RefractionQuality:2]]
[2019.05.27-10.14.56:062][  0]LogConfig: Setting CVar [[r.SSR.Quality:3]]
[2019.05.27-10.14.56:062][  0]LogConfig: Setting CVar [[r.SceneColorFormat:4]]
[2019.05.27-10.14.56:062][  0]LogConfig: Setting CVar [[r.DetailMode:2]]
[2019.05.27-10.14.56:062][  0]LogConfig: Setting CVar [[r.TranslucencyVolumeBlur:1]]
[2019.05.27-10.14.56:062][  0]LogConfig: Setting CVar [[r.MaterialQualityLevel:1 ; High quality]]
[2019.05.27-10.14.56:062][  0]LogConfig: Setting CVar [[r.SSS.Scale:1]]
[2019.05.27-10.14.56:062][  0]LogConfig: Setting CVar [[r.SSS.SampleSet:2]]
[2019.05.27-10.14.56:062][  0]LogConfig: Setting CVar [[r.SSS.Quality:1]]
[2019.05.27-10.14.56:062][  0]LogConfig: Setting CVar [[r.SSS.HalfRes:1]]
[2019.05.27-10.14.56:062][  0]LogConfig: Setting CVar [[r.EmitterSpawnRateScale:1.0]]
[2019.05.27-10.14.56:062][  0]LogConfig: Setting CVar [[r.ParticleLightQuality:2]]
[2019.05.27-10.14.56:062][  0]LogConfig: Applying CVar settings from Section [FoliageQuality@3] File [B:/Develope/Sourcetree/LostDark/LostDark/Saved/Config/Windows/Scalability.ini]
[2019.05.27-10.14.56:062][  0]LogConfig: Setting CVar [[foliage.DensityScale:1.0]]
[2019.05.27-10.14.56:062][  0]LogConfig: Setting CVar [[grass.DensityScale:1.0]]
[2019.05.27-10.14.56:062][  0]LogInit: Selected Device Profile: [Windows]
[2019.05.27-10.14.56:062][  0]LogInit: Applying CVar settings loaded from the selected device profile: [Windows]
[2019.05.27-10.14.56:072][  0]LogHAL: Display: Platform has ~ 16 GB [17103896576 / 17179869184 / 16], which maps to Larger [LargestMinGB=32, LargerMinGB=12, DefaultMinGB=8, SmallerMinGB=6, SmallestMinGB=0)
[2019.05.27-10.14.56:072][  0]LogConfig: Setting CVar [[r.Vulkan.UseRealUBs:1]]
[2019.05.27-10.14.56:072][  0]LogInit: Going up to parent DeviceProfile []
[2019.05.27-10.14.56:072][  0]LogConfig: Applying CVar settings from Section [ViewDistanceQuality@3] File [B:/Develope/Sourcetree/LostDark/LostDark/Saved/Config/Windows/Scalability.ini]
[2019.05.27-10.14.56:072][  0]LogConfig: Setting CVar [[r.SkeletalMeshLODBias:0]]
[2019.05.27-10.14.56:072][  0]LogConfig: Setting CVar [[r.ViewDistanceScale:1.0]]
[2019.05.27-10.14.56:072][  0]LogConfig: Applying CVar settings from Section [AntiAliasingQuality@3] File [B:/Develope/Sourcetree/LostDark/LostDark/Saved/Config/Windows/Scalability.ini]
[2019.05.27-10.14.56:072][  0]LogConfig: Setting CVar [[r.PostProcessAAQuality:4]]
[2019.05.27-10.14.56:072][  0]LogConfig: Applying CVar settings from Section [ShadowQuality@3] File [B:/Develope/Sourcetree/LostDark/LostDark/Saved/Config/Windows/Scalability.ini]
[2019.05.27-10.14.56:072][  0]LogConfig: Setting CVar [[r.LightFunctionQuality:1]]
[2019.05.27-10.14.56:072][  0]LogConfig: Setting CVar [[r.ShadowQuality:5]]
[2019.05.27-10.14.56:072][  0]LogConfig: Setting CVar [[r.Shadow.CSM.MaxCascades:10]]
[2019.05.27-10.14.56:072][  0]LogConfig: Setting CVar [[r.Shadow.MaxResolution:2048]]
[2019.05.27-10.14.56:072][  0]LogConfig: Setting CVar [[r.Shadow.MaxCSMResolution:2048]]
[2019.05.27-10.14.56:072][  0]LogConfig: Setting CVar [[r.Shadow.RadiusThreshold:0.01]]
[2019.05.27-10.14.56:072][  0]LogConfig: Setting CVar [[r.Shadow.DistanceScale:1.0]]
[2019.05.27-10.14.56:072][  0]LogConfig: Setting CVar [[r.Shadow.CSM.TransitionScale:1.0]]
[2019.05.27-10.14.56:072][  0]LogConfig: Setting CVar [[r.Shadow.PreShadowResolutionFactor:1.0]]
[2019.05.27-10.14.56:072][  0]LogConfig: Setting CVar [[r.DistanceFieldShadowing:1]]
[2019.05.27-10.14.56:072][  0]LogConfig: Setting CVar [[r.DistanceFieldAO:1]]
[2019.05.27-10.14.56:072][  0]LogConfig: Setting CVar [[r.AOQuality:2]]
[2019.05.27-10.14.56:072][  0]LogConfig: Setting CVar [[r.VolumetricFog:1]]
[2019.05.27-10.14.56:072][  0]LogConfig: Setting CVar [[r.VolumetricFog.GridPixelSize:8]]
[2019.05.27-10.14.56:072][  0]LogConfig: Setting CVar [[r.VolumetricFog.GridSizeZ:128]]
[2019.05.27-10.14.56:072][  0]LogConfig: Setting CVar [[r.VolumetricFog.HistoryMissSupersampleCount:4]]
[2019.05.27-10.14.56:072][  0]LogConfig: Setting CVar [[r.LightMaxDrawDistanceScale:1]]
[2019.05.27-10.14.56:072][  0]LogConfig: Setting CVar [[r.CapsuleShadows:1]]
[2019.05.27-10.14.56:072][  0]LogConfig: Applying CVar settings from Section [PostProcessQuality@3] File [B:/Develope/Sourcetree/LostDark/LostDark/Saved/Config/Windows/Scalability.ini]
[2019.05.27-10.14.56:072][  0]LogConfig: Setting CVar [[r.MotionBlurQuality:4]]
[2019.05.27-10.14.56:072][  0]LogConfig: Setting CVar [[r.AmbientOcclusionMipLevelFactor:0.4]]
[2019.05.27-10.14.56:072][  0]LogConfig: Setting CVar [[r.AmbientOcclusionMaxQuality:100]]
[2019.05.27-10.14.56:072][  0]LogConfig: Setting CVar [[r.AmbientOcclusionLevels:-1]]
[2019.05.27-10.14.56:072][  0]LogConfig: Setting CVar [[r.AmbientOcclusionRadiusScale:1.0]]
[2019.05.27-10.14.56:072][  0]LogConfig: Setting CVar [[r.DepthOfFieldQuality:2]]
[2019.05.27-10.14.56:072][  0]LogConfig: Setting CVar [[r.RenderTargetPoolMin:400]]
[2019.05.27-10.14.56:072][  0]LogConfig: Setting CVar [[r.LensFlareQuality:2]]
[2019.05.27-10.14.56:072][  0]LogConfig: Setting CVar [[r.SceneColorFringeQuality:1]]
[2019.05.27-10.14.56:072][  0]LogConfig: Setting CVar [[r.EyeAdaptationQuality:2]]
[2019.05.27-10.14.56:072][  0]LogConfig: Setting CVar [[r.BloomQuality:5]]
[2019.05.27-10.14.56:072][  0]LogConfig: Setting CVar [[r.FastBlurThreshold:100]]
[2019.05.27-10.14.56:072][  0]LogConfig: Setting CVar [[r.Upscale.Quality:3]]
[2019.05.27-10.14.56:072][  0]LogConfig: Setting CVar [[r.Tonemapper.GrainQuantization:1]]
[2019.05.27-10.14.56:072][  0]LogConfig: Setting CVar [[r.LightShaftQuality:1]]
[2019.05.27-10.14.56:072][  0]LogConfig: Setting CVar [[r.Filter.SizeScale:1]]
[2019.05.27-10.14.56:072][  0]LogConfig: Setting CVar [[r.Tonemapper.Quality:5]]
[2019.05.27-10.14.56:072][  0]LogConfig: Setting CVar [[r.DOF.Gather.AccumulatorQuality:1        ; higher gathering accumulator quality]]
[2019.05.27-10.14.56:072][  0]LogConfig: Setting CVar [[r.DOF.Gather.PostfilterMethod:1          ; Median3x3 postfilering method]]
[2019.05.27-10.14.56:072][  0]LogConfig: Setting CVar [[r.DOF.Gather.EnableBokehSettings:0       ; no bokeh simulation when gathering]]
[2019.05.27-10.14.56:072][  0]LogConfig: Setting CVar [[r.DOF.Gather.RingCount:4                 ; medium number of samples when gathering]]
[2019.05.27-10.14.56:072][  0]LogConfig: Setting CVar [[r.DOF.Scatter.ForegroundCompositing:1    ; additive foreground scattering]]
[2019.05.27-10.14.56:072][  0]LogConfig: Setting CVar [[r.DOF.Scatter.BackgroundCompositing:2    ; additive background scattering]]
[2019.05.27-10.14.56:072][  0]LogConfig: Setting CVar [[r.DOF.Scatter.EnableBokehSettings:1      ; bokeh simulation when scattering]]
[2019.05.27-10.14.56:072][  0]LogConfig: Setting CVar [[r.DOF.Scatter.MaxSpriteRatio:0.1         ; only a maximum of 10% of scattered bokeh]]
[2019.05.27-10.14.56:072][  0]LogConfig: Setting CVar [[r.DOF.Recombine.Quality:1                ; cheap slight out of focus]]
[2019.05.27-10.14.56:072][  0]LogConfig: Setting CVar [[r.DOF.Recombine.EnableBokehSettings:0    ; no bokeh simulation on slight out of focus]]
[2019.05.27-10.14.56:072][  0]LogConfig: Setting CVar [[r.DOF.TemporalAAQuality:1                ; more stable temporal accumulation]]
[2019.05.27-10.14.56:072][  0]LogConfig: Setting CVar [[r.DOF.Kernel.MaxForegroundRadius:0.025]]
[2019.05.27-10.14.56:072][  0]LogConfig: Setting CVar [[r.DOF.Kernel.MaxBackgroundRadius:0.025]]
[2019.05.27-10.14.56:072][  0]LogConfig: Applying CVar settings from Section [TextureQuality@3] File [B:/Develope/Sourcetree/LostDark/LostDark/Saved/Config/Windows/Scalability.ini]
[2019.05.27-10.14.56:072][  0]LogConfig: Setting CVar [[r.Streaming.MipBias:0]]
[2019.05.27-10.14.56:072][  0]LogConfig: Setting CVar [[r.Streaming.AmortizeCPUToGPUCopy:0]]
[2019.05.27-10.14.56:072][  0]LogConfig: Setting CVar [[r.Streaming.MaxNumTexturesToStreamPerFrame:0]]
[2019.05.27-10.14.56:072][  0]LogConfig: Setting CVar [[r.Streaming.Boost:1]]
[2019.05.27-10.14.56:073][  0]LogConfig: Setting CVar [[r.MaxAnisotropy:8]]
[2019.05.27-10.14.56:073][  0]LogConfig: Setting CVar [[r.Streaming.LimitPoolSizeToVRAM:0]]
[2019.05.27-10.14.56:073][  0]LogConfig: Setting CVar [[r.Streaming.PoolSize:1000]]
[2019.05.27-10.14.56:073][  0]LogConfig: Setting CVar [[r.Streaming.MaxEffectiveScreenSize:0]]
[2019.05.27-10.14.56:073][  0]LogConfig: Applying CVar settings from Section [EffectsQuality@3] File [B:/Develope/Sourcetree/LostDark/LostDark/Saved/Config/Windows/Scalability.ini]
[2019.05.27-10.14.56:073][  0]LogConfig: Setting CVar [[r.TranslucencyLightingVolumeDim:64]]
[2019.05.27-10.14.56:073][  0]LogConfig: Setting CVar [[r.RefractionQuality:2]]
[2019.05.27-10.14.56:073][  0]LogConfig: Setting CVar [[r.SSR.Quality:3]]
[2019.05.27-10.14.56:073][  0]LogConfig: Setting CVar [[r.SceneColorFormat:4]]
[2019.05.27-10.14.56:073][  0]LogConfig: Setting CVar [[r.DetailMode:2]]
[2019.05.27-10.14.56:073][  0]LogConfig: Setting CVar [[r.TranslucencyVolumeBlur:1]]
[2019.05.27-10.14.56:073][  0]LogConfig: Setting CVar [[r.MaterialQualityLevel:1 ; High quality]]
[2019.05.27-10.14.56:073][  0]LogConfig: Setting CVar [[r.SSS.Scale:1]]
[2019.05.27-10.14.56:073][  0]LogConfig: Setting CVar [[r.SSS.SampleSet:2]]
[2019.05.27-10.14.56:073][  0]LogConfig: Setting CVar [[r.SSS.Quality:1]]
[2019.05.27-10.14.56:073][  0]LogConfig: Setting CVar [[r.SSS.HalfRes:1]]
[2019.05.27-10.14.56:073][  0]LogConfig: Setting CVar [[r.EmitterSpawnRateScale:1.0]]
[2019.05.27-10.14.56:073][  0]LogConfig: Setting CVar [[r.ParticleLightQuality:2]]
[2019.05.27-10.14.56:073][  0]LogConfig: Applying CVar settings from Section [FoliageQuality@3] File [B:/Develope/Sourcetree/LostDark/LostDark/Saved/Config/Windows/Scalability.ini]
[2019.05.27-10.14.56:073][  0]LogConfig: Setting CVar [[foliage.DensityScale:1.0]]
[2019.05.27-10.14.56:073][  0]LogConfig: Setting CVar [[grass.DensityScale:1.0]]
[2019.05.27-10.14.56:073][  0]LogConfig: Applying CVar settings from Section [Startup] File [../../../Engine/Config/ConsoleVariables.ini]
[2019.05.27-10.14.56:073][  0]LogConfig: Setting CVar [[net.UseAdaptiveNetUpdateFrequency:0]]
[2019.05.27-10.14.56:073][  0]LogConfig: Applying CVar settings from Section [ConsoleVariables] File [B:/Develope/Sourcetree/LostDark/LostDark/Saved/Config/Windows/Engine.ini]
[2019.05.27-10.14.56:073][  0]LogInit: Computer: DESKTOP-7NEMS3A
[2019.05.27-10.14.56:073][  0]LogInit: User: SungHoon
[2019.05.27-10.14.56:073][  0]LogInit: CPU Page size=4096, Cores=6
[2019.05.27-10.14.56:073][  0]LogInit: High frequency timer resolution =10.000000 MHz
[2019.05.27-10.14.56:073][  0]LogMemory: Memory total: Physical=15.9GB (16GB approx)
[2019.05.27-10.14.56:073][  0]LogMemory: Platform Memory Stats for Windows
[2019.05.27-10.14.56:073][  0]LogMemory: Process Physical Memory: 103.17 MB used, 103.18 MB peak
[2019.05.27-10.14.56:073][  0]LogMemory: Process Virtual Memory: 85.30 MB used, 85.30 MB peak
[2019.05.27-10.14.56:073][  0]LogMemory: Physical Memory: 7101.43 MB used,  9210.12 MB free, 16311.55 MB total
[2019.05.27-10.14.56:073][  0]LogMemory: Virtual Memory: 4639.90 MB used,  134213088.00 MB free, 134217728.00 MB total
[2019.05.27-10.14.56:088][  0]LogInit: Overriding language with editor language configuration option (ko).
[2019.05.27-10.14.56:088][  0]LogInit: Overriding locale with editor locale configuration option (ko).
[2019.05.27-10.14.56:404][  0]LogStreaming: Display: Took  0.316s to InitEngineTextLocalization.
[2019.05.27-10.14.56:404][  0]LogInit: Setting process to per monitor DPI aware
[2019.05.27-10.14.56:459][  0]LogSlate: New Slate User Created.  User Index 0, Is Virtual User: 0
[2019.05.27-10.14.56:459][  0]LogSlate: Slate User Registered.  User Index 0, Is Virtual User: 0
[2019.05.27-10.14.56:642][  0]LogHMD: Failed to initialize OpenVR with code 110
[2019.05.27-10.14.56:642][  0]LogD3D11RHI: D3D11 adapters:
[2019.05.27-10.14.56:699][  0]LogD3D11RHI:    0. 'NVIDIA GeForce GTX 1060 6GB' (Feature Level 11_0)
[2019.05.27-10.14.56:699][  0]LogD3D11RHI:       6052/0/8155 MB DedicatedVideo/DedicatedSystem/SharedSystem, Outputs:2, VendorId:0x10de
[2019.05.27-10.14.56:701][  0]LogD3D11RHI:    1. 'Microsoft Basic Render Driver' (Feature Level 11_0)
[2019.05.27-10.14.56:701][  0]LogD3D11RHI:       0/0/8155 MB DedicatedVideo/DedicatedSystem/SharedSystem, Outputs:0, VendorId:0x1414
[2019.05.27-10.14.56:701][  0]LogD3D11RHI: Chosen D3D11 Adapter: 0
[2019.05.27-10.14.56:706][  0]LogD3D11RHI: Creating new Direct3DDevice
[2019.05.27-10.14.56:706][  0]LogD3D11RHI:     GPU DeviceId: 0x1c03 (for the marketing name, search the web for "GPU Device Id")
[2019.05.27-10.14.56:706][  0]LogWindows: EnumDisplayDevices:
[2019.05.27-10.14.56:706][  0]LogWindows:    0. 'NVIDIA GeForce GTX 1060 6GB' (P:1 D:1)
[2019.05.27-10.14.56:707][  0]LogWindows:    1. 'NVIDIA GeForce GTX 1060 6GB' (P:0 D:1)
[2019.05.27-10.14.56:708][  0]LogWindows:    2. 'NVIDIA GeForce GTX 1060 6GB' (P:0 D:0)
[2019.05.27-10.14.56:708][  0]LogWindows:    3. 'NVIDIA GeForce GTX 1060 6GB' (P:0 D:0)
[2019.05.27-10.14.56:709][  0]LogWindows: DebugString: FoundDriverCount:4 
[2019.05.27-10.14.56:709][  0]LogD3D11RHI:     Adapter Name: NVIDIA GeForce GTX 1060 6GB
[2019.05.27-10.14.56:709][  0]LogD3D11RHI:   Driver Version: 391.35 (internal:23.21.13.9135, unified:391.35)
[2019.05.27-10.14.56:709][  0]LogD3D11RHI:      Driver Date: 3-23-2018
[2019.05.27-10.14.56:709][  0]LogRHI: Texture pool is 4236 MB (70% of 6052 MB)
[2019.05.27-10.14.56:741][  0]LogD3D11RHI: Async texture creation enabled
[2019.05.27-10.14.56:757][  0]LogD3D11RHI: GPU Timing Frequency: 1000.000000 (Debug: 2 2)
[2019.05.27-10.14.57:145][  0]LogTemp: Display: Loaded TP AllDesktopTargetPlatform
[2019.05.27-10.14.57:156][  0]LogTemp: Display: Loaded TP MacClientTargetPlatform
[2019.05.27-10.14.57:168][  0]LogTemp: Display: Loaded TP MacNoEditorTargetPlatform
[2019.05.27-10.14.57:179][  0]LogTemp: Display: Loaded TP MacServerTargetPlatform
[2019.05.27-10.14.57:192][  0]LogTemp: Display: Loaded TP MacTargetPlatform
[2019.05.27-10.14.57:203][  0]LogTemp: Display: Loaded TP WindowsClientTargetPlatform
[2019.05.27-10.14.57:215][  0]LogTemp: Display: Loaded TP WindowsNoEditorTargetPlatform
[2019.05.27-10.14.57:227][  0]LogTemp: Display: Loaded TP WindowsServerTargetPlatform
[2019.05.27-10.14.57:233][  0]LogTemp: Display: Loaded TP WindowsTargetPlatform
[2019.05.27-10.14.57:294][  0]LogTemp: Display: Loaded TP AndroidTargetPlatform
[2019.05.27-10.14.57:294][  0]LogTemp: Display: Loaded TP AndroidTargetPlatform
[2019.05.27-10.14.57:294][  0]LogTemp: Display: Loaded TP AndroidTargetPlatform
[2019.05.27-10.14.57:294][  0]LogTemp: Display: Loaded TP AndroidTargetPlatform
[2019.05.27-10.14.57:294][  0]LogTemp: Display: Loaded TP AndroidTargetPlatform
[2019.05.27-10.14.57:295][  0]LogTemp: Display: Loaded TP AndroidTargetPlatform
[2019.05.27-10.14.57:295][  0]LogTemp: Display: Loaded TP AndroidTargetPlatform
[2019.05.27-10.14.57:295][  0]LogTemp: Display: Loaded TP AndroidTargetPlatform
[2019.05.27-10.14.57:295][  0]LogTemp: Display: Loaded TP AndroidTargetPlatform
[2019.05.27-10.14.57:295][  0]LogTemp: Display: Loaded TP AndroidTargetPlatform
[2019.05.27-10.14.57:295][  0]LogTemp: Display: Loaded TP AndroidTargetPlatform
[2019.05.27-10.14.57:295][  0]LogTemp: Display: Loaded TP AndroidTargetPlatform
[2019.05.27-10.14.57:295][  0]LogTemp: Display: Loaded TP AndroidTargetPlatform
[2019.05.27-10.14.57:295][  0]LogTemp: Display: Loaded TP AndroidTargetPlatform
[2019.05.27-10.14.57:295][  0]LogTemp: Display: Loaded TP AndroidTargetPlatform
[2019.05.27-10.14.57:295][  0]LogTemp: Display: Loaded TP AndroidTargetPlatform
[2019.05.27-10.14.57:295][  0]LogTemp: Display: Loaded TP AndroidTargetPlatform
[2019.05.27-10.14.57:295][  0]LogTemp: Display: Loaded TP AndroidTargetPlatform
[2019.05.27-10.14.57:296][  0]LogTemp: Display: Loaded TP HTML5TargetPlatform
[2019.05.27-10.14.57:351][  0]LogTemp: Display: Loaded TP IOSTargetPlatform
[2019.05.27-10.14.57:351][  0]LogTemp: Display: Loaded TP IOSTargetPlatform
[2019.05.27-10.14.57:371][  0]LogTemp: Display: Loaded TP TVOSTargetPlatform
[2019.05.27-10.14.57:371][  0]LogTemp: Display: Loaded TP TVOSTargetPlatform
[2019.05.27-10.14.57:381][  0]LogTemp: Display: Loaded TP LinuxClientTargetPlatform
[2019.05.27-10.14.57:391][  0]LogTemp: Display: Loaded TP LinuxNoEditorTargetPlatform
[2019.05.27-10.14.57:401][  0]LogTemp: Display: Loaded TP LinuxServerTargetPlatform
[2019.05.27-10.14.57:423][  0]LogTemp: Display: Loaded TP LinuxTargetPlatform
[2019.05.27-10.14.57:462][  0]LogTemp: Display: Loaded TP LuminTargetPlatform
[2019.05.27-10.14.57:462][  0]LogTemp: Display: Loaded TP LuminTargetPlatform
[2019.05.27-10.14.57:462][  0]LogTargetPlatformManager: Display: Building Assets For Windows
[2019.05.27-10.14.57:523][  0]LogShaderCompilers: Guid format shader working directory is 8 characters bigger than the processId version (B:/Develope/Sourcetree/LostDark/LostDark/Intermediate/Shaders/WorkingDirectory/12268/).
[2019.05.27-10.14.57:523][  0]LogShaderCompilers: Cleaned the shader compiler working directory 'C:/Users/SungHoon/AppData/Local/Temp/UnrealShaderWorkingDir/A1DFE13548FD74AB6D18F89F7D05531C/'.
[2019.05.27-10.14.57:526][  0]LogXGEController: Cannot use XGE Controller as Incredibuild is not installed on this machine.
[2019.05.27-10.14.57:526][  0]LogShaderCompilers: Cannot use XGE Shader Compiler as Incredibuild is not installed on this machine.
[2019.05.27-10.14.57:526][  0]LogShaderCompilers: Display: Using Local Shader Compiler.
[2019.05.27-10.14.57:994][  0]LogDerivedDataCache: Display: Max Cache Size: 512 MB
[2019.05.27-10.14.58:063][  0]LogDerivedDataCache: Loaded boot cache 0.07s 121MB C:/Users/SungHoon/AppData/Local/UnrealEngine/4.21/DerivedDataCache/Boot.ddc.
[2019.05.27-10.14.58:063][  0]LogDerivedDataCache: Display: Loaded Boot cache: C:/Users/SungHoon/AppData/Local/UnrealEngine/4.21/DerivedDataCache/Boot.ddc
[2019.05.27-10.14.58:063][  0]LogDerivedDataCache: FDerivedDataBackendGraph:  Pak pak cache file B:/Develope/Sourcetree/LostDark/LostDark/DerivedDataCache/DDC.ddp not found, will not use a pak cache.
[2019.05.27-10.14.58:063][  0]LogDerivedDataCache: Unable to find inner node Pak for hierarchical cache Hierarchy.
[2019.05.27-10.14.58:063][  0]LogDerivedDataCache: FDerivedDataBackendGraph:  CompressedPak pak cache file B:/Develope/Sourcetree/LostDark/LostDark/DerivedDataCache/Compressed.ddp not found, will not use a pak cache.
[2019.05.27-10.14.58:063][  0]LogDerivedDataCache: Unable to find inner node CompressedPak for hierarchical cache Hierarchy.
[2019.05.27-10.14.58:076][  0]LogDerivedDataCache: Display: Pak cache opened for reading ../../../Engine/DerivedDataCache/Compressed.ddp.
[2019.05.27-10.14.58:076][  0]LogDerivedDataCache: FDerivedDataBackendGraph:  EnterprisePak pak cache file ../../../Enterprise/DerivedDataCache/Compressed.ddp not found, will not use a pak cache.
[2019.05.27-10.14.58:076][  0]LogDerivedDataCache: Unable to find inner node EnterprisePak for hierarchical cache Hierarchy.
[2019.05.27-10.14.58:088][  0]LogDerivedDataCache: Using Local data cache path C:/Users/SungHoon/AppData/Local/UnrealEngine/Common/DerivedDataCache: Writable
[2019.05.27-10.14.58:088][  0]LogDerivedDataCache: Shared data cache path not found in *engine.ini, will not use an Shared cache.
[2019.05.27-10.14.58:088][  0]LogDerivedDataCache: Unable to find inner node Shared for hierarchical cache Hierarchy.
[2019.05.27-10.14.58:108][  0]LogMaterial: Verifying Global Shaders for PCD3D_SM5
[2019.05.27-10.14.58:109][  0]LogSlate: Using FreeType 2.6.0
[2019.05.27-10.14.58:109][  0]LogSlate: SlateFontServices - WITH_FREETYPE: 1, WITH_HARFBUZZ: 1
[2019.05.27-10.14.58:187][  0]LogAssetRegistry: FAssetRegistry took 0.0318 seconds to start up
[2019.05.27-10.14.58:446][  0]LogInit: Selected Device Profile: [Windows]
[2019.05.27-10.14.58:578][  0]LogSimplygon: Simplygon DLL not present - disabling.
[2019.05.27-10.14.58:582][  0]LogMeshReduction: Using SimplygonSwarm for distributed automatic mesh merging
[2019.05.27-10.14.58:582][  0]LogMeshReduction: Using ProxyLODMeshReduction for automatic mesh merging
[2019.05.27-10.14.58:582][  0]LogMeshReduction: Using QuadricMeshReduction for automatic static mesh reduction
[2019.05.27-10.14.58:582][  0]LogMeshReduction: No automatic skeletal mesh reduction module available
[2019.05.27-10.14.58:593][  0]LogNetVersion: LostDark 1.0.0, NetCL: 4541578, EngineNetVer: 5, GameNetVer: 0 (Checksum: 1003383482)
[2019.05.27-10.14.58:982][  0]LogPackageLocalizationCache: Processed 11 localized package path(s) for 1 prioritized culture(s) in 0.034742 seconds
[2019.05.27-10.14.58:987][  0]LogUObjectArray: 39775 objects as part of root set at end of initial load.
[2019.05.27-10.14.58:987][  0]LogUObjectAllocator: 6914656 out of 0 bytes used by permanent object pool.
[2019.05.27-10.14.58:987][  0]LogUObjectArray: CloseDisregardForGC: 0/0 objects in disregard for GC pool
[2019.05.27-10.14.59:768][  0]LogTcpMessaging: Initializing TcpMessaging bridge
[2019.05.27-10.14.59:781][  0]LogUdpMessaging: Initializing bridge on interface 0.0.0.0:0 to multicast group 230.0.0.1:6666.
[2019.05.27-10.15.00:474][  0]LogTemp: Warning: Enroll Attack Montage
[2019.05.27-10.15.01:255][  0]LogTemp: Warning: Enroll Attack Montage
[2019.05.27-10.15.01:267][  0]LogTemp: Warning: Enroll Attack Montage
[2019.05.27-10.15.01:290][  0]LogTemp: Warning: Enroll Attack Montage
[2019.05.27-10.15.01:373][  0]LostDark: Error: ASectionTest::ASectionTest(58) Success GateMeshs :+XGate
[2019.05.27-10.15.01:373][  0]LostDark: Error: ASectionTest::ASectionTest(58) Success GateMeshs :-XGate
[2019.05.27-10.15.01:373][  0]LostDark: Error: ASectionTest::ASectionTest(58) Success GateMeshs :+YGate
[2019.05.27-10.15.01:373][  0]LostDark: Error: ASectionTest::ASectionTest(58) Success GateMeshs :-YGate
[2019.05.27-10.15.01:449][  0]SourceControl: 소스 컨트롤이 꺼졌습니다.
[2019.05.27-10.15.01:449][  0]SourceControl: 소스 컨트롤이 꺼졌습니다.
[2019.05.27-10.15.01:450][  0]SourceControl: 소스 컨트롤이 꺼졌습니다.
[2019.05.27-10.15.01:450][  0]SourceControl: 소스 컨트롤이 꺼졌습니다.
[2019.05.27-10.15.01:601][  0]LogAndroidPermission: UAndroidPermissionCallbackProxy::GetInstance
[2019.05.27-10.15.01:686][  0]LogOcInput: OculusInput pre-init called
[2019.05.27-10.15.01:813][  0]LogEngine: Initializing Engine...
[2019.05.27-10.15.01:814][  0]LogHMD: Failed to initialize OpenVR with code 110
[2019.05.27-10.15.01:815][  0]LogStats: UGameplayTagsManager::ConstructGameplayTagTree: ImportINI prefixes -  0.000 s
[2019.05.27-10.15.01:815][  0]LogStats: UGameplayTagsManager::ConstructGameplayTagTree: Construct from data asset -  0.000 s
[2019.05.27-10.15.01:815][  0]LogStats: UGameplayTagsManager::ConstructGameplayTagTree: ImportINI -  0.000 s
[2019.05.27-10.15.01:815][  0]LogStats: UGameplayTagsManager::ConstructGameplayTagTree: GameplayTagTreeChangedEvent.Broadcast -  0.000 s
[2019.05.27-10.15.02:014][  0]LogInit: Initializing FReadOnlyCVARCache
[2019.05.27-10.15.02:028][  0]LogAIModule: Creating AISystem for world Untitled
[2019.05.27-10.15.02:100][  0]LogInit: XAudio2 using '스피커(High Definition Audio 장치)' : 2 channels at 48 kHz using 16 bits per sample (channel mask 0x3)
[2019.05.27-10.15.02:128][  0]LogInit: FAudioDevice initialized.
[2019.05.27-10.15.02:129][  0]LogNetVersion: Set ProjectVersion to 1.0.0.0. Version Checksum will be recalculated on next use.
[2019.05.27-10.15.02:197][  0]LogDerivedDataCache: Saved boot cache 0.07s 121MB C:/Users/SungHoon/AppData/Local/UnrealEngine/4.21/DerivedDataCache/Boot.ddc.
[2019.05.27-10.15.02:207][  0]LogInit: Texture streaming: Enabled
[2019.05.27-10.15.02:226][  0]LogEngineSessionManager: EngineSessionManager initialized
[2019.05.27-10.15.02:239][  0]LogInit: Transaction tracking system initialized
[2019.05.27-10.15.02:267][  0]BlueprintLog: New page: 에디터 로드
[2019.05.27-10.15.02:430][  0]LocalizationService: 현지화 서비스가 비활성화되었습니다.
[2019.05.27-10.15.02:831][  0]LogCook: Display: Max memory allowance for cook 16384mb min free memory 0mb
[2019.05.27-10.15.02:831][  0]LogCook: Display: Mobile HDR setting 1
[2019.05.27-10.15.02:831][  0]LogGameplayTags: Display: UGameplayTagsManager::DoneAddingNativeTags. DelegateIsBound: 0
[2019.05.27-10.15.02:831][  0]LogStats: UGameplayTagsManager::ConstructGameplayTagTree: ImportINI prefixes -  0.000 s
[2019.05.27-10.15.02:831][  0]LogStats: UGameplayTagsManager::ConstructGameplayTagTree: Construct from data asset -  0.000 s
[2019.05.27-10.15.02:831][  0]LogStats: UGameplayTagsManager::ConstructGameplayTagTree: ImportINI -  0.000 s
[2019.05.27-10.15.02:831][  0]LogStats: UGameplayTagsManager::ConstructGameplayTagTree: GameplayTagTreeChangedEvent.Broadcast -  0.000 s
[2019.05.27-10.15.02:942][  0]LogFileCache: Scanning file cache for directory 'B:/Develope/Sourcetree/LostDark/LostDark/Content/' took 0.03s
[2019.05.27-10.15.02:942][  0]SourceControl: 소스 컨트롤이 꺼졌습니다.
[2019.05.27-10.15.02:942][  0]Cmd: MAP LOAD FILE="B:/Develope/Sourcetree/LostDark/LostDark/Content/DefaultLevel/DefaultLevel.umap" TEMPLATE=0 SHOWPROGRESS=1 FEATURELEVEL=3
[2019.05.27-10.15.02:943][  0]LightingResults: New page: 라이팅 빌드
[2019.05.27-10.15.02:945][  0]MapCheck: New page: 맵 체크
[2019.05.27-10.15.02:945][  0]LightingResults: New page: 라이팅 빌드
[2019.05.27-10.15.03:042][  0]LogAIModule: Creating AISystem for world DefaultLevel
[2019.05.27-10.15.03:047][  0]LogEditorServer: Finished looking for orphan Actors (0.000 secs)
[2019.05.27-10.15.03:068][  0]Cmd: MAP CHECKDEP NOCLEARLOG
[2019.05.27-10.15.03:069][  0]MapCheck: 맵 체크 완료: 오류 0 회, 경고 0 회, 소요 시간 0.084ms.
[2019.05.27-10.15.03:069][  0]LogFileHelpers: Loading map 'DefaultLevel' took 0.126
[2019.05.27-10.15.03:157][  0]LogSlate: Updating window title bar state: overlay mode, drag disabled, window buttons hidden, title bar hidden
[2019.05.27-10.15.03:163][  0]LogSlate: Updating window title bar state: overlay mode, drag disabled, window buttons hidden, title bar hidden
[2019.05.27-10.15.03:169][  0]LogSlate: Updating window title bar state: overlay mode, drag disabled, window buttons hidden, title bar hidden
[2019.05.27-10.15.03:175][  0]LogSlate: Updating window title bar state: overlay mode, drag disabled, window buttons hidden, title bar hidden
[2019.05.27-10.15.03:181][  0]LogCollectionManager: Loaded 0 collections in 0.002193 seconds
[2019.05.27-10.15.03:209][  0]LogFileCache: Scanning file cache for directory 'B:/Develope/Sourcetree/LostDark/LostDark/Saved/Collections/' took 0.01s
[2019.05.27-10.15.03:209][  0]LogFileCache: Scanning file cache for directory 'B:/Develope/Sourcetree/LostDark/LostDark/Content/Developers/SungHoon/Collections/' took 0.01s
[2019.05.27-10.15.03:209][  0]LogFileCache: Scanning file cache for directory 'B:/Develope/Sourcetree/LostDark/LostDark/Content/Collections/' took 0.00s
[2019.05.27-10.15.03:209][  0]LogCollectionManager: Rebuilt the GUID cache for 0 collections in 0.000001 seconds
[2019.05.27-10.15.03:216][  0]LogContentBrowser: Native class hierarchy populated in 0.0074 seconds. Added 2684 classes and 629 folders.
[2019.05.27-10.15.03:223][  0]LogContentBrowser: Native class hierarchy updated for 'WidgetCarousel' in 0.0003 seconds. Added 0 classes and 0 folders.
[2019.05.27-10.15.03:224][  0]LogPakFile: Registered encryption key '00000000000000000000000000000000': 0 pak files mounted, 0 remain pending
[2019.05.27-10.15.03:225][  0]LogPakFile: Registered encryption key '00000000000000000000000000000000': 0 pak files mounted, 0 remain pending
[2019.05.27-10.15.03:225][  0]LogPakFile: Registered encryption key '00000000000000000000000000000000': 0 pak files mounted, 0 remain pending
[2019.05.27-10.15.03:225][  0]LogPakFile: Registered encryption key '00000000000000000000000000000000': 0 pak files mounted, 0 remain pending
[2019.05.27-10.15.03:226][  0]LogPakFile: Registered encryption key '00000000000000000000000000000000': 0 pak files mounted, 0 remain pending
[2019.05.27-10.15.03:226][  0]LogPakFile: Registered encryption key '00000000000000000000000000000000': 0 pak files mounted, 0 remain pending
[2019.05.27-10.15.03:226][  0]LogPakFile: Registered encryption key '00000000000000000000000000000000': 0 pak files mounted, 0 remain pending
[2019.05.27-10.15.03:227][  0]LogPakFile: Registered encryption key '00000000000000000000000000000000': 0 pak files mounted, 0 remain pending
[2019.05.27-10.15.03:227][  0]LogPakFile: Registered encryption key '00000000000000000000000000000000': 0 pak files mounted, 0 remain pending
[2019.05.27-10.15.03:228][  0]LogPakFile: Registered encryption key '00000000000000000000000000000000': 0 pak files mounted, 0 remain pending
[2019.05.27-10.15.03:228][  0]LogPakFile: Registered encryption key '00000000000000000000000000000000': 0 pak files mounted, 0 remain pending
[2019.05.27-10.15.03:228][  0]LogPakFile: Registered encryption key '00000000000000000000000000000000': 0 pak files mounted, 0 remain pending
[2019.05.27-10.15.03:229][  0]LogPakFile: Registered encryption key '00000000000000000000000000000000': 0 pak files mounted, 0 remain pending
[2019.05.27-10.15.03:229][  0]LogPakFile: Registered encryption key '00000000000000000000000000000000': 0 pak files mounted, 0 remain pending
[2019.05.27-10.15.03:229][  0]LogPakFile: Registered encryption key '00000000000000000000000000000000': 0 pak files mounted, 0 remain pending
[2019.05.27-10.15.03:230][  0]LogPakFile: Registered encryption key '00000000000000000000000000000000': 0 pak files mounted, 0 remain pending
[2019.05.27-10.15.03:230][  0]LogPakFile: Registered encryption key '00000000000000000000000000000000': 0 pak files mounted, 0 remain pending
[2019.05.27-10.15.03:231][  0]LogPakFile: Registered encryption key '00000000000000000000000000000000': 0 pak files mounted, 0 remain pending
[2019.05.27-10.15.03:231][  0]LogPakFile: Registered encryption key '00000000000000000000000000000000': 0 pak files mounted, 0 remain pending
[2019.05.27-10.15.03:231][  0]LogPakFile: Registered encryption key '00000000000000000000000000000000': 0 pak files mounted, 0 remain pending
[2019.05.27-10.15.03:232][  0]LogPakFile: Registered encryption key '00000000000000000000000000000000': 0 pak files mounted, 0 remain pending
[2019.05.27-10.15.03:232][  0]LogPakFile: Registered encryption key '00000000000000000000000000000000': 0 pak files mounted, 0 remain pending
[2019.05.27-10.15.03:232][  0]LogPakFile: Registered encryption key '00000000000000000000000000000000': 0 pak files mounted, 0 remain pending
[2019.05.27-10.15.03:233][  0]LogPakFile: Registered encryption key '00000000000000000000000000000000': 0 pak files mounted, 0 remain pending
[2019.05.27-10.15.03:233][  0]LogPakFile: Registered encryption key '00000000000000000000000000000000': 0 pak files mounted, 0 remain pending
[2019.05.27-10.15.03:234][  0]LogPakFile: Registered encryption key '00000000000000000000000000000000': 0 pak files mounted, 0 remain pending
[2019.05.27-10.15.03:256][  0]LogContentBrowser: Native class hierarchy updated for 'AddContentDialog' in 0.0003 seconds. Added 0 classes and 0 folders.
[2019.05.27-10.15.03:263][  0]LogContentBrowser: Native class hierarchy updated for 'SceneOutliner' in 0.0003 seconds. Added 1 classes and 2 folders.
[2019.05.27-10.15.03:321][  0]LogSlate: Took 0.000140 seconds to synchronously load lazily loaded font '../../../Engine/Content/Slate/Fonts/Roboto-Regular.ttf' (155K)
[2019.05.27-10.15.03:323][  0]LogSlate: Took 0.001601 seconds to synchronously load lazily loaded font '../../../Engine/Content/Editor/Slate/Fonts/NanumGothic.ttf' (4243K)
[2019.05.27-10.15.03:327][  0]LogSlate: Took 0.001592 seconds to synchronously load lazily loaded font '../../../Engine/Content/Editor/Slate/Fonts/NanumGothicBold.ttf' (4188K)
[2019.05.27-10.15.03:327][  0]LogSlate: Took 0.000133 seconds to synchronously load lazily loaded font '../../../Engine/Content/Slate/Fonts/Roboto-Bold.ttf' (160K)
[2019.05.27-10.15.03:394][  0]LogRenderer: Reallocating scene render targets to support 1140x572 Format 10 NumSamples 1 (Frame:1).
[2019.05.27-10.15.03:419][  0]LogSlate: Took 0.001574 seconds to synchronously load lazily loaded font '../../../Engine/Content/Slate/Fonts/../../Editor/Slate/Fonts/NanumGothic.ttf' (4243K)
[2019.05.27-10.15.03:518][  0]LogContentBrowser: Native class hierarchy updated for 'HierarchicalLODOutliner' in 0.0003 seconds. Added 0 classes and 0 folders.
[2019.05.27-10.15.03:518][  0]LogLoad: (Engine Initialization) Total time: 8.86 seconds
[2019.05.27-10.15.03:518][  0]LogLoad: (Engine Initialization) Total Blueprint compile time: 0.00 seconds
[2019.05.27-10.15.03:589][  0]LogContentStreaming: Texture pool size now 1000 MB
[2019.05.27-10.15.03:719][  2]LogAssetRegistry: Asset discovery search completed in 5.5542 seconds
[2019.05.27-10.15.03:721][  2]LogCollectionManager: Rebuilt the object cache for 0 collections in 0.000000 seconds (found 0 objects)
[2019.05.27-10.15.03:721][  2]LogCollectionManager: Fixed up redirectors for 0 collections in 0.000060 seconds (updated 0 objects)
[2019.05.27-10.15.05:680][233]LogSlate: FSceneViewport::OnFocusLost() reason 2
[2019.05.27-10.15.06:157][278]LogSlate: Window '플러그인' being destroyed
[2019.05.27-10.15.06:159][278]LogSlate: Window '플러그인' being destroyed
[2019.05.27-10.15.06:160][278]LogDirectoryWatcher: A directory notification for '../../../Engine/Plugins/' was aborted.
[2019.05.27-10.15.07:353][421]LogSlate: Took 0.000172 seconds to synchronously load lazily loaded font '../../../Engine/Content/Slate/Fonts/Roboto-Light.ttf' (167K)
[2019.05.27-10.15.07:355][421]LogSlate: FSceneViewport::OnFocusLost() reason 2
[2019.05.27-10.15.07:396][421]LogSlate: FSceneViewport::OnFocusLost() reason 2
[2019.05.27-10.15.07:537][437]LogSlate: Took 0.001183 seconds to synchronously load lazily loaded font '../../../Engine/Content/Slate/Fonts/DroidSansFallback.ttf' (3848K)
[2019.05.27-10.15.07:540][437]LogSlate: Took 0.001887 seconds to synchronously load lazily loaded font '../../../Engine/Content/SlateDebug/Fonts/LastResort.ttf' (5269K)
[2019.05.27-10.15.07:540][437]LogSlate: Took 0.000125 seconds to synchronously load lazily loaded font '../../../Engine/Content/Slate/Fonts/NotoNaskhArabicUI-Regular.ttf' (144K)
[2019.05.27-10.15.24:546][476]LogSlate: Took 0.000148 seconds to synchronously load lazily loaded font '../../../Engine/Content/Editor/Slate/Fonts/FontAwesome.ttf' (139K)
[2019.05.27-10.15.24:567][476]LogSlate: Took 0.000175 seconds to synchronously load lazily loaded font '../../../Engine/Content/Slate/Fonts/Roboto-Light.ttf' (167K)
[2019.05.27-10.15.34:217][616]LogSlate: Prevented a slow task dialog from being summoned while a context menu was open
[2019.05.27-10.15.34:944][616]LogClass: Warning: Enum '/Game/UI_Kit/Blueprints/Objectives/E_ObjectiveType.E_ObjectiveType' was upgraded to use FText to store its display name data. Please re-save this asset to avoid issues with localization and determinstic cooking.
[2019.05.27-10.15.34:955][616]LogClass: Warning: Enum '/Game/UI_Kit/Widgets/Window/ResizeType.ResizeType' was upgraded to use FText to store its display name data. Please re-save this asset to avoid issues with localization and determinstic cooking.
[2019.05.27-10.15.35:122][616]LogBlueprint: Warning: [Compiler MinimapCapture] SceneCapture.MeshComp : 블루프린트에서 보이도록 (BlueprintReadOnly 또는  BlueprintReadWrite) 되어있지 않습니다. 마크업을 수정하거나 접근을 중단하지 않으면, 앞으로 릴리즈에서 오류가 발생할 것입니다.  MeshComp 구하기
[2019.05.27-10.15.35:137][616]LogBlueprint: Warning: [Compiler PrototypeUI_Controller] Set Input Mode Game And UI (Deprecated)  : 폐기되었습니다. Use the new version of Set Input Mode Game And UI instead
[2019.05.27-10.15.35:310][616]LogBlueprint: Warning: [Compiler MinimapCapture] [0040.65] MinimapCapture 컴파일에 성공했습니다만, 경고가 1 회 있습니다. [소요시간 374 ms] (/Game/UI_Kit/Blueprints/MinimapCapture.MinimapCapture)
[2019.05.27-10.15.35:310][616]LogBlueprint: Warning: [Compiler PrototypeUI_Controller] [0040.65] PrototypeUI_Controller 컴파일에 성공했습니다만, 경고가 1 회 있습니다. [소요시간 374 ms] (/Game/UI_Kit/Blueprints/PrototypeUI_Controller.PrototypeUI_Controller)
[2019.05.27-10.15.35:741][616]LogMovieScene: Warning: Legacy data detected in sequence '/Game/UI_Kit/Widgets/Objectives/W_Objective (Unknown sequence)'. This will cause deterministic cooking issues. Please resave the package.
[2019.05.27-10.15.35:741][616]LogMovieScene: Warning: Legacy data detected in sequence '/Game/UI_Kit/Widgets/Objectives/W_Objective (Complete Objective)'. This will cause deterministic cooking issues. Please resave the package.
[2019.05.27-10.15.35:741][616]LogMovieScene: Warning: Legacy data detected in sequence '/Game/UI_Kit/Widgets/Objectives/W_Objective (Unknown sequence)'. This will cause deterministic cooking issues. Please resave the package.
[2019.05.27-10.15.35:741][616]LogMovieScene: Warning: Legacy data detected in sequence '/Game/UI_Kit/Widgets/Objectives/W_Objective (Fade Border)'. This will cause deterministic cooking issues. Please resave the package.
[2019.05.27-10.15.35:741][616]LogMovieScene: Warning: Legacy data detected in sequence '/Game/UI_Kit/Widgets/Objectives/W_Objective (Unknown sequence)'. This will cause deterministic cooking issues. Please resave the package.
[2019.05.27-10.15.35:741][616]LogMovieScene: Warning: Legacy data detected in sequence '/Game/UI_Kit/Widgets/Objectives/W_Objective (New Objective)'. This will cause deterministic cooking issues. Please resave the package.
[2019.05.27-10.15.35:741][616]LogMovieScene: Warning: Legacy data detected in sequence '/Engine/Transient (Unknown sequence)'. This will cause deterministic cooking issues. Please resave the package.
[2019.05.27-10.15.35:741][616]LogMovieScene: Warning: Legacy data detected in sequence '/Engine/Transient (Complete Objective_INST)'. This will cause deterministic cooking issues. Please resave the package.
[2019.05.27-10.15.35:741][616]LogMovieScene: Warning: Legacy data detected in sequence '/Engine/Transient (Unknown sequence)'. This will cause deterministic cooking issues. Please resave the package.
[2019.05.27-10.15.35:741][616]LogMovieScene: Warning: Legacy data detected in sequence '/Engine/Transient (Fade Border_INST)'. This will cause deterministic cooking issues. Please resave the package.
[2019.05.27-10.15.35:741][616]LogMovieScene: Warning: Legacy data detected in sequence '/Engine/Transient (Unknown sequence)'. This will cause deterministic cooking issues. Please resave the package.
[2019.05.27-10.15.35:741][616]LogMovieScene: Warning: Legacy data detected in sequence '/Engine/Transient (New Objective_INST)'. This will cause deterministic cooking issues. Please resave the package.
[2019.05.27-10.15.35:741][616]LogMovieScene: Warning: Legacy data detected in sequence '/Game/UI_Kit/Widgets/Objectives/W_Objective (Complete Objective)'. This will cause deterministic cooking issues. Please resave the package.
[2019.05.27-10.15.35:741][616]LogMovieScene: Warning: Legacy data detected in sequence '/Game/UI_Kit/Widgets/Objectives/W_Objective (Complete Objective)'. This will cause deterministic cooking issues. Please resave the package.
[2019.05.27-10.15.35:741][616]LogMovieScene: Warning: Legacy data detected in sequence '/Game/UI_Kit/Widgets/Objectives/W_Objective (New Objective)'. This will cause deterministic cooking issues. Please resave the package.
[2019.05.27-10.15.35:741][616]LogMovieScene: Warning: Legacy data detected in sequence '/Game/UI_Kit/Widgets/Objectives/W_Objective (New Objective)'. This will cause deterministic cooking issues. Please resave the package.
[2019.05.27-10.15.35:741][616]LogMovieScene: Warning: Legacy data detected in sequence '/Engine/Transient (Complete Objective_INST)'. This will cause deterministic cooking issues. Please resave the package.
[2019.05.27-10.15.35:741][616]LogMovieScene: Warning: Legacy data detected in sequence '/Engine/Transient (Complete Objective_INST)'. This will cause deterministic cooking issues. Please resave the package.
[2019.05.27-10.15.35:741][616]LogMovieScene: Warning: Legacy data detected in sequence '/Engine/Transient (New Objective_INST)'. This will cause deterministic cooking issues. Please resave the package.
[2019.05.27-10.15.35:741][616]LogMovieScene: Warning: Legacy data detected in sequence '/Engine/Transient (New Objective_INST)'. This will cause deterministic cooking issues. Please resave the package.
[2019.05.27-10.15.35:741][616]LogMovieScene: Warning: Legacy data detected in sequence '/Game/UI_Kit/Widgets/Objectives/W_Objective (Complete Objective)'. This will cause deterministic cooking issues. Please resave the package.
[2019.05.27-10.15.35:741][616]LogMovieScene: Warning: Legacy data detected in sequence '/Game/UI_Kit/Widgets/Objectives/W_Objective (Complete Objective)'. This will cause deterministic cooking issues. Please resave the package.
[2019.05.27-10.15.35:742][616]LogMovieScene: Warning: Legacy data detected in sequence '/Game/UI_Kit/Widgets/Objectives/W_Objective (New Objective)'. This will cause deterministic cooking issues. Please resave the package.
[2019.05.27-10.15.35:742][616]LogMovieScene: Warning: Legacy data detected in sequence '/Game/UI_Kit/Widgets/Objectives/W_Objective (New Objective)'. This will cause deterministic cooking issues. Please resave the package.
[2019.05.27-10.15.35:742][616]LogMovieScene: Warning: Legacy data detected in sequence '/Engine/Transient (Complete Objective_INST)'. This will cause deterministic cooking issues. Please resave the package.
[2019.05.27-10.15.35:742][616]LogMovieScene: Warning: Legacy data detected in sequence '/Engine/Transient (Complete Objective_INST)'. This will cause deterministic cooking issues. Please resave the package.
[2019.05.27-10.15.35:742][616]LogMovieScene: Warning: Legacy data detected in sequence '/Engine/Transient (New Objective_INST)'. This will cause deterministic cooking issues. Please resave the package.
[2019.05.27-10.15.35:742][616]LogMovieScene: Warning: Legacy data detected in sequence '/Engine/Transient (New Objective_INST)'. This will cause deterministic cooking issues. Please resave the package.
[2019.05.27-10.15.35:742][616]LogMovieScene: Warning: Legacy data detected in sequence '/Game/UI_Kit/Widgets/Objectives/W_Objective (Complete Objective)'. This will cause deterministic cooking issues. Please resave the package.
[2019.05.27-10.15.35:742][616]LogMovieScene: Warning: Legacy data detected in sequence '/Game/UI_Kit/Widgets/Objectives/W_Objective (Complete Objective)'. This will cause deterministic cooking issues. Please resave the package.
[2019.05.27-10.15.35:742][616]LogMovieScene: Warning: Legacy data detected in sequence '/Game/UI_Kit/Widgets/Objectives/W_Objective (Complete Objective)'. This will cause deterministic cooking issues. Please resave the package.
[2019.05.27-10.15.35:742][616]LogMovieScene: Warning: Legacy data detected in sequence '/Game/UI_Kit/Widgets/Objectives/W_Objective (Complete Objective)'. This will cause deterministic cooking issues. Please resave the package.
[2019.05.27-10.15.35:742][616]LogMovieScene: Warning: Legacy data detected in sequence '/Game/UI_Kit/Widgets/Objectives/W_Objective (New Objective)'. This will cause deterministic cooking issues. Please resave the package.
[2019.05.27-10.15.35:742][616]LogMovieScene: Warning: Legacy data detected in sequence '/Game/UI_Kit/Widgets/Objectives/W_Objective (New Objective)'. This will cause deterministic cooking issues. Please resave the package.
[2019.05.27-10.15.35:742][616]LogMovieScene: Warning: Legacy data detected in sequence '/Game/UI_Kit/Widgets/Objectives/W_Objective (New Objective)'. This will cause deterministic cooking issues. Please resave the package.
[2019.05.27-10.15.35:742][616]LogMovieScene: Warning: Legacy data detected in sequence '/Game/UI_Kit/Widgets/Objectives/W_Objective (New Objective)'. This will cause deterministic cooking issues. Please resave the package.
[2019.05.27-10.15.35:742][616]LogMovieScene: Warning: Legacy data detected in sequence '/Game/UI_Kit/Widgets/Objectives/W_Objective (New Objective)'. This will cause deterministic cooking issues. Please resave the package.
[2019.05.27-10.15.35:742][616]LogMovieScene: Warning: Legacy data detected in sequence '/Engine/Transient (Complete Objective_INST)'. This will cause deterministic cooking issues. Please resave the package.
[2019.05.27-10.15.35:742][616]LogMovieScene: Warning: Legacy data detected in sequence '/Engine/Transient (Complete Objective_INST)'. This will cause deterministic cooking issues. Please resave the package.
[2019.05.27-10.15.35:742][616]LogMovieScene: Warning: Legacy data detected in sequence '/Engine/Transient (Complete Objective_INST)'. This will cause deterministic cooking issues. Please resave the package.
[2019.05.27-10.15.35:742][616]LogMovieScene: Warning: Legacy data detected in sequence '/Engine/Transient (Complete Objective_INST)'. This will cause deterministic cooking issues. Please resave the package.
[2019.05.27-10.15.35:742][616]LogMovieScene: Warning: Legacy data detected in sequence '/Engine/Transient (New Objective_INST)'. This will cause deterministic cooking issues. Please resave the package.
[2019.05.27-10.15.35:742][616]LogMovieScene: Warning: Legacy data detected in sequence '/Engine/Transient (New Objective_INST)'. This will cause deterministic cooking issues. Please resave the package.
[2019.05.27-10.15.35:742][616]LogMovieScene: Warning: Legacy data detected in sequence '/Engine/Transient (New Objective_INST)'. This will cause deterministic cooking issues. Please resave the package.
[2019.05.27-10.15.35:742][616]LogMovieScene: Warning: Legacy data detected in sequence '/Engine/Transient (New Objective_INST)'. This will cause deterministic cooking issues. Please resave the package.
[2019.05.27-10.15.35:742][616]LogMovieScene: Warning: Legacy data detected in sequence '/Engine/Transient (New Objective_INST)'. This will cause deterministic cooking issues. Please resave the package.
[2019.05.27-10.15.35:742][616]LogMovieScene: Warning: Legacy data detected in sequence '/Game/UI_Kit/Widgets/Objectives/W_Objective (Complete Objective)'. This will cause deterministic cooking issues. Please resave the package.
[2019.05.27-10.15.35:742][616]LogMovieScene: Warning: Legacy data detected in sequence '/Game/UI_Kit/Widgets/Objectives/W_Objective (Complete Objective)'. This will cause deterministic cooking issues. Please resave the package.
[2019.05.27-10.15.35:742][616]LogMovieScene: Warning: Legacy data detected in sequence '/Game/UI_Kit/Widgets/Objectives/W_Objective (Complete Objective)'. This will cause deterministic cooking issues. Please resave the package.
[2019.05.27-10.15.35:742][616]LogMovieScene: Warning: Legacy data detected in sequence '/Game/UI_Kit/Widgets/Objectives/W_Objective (Complete Objective)'. This will cause deterministic cooking issues. Please resave the package.
[2019.05.27-10.15.35:742][616]LogMovieScene: Warning: Legacy data detected in sequence '/Game/UI_Kit/Widgets/Objectives/W_Objective (New Objective)'. This will cause deterministic cooking issues. Please resave the package.
[2019.05.27-10.15.35:742][616]LogMovieScene: Warning: Legacy data detected in sequence '/Game/UI_Kit/Widgets/Objectives/W_Objective (New Objective)'. This will cause deterministic cooking issues. Please resave the package.
[2019.05.27-10.15.35:742][616]LogMovieScene: Warning: Legacy data detected in sequence '/Game/UI_Kit/Widgets/Objectives/W_Objective (New Objective)'. This will cause deterministic cooking issues. Please resave the package.
[2019.05.27-10.15.35:742][616]LogMovieScene: Warning: Legacy data detected in sequence '/Game/UI_Kit/Widgets/Objectives/W_Objective (New Objective)'. This will cause deterministic cooking issues. Please resave the package.
[2019.05.27-10.15.35:742][616]LogMovieScene: Warning: Legacy data detected in sequence '/Game/UI_Kit/Widgets/Objectives/W_Objective (New Objective)'. This will cause deterministic cooking issues. Please resave the package.
[2019.05.27-10.15.35:742][616]LogMovieScene: Warning: Legacy data detected in sequence '/Engine/Transient (Complete Objective_INST)'. This will cause deterministic cooking issues. Please resave the package.
[2019.05.27-10.15.35:742][616]LogMovieScene: Warning: Legacy data detected in sequence '/Engine/Transient (Complete Objective_INST)'. This will cause deterministic cooking issues. Please resave the package.
[2019.05.27-10.15.35:743][616]LogMovieScene: Warning: Legacy data detected in sequence '/Engine/Transient (Complete Objective_INST)'. This will cause deterministic cooking issues. Please resave the package.
[2019.05.27-10.15.35:743][616]LogMovieScene: Warning: Legacy data detected in sequence '/Engine/Transient (Complete Objective_INST)'. This will cause deterministic cooking issues. Please resave the package.
[2019.05.27-10.15.35:743][616]LogMovieScene: Warning: Legacy data detected in sequence '/Engine/Transient (New Objective_INST)'. This will cause deterministic cooking issues. Please resave the package.
[2019.05.27-10.15.35:743][616]LogMovieScene: Warning: Legacy data detected in sequence '/Engine/Transient (New Objective_INST)'. This will cause deterministic cooking issues. Please resave the package.
[2019.05.27-10.15.35:743][616]LogMovieScene: Warning: Legacy data detected in sequence '/Engine/Transient (New Objective_INST)'. This will cause deterministic cooking issues. Please resave the package.
[2019.05.27-10.15.35:743][616]LogMovieScene: Warning: Legacy data detected in sequence '/Engine/Transient (New Objective_INST)'. This will cause deterministic cooking issues. Please resave the package.
[2019.05.27-10.15.35:743][616]LogMovieScene: Warning: Legacy data detected in sequence '/Engine/Transient (New Objective_INST)'. This will cause deterministic cooking issues. Please resave the package.
[2019.05.27-10.15.35:743][616]LogMovieScene: Warning: Legacy data detected in sequence '/Game/UI_Kit/Widgets/Objectives/W_Objective (Complete Objective)'. This will cause deterministic cooking issues. Please resave the package.
[2019.05.27-10.15.35:743][616]LogMovieScene: Warning: Legacy data detected in sequence '/Engine/Transient (Complete Objective_INST)'. This will cause deterministic cooking issues. Please resave the package.
[2019.05.27-10.15.35:743][616]LogMovieScene: Warning: Legacy data detected in sequence '/Game/UI_Kit/Widgets/Objectives/W_Objective (Complete Objective)'. This will cause deterministic cooking issues. Please resave the package.
[2019.05.27-10.15.35:743][616]LogMovieScene: Warning: Legacy data detected in sequence '/Engine/Transient (Complete Objective_INST)'. This will cause deterministic cooking issues. Please resave the package.
[2019.05.27-10.15.41:506][259]LogAssetEditorManager: Opening Asset editor for Blueprint /Game/ThirdPersonCPP/Blueprints/ThirdPersonGameMode.ThirdPersonGameMode
[2019.05.27-10.15.41:867][259]LogContentBrowser: Native class hierarchy updated for 'BlueprintGraph' in 0.0005 seconds. Added 117 classes and 0 folders.
[2019.05.27-10.15.45:413][599]LogSlate: Prevented a slow task dialog from being summoned while a context menu was open
[2019.05.27-10.15.50:001][137]BlueprintLog: New page: ThirdPersonGameMode 컴파일
[2019.05.27-10.15.50:588][170]Cmd: OBJ SAVEPACKAGE PACKAGE="/Game/ThirdPersonCPP/Blueprints/ThirdPersonGameMode" FILE="B:/Develope/Sourcetree/LostDark/LostDark/Content/ThirdPersonCPP/Blueprints/ThirdPersonGameMode.uasset" SILENT=true
[2019.05.27-10.15.50:602][170]LogSavePackage: Moving 'B:/Develope/Sourcetree/LostDark/LostDark/Saved/ThirdPersonGameModeE788E7854318390F9563D68B35AF9317.tmp' to 'B:/Develope/Sourcetree/LostDark/LostDark/Content/ThirdPersonCPP/Blueprints/ThirdPersonGameMode.uasset'
[2019.05.27-10.15.51:360][259]LogSlate: Window 'ThirdPersonGameMode' being destroyed
[2019.05.27-10.15.53:729][536]LogTemp: Repeating last play command: 선택된 뷰포트
[2019.05.27-10.15.53:737][536]LogBlueprintUserMessages: Early PlayInEditor Detection: Level '/Game/DefaultLevel/DefaultLevel.DefaultLevel:PersistentLevel' has LevelScriptBlueprint '/Game/DefaultLevel/DefaultLevel.DefaultLevel:PersistentLevel.DefaultLevel' with GeneratedClass '/Game/DefaultLevel/DefaultLevel.DefaultLevel_C' with ClassGeneratedBy '/Game/DefaultLevel/DefaultLevel.DefaultLevel:PersistentLevel.DefaultLevel'
[2019.05.27-10.15.53:737][536]LogPlayLevel: PlayLevel: No blueprints needed recompiling
[2019.05.27-10.15.53:738][536]PIE: New page: PIE 세션: DefaultLevel (2019. 5. 28. 오전 4:15:53)
[2019.05.27-10.15.53:751][536]LogLinker: Warning: '/Game/YJ/Blueprints/GameInstance' 파일을 찾을 수 없습니다.
[2019.05.27-10.15.53:751][536]LogLinker: Warning: '/Game/YJ/Blueprints/GameInstance' 파일을 찾을 수 없습니다.
[2019.05.27-10.15.53:751][536]LogUObjectGlobals: Warning: 'Class /Game/YJ/Blueprints/GameInstance.GameInstance_C' 오브젝트를 찾는 데 실패했습니다.
[2019.05.27-10.15.53:751][536]LogPlayLevel: Creating play world package: /Game/DefaultLevel/UEDPIE_0_DefaultLevel
[2019.05.27-10.15.53:754][536]LogPlayLevel: PIE: StaticDuplicateObject took: (0.002649s)
[2019.05.27-10.15.53:754][536]LogAIModule: Creating AISystem for world DefaultLevel
[2019.05.27-10.15.53:755][536]LogPlayLevel: PIE: World Init took: (0.000744s)
[2019.05.27-10.15.53:755][536]LogPlayLevel: PIE: Created PIE world by copying editor world from /Game/DefaultLevel/DefaultLevel.DefaultLevel to /Game/DefaultLevel/UEDPIE_0_DefaultLevel.DefaultLevel (0.003628s)
[2019.05.27-10.15.53:806][536]LogInit: XAudio2 using '스피커(High Definition Audio 장치)' : 2 channels at 48 kHz using 16 bits per sample (channel mask 0x3)
[2019.05.27-10.15.53:824][536]LogInit: FAudioDevice initialized.
[2019.05.27-10.15.53:868][536]LogLoad: Game class is 'ThirdPersonGameMode_C'
[2019.05.27-10.15.53:870][536]LogWorld: Bringing World /Game/DefaultLevel/UEDPIE_0_DefaultLevel.DefaultLevel up for play (max tick rate 0) at 2019.05.27-19.15.53
[2019.05.27-10.15.53:870][536]LogWorld: Bringing up level for play took: 0.000611
[2019.05.27-10.15.53:888][536]LogContentBrowser: Native class hierarchy updated for 'MovieSceneCapture' in 0.0004 seconds. Added 20 classes and 0 folders.
[2019.05.27-10.15.53:890][536]PIE: /Game/DefaultLevel/UEDPIE_0_DefaultLevel 에 대한 에디터에서 플레이 시작 시간: 0.658
[2019.05.27-10.15.53:890][536]LogBlueprintUserMessages: Late PlayInEditor Detection: Level '/Game/DefaultLevel/DefaultLevel.DefaultLevel:PersistentLevel' has LevelScriptBlueprint '/Game/DefaultLevel/DefaultLevel.DefaultLevel:PersistentLevel.DefaultLevel' with GeneratedClass '/Game/DefaultLevel/DefaultLevel.DefaultLevel_C' with ClassGeneratedBy '/Game/DefaultLevel/DefaultLevel.DefaultLevel:PersistentLevel.DefaultLevel'
[2019.05.27-10.15.55:581][736]LogBlueprintUserMessages: Early EndPlayMap Detection: Level '/Game/DefaultLevel/DefaultLevel.DefaultLevel:PersistentLevel' has LevelScriptBlueprint '/Game/DefaultLevel/DefaultLevel.DefaultLevel:PersistentLevel.DefaultLevel' with GeneratedClass '/Game/DefaultLevel/DefaultLevel.DefaultLevel_C' with ClassGeneratedBy '/Game/DefaultLevel/DefaultLevel.DefaultLevel:PersistentLevel.DefaultLevel'
[2019.05.27-10.15.55:581][736]LogSlate: Updating window title bar state: overlay mode, drag disabled, window buttons hidden, title bar hidden
[2019.05.27-10.15.55:612][736]LogPlayLevel: Display: Shutting down PIE online subsystems
[2019.05.27-10.15.55:612][736]LogBlueprintUserMessages: Late EndPlayMap Detection: Level '/Game/DefaultLevel/DefaultLevel.DefaultLevel:PersistentLevel' has LevelScriptBlueprint '/Game/DefaultLevel/DefaultLevel.DefaultLevel:PersistentLevel.DefaultLevel' with GeneratedClass '/Game/DefaultLevel/DefaultLevel.DefaultLevel_C' with ClassGeneratedBy '/Game/DefaultLevel/DefaultLevel.DefaultLevel:PersistentLevel.DefaultLevel'
[2019.05.27-10.15.55:642][736]LogSlate: Updating window title bar state: overlay mode, drag disabled, window buttons hidden, title bar hidden
[2019.05.27-10.15.55:686][739]LogPlayLevel: Display: Destroying online subsystem :Context_4
[2019.05.27-10.15.59:283][168]LogSlate: FSceneViewport::OnFocusLost() reason 0
[2019.05.27-10.15.59:427][183]Cmd: OBJ SAVEPACKAGE PACKAGE="/Game/DefaultLevel/DefaultLevel" FILE="B:/Develope/Sourcetree/LostDark/LostDark/Content/DefaultLevel/DefaultLevel.umap" SILENT=true AUTOSAVING=false KEEPDIRTY=false
[2019.05.27-10.15.59:628][183]LogSavePackage: Moving 'B:/Develope/Sourcetree/LostDark/LostDark/Saved/DefaultLevel200BF1DC45DDCF36A5CDAF9E1318A87E.tmp' to 'B:/Develope/Sourcetree/LostDark/LostDark/Content/DefaultLevel/DefaultLevel.umap'
[2019.05.27-10.16.09:218][235]LogSlate: Window '색 선택 툴' being destroyed
[2019.05.27-10.16.22:017][726]LogSlate: Window '소스 컨트롤 로그인' being destroyed
[2019.05.27-10.16.22:096][735]Cmd: SELECT NONE
[2019.05.27-10.16.22:490][782]Cmd: SELECT NONE
[2019.05.27-10.16.48:054][838]LogSlate: Window '색 선택 툴' being destroyed
[2019.05.27-10.17.03:708][701]LostDark: Error: ASectionTest::ASectionTest(58) Success GateMeshs :+XGate
[2019.05.27-10.17.03:708][701]LostDark: Error: ASectionTest::ASectionTest(58) Success GateMeshs :-XGate
[2019.05.27-10.17.03:708][701]LostDark: Error: ASectionTest::ASectionTest(58) Success GateMeshs :+YGate
[2019.05.27-10.17.03:708][701]LostDark: Error: ASectionTest::ASectionTest(58) Success GateMeshs :-YGate
[2019.05.27-10.17.03:719][702]LogTemp: Warning: Enroll Attack Montage
[2019.05.27-10.17.03:719][702]LogScript: Warning: Script Msg: Divide by zero detected: 0.000000 / 0
Script call stack:
	Function /Game/SH/Animations/GS_AnimBlueprint.GS_AnimBlueprint_C:BlueprintUpdateAnimation
	Function /Game/SH/Animations/GS_AnimBlueprint.GS_AnimBlueprint_C:ExecuteUbergraph_GS_AnimBlueprint

[2019.05.27-10.17.03:720][702]LostDark: Error: UGSCharacterStatComponent::SetNewLevel(54) ASSERTION : 'nullptr != LDGameInstance'
[2019.05.27-10.17.32:426][107]LogSlate: Took 0.011759 seconds to synchronously load lazily loaded font '../../../Engine/Content/Slate/Fonts/DroidSansMono.ttf' (77K)
[2019.05.27-10.17.32:469][107]LogSlate: Took 0.008721 seconds to synchronously load lazily loaded font '../../../Engine/Content/Editor/Slate/Fonts/NanumGothicExtraBold.ttf' (4074K)
[2019.05.27-10.17.47:098][819]LogMaterial: Display: Missing cached shader map for material M_Greystone_ToughTorso, compiling. 
[2019.05.27-10.17.47:204][819]LogMaterial: Display: Missing cached shader map for material M_Greystone_ToughArms, compiling. 
[2019.05.27-10.17.47:278][819]LogShaderCompilers: Display: Shaders left to compile 122
[2019.05.27-10.17.47:278][819]LogShaderCompilers: Display: Shaders left to compile 112
[2019.05.27-10.17.47:278][819]LogMaterial: Display: Missing cached shader map for material M_Greystone_ToughSword, compiling. 
[2019.05.27-10.17.47:344][819]LogMaterial: Display: Missing cached shader map for material M_Greystone_Tough_head_skin, compiling. 
[2019.05.27-10.17.47:413][819]LogMaterial: Display: Missing cached shader map for material M_Greystone_ToughLegs, compiling. 
[2019.05.27-10.17.47:482][819]LogAIModule: Creating AISystem for world Select
[2019.05.27-10.17.47:498][819]LogAssetEditorManager: Opening Asset editor for World /Game/SH/Maps/Select.Select
[2019.05.27-10.17.47:527][819]Cmd: MAP LOAD FILE="B:/Develope/Sourcetree/LostDark/LostDark/Content/SH/Maps/Select.umap" TEMPLATE=0 SHOWPROGRESS=1 FEATURELEVEL=3
[2019.05.27-10.17.47:527][819]LightingResults: New page: 라이팅 빌드
[2019.05.27-10.17.47:527][819]LoadErrors: New page: 맵 로드중: Select.umap
[2019.05.27-10.17.47:528][819]MapCheck: New page: 맵 체크
[2019.05.27-10.17.47:528][819]LightingResults: New page: 라이팅 빌드
[2019.05.27-10.17.47:684][819]LogEditorServer: Finished looking for orphan Actors (0.000 secs)
[2019.05.27-10.17.47:729][819]Cmd: MAP CHECKDEP NOCLEARLOG
[2019.05.27-10.17.47:729][819]MapCheck: 맵 체크 완료: 오류 0 회, 경고 0 회, 소요 시간 0.078ms.
[2019.05.27-10.17.47:730][819]LogFileHelpers: Loading map 'Select' took 0.204
[2019.05.27-10.17.48:990][952]LogShaderCompilers: Display: Shaders left to compile 596
[2019.05.27-10.17.49:609][ 24]LogShaderCompilers: Display: Shaders left to compile 586
[2019.05.27-10.17.51:211][216]LogShaderCompilers: Display: Shaders left to compile 576
[2019.05.27-10.17.53:434][467]LogSlate: FSceneViewport::OnFocusLost() reason 0
[2019.05.27-10.17.53:601][484]LogAIModule: Creating AISystem for world Title
[2019.05.27-10.17.53:604][484]LogAssetEditorManager: Opening Asset editor for World /Game/SH/Maps/Title.Title
[2019.05.27-10.17.53:630][484]Cmd: MAP LOAD FILE="B:/Develope/Sourcetree/LostDark/LostDark/Content/SH/Maps/Title.umap" TEMPLATE=0 SHOWPROGRESS=1 FEATURELEVEL=3
[2019.05.27-10.17.53:630][484]LightingResults: New page: 라이팅 빌드
[2019.05.27-10.17.53:631][484]LoadErrors: New page: 맵 로드중: Title.umap
[2019.05.27-10.17.53:631][484]MapCheck: New page: 맵 체크
[2019.05.27-10.17.53:631][484]LightingResults: New page: 라이팅 빌드
[2019.05.27-10.17.53:717][484]LogEditorServer: Finished looking for orphan Actors (0.000 secs)
[2019.05.27-10.17.53:763][484]Cmd: MAP CHECKDEP NOCLEARLOG
[2019.05.27-10.17.53:763][484]MapCheck: 맵 체크 완료: 오류 0 회, 경고 0 회, 소요 시간 0.079ms.
[2019.05.27-10.17.53:764][484]LogFileHelpers: Loading map 'Title' took 0.134
[2019.05.27-10.17.53:865][492]LogShaderCompilers: Display: Shaders left to compile 566
[2019.05.27-10.17.54:369][542]LogShaderCompilers: Display: Shaders left to compile 556
[2019.05.27-10.17.54:922][606]LogTemp: Repeating last play command: 선택된 뷰포트
[2019.05.27-10.17.54:932][606]LogBlueprintUserMessages: Early PlayInEditor Detection: Level '/Game/SH/Maps/Title.Title:PersistentLevel' has LevelScriptBlueprint '/Game/SH/Maps/Title.Title:PersistentLevel.Title' with GeneratedClass '/Game/SH/Maps/Title.Title_C' with ClassGeneratedBy '/Game/SH/Maps/Title.Title:PersistentLevel.Title'
[2019.05.27-10.17.54:933][606]LogPlayLevel: PlayLevel: No blueprints needed recompiling
[2019.05.27-10.17.54:933][606]PIE: New page: PIE 세션: Title (2019. 5. 28. 오전 4:17:54)
[2019.05.27-10.17.54:933][606]LogPlayLevel: Creating play world package: /Game/SH/Maps/UEDPIE_0_Title
[2019.05.27-10.17.54:934][606]LogPlayLevel: PIE: StaticDuplicateObject took: (0.000827s)
[2019.05.27-10.17.54:935][606]LogAIModule: Creating AISystem for world Title
[2019.05.27-10.17.54:935][606]LogPlayLevel: PIE: World Init took: (0.000638s)
[2019.05.27-10.17.54:935][606]LogPlayLevel: PIE: Created PIE world by copying editor world from /Game/SH/Maps/Title.Title to /Game/SH/Maps/UEDPIE_0_Title.Title (0.001870s)
[2019.05.27-10.17.54:987][606]LogInit: XAudio2 using '스피커(High Definition Audio 장치)' : 2 channels at 48 kHz using 16 bits per sample (channel mask 0x3)
[2019.05.27-10.17.55:006][606]LogInit: FAudioDevice initialized.
[2019.05.27-10.17.55:035][606]LogLoad: Game class is 'BP_TitleGameMode_C'
[2019.05.27-10.17.55:036][606]LogWorld: Bringing World /Game/SH/Maps/UEDPIE_0_Title.Title up for play (max tick rate 0) at 2019.05.27-19.17.55
[2019.05.27-10.17.55:036][606]LogWorld: Bringing up level for play took: 0.000402
[2019.05.27-10.17.55:050][606]LogStreaming: Warning: Failed to read file 'B:/Develope/Sourcetree/LostDark/LostDark/Saved/SaveGames/Player1.sav' error.
[2019.05.27-10.17.55:050][606]LogPlayerController: Error: InputMode:UIOnly - Attempting to focus Non-Focusable widget SObjectWidget [Widget.cpp(710)]!
[2019.05.27-10.17.55:050][606]PIE: /Game/SH/Maps/UEDPIE_0_Title 에 대한 에디터에서 플레이 시작 시간: -0.181
[2019.05.27-10.17.55:051][606]LogBlueprintUserMessages: Late PlayInEditor Detection: Level '/Game/SH/Maps/Title.Title:PersistentLevel' has LevelScriptBlueprint '/Game/SH/Maps/Title.Title:PersistentLevel.Title' with GeneratedClass '/Game/SH/Maps/Title.Title_C' with ClassGeneratedBy '/Game/SH/Maps/Title.Title:PersistentLevel.Title'
[2019.05.27-10.17.56:154][734]LogSlate: FSceneViewport::OnFocusLost() reason 0
[2019.05.27-10.17.56:238][744]LogNet: Browse: /Game/SH/Maps/Select
[2019.05.27-10.17.56:238][744]LogLoad: LoadMap: /Game/SH/Maps/Select
[2019.05.27-10.17.56:272][744]LogAIModule: Creating AISystem for world Select
[2019.05.27-10.17.56:272][744]LogShaderCompilers: Display: Shaders left to compile 546
[2019.05.27-10.17.56:272][744]LogLoad: Game class is 'BP_SelectGameMode_C'
[2019.05.27-10.17.56:274][744]LogWorld: Bringing World /Game/SH/Maps/UEDPIE_0_Select.Select up for play (max tick rate 0) at 2019.05.27-19.17.56
[2019.05.27-10.17.56:275][744]LogWorld: Bringing up level for play took: 0.001566
[2019.05.27-10.17.56:275][744]LogGameMode: FindPlayerStart: PATHS NOT DEFINED or NO PLAYERSTART with positive rating
[2019.05.27-10.17.56:276][744]LogPlayerController: Error: InputMode:UIOnly - Attempting to focus Non-Focusable widget SObjectWidget [Widget.cpp(710)]!
[2019.05.27-10.17.56:277][744]LogLoad: Took 0.038238 seconds to LoadMap(/Game/SH/Maps/Select)
[2019.05.27-10.17.57:361][869]LogSlate: FSceneViewport::OnFocusLost() reason 0
[2019.05.27-10.17.57:764][916]LogShaderCompilers: Display: Shaders left to compile 536
[2019.05.27-10.17.57:899][931]LogNet: Browse: /Game/SH/Maps/SH_DefaultLevel
[2019.05.27-10.17.57:899][931]LogLoad: LoadMap: /Game/SH/Maps/SH_DefaultLevel
[2019.05.27-10.17.57:952][931]LostDark: Error: ASectionTest::ASectionTest(58) Success GateMeshs :+XGate
[2019.05.27-10.17.57:953][931]LostDark: Error: ASectionTest::ASectionTest(58) Success GateMeshs :-XGate
[2019.05.27-10.17.57:953][931]LostDark: Error: ASectionTest::ASectionTest(58) Success GateMeshs :+YGate
[2019.05.27-10.17.57:953][931]LostDark: Error: ASectionTest::ASectionTest(58) Success GateMeshs :-YGate
[2019.05.27-10.17.57:977][931]LogAIModule: Creating AISystem for world SH_DefaultLevel
[2019.05.27-10.17.57:977][931]LogLoad: Game class is 'LostDarkGameMode'
[2019.05.27-10.17.57:982][931]LogWorld: Bringing World /Game/SH/Maps/UEDPIE_0_SH_DefaultLevel.SH_DefaultLevel up for play (max tick rate 0) at 2019.05.27-19.17.57
[2019.05.27-10.17.57:983][931]LogWorld: Bringing up level for play took: 0.005284
[2019.05.27-10.17.57:984][931]LogTemp: Warning: Enroll Attack Montage
[2019.05.27-10.17.57:984][931]LogScript: Warning: Script Msg: Divide by zero detected: 0.000000 / 0
Script call stack:
	Function /Game/SH/Animations/GS_AnimBlueprint.GS_AnimBlueprint_C:BlueprintUpdateAnimation
	Function /Game/SH/Animations/GS_AnimBlueprint.GS_AnimBlueprint_C:ExecuteUbergraph_GS_AnimBlueprint

[2019.05.27-10.17.57:985][931]LostDark: Error: UGSCharacterStatComponent::SetNewLevel(54) ASSERTION : 'nullptr != LDGameInstance'
[2019.05.27-10.17.57:985][931]LostDark: Error: ALDPlayerState::SetCharacterLevel(131) ASSERTION : 'nullptr != LDGameInstance'
[2019.05.27-10.18.08:606][931]LogShaderCompilers: Display: Shaders left to compile 526
[2019.05.27-10.18.08:606][931]LogShaderCompilers: Display: Shaders left to compile 516
[2019.05.27-10.18.08:606][931]LogShaderCompilers: Display: Shaders left to compile 506
[2019.05.27-10.18.08:606][931]LogShaderCompilers: Display: Shaders left to compile 496
[2019.05.27-10.18.08:606][931]LogShaderCompilers: Display: Shaders left to compile 486
[2019.05.27-10.18.08:606][931]LogShaderCompilers: Display: Shaders left to compile 476
[2019.05.27-10.18.08:606][931]LogShaderCompilers: Display: Shaders left to compile 466
[2019.05.27-10.18.08:606][931]LogShaderCompilers: Display: Shaders left to compile 456
[2019.05.27-10.18.08:606][931]LogWindows: Error: === Critical error: ===
[2019.05.27-10.18.08:606][931]LogWindows: Error: 
[2019.05.27-10.18.08:606][931]LogWindows: Error: Fatal error!
[2019.05.27-10.18.08:606][931]LogWindows: Error: 
[2019.05.27-10.18.08:606][931]LogWindows: Error: Unhandled Exception: EXCEPTION_ACCESS_VIOLATION reading address 0x00000018
[2019.05.27-10.18.08:606][931]LogWindows: Error: 
[2019.05.27-10.18.08:606][931]LogWindows: Error: [Callstack] 0x00007ffa39c6cdc8 UE4Editor-LostDark.dll!ALDPlayerState::GetExpRatio() [b:\develope\sourcetree\lostdark\lostdark\source\lostdark\private\ldplayerstate.cpp:82]
[2019.05.27-10.18.08:606][931]LogWindows: Error: [Callstack] 0x00007ffa39c6c7ca UE4Editor-LostDark.dll!ULDHUDWidget::UpdatePlayerState() [b:\develope\sourcetree\lostdark\lostdark\source\lostdark\private\ldhudwidget.cpp:62]
[2019.05.27-10.18.08:606][931]LogWindows: Error: [Callstack] 0x00007ffa39c6a904 UE4Editor-LostDark.dll!TBaseUObjectMethodDelegateInstance<0,ULDHUDWidget,void __cdecl(void)>::ExecuteIfSafe() [c:\program files\epic games\ue_4.21\engine\source\runtime\core\public\delegates\delegateinstancesimpl.h:679]
[2019.05.27-10.18.08:606][931]LogWindows: Error: [Callstack] 0x00007ffa39c5ac43 UE4Editor-LostDark.dll!TBaseMulticastDelegate<void>::Broadcast() [c:\program files\epic games\ue_4.21\engine\source\runtime\core\public\delegates\delegatesignatureimpl.inl:974]
[2019.05.27-10.18.08:606][931]LogWindows: Error: [Callstack] 0x00007ffa39c7b630 UE4Editor-LostDark.dll!ALostDarkPlayerController::BeginPlay() [b:\develope\sourcetree\lostdark\lostdark\source\lostdark\private\lostdarkplayercontroller.cpp:69]
[2019.05.27-10.18.08:607][931]LogWindows: Error: [Callstack] 0x00007ffa4a703c95 UE4Editor-Engine.dll!AActor::DispatchBeginPlay() [d:\build\++ue4\sync\engine\source\runtime\engine\private\actor.cpp:3230]
[2019.05.27-10.18.08:607][931]LogWindows: Error: [Callstack] 0x00007ffa4bb5060c UE4Editor-Engine.dll!AWorldSettings::NotifyBeginPlay() [d:\build\++ue4\sync\engine\source\runtime\engine\private\worldsettings.cpp:251]
[2019.05.27-10.18.08:607][931]LogWindows: Error: [Callstack] 0x00007ffa4af0eb41 UE4Editor-Engine.dll!AGameStateBase::HandleBeginPlay() [d:\build\++ue4\sync\engine\source\runtime\engine\private\gamestatebase.cpp:177]
[2019.05.27-10.18.08:607][931]LogWindows: Error: [Callstack] 0x00007ffa4baf865e UE4Editor-Engine.dll!UWorld::BeginPlay() [d:\build\++ue4\sync\engine\source\runtime\engine\private\world.cpp:3737]
[2019.05.27-10.18.08:607][931]LogWindows: Error: [Callstack] 0x00007ffa4b9f66dd UE4Editor-Engine.dll!UEngine::LoadMap() [d:\build\++ue4\sync\engine\source\runtime\engine\private\unrealengine.cpp:12299]
[2019.05.27-10.18.08:607][931]LogWindows: Error: [Callstack] 0x00007ffa4b986363 UE4Editor-Engine.dll!UEngine::Browse() [d:\build\++ue4\sync\engine\source\runtime\engine\private\unrealengine.cpp:11527]
[2019.05.27-10.18.08:607][931]LogWindows: Error: [Callstack] 0x00007ffa4ba2f60d UE4Editor-Engine.dll!UEngine::TickWorldTravel() [d:\build\++ue4\sync\engine\source\runtime\engine\private\unrealengine.cpp:11725]
[2019.05.27-10.18.08:607][931]LogWindows: Error: [Callstack] 0x00007ffa491f1c52 UE4Editor-UnrealEd.dll!UEditorEngine::Tick() [d:\build\++ue4\sync\engine\source\editor\unrealed\private\editorengine.cpp:1698]
[2019.05.27-10.18.08:607][931]LogWindows: Error: [Callstack] 0x00007ffa49b12346 UE4Editor-UnrealEd.dll!UUnrealEdEngine::Tick() [d:\build\++ue4\sync\engine\source\editor\unrealed\private\unrealedengine.cpp:403]
[2019.05.27-10.18.08:607][931]LogWindows: Error: [Callstack] 0x00007ff6462e6225 UE4Editor.exe!FEngineLoop::Tick() [d:\build\++ue4\sync\engine\source\runtime\launch\private\launchengineloop.cpp:3699]
[2019.05.27-10.18.08:607][931]LogWindows: Error: [Callstack] 0x00007ff6462f596c UE4Editor.exe!GuardedMain() [d:\build\++ue4\sync\engine\source\runtime\launch\private\launch.cpp:174]
[2019.05.27-10.18.08:607][931]LogWindows: Error: [Callstack] 0x00007ff6462f59ea UE4Editor.exe!GuardedMainWrapper() [d:\build\++ue4\sync\engine\source\runtime\launch\private\windows\launchwindows.cpp:145]
[2019.05.27-10.18.08:607][931]LogWindows: Error: [Callstack] 0x00007ff6463048da UE4Editor.exe!WinMain() [d:\build\++ue4\sync\engine\source\runtime\launch\private\windows\launchwindows.cpp:276]
[2019.05.27-10.18.08:607][931]LogWindows: Error: [Callstack] 0x00007ff64630659a UE4Editor.exe!__scrt_common_main_seh() [f:\dd\vctools\crt\vcstartup\src\startup\exe_common.inl:283]
[2019.05.27-10.18.08:607][931]LogWindows: Error: [Callstack] 0x00007ffa91847974 KERNEL32.DLL!UnknownFunction []
[2019.05.27-10.18.08:607][931]LogWindows: Error: [Callstack] 0x00007ffa9418a271 ntdll.dll!UnknownFunction []
[2019.05.27-10.18.08:607][931]LogWindows: Error: 
[2019.05.27-10.18.08:614][931]LogExit: Executing StaticShutdownAfterError
[2019.05.27-10.18.08:617][931]LogWindows: FPlatformMisc::RequestExit(1)
[2019.05.27-10.18.08:635][931]Log file closed, 05/27/19 19:18:08
